[-] Unloading snakemake  5.24.1 
[+] Loading snakemake  5.24.1 
[+] Loading java 1.8.0_211  ... 
[+] Loading GD 2.1.1  ... 
[+] Loading gcc  8.3.0  ... 
[+] Loading gnuplot 5.4.0  ... 
[+] Loading HDF5  1.8.13 
[+] Loading LAPACK/3.8.0  3.8.0-gcc4.8.5  libraries... 
[+] Loading FFTW 3.3.7 , compiled with gcc4.8.5  and openmpi2.1.2  ... 
[+] Loading ImageMagick  7.0.7  on cn0908 
[+] Loading gl2ps 1.4.0  ... 
[+] Loading pcre 8.42  ... 
[+] Loading texinfo 6.6  ... 
[+] Loading Octave 5.1.0  ... 
Error: you need to specify the maximum number of CPU cores to be used at the same time. If you want to use N cores, say --cores N or -jN. For all cores on your system (be sure that this is appropriate) use --cores all. For no parallelization use --cores 1 or -j1.
Building DAG of jobs...
Using shell: /usr/bin/bash
Provided cluster nodes: 50
Job counts:
	count	jobs
	1	all
	1	create_pdf
	13	igv_snapshot
	15

[Mon Jan 25 14:30:33 2021]
rule igv_snapshot:
    input: /data/CGR_integration/hpv_igv/data/08282019_methylation/meth/bam/UMC1076.bam, /data/CGR_integration/hpv_igv/data/08282019_methylation/meth/igv_bed/UMC1076.bed
    output: output/IGV_Snapshots/merge/UMC1076.png
    jobid: 11
    reason: Missing output files: output/IGV_Snapshots/merge/UMC1076.png
    wildcards: sample=UMC1076
    threads: 4


          python /data/CGR_integration/hpv_igv/IGV-snapshot-automator-master/make_IGV_snapshots.py -mem 16000 -ht 100 -bin /data/CGR_integration/hpv_igv/IGV-snapshot-automator-master/bin/IGV_2.3.81/igv.jar -o output/IGV_Snapshots/UMC1076 /data/CGR_integration/hpv_igv/data/08282019_methylation/meth/bam/UMC1076.bam -r /data/CGR_integration/hpv_igv/data/08282019_methylation/meth/igv_bed/UMC1076.bed -g /data/CGR_integration/hpv_igv/ref/HPV_Ref_Alphas65_Pad400_hg19.fasta -s -suffix UMC1076 2> log/UMC1076_igv.err
          mkdir -p output/IGV_Snapshots/merge
          if ls output/IGV_Snapshots/UMC1076/*.png 1> /dev/null 2>&1; then 
          magick montage -label '%f' -pointsize 24 -geometry 1920x900+2+2 -title 'UMC1076' -tile 1x output/IGV_Snapshots/UMC1076/*.png output/IGV_Snapshots/merge/UMC1076.png 2> log/UMC1076_merge.err
          mkdir -p output/IGV_Snapshots/merge_true
          cp output/IGV_Snapshots/merge/UMC1076.png output//IGV_Snapshots/merge_true/UMC1076.png 2>log/UMC1076_cp.err
          else
          touch output/IGV_Snapshots/merge/UMC1076.png 
          fi
          
Submitted job 11 with external jobid '6797733'.

[Mon Jan 25 14:30:34 2021]
rule igv_snapshot:
    input: /data/CGR_integration/hpv_igv/data/08282019_methylation/meth/bam/UMC1082.bam, /data/CGR_integration/hpv_igv/data/08282019_methylation/meth/igv_bed/UMC1082.bed
    output: output/IGV_Snapshots/merge/UMC1082.png
    jobid: 13
    reason: Missing output files: output/IGV_Snapshots/merge/UMC1082.png
    wildcards: sample=UMC1082
    threads: 4


          python /data/CGR_integration/hpv_igv/IGV-snapshot-automator-master/make_IGV_snapshots.py -mem 16000 -ht 100 -bin /data/CGR_integration/hpv_igv/IGV-snapshot-automator-master/bin/IGV_2.3.81/igv.jar -o output/IGV_Snapshots/UMC1082 /data/CGR_integration/hpv_igv/data/08282019_methylation/meth/bam/UMC1082.bam -r /data/CGR_integration/hpv_igv/data/08282019_methylation/meth/igv_bed/UMC1082.bed -g /data/CGR_integration/hpv_igv/ref/HPV_Ref_Alphas65_Pad400_hg19.fasta -s -suffix UMC1082 2> log/UMC1082_igv.err
          mkdir -p output/IGV_Snapshots/merge
          if ls output/IGV_Snapshots/UMC1082/*.png 1> /dev/null 2>&1; then 
          magick montage -label '%f' -pointsize 24 -geometry 1920x900+2+2 -title 'UMC1082' -tile 1x output/IGV_Snapshots/UMC1082/*.png output/IGV_Snapshots/merge/UMC1082.png 2> log/UMC1082_merge.err
          mkdir -p output/IGV_Snapshots/merge_true
          cp output/IGV_Snapshots/merge/UMC1082.png output//IGV_Snapshots/merge_true/UMC1082.png 2>log/UMC1082_cp.err
          else
          touch output/IGV_Snapshots/merge/UMC1082.png 
          fi
          
Submitted job 13 with external jobid '6797734'.

[Mon Jan 25 14:30:35 2021]
rule igv_snapshot:
    input: /data/CGR_integration/hpv_igv/data/08282019_methylation/meth/bam/UMC1086.bam, /data/CGR_integration/hpv_igv/data/08282019_methylation/meth/igv_bed/UMC1086.bed
    output: output/IGV_Snapshots/merge/UMC1086.png
    jobid: 14
    reason: Missing output files: output/IGV_Snapshots/merge/UMC1086.png
    wildcards: sample=UMC1086
    threads: 4


          python /data/CGR_integration/hpv_igv/IGV-snapshot-automator-master/make_IGV_snapshots.py -mem 16000 -ht 100 -bin /data/CGR_integration/hpv_igv/IGV-snapshot-automator-master/bin/IGV_2.3.81/igv.jar -o output/IGV_Snapshots/UMC1086 /data/CGR_integration/hpv_igv/data/08282019_methylation/meth/bam/UMC1086.bam -r /data/CGR_integration/hpv_igv/data/08282019_methylation/meth/igv_bed/UMC1086.bed -g /data/CGR_integration/hpv_igv/ref/HPV_Ref_Alphas65_Pad400_hg19.fasta -s -suffix UMC1086 2> log/UMC1086_igv.err
          mkdir -p output/IGV_Snapshots/merge
          if ls output/IGV_Snapshots/UMC1086/*.png 1> /dev/null 2>&1; then 
          magick montage -label '%f' -pointsize 24 -geometry 1920x900+2+2 -title 'UMC1086' -tile 1x output/IGV_Snapshots/UMC1086/*.png output/IGV_Snapshots/merge/UMC1086.png 2> log/UMC1086_merge.err
          mkdir -p output/IGV_Snapshots/merge_true
          cp output/IGV_Snapshots/merge/UMC1086.png output//IGV_Snapshots/merge_true/UMC1086.png 2>log/UMC1086_cp.err
          else
          touch output/IGV_Snapshots/merge/UMC1086.png 
          fi
          
Submitted job 14 with external jobid '6797735'.

[Mon Jan 25 14:30:37 2021]
rule igv_snapshot:
    input: /data/CGR_integration/hpv_igv/data/08282019_methylation/meth/bam/UMC1007.bam, /data/CGR_integration/hpv_igv/data/08282019_methylation/meth/igv_bed/UMC1007.bed
    output: output/IGV_Snapshots/merge/UMC1007.png
    jobid: 2
    reason: Missing output files: output/IGV_Snapshots/merge/UMC1007.png
    wildcards: sample=UMC1007
    threads: 4


          python /data/CGR_integration/hpv_igv/IGV-snapshot-automator-master/make_IGV_snapshots.py -mem 16000 -ht 100 -bin /data/CGR_integration/hpv_igv/IGV-snapshot-automator-master/bin/IGV_2.3.81/igv.jar -o output/IGV_Snapshots/UMC1007 /data/CGR_integration/hpv_igv/data/08282019_methylation/meth/bam/UMC1007.bam -r /data/CGR_integration/hpv_igv/data/08282019_methylation/meth/igv_bed/UMC1007.bed -g /data/CGR_integration/hpv_igv/ref/HPV_Ref_Alphas65_Pad400_hg19.fasta -s -suffix UMC1007 2> log/UMC1007_igv.err
          mkdir -p output/IGV_Snapshots/merge
          if ls output/IGV_Snapshots/UMC1007/*.png 1> /dev/null 2>&1; then 
          magick montage -label '%f' -pointsize 24 -geometry 1920x900+2+2 -title 'UMC1007' -tile 1x output/IGV_Snapshots/UMC1007/*.png output/IGV_Snapshots/merge/UMC1007.png 2> log/UMC1007_merge.err
          mkdir -p output/IGV_Snapshots/merge_true
          cp output/IGV_Snapshots/merge/UMC1007.png output//IGV_Snapshots/merge_true/UMC1007.png 2>log/UMC1007_cp.err
          else
          touch output/IGV_Snapshots/merge/UMC1007.png 
          fi
          
Submitted job 2 with external jobid '6797737'.

[Mon Jan 25 14:30:38 2021]
rule igv_snapshot:
    input: /data/CGR_integration/hpv_igv/data/08282019_methylation/meth/bam/UMC1024.bam, /data/CGR_integration/hpv_igv/data/08282019_methylation/meth/igv_bed/UMC1024.bed
    output: output/IGV_Snapshots/merge/UMC1024.png
    jobid: 4
    reason: Missing output files: output/IGV_Snapshots/merge/UMC1024.png
    wildcards: sample=UMC1024
    threads: 4


          python /data/CGR_integration/hpv_igv/IGV-snapshot-automator-master/make_IGV_snapshots.py -mem 16000 -ht 100 -bin /data/CGR_integration/hpv_igv/IGV-snapshot-automator-master/bin/IGV_2.3.81/igv.jar -o output/IGV_Snapshots/UMC1024 /data/CGR_integration/hpv_igv/data/08282019_methylation/meth/bam/UMC1024.bam -r /data/CGR_integration/hpv_igv/data/08282019_methylation/meth/igv_bed/UMC1024.bed -g /data/CGR_integration/hpv_igv/ref/HPV_Ref_Alphas65_Pad400_hg19.fasta -s -suffix UMC1024 2> log/UMC1024_igv.err
          mkdir -p output/IGV_Snapshots/merge
          if ls output/IGV_Snapshots/UMC1024/*.png 1> /dev/null 2>&1; then 
          magick montage -label '%f' -pointsize 24 -geometry 1920x900+2+2 -title 'UMC1024' -tile 1x output/IGV_Snapshots/UMC1024/*.png output/IGV_Snapshots/merge/UMC1024.png 2> log/UMC1024_merge.err
          mkdir -p output/IGV_Snapshots/merge_true
          cp output/IGV_Snapshots/merge/UMC1024.png output//IGV_Snapshots/merge_true/UMC1024.png 2>log/UMC1024_cp.err
          else
          touch output/IGV_Snapshots/merge/UMC1024.png 
          fi
          
Submitted job 4 with external jobid '6797739'.

[Mon Jan 25 14:30:39 2021]
rule igv_snapshot:
    input: /data/CGR_integration/hpv_igv/data/08282019_methylation/meth/bam/UMC1055.bam, /data/CGR_integration/hpv_igv/data/08282019_methylation/meth/igv_bed/UMC1055.bed
    output: output/IGV_Snapshots/merge/UMC1055.png
    jobid: 6
    reason: Missing output files: output/IGV_Snapshots/merge/UMC1055.png
    wildcards: sample=UMC1055
    threads: 4


          python /data/CGR_integration/hpv_igv/IGV-snapshot-automator-master/make_IGV_snapshots.py -mem 16000 -ht 100 -bin /data/CGR_integration/hpv_igv/IGV-snapshot-automator-master/bin/IGV_2.3.81/igv.jar -o output/IGV_Snapshots/UMC1055 /data/CGR_integration/hpv_igv/data/08282019_methylation/meth/bam/UMC1055.bam -r /data/CGR_integration/hpv_igv/data/08282019_methylation/meth/igv_bed/UMC1055.bed -g /data/CGR_integration/hpv_igv/ref/HPV_Ref_Alphas65_Pad400_hg19.fasta -s -suffix UMC1055 2> log/UMC1055_igv.err
          mkdir -p output/IGV_Snapshots/merge
          if ls output/IGV_Snapshots/UMC1055/*.png 1> /dev/null 2>&1; then 
          magick montage -label '%f' -pointsize 24 -geometry 1920x900+2+2 -title 'UMC1055' -tile 1x output/IGV_Snapshots/UMC1055/*.png output/IGV_Snapshots/merge/UMC1055.png 2> log/UMC1055_merge.err
          mkdir -p output/IGV_Snapshots/merge_true
          cp output/IGV_Snapshots/merge/UMC1055.png output//IGV_Snapshots/merge_true/UMC1055.png 2>log/UMC1055_cp.err
          else
          touch output/IGV_Snapshots/merge/UMC1055.png 
          fi
          
Submitted job 6 with external jobid '6797740'.

[Mon Jan 25 14:30:40 2021]
rule igv_snapshot:
    input: /data/CGR_integration/hpv_igv/data/08282019_methylation/meth/bam/UMC1071.bam, /data/CGR_integration/hpv_igv/data/08282019_methylation/meth/igv_bed/UMC1071.bed
    output: output/IGV_Snapshots/merge/UMC1071.png
    jobid: 8
    reason: Missing output files: output/IGV_Snapshots/merge/UMC1071.png
    wildcards: sample=UMC1071
    threads: 4


          python /data/CGR_integration/hpv_igv/IGV-snapshot-automator-master/make_IGV_snapshots.py -mem 16000 -ht 100 -bin /data/CGR_integration/hpv_igv/IGV-snapshot-automator-master/bin/IGV_2.3.81/igv.jar -o output/IGV_Snapshots/UMC1071 /data/CGR_integration/hpv_igv/data/08282019_methylation/meth/bam/UMC1071.bam -r /data/CGR_integration/hpv_igv/data/08282019_methylation/meth/igv_bed/UMC1071.bed -g /data/CGR_integration/hpv_igv/ref/HPV_Ref_Alphas65_Pad400_hg19.fasta -s -suffix UMC1071 2> log/UMC1071_igv.err
          mkdir -p output/IGV_Snapshots/merge
          if ls output/IGV_Snapshots/UMC1071/*.png 1> /dev/null 2>&1; then 
          magick montage -label '%f' -pointsize 24 -geometry 1920x900+2+2 -title 'UMC1071' -tile 1x output/IGV_Snapshots/UMC1071/*.png output/IGV_Snapshots/merge/UMC1071.png 2> log/UMC1071_merge.err
          mkdir -p output/IGV_Snapshots/merge_true
          cp output/IGV_Snapshots/merge/UMC1071.png output//IGV_Snapshots/merge_true/UMC1071.png 2>log/UMC1071_cp.err
          else
          touch output/IGV_Snapshots/merge/UMC1071.png 
          fi
          
Submitted job 8 with external jobid '6797741'.

[Mon Jan 25 14:30:42 2021]
rule igv_snapshot:
    input: /data/CGR_integration/hpv_igv/data/08282019_methylation/meth/bam/UMC1074.bam, /data/CGR_integration/hpv_igv/data/08282019_methylation/meth/igv_bed/UMC1074.bed
    output: output/IGV_Snapshots/merge/UMC1074.png
    jobid: 10
    reason: Missing output files: output/IGV_Snapshots/merge/UMC1074.png
    wildcards: sample=UMC1074
    threads: 4


          python /data/CGR_integration/hpv_igv/IGV-snapshot-automator-master/make_IGV_snapshots.py -mem 16000 -ht 100 -bin /data/CGR_integration/hpv_igv/IGV-snapshot-automator-master/bin/IGV_2.3.81/igv.jar -o output/IGV_Snapshots/UMC1074 /data/CGR_integration/hpv_igv/data/08282019_methylation/meth/bam/UMC1074.bam -r /data/CGR_integration/hpv_igv/data/08282019_methylation/meth/igv_bed/UMC1074.bed -g /data/CGR_integration/hpv_igv/ref/HPV_Ref_Alphas65_Pad400_hg19.fasta -s -suffix UMC1074 2> log/UMC1074_igv.err
          mkdir -p output/IGV_Snapshots/merge
          if ls output/IGV_Snapshots/UMC1074/*.png 1> /dev/null 2>&1; then 
          magick montage -label '%f' -pointsize 24 -geometry 1920x900+2+2 -title 'UMC1074' -tile 1x output/IGV_Snapshots/UMC1074/*.png output/IGV_Snapshots/merge/UMC1074.png 2> log/UMC1074_merge.err
          mkdir -p output/IGV_Snapshots/merge_true
          cp output/IGV_Snapshots/merge/UMC1074.png output//IGV_Snapshots/merge_true/UMC1074.png 2>log/UMC1074_cp.err
          else
          touch output/IGV_Snapshots/merge/UMC1074.png 
          fi
          
Submitted job 10 with external jobid '6797742'.

[Mon Jan 25 14:30:43 2021]
rule igv_snapshot:
    input: /data/CGR_integration/hpv_igv/data/08282019_methylation/meth/bam/UMC1081.bam, /data/CGR_integration/hpv_igv/data/08282019_methylation/meth/igv_bed/UMC1081.bed
    output: output/IGV_Snapshots/merge/UMC1081.png
    jobid: 12
    reason: Missing output files: output/IGV_Snapshots/merge/UMC1081.png
    wildcards: sample=UMC1081
    threads: 4


          python /data/CGR_integration/hpv_igv/IGV-snapshot-automator-master/make_IGV_snapshots.py -mem 16000 -ht 100 -bin /data/CGR_integration/hpv_igv/IGV-snapshot-automator-master/bin/IGV_2.3.81/igv.jar -o output/IGV_Snapshots/UMC1081 /data/CGR_integration/hpv_igv/data/08282019_methylation/meth/bam/UMC1081.bam -r /data/CGR_integration/hpv_igv/data/08282019_methylation/meth/igv_bed/UMC1081.bed -g /data/CGR_integration/hpv_igv/ref/HPV_Ref_Alphas65_Pad400_hg19.fasta -s -suffix UMC1081 2> log/UMC1081_igv.err
          mkdir -p output/IGV_Snapshots/merge
          if ls output/IGV_Snapshots/UMC1081/*.png 1> /dev/null 2>&1; then 
          magick montage -label '%f' -pointsize 24 -geometry 1920x900+2+2 -title 'UMC1081' -tile 1x output/IGV_Snapshots/UMC1081/*.png output/IGV_Snapshots/merge/UMC1081.png 2> log/UMC1081_merge.err
          mkdir -p output/IGV_Snapshots/merge_true
          cp output/IGV_Snapshots/merge/UMC1081.png output//IGV_Snapshots/merge_true/UMC1081.png 2>log/UMC1081_cp.err
          else
          touch output/IGV_Snapshots/merge/UMC1081.png 
          fi
          
Submitted job 12 with external jobid '6797743'.

[Mon Jan 25 14:30:44 2021]
rule igv_snapshot:
    input: /data/CGR_integration/hpv_igv/data/08282019_methylation/meth/bam/UMC1010.bam, /data/CGR_integration/hpv_igv/data/08282019_methylation/meth/igv_bed/UMC1010.bed
    output: output/IGV_Snapshots/merge/UMC1010.png
    jobid: 3
    reason: Missing output files: output/IGV_Snapshots/merge/UMC1010.png
    wildcards: sample=UMC1010
    threads: 4


          python /data/CGR_integration/hpv_igv/IGV-snapshot-automator-master/make_IGV_snapshots.py -mem 16000 -ht 100 -bin /data/CGR_integration/hpv_igv/IGV-snapshot-automator-master/bin/IGV_2.3.81/igv.jar -o output/IGV_Snapshots/UMC1010 /data/CGR_integration/hpv_igv/data/08282019_methylation/meth/bam/UMC1010.bam -r /data/CGR_integration/hpv_igv/data/08282019_methylation/meth/igv_bed/UMC1010.bed -g /data/CGR_integration/hpv_igv/ref/HPV_Ref_Alphas65_Pad400_hg19.fasta -s -suffix UMC1010 2> log/UMC1010_igv.err
          mkdir -p output/IGV_Snapshots/merge
          if ls output/IGV_Snapshots/UMC1010/*.png 1> /dev/null 2>&1; then 
          magick montage -label '%f' -pointsize 24 -geometry 1920x900+2+2 -title 'UMC1010' -tile 1x output/IGV_Snapshots/UMC1010/*.png output/IGV_Snapshots/merge/UMC1010.png 2> log/UMC1010_merge.err
          mkdir -p output/IGV_Snapshots/merge_true
          cp output/IGV_Snapshots/merge/UMC1010.png output//IGV_Snapshots/merge_true/UMC1010.png 2>log/UMC1010_cp.err
          else
          touch output/IGV_Snapshots/merge/UMC1010.png 
          fi
          
Submitted job 3 with external jobid '6797744'.

[Mon Jan 25 14:30:46 2021]
rule igv_snapshot:
    input: /data/CGR_integration/hpv_igv/data/08282019_methylation/meth/bam/UMC1032.bam, /data/CGR_integration/hpv_igv/data/08282019_methylation/meth/igv_bed/UMC1032.bed
    output: output/IGV_Snapshots/merge/UMC1032.png
    jobid: 5
    reason: Missing output files: output/IGV_Snapshots/merge/UMC1032.png
    wildcards: sample=UMC1032
    threads: 4


          python /data/CGR_integration/hpv_igv/IGV-snapshot-automator-master/make_IGV_snapshots.py -mem 16000 -ht 100 -bin /data/CGR_integration/hpv_igv/IGV-snapshot-automator-master/bin/IGV_2.3.81/igv.jar -o output/IGV_Snapshots/UMC1032 /data/CGR_integration/hpv_igv/data/08282019_methylation/meth/bam/UMC1032.bam -r /data/CGR_integration/hpv_igv/data/08282019_methylation/meth/igv_bed/UMC1032.bed -g /data/CGR_integration/hpv_igv/ref/HPV_Ref_Alphas65_Pad400_hg19.fasta -s -suffix UMC1032 2> log/UMC1032_igv.err
          mkdir -p output/IGV_Snapshots/merge
          if ls output/IGV_Snapshots/UMC1032/*.png 1> /dev/null 2>&1; then 
          magick montage -label '%f' -pointsize 24 -geometry 1920x900+2+2 -title 'UMC1032' -tile 1x output/IGV_Snapshots/UMC1032/*.png output/IGV_Snapshots/merge/UMC1032.png 2> log/UMC1032_merge.err
          mkdir -p output/IGV_Snapshots/merge_true
          cp output/IGV_Snapshots/merge/UMC1032.png output//IGV_Snapshots/merge_true/UMC1032.png 2>log/UMC1032_cp.err
          else
          touch output/IGV_Snapshots/merge/UMC1032.png 
          fi
          
Submitted job 5 with external jobid '6797745'.

[Mon Jan 25 14:30:47 2021]
rule igv_snapshot:
    input: /data/CGR_integration/hpv_igv/data/08282019_methylation/meth/bam/UMC1056.bam, /data/CGR_integration/hpv_igv/data/08282019_methylation/meth/igv_bed/UMC1056.bed
    output: output/IGV_Snapshots/merge/UMC1056.png
    jobid: 7
    reason: Missing output files: output/IGV_Snapshots/merge/UMC1056.png
    wildcards: sample=UMC1056
    threads: 4


          python /data/CGR_integration/hpv_igv/IGV-snapshot-automator-master/make_IGV_snapshots.py -mem 16000 -ht 100 -bin /data/CGR_integration/hpv_igv/IGV-snapshot-automator-master/bin/IGV_2.3.81/igv.jar -o output/IGV_Snapshots/UMC1056 /data/CGR_integration/hpv_igv/data/08282019_methylation/meth/bam/UMC1056.bam -r /data/CGR_integration/hpv_igv/data/08282019_methylation/meth/igv_bed/UMC1056.bed -g /data/CGR_integration/hpv_igv/ref/HPV_Ref_Alphas65_Pad400_hg19.fasta -s -suffix UMC1056 2> log/UMC1056_igv.err
          mkdir -p output/IGV_Snapshots/merge
          if ls output/IGV_Snapshots/UMC1056/*.png 1> /dev/null 2>&1; then 
          magick montage -label '%f' -pointsize 24 -geometry 1920x900+2+2 -title 'UMC1056' -tile 1x output/IGV_Snapshots/UMC1056/*.png output/IGV_Snapshots/merge/UMC1056.png 2> log/UMC1056_merge.err
          mkdir -p output/IGV_Snapshots/merge_true
          cp output/IGV_Snapshots/merge/UMC1056.png output//IGV_Snapshots/merge_true/UMC1056.png 2>log/UMC1056_cp.err
          else
          touch output/IGV_Snapshots/merge/UMC1056.png 
          fi
          
Submitted job 7 with external jobid '6797746'.

[Mon Jan 25 14:30:48 2021]
rule igv_snapshot:
    input: /data/CGR_integration/hpv_igv/data/08282019_methylation/meth/bam/UMC1072.bam, /data/CGR_integration/hpv_igv/data/08282019_methylation/meth/igv_bed/UMC1072.bed
    output: output/IGV_Snapshots/merge/UMC1072.png
    jobid: 9
    reason: Missing output files: output/IGV_Snapshots/merge/UMC1072.png
    wildcards: sample=UMC1072
    threads: 4


          python /data/CGR_integration/hpv_igv/IGV-snapshot-automator-master/make_IGV_snapshots.py -mem 16000 -ht 100 -bin /data/CGR_integration/hpv_igv/IGV-snapshot-automator-master/bin/IGV_2.3.81/igv.jar -o output/IGV_Snapshots/UMC1072 /data/CGR_integration/hpv_igv/data/08282019_methylation/meth/bam/UMC1072.bam -r /data/CGR_integration/hpv_igv/data/08282019_methylation/meth/igv_bed/UMC1072.bed -g /data/CGR_integration/hpv_igv/ref/HPV_Ref_Alphas65_Pad400_hg19.fasta -s -suffix UMC1072 2> log/UMC1072_igv.err
          mkdir -p output/IGV_Snapshots/merge
          if ls output/IGV_Snapshots/UMC1072/*.png 1> /dev/null 2>&1; then 
          magick montage -label '%f' -pointsize 24 -geometry 1920x900+2+2 -title 'UMC1072' -tile 1x output/IGV_Snapshots/UMC1072/*.png output/IGV_Snapshots/merge/UMC1072.png 2> log/UMC1072_merge.err
          mkdir -p output/IGV_Snapshots/merge_true
          cp output/IGV_Snapshots/merge/UMC1072.png output//IGV_Snapshots/merge_true/UMC1072.png 2>log/UMC1072_cp.err
          else
          touch output/IGV_Snapshots/merge/UMC1072.png 
          fi
          
Submitted job 9 with external jobid '6797747'.
[Mon Jan 25 14:35:28 2021]
Finished job 6.
1 of 15 steps (7%) done
[Mon Jan 25 14:35:39 2021]
Finished job 13.
2 of 15 steps (13%) done
[Mon Jan 25 14:35:39 2021]
Finished job 14.
3 of 15 steps (20%) done
[Mon Jan 25 14:35:39 2021]
Finished job 8.
4 of 15 steps (27%) done
[Mon Jan 25 14:35:39 2021]
Finished job 10.
5 of 15 steps (33%) done
[Mon Jan 25 14:35:39 2021]
Finished job 3.
6 of 15 steps (40%) done
[Mon Jan 25 14:35:50 2021]
Finished job 2.
7 of 15 steps (47%) done
[Mon Jan 25 14:35:50 2021]
Finished job 12.
8 of 15 steps (53%) done
[Mon Jan 25 14:35:50 2021]
Finished job 9.
9 of 15 steps (60%) done
[Mon Jan 25 14:36:00 2021]
Finished job 4.
10 of 15 steps (67%) done
[Mon Jan 25 14:36:00 2021]
Finished job 5.
11 of 15 steps (73%) done
[Mon Jan 25 14:36:00 2021]
Finished job 7.
12 of 15 steps (80%) done
[Mon Jan 25 14:36:50 2021]
Finished job 11.
13 of 15 steps (87%) done

[Mon Jan 25 14:36:50 2021]
rule create_pdf:
    input: output/IGV_Snapshots/merge/UMC1007.png, output/IGV_Snapshots/merge/UMC1010.png, output/IGV_Snapshots/merge/UMC1024.png, output/IGV_Snapshots/merge/UMC1032.png, output/IGV_Snapshots/merge/UMC1055.png, output/IGV_Snapshots/merge/UMC1056.png, output/IGV_Snapshots/merge/UMC1071.png, output/IGV_Snapshots/merge/UMC1072.png, output/IGV_Snapshots/merge/UMC1074.png, output/IGV_Snapshots/merge/UMC1076.png, output/IGV_Snapshots/merge/UMC1081.png, output/IGV_Snapshots/merge/UMC1082.png, output/IGV_Snapshots/merge/UMC1086.png
    output: output/IGV_Snapshots/pdf/all_by_sample.pdf
    jobid: 1
    reason: Missing output files: output/IGV_Snapshots/pdf/all_by_sample.pdf; Input files updated by another job: output/IGV_Snapshots/merge/UMC1010.png, output/IGV_Snapshots/merge/UMC1032.png, output/IGV_Snapshots/merge/UMC1055.png, output/IGV_Snapshots/merge/UMC1082.png, output/IGV_Snapshots/merge/UMC1086.png, output/IGV_Snapshots/merge/UMC1024.png, output/IGV_Snapshots/merge/UMC1072.png, output/IGV_Snapshots/merge/UMC1056.png, output/IGV_Snapshots/merge/UMC1071.png, output/IGV_Snapshots/merge/UMC1081.png, output/IGV_Snapshots/merge/UMC1007.png, output/IGV_Snapshots/merge/UMC1076.png, output/IGV_Snapshots/merge/UMC1074.png


          magick convert -adjoin output//IGV_Snapshots/merge_true/*.png output/IGV_Snapshots/pdf/all_by_sample.pdf 2>log/pdf.err
          
Submitted job 1 with external jobid '6797785'.
[Mon Jan 25 14:39:40 2021]
Finished job 1.
14 of 15 steps (93%) done

[Mon Jan 25 14:39:40 2021]
localrule all:
    input: output/IGV_Snapshots/pdf/all_by_sample.pdf
    jobid: 0
    reason: Input files updated by another job: output/IGV_Snapshots/pdf/all_by_sample.pdf

[Mon Jan 25 14:39:40 2021]
Finished job 0.
15 of 15 steps (100%) done
Complete log: /gpfs/gsfs8/users/CGR_integration/hpv_igv/workflow/.snakemake/log/2021-01-25T143032.994825.snakemake.log
