Building DAG of jobs...
Using shell: /usr/bin/bash
Provided cores: 4
Rules claiming more threads will be scaled down.
Job counts:
	count	jobs
	1	igv_snapshot
	1

[Mon Jan 25 14:07:24 2021]
rule igv_snapshot:
    input: /data/CGR_integration/hpv_igv/data/08282019_methylation/meth/bam/UMC1072.bam, /data/CGR_integration/hpv_igv/data/08282019_methylation/meth/igv_bed/UMC1072.bed
    output: output/IGV_Snapshots/merge/UMC1072.png
    jobid: 0
    wildcards: sample=UMC1072
    threads: 4


          python /data/CGR_integration/hpv_igv/IGV-snapshot-automator-master/make_IGV_snapshots.py -mem 16000 -ht 100 -bin /data/CGR_integration/hpv_igv/IGV-snapshot-automator-master/bin/IGV_2.3.81/igv.jar -o output/IGV_Snapshots/UMC1072 /data/CGR_integration/hpv_igv/data/08282019_methylation/meth/bam/UMC1072.bam -r /data/CGR_integration/hpv_igv/data/08282019_methylation/meth/igv_bed/UMC1072.bed -g /data/CGR_integration/hpv_igv/ref/HPV_Ref_Alphas65_Pad400_hg19.fasta -s -suffix UMC1072 2> log/UMC1072_igv.err
          if ls output/IGV_Snapshots/UMC1072/*.png 1> /dev/null 2>&1; then 
          magick montage -label '%f' -pointsize 24 -geometry 1920x900+2+2 -title 'UMC1072' -tile 1x output/IGV_Snapshots/UMC1072/*.png output/IGV_Snapshots/merge/UMC1072.png 2> log/UMC1072_merge.err
          mkdir -p merge_true
          cp output/IGV_Snapshots/merge/UMC1072.png output//IGV_Snapshots/merge_true/UMC1072.png 2>log/UMC1072_cp.err
          else
          touch output/IGV_Snapshots/merge/UMC1072.png 
          fi
          

~~~ IGV SNAPSHOT AUTOMATOR ~~~

Reference genome:
/data/CGR_integration/hpv_igv/ref/HPV_Ref_Alphas65_Pad400_hg19.fasta

Track height:
100

IGV binary file:
/data/CGR_integration/hpv_igv/IGV-snapshot-automator-master/bin/IGV_2.3.81/igv.jar

Output directory will be:
output/IGV_Snapshots/UMC1072

Batchscript file will be:
output/IGV_Snapshots/UMC1072/IGV_snapshots.bat

Region file:
/data/CGR_integration/hpv_igv/data/08282019_methylation/meth/igv_bed/UMC1072.bed

Input files to snapshot:

/data/CGR_integration/hpv_igv/data/08282019_methylation/meth/bam/UMC1072.bam

Making the output directory...

Writing IGV batch script to file:
output/IGV_Snapshots/UMC1072/IGV_snapshots.bat


Getting regions from BED file...

Read 28 regions

Open Xvfb port found on:
1


IGV command is:
xvfb-run -a --server-args='-screen 0 1920x1280x24'xrandr java -Xmx16000m -jar /data/CGR_integration/hpv_igv/IGV-snapshot-automator-master/bin/IGV_2.3.81/igv.jar -b output/IGV_Snapshots/UMC1072/IGV_snapshots.bat


Current time is:
2021-01-25 14:07:24.357263


Running the IGV command...
INFO [2021-01-25 14:07:28,950]  [DirectoryManager.java:169] [main]  IGV Directory: /home/daij/igv
INFO [2021-01-25 14:07:28,950] [DirectoryManager.java:169]  IGV Directory: /home/daij/igv
INFO [2021-01-25 14:07:28,958]  [Main.java:133] [main]  Startup  IGV Version 2.3.81 (127)08/30/2016 02:20 PM
INFO [2021-01-25 14:07:28,958]  [Main.java:134] [main]  Java 1.8.0_211
INFO [2021-01-25 14:07:28,958]  [DirectoryManager.java:72] [main]  Fetching user directory... 
INFO [2021-01-25 14:07:29,164]  [Main.java:135] [main]  Default User Directory: /home/daij
INFO [2021-01-25 14:07:29,164]  [Main.java:136] [main]  OS: Linux

(process:68403): dconf-CRITICAL **: unable to create directory '/run/user/37498/dconf': Permission denied.  dconf will not work properly.

(process:68403): dconf-CRITICAL **: unable to create directory '/run/user/37498/dconf': Permission denied.  dconf will not work properly.

(process:68403): dconf-CRITICAL **: unable to create directory '/run/user/37498/dconf': Permission denied.  dconf will not work properly.

(process:68403): dconf-CRITICAL **: unable to create directory '/run/user/37498/dconf': Permission denied.  dconf will not work properly.

(process:68403): dconf-CRITICAL **: unable to create directory '/run/user/37498/dconf': Permission denied.  dconf will not work properly.

(process:68403): dconf-CRITICAL **: unable to create directory '/run/user/37498/dconf': Permission denied.  dconf will not work properly.

(process:68403): dconf-CRITICAL **: unable to create directory '/run/user/37498/dconf': Permission denied.  dconf will not work properly.

(process:68403): dconf-CRITICAL **: unable to create directory '/run/user/37498/dconf': Permission denied.  dconf will not work properly.

(process:68403): dconf-CRITICAL **: unable to create directory '/run/user/37498/dconf': Permission denied.  dconf will not work properly.

(process:68403): dconf-CRITICAL **: unable to create directory '/run/user/37498/dconf': Permission denied.  dconf will not work properly.
INFO [2021-01-25 14:07:30,008]  [Main.java:184] [main]  A later version of IGV is available (2.7.22.7.2)
INFO [2021-01-25 14:07:49,303]  [GenomeManager.java:145] [main]  Loading genome: /home/daij/igv/genomes/hg38.genome
INFO [2021-01-25 14:07:55,429]  [GenomeManager.java:192] [main]  Genome loaded.  id= hg38
INFO [2021-01-25 14:07:55,705]  [CommandListener.java:106] [Thread-6]  Listening on port 60151
INFO [2021-01-25 14:07:55,716]  [BatchRunner.java:72] [pool-1-thread-1]  Executing Command: new

INFO [2021-01-25 14:08:00,479]  [CommandExecutor.java:235] [pool-1-thread-1]  OK
INFO [2021-01-25 14:08:00,479]  [BatchRunner.java:72] [pool-1-thread-1]  Executing Command: genome /data/CGR_integration/hpv_igv/ref/HPV_Ref_Alphas65_Pad400_hg19.fasta

INFO [2021-01-25 14:08:01,964]  [GenomeManager.java:145] [pool-1-thread-1]  Loading genome: /data/CGR_integration/hpv_igv/ref/HPV_Ref_Alphas65_Pad400_hg19.fasta
INFO [2021-01-25 14:08:01,983]  [GenomeManager.java:192] [pool-1-thread-1]  Genome loaded.  id= /data/CGR_integration/hpv_igv/ref/HPV_Ref_Alphas65_Pad400_hg19.fasta
INFO [2021-01-25 14:08:03,994]  [CommandExecutor.java:235] [pool-1-thread-1]  OK
INFO [2021-01-25 14:08:03,994]  [BatchRunner.java:72] [pool-1-thread-1]  Executing Command: snapshotDirectory output/IGV_Snapshots/UMC1072

INFO [2021-01-25 14:08:06,006]  [CommandExecutor.java:235] [pool-1-thread-1]  OK
INFO [2021-01-25 14:08:06,007]  [BatchRunner.java:72] [pool-1-thread-1]  Executing Command: load /data/CGR_integration/hpv_igv/data/08282019_methylation/meth/bam/UMC1072.bam

INFO [2021-01-25 14:08:06,010]  [IGV.java:1700] [pool-1-thread-1]  Loading 1 resources.
INFO [2021-01-25 14:08:06,011]  [TrackLoader.java:120] [pool-1-thread-1]  Loading resource, path /data/CGR_integration/hpv_igv/data/08282019_methylation/meth/bam/UMC1072.bam
INFO [2021-01-25 14:08:08,336]  [CommandExecutor.java:235] [pool-1-thread-1]  OK
INFO [2021-01-25 14:08:08,337]  [BatchRunner.java:72] [pool-1-thread-1]  Executing Command: maxPanelHeight 100

INFO [2021-01-25 14:08:08,347]  [BatchRunner.java:72] [pool-1-thread-1]  Executing Command: goto HPV18:7857-955

INFO [2021-01-25 14:08:08,367]  [MessageUtils.java:74] [pool-1-thread-1]  Cannot find feature or locus: HPV18:7857-955
INFO [2021-01-25 14:08:10,386]  [CommandExecutor.java:235] [pool-1-thread-1]  OK
INFO [2021-01-25 14:08:10,387]  [BatchRunner.java:72] [pool-1-thread-1]  Executing Command: group strand

INFO [2021-01-25 14:08:12,406]  [CommandExecutor.java:235] [pool-1-thread-1]  OK
INFO [2021-01-25 14:08:12,407]  [BatchRunner.java:72] [pool-1-thread-1]  Executing Command: snapshot HPV18_7857_955_h100UMC1072.png

Snapshot: /gpfs/gsfs8/users/CGR_integration/hpv_igv/workflow/output/IGV_Snapshots/UMC1072/HPV18_7857_955_h100UMC1072.png
INFO [2021-01-25 14:08:14,511]  [CommandExecutor.java:235] [pool-1-thread-1]  OK
INFO [2021-01-25 14:08:14,512]  [BatchRunner.java:72] [pool-1-thread-1]  Executing Command: goto HPV51:7808-187

INFO [2021-01-25 14:08:14,521]  [MessageUtils.java:74] [pool-1-thread-1]  Cannot find feature or locus: HPV51:7808-187
INFO [2021-01-25 14:08:16,530]  [CommandExecutor.java:235] [pool-1-thread-1]  OK
INFO [2021-01-25 14:08:16,531]  [BatchRunner.java:72] [pool-1-thread-1]  Executing Command: group strand

INFO [2021-01-25 14:08:18,553]  [CommandExecutor.java:235] [pool-1-thread-1]  OK
INFO [2021-01-25 14:08:18,554]  [BatchRunner.java:72] [pool-1-thread-1]  Executing Command: snapshot HPV51_7808_187_h100UMC1072.png

Snapshot: /gpfs/gsfs8/users/CGR_integration/hpv_igv/workflow/output/IGV_Snapshots/UMC1072/HPV51_7808_187_h100UMC1072.png
INFO [2021-01-25 14:08:20,611]  [CommandExecutor.java:235] [pool-1-thread-1]  OK
INFO [2021-01-25 14:08:20,612]  [BatchRunner.java:72] [pool-1-thread-1]  Executing Command: goto HPV58:7824-123

INFO [2021-01-25 14:08:20,618]  [MessageUtils.java:74] [pool-1-thread-1]  Cannot find feature or locus: HPV58:7824-123
INFO [2021-01-25 14:08:22,626]  [CommandExecutor.java:235] [pool-1-thread-1]  OK
INFO [2021-01-25 14:08:22,627]  [BatchRunner.java:72] [pool-1-thread-1]  Executing Command: group strand

INFO [2021-01-25 14:08:24,646]  [CommandExecutor.java:235] [pool-1-thread-1]  OK
INFO [2021-01-25 14:08:24,647]  [BatchRunner.java:72] [pool-1-thread-1]  Executing Command: snapshot HPV58_7824_123_h100UMC1072.png

Snapshot: /gpfs/gsfs8/users/CGR_integration/hpv_igv/workflow/output/IGV_Snapshots/UMC1072/HPV58_7824_123_h100UMC1072.png
INFO [2021-01-25 14:08:26,704]  [CommandExecutor.java:235] [pool-1-thread-1]  OK
INFO [2021-01-25 14:08:26,704]  [BatchRunner.java:72] [pool-1-thread-1]  Executing Command: goto Lambda_NEB:48502-238

INFO [2021-01-25 14:08:26,714]  [MessageUtils.java:74] [pool-1-thread-1]  Cannot find feature or locus: Lambda_NEB:48502-238
INFO [2021-01-25 14:08:28,724]  [CommandExecutor.java:235] [pool-1-thread-1]  OK
INFO [2021-01-25 14:08:28,725]  [BatchRunner.java:72] [pool-1-thread-1]  Executing Command: group strand

INFO [2021-01-25 14:08:30,737]  [CommandExecutor.java:235] [pool-1-thread-1]  OK
INFO [2021-01-25 14:08:30,737]  [BatchRunner.java:72] [pool-1-thread-1]  Executing Command: snapshot Lambda_NEB_48502_238_h100UMC1072.png

Snapshot: /gpfs/gsfs8/users/CGR_integration/hpv_igv/workflow/output/IGV_Snapshots/UMC1072/Lambda_NEB_48502_238_h100UMC1072.png
INFO [2021-01-25 14:08:32,793]  [CommandExecutor.java:235] [pool-1-thread-1]  OK
INFO [2021-01-25 14:08:32,794]  [BatchRunner.java:72] [pool-1-thread-1]  Executing Command: goto chr1:249250621-12592

INFO [2021-01-25 14:08:34,824]  [CommandExecutor.java:235] [pool-1-thread-1]  OK
INFO [2021-01-25 14:08:34,825]  [BatchRunner.java:72] [pool-1-thread-1]  Executing Command: group strand

INFO [2021-01-25 14:08:36,841]  [CommandExecutor.java:235] [pool-1-thread-1]  OK
INFO [2021-01-25 14:08:36,841]  [BatchRunner.java:72] [pool-1-thread-1]  Executing Command: snapshot chr1_249250621_12592_h100UMC1072.png

Snapshot: /gpfs/gsfs8/users/CGR_integration/hpv_igv/workflow/output/IGV_Snapshots/UMC1072/chr1_249250621_12592_h100UMC1072.png
INFO [2021-01-25 14:08:38,897]  [CommandExecutor.java:235] [pool-1-thread-1]  OK
INFO [2021-01-25 14:08:38,898]  [BatchRunner.java:72] [pool-1-thread-1]  Executing Command: goto chr2:243199373-20940

INFO [2021-01-25 14:08:40,913]  [CommandExecutor.java:235] [pool-1-thread-1]  OK
INFO [2021-01-25 14:08:40,913]  [BatchRunner.java:72] [pool-1-thread-1]  Executing Command: group strand

INFO [2021-01-25 14:08:42,923]  [CommandExecutor.java:235] [pool-1-thread-1]  OK
INFO [2021-01-25 14:08:42,924]  [BatchRunner.java:72] [pool-1-thread-1]  Executing Command: snapshot chr2_243199373_20940_h100UMC1072.png

Snapshot: /gpfs/gsfs8/users/CGR_integration/hpv_igv/workflow/output/IGV_Snapshots/UMC1072/chr2_243199373_20940_h100UMC1072.png
INFO [2021-01-25 14:08:44,981]  [CommandExecutor.java:235] [pool-1-thread-1]  OK
INFO [2021-01-25 14:08:44,981]  [BatchRunner.java:72] [pool-1-thread-1]  Executing Command: goto chr3:198022430-17111

INFO [2021-01-25 14:08:46,997]  [CommandExecutor.java:235] [pool-1-thread-1]  OK
INFO [2021-01-25 14:08:46,997]  [BatchRunner.java:72] [pool-1-thread-1]  Executing Command: group strand

INFO [2021-01-25 14:08:49,007]  [CommandExecutor.java:235] [pool-1-thread-1]  OK
INFO [2021-01-25 14:08:49,007]  [BatchRunner.java:72] [pool-1-thread-1]  Executing Command: snapshot chr3_198022430_17111_h100UMC1072.png

Snapshot: /gpfs/gsfs8/users/CGR_integration/hpv_igv/workflow/output/IGV_Snapshots/UMC1072/chr3_198022430_17111_h100UMC1072.png
INFO [2021-01-25 14:08:51,078]  [CommandExecutor.java:235] [pool-1-thread-1]  OK
INFO [2021-01-25 14:08:51,079]  [BatchRunner.java:72] [pool-1-thread-1]  Executing Command: goto chr4:191154276-14283

INFO [2021-01-25 14:08:53,095]  [CommandExecutor.java:235] [pool-1-thread-1]  OK
INFO [2021-01-25 14:08:53,096]  [BatchRunner.java:72] [pool-1-thread-1]  Executing Command: group strand

INFO [2021-01-25 14:08:55,113]  [CommandExecutor.java:235] [pool-1-thread-1]  OK
INFO [2021-01-25 14:08:55,113]  [BatchRunner.java:72] [pool-1-thread-1]  Executing Command: snapshot chr4_191154276_14283_h100UMC1072.png

Snapshot: /gpfs/gsfs8/users/CGR_integration/hpv_igv/workflow/output/IGV_Snapshots/UMC1072/chr4_191154276_14283_h100UMC1072.png
INFO [2021-01-25 14:08:57,172]  [CommandExecutor.java:235] [pool-1-thread-1]  OK
INFO [2021-01-25 14:08:57,173]  [BatchRunner.java:72] [pool-1-thread-1]  Executing Command: goto chr5:180915260-18592

INFO [2021-01-25 14:08:59,183]  [CommandExecutor.java:235] [pool-1-thread-1]  OK
INFO [2021-01-25 14:08:59,184]  [BatchRunner.java:72] [pool-1-thread-1]  Executing Command: group strand

INFO [2021-01-25 14:09:01,195]  [CommandExecutor.java:235] [pool-1-thread-1]  OK
INFO [2021-01-25 14:09:01,196]  [BatchRunner.java:72] [pool-1-thread-1]  Executing Command: snapshot chr5_180915260_18592_h100UMC1072.png

Snapshot: /gpfs/gsfs8/users/CGR_integration/hpv_igv/workflow/output/IGV_Snapshots/UMC1072/chr5_180915260_18592_h100UMC1072.png
INFO [2021-01-25 14:09:03,254]  [CommandExecutor.java:235] [pool-1-thread-1]  OK
INFO [2021-01-25 14:09:03,255]  [BatchRunner.java:72] [pool-1-thread-1]  Executing Command: goto chr6:171115067-20127

INFO [2021-01-25 14:09:05,261]  [CommandExecutor.java:235] [pool-1-thread-1]  OK
INFO [2021-01-25 14:09:05,261]  [BatchRunner.java:72] [pool-1-thread-1]  Executing Command: group strand

INFO [2021-01-25 14:09:07,269]  [CommandExecutor.java:235] [pool-1-thread-1]  OK
INFO [2021-01-25 14:09:07,270]  [BatchRunner.java:72] [pool-1-thread-1]  Executing Command: snapshot chr6_171115067_20127_h100UMC1072.png

Snapshot: /gpfs/gsfs8/users/CGR_integration/hpv_igv/workflow/output/IGV_Snapshots/UMC1072/chr6_171115067_20127_h100UMC1072.png
INFO [2021-01-25 14:09:09,343]  [CommandExecutor.java:235] [pool-1-thread-1]  OK
INFO [2021-01-25 14:09:09,344]  [BatchRunner.java:72] [pool-1-thread-1]  Executing Command: goto chr7:159138663-5844

INFO [2021-01-25 14:09:11,356]  [CommandExecutor.java:235] [pool-1-thread-1]  OK
INFO [2021-01-25 14:09:11,356]  [BatchRunner.java:72] [pool-1-thread-1]  Executing Command: group strand

INFO [2021-01-25 14:09:13,363]  [CommandExecutor.java:235] [pool-1-thread-1]  OK
INFO [2021-01-25 14:09:13,364]  [BatchRunner.java:72] [pool-1-thread-1]  Executing Command: snapshot chr7_159138663_5844_h100UMC1072.png

Snapshot: /gpfs/gsfs8/users/CGR_integration/hpv_igv/workflow/output/IGV_Snapshots/UMC1072/chr7_159138663_5844_h100UMC1072.png
INFO [2021-01-25 14:09:15,423]  [CommandExecutor.java:235] [pool-1-thread-1]  OK
INFO [2021-01-25 14:09:15,424]  [BatchRunner.java:72] [pool-1-thread-1]  Executing Command: goto chr8:146364022-5145

INFO [2021-01-25 14:09:17,446]  [CommandExecutor.java:235] [pool-1-thread-1]  OK
INFO [2021-01-25 14:09:17,447]  [BatchRunner.java:72] [pool-1-thread-1]  Executing Command: group strand

INFO [2021-01-25 14:09:19,459]  [CommandExecutor.java:235] [pool-1-thread-1]  OK
INFO [2021-01-25 14:09:19,459]  [BatchRunner.java:72] [pool-1-thread-1]  Executing Command: snapshot chr8_146364022_5145_h100UMC1072.png

Snapshot: /gpfs/gsfs8/users/CGR_integration/hpv_igv/workflow/output/IGV_Snapshots/UMC1072/chr8_146364022_5145_h100UMC1072.png
INFO [2021-01-25 14:09:21,525]  [CommandExecutor.java:235] [pool-1-thread-1]  OK
INFO [2021-01-25 14:09:21,526]  [BatchRunner.java:72] [pool-1-thread-1]  Executing Command: goto chr9:141213431-9413

INFO [2021-01-25 14:09:23,539]  [CommandExecutor.java:235] [pool-1-thread-1]  OK
INFO [2021-01-25 14:09:23,539]  [BatchRunner.java:72] [pool-1-thread-1]  Executing Command: group strand

INFO [2021-01-25 14:09:25,548]  [CommandExecutor.java:235] [pool-1-thread-1]  OK
INFO [2021-01-25 14:09:25,548]  [BatchRunner.java:72] [pool-1-thread-1]  Executing Command: snapshot chr9_141213431_9413_h100UMC1072.png

Snapshot: /gpfs/gsfs8/users/CGR_integration/hpv_igv/workflow/output/IGV_Snapshots/UMC1072/chr9_141213431_9413_h100UMC1072.png
INFO [2021-01-25 14:09:27,659]  [CommandExecutor.java:235] [pool-1-thread-1]  OK
INFO [2021-01-25 14:09:27,659]  [BatchRunner.java:72] [pool-1-thread-1]  Executing Command: goto chr10:135534747-9124

INFO [2021-01-25 14:09:29,670]  [CommandExecutor.java:235] [pool-1-thread-1]  OK
INFO [2021-01-25 14:09:29,670]  [BatchRunner.java:72] [pool-1-thread-1]  Executing Command: group strand

INFO [2021-01-25 14:09:31,677]  [CommandExecutor.java:235] [pool-1-thread-1]  OK
INFO [2021-01-25 14:09:31,677]  [BatchRunner.java:72] [pool-1-thread-1]  Executing Command: snapshot chr10_135534747_9124_h100UMC1072.png

Snapshot: /gpfs/gsfs8/users/CGR_integration/hpv_igv/workflow/output/IGV_Snapshots/UMC1072/chr10_135534747_9124_h100UMC1072.png
INFO [2021-01-25 14:09:33,736]  [CommandExecutor.java:235] [pool-1-thread-1]  OK
INFO [2021-01-25 14:09:33,737]  [BatchRunner.java:72] [pool-1-thread-1]  Executing Command: goto chr11:135006516-6068

INFO [2021-01-25 14:09:35,747]  [CommandExecutor.java:235] [pool-1-thread-1]  OK
INFO [2021-01-25 14:09:35,748]  [BatchRunner.java:72] [pool-1-thread-1]  Executing Command: group strand

INFO [2021-01-25 14:09:37,759]  [CommandExecutor.java:235] [pool-1-thread-1]  OK
INFO [2021-01-25 14:09:37,759]  [BatchRunner.java:72] [pool-1-thread-1]  Executing Command: snapshot chr11_135006516_6068_h100UMC1072.png

Snapshot: /gpfs/gsfs8/users/CGR_integration/hpv_igv/workflow/output/IGV_Snapshots/UMC1072/chr11_135006516_6068_h100UMC1072.png
INFO [2021-01-25 14:09:39,815]  [CommandExecutor.java:235] [pool-1-thread-1]  OK
INFO [2021-01-25 14:09:39,815]  [BatchRunner.java:72] [pool-1-thread-1]  Executing Command: goto chr12:133851895-15701

INFO [2021-01-25 14:09:41,825]  [CommandExecutor.java:235] [pool-1-thread-1]  OK
INFO [2021-01-25 14:09:41,826]  [BatchRunner.java:72] [pool-1-thread-1]  Executing Command: group strand

INFO [2021-01-25 14:09:43,836]  [CommandExecutor.java:235] [pool-1-thread-1]  OK
INFO [2021-01-25 14:09:43,836]  [BatchRunner.java:72] [pool-1-thread-1]  Executing Command: snapshot chr12_133851895_15701_h100UMC1072.png

Snapshot: /gpfs/gsfs8/users/CGR_integration/hpv_igv/workflow/output/IGV_Snapshots/UMC1072/chr12_133851895_15701_h100UMC1072.png
INFO [2021-01-25 14:09:45,898]  [CommandExecutor.java:235] [pool-1-thread-1]  OK
INFO [2021-01-25 14:09:45,899]  [BatchRunner.java:72] [pool-1-thread-1]  Executing Command: goto chr13:115169878-8311

INFO [2021-01-25 14:09:47,913]  [CommandExecutor.java:235] [pool-1-thread-1]  OK
INFO [2021-01-25 14:09:47,914]  [BatchRunner.java:72] [pool-1-thread-1]  Executing Command: group strand

INFO [2021-01-25 14:09:49,933]  [CommandExecutor.java:235] [pool-1-thread-1]  OK
INFO [2021-01-25 14:09:49,934]  [BatchRunner.java:72] [pool-1-thread-1]  Executing Command: snapshot chr13_115169878_8311_h100UMC1072.png

Snapshot: /gpfs/gsfs8/users/CGR_integration/hpv_igv/workflow/output/IGV_Snapshots/UMC1072/chr13_115169878_8311_h100UMC1072.png
INFO [2021-01-25 14:09:51,990]  [CommandExecutor.java:235] [pool-1-thread-1]  OK
INFO [2021-01-25 14:09:51,990]  [BatchRunner.java:72] [pool-1-thread-1]  Executing Command: goto chr14:107349540-4175

INFO [2021-01-25 14:09:54,002]  [CommandExecutor.java:235] [pool-1-thread-1]  OK
INFO [2021-01-25 14:09:54,002]  [BatchRunner.java:72] [pool-1-thread-1]  Executing Command: group strand

INFO [2021-01-25 14:09:56,014]  [CommandExecutor.java:235] [pool-1-thread-1]  OK
INFO [2021-01-25 14:09:56,015]  [BatchRunner.java:72] [pool-1-thread-1]  Executing Command: snapshot chr14_107349540_4175_h100UMC1072.png

Snapshot: /gpfs/gsfs8/users/CGR_integration/hpv_igv/workflow/output/IGV_Snapshots/UMC1072/chr14_107349540_4175_h100UMC1072.png
INFO [2021-01-25 14:09:58,066]  [CommandExecutor.java:235] [pool-1-thread-1]  OK
INFO [2021-01-25 14:09:58,066]  [BatchRunner.java:72] [pool-1-thread-1]  Executing Command: goto chr15:102531392-10809

INFO [2021-01-25 14:10:00,076]  [CommandExecutor.java:235] [pool-1-thread-1]  OK
INFO [2021-01-25 14:10:00,076]  [BatchRunner.java:72] [pool-1-thread-1]  Executing Command: group strand

INFO [2021-01-25 14:10:02,085]  [CommandExecutor.java:235] [pool-1-thread-1]  OK
INFO [2021-01-25 14:10:02,086]  [BatchRunner.java:72] [pool-1-thread-1]  Executing Command: snapshot chr15_102531392_10809_h100UMC1072.png

Snapshot: /gpfs/gsfs8/users/CGR_integration/hpv_igv/workflow/output/IGV_Snapshots/UMC1072/chr15_102531392_10809_h100UMC1072.png
INFO [2021-01-25 14:10:04,137]  [CommandExecutor.java:235] [pool-1-thread-1]  OK
INFO [2021-01-25 14:10:04,137]  [BatchRunner.java:72] [pool-1-thread-1]  Executing Command: goto chr16:90354753-8901

INFO [2021-01-25 14:10:06,148]  [CommandExecutor.java:235] [pool-1-thread-1]  OK
INFO [2021-01-25 14:10:06,148]  [BatchRunner.java:72] [pool-1-thread-1]  Executing Command: group strand

INFO [2021-01-25 14:10:08,162]  [CommandExecutor.java:235] [pool-1-thread-1]  OK
INFO [2021-01-25 14:10:08,162]  [BatchRunner.java:72] [pool-1-thread-1]  Executing Command: snapshot chr16_90354753_8901_h100UMC1072.png

Snapshot: /gpfs/gsfs8/users/CGR_integration/hpv_igv/workflow/output/IGV_Snapshots/UMC1072/chr16_90354753_8901_h100UMC1072.png
INFO [2021-01-25 14:10:10,215]  [CommandExecutor.java:235] [pool-1-thread-1]  OK
INFO [2021-01-25 14:10:10,216]  [BatchRunner.java:72] [pool-1-thread-1]  Executing Command: goto chr17:81195210-1331

INFO [2021-01-25 14:10:12,224]  [CommandExecutor.java:235] [pool-1-thread-1]  OK
INFO [2021-01-25 14:10:12,224]  [BatchRunner.java:72] [pool-1-thread-1]  Executing Command: group strand

INFO [2021-01-25 14:10:14,237]  [CommandExecutor.java:235] [pool-1-thread-1]  OK
INFO [2021-01-25 14:10:14,237]  [BatchRunner.java:72] [pool-1-thread-1]  Executing Command: snapshot chr17_81195210_1331_h100UMC1072.png

Snapshot: /gpfs/gsfs8/users/CGR_integration/hpv_igv/workflow/output/IGV_Snapshots/UMC1072/chr17_81195210_1331_h100UMC1072.png
INFO [2021-01-25 14:10:16,289]  [CommandExecutor.java:235] [pool-1-thread-1]  OK
INFO [2021-01-25 14:10:16,289]  [BatchRunner.java:72] [pool-1-thread-1]  Executing Command: goto chr18:78077248-1210

INFO [2021-01-25 14:10:18,309]  [CommandExecutor.java:235] [pool-1-thread-1]  OK
INFO [2021-01-25 14:10:18,309]  [BatchRunner.java:72] [pool-1-thread-1]  Executing Command: group strand

INFO [2021-01-25 14:10:20,319]  [CommandExecutor.java:235] [pool-1-thread-1]  OK
INFO [2021-01-25 14:10:20,319]  [BatchRunner.java:72] [pool-1-thread-1]  Executing Command: snapshot chr18_78077248_1210_h100UMC1072.png

Snapshot: /gpfs/gsfs8/users/CGR_integration/hpv_igv/workflow/output/IGV_Snapshots/UMC1072/chr18_78077248_1210_h100UMC1072.png
INFO [2021-01-25 14:10:22,371]  [CommandExecutor.java:235] [pool-1-thread-1]  OK
INFO [2021-01-25 14:10:22,372]  [BatchRunner.java:72] [pool-1-thread-1]  Executing Command: goto chr19:59128983-15633

INFO [2021-01-25 14:10:24,381]  [CommandExecutor.java:235] [pool-1-thread-1]  OK
INFO [2021-01-25 14:10:24,382]  [BatchRunner.java:72] [pool-1-thread-1]  Executing Command: group strand

INFO [2021-01-25 14:10:26,390]  [CommandExecutor.java:235] [pool-1-thread-1]  OK
INFO [2021-01-25 14:10:26,391]  [BatchRunner.java:72] [pool-1-thread-1]  Executing Command: snapshot chr19_59128983_15633_h100UMC1072.png

Snapshot: /gpfs/gsfs8/users/CGR_integration/hpv_igv/workflow/output/IGV_Snapshots/UMC1072/chr19_59128983_15633_h100UMC1072.png
INFO [2021-01-25 14:10:28,440]  [CommandExecutor.java:235] [pool-1-thread-1]  OK
INFO [2021-01-25 14:10:28,441]  [BatchRunner.java:72] [pool-1-thread-1]  Executing Command: goto chr20:63025520-1158

INFO [2021-01-25 14:10:30,449]  [CommandExecutor.java:235] [pool-1-thread-1]  OK
INFO [2021-01-25 14:10:30,450]  [BatchRunner.java:72] [pool-1-thread-1]  Executing Command: group strand

INFO [2021-01-25 14:10:32,457]  [CommandExecutor.java:235] [pool-1-thread-1]  OK
INFO [2021-01-25 14:10:32,457]  [BatchRunner.java:72] [pool-1-thread-1]  Executing Command: snapshot chr20_63025520_1158_h100UMC1072.png

Snapshot: /gpfs/gsfs8/users/CGR_integration/hpv_igv/workflow/output/IGV_Snapshots/UMC1072/chr20_63025520_1158_h100UMC1072.png
INFO [2021-01-25 14:10:34,515]  [CommandExecutor.java:235] [pool-1-thread-1]  OK
INFO [2021-01-25 14:10:34,515]  [BatchRunner.java:72] [pool-1-thread-1]  Executing Command: goto chr21:48129895-3203

INFO [2021-01-25 14:10:36,523]  [CommandExecutor.java:235] [pool-1-thread-1]  OK
INFO [2021-01-25 14:10:36,523]  [BatchRunner.java:72] [pool-1-thread-1]  Executing Command: group strand

INFO [2021-01-25 14:10:38,529]  [CommandExecutor.java:235] [pool-1-thread-1]  OK
INFO [2021-01-25 14:10:38,530]  [BatchRunner.java:72] [pool-1-thread-1]  Executing Command: snapshot chr21_48129895_3203_h100UMC1072.png

Snapshot: /gpfs/gsfs8/users/CGR_integration/hpv_igv/workflow/output/IGV_Snapshots/UMC1072/chr21_48129895_3203_h100UMC1072.png
INFO [2021-01-25 14:10:40,579]  [CommandExecutor.java:235] [pool-1-thread-1]  OK
INFO [2021-01-25 14:10:40,579]  [BatchRunner.java:72] [pool-1-thread-1]  Executing Command: goto chr22:51304566-177

INFO [2021-01-25 14:10:42,589]  [CommandExecutor.java:235] [pool-1-thread-1]  OK
INFO [2021-01-25 14:10:42,590]  [BatchRunner.java:72] [pool-1-thread-1]  Executing Command: group strand

INFO [2021-01-25 14:10:44,599]  [CommandExecutor.java:235] [pool-1-thread-1]  OK
INFO [2021-01-25 14:10:44,599]  [BatchRunner.java:72] [pool-1-thread-1]  Executing Command: snapshot chr22_51304566_177_h100UMC1072.png

Snapshot: /gpfs/gsfs8/users/CGR_integration/hpv_igv/workflow/output/IGV_Snapshots/UMC1072/chr22_51304566_177_h100UMC1072.png
INFO [2021-01-25 14:10:46,669]  [CommandExecutor.java:235] [pool-1-thread-1]  OK
INFO [2021-01-25 14:10:46,670]  [BatchRunner.java:72] [pool-1-thread-1]  Executing Command: goto chrX:155270560-17601

INFO [2021-01-25 14:10:48,689]  [CommandExecutor.java:235] [pool-1-thread-1]  OK
INFO [2021-01-25 14:10:48,690]  [BatchRunner.java:72] [pool-1-thread-1]  Executing Command: group strand

INFO [2021-01-25 14:10:50,704]  [CommandExecutor.java:235] [pool-1-thread-1]  OK
INFO [2021-01-25 14:10:50,705]  [BatchRunner.java:72] [pool-1-thread-1]  Executing Command: snapshot chrX_155270560_17601_h100UMC1072.png

Snapshot: /gpfs/gsfs8/users/CGR_integration/hpv_igv/workflow/output/IGV_Snapshots/UMC1072/chrX_155270560_17601_h100UMC1072.png
INFO [2021-01-25 14:10:52,759]  [CommandExecutor.java:235] [pool-1-thread-1]  OK
INFO [2021-01-25 14:10:52,759]  [BatchRunner.java:72] [pool-1-thread-1]  Executing Command: goto chrY:59373566-220

INFO [2021-01-25 14:10:54,765]  [CommandExecutor.java:235] [pool-1-thread-1]  OK
INFO [2021-01-25 14:10:54,765]  [BatchRunner.java:72] [pool-1-thread-1]  Executing Command: group strand

INFO [2021-01-25 14:10:56,771]  [CommandExecutor.java:235] [pool-1-thread-1]  OK
INFO [2021-01-25 14:10:56,771]  [BatchRunner.java:72] [pool-1-thread-1]  Executing Command: snapshot chrY_59373566_220_h100UMC1072.png

Snapshot: /gpfs/gsfs8/users/CGR_integration/hpv_igv/workflow/output/IGV_Snapshots/UMC1072/chrY_59373566_220_h100UMC1072.png
INFO [2021-01-25 14:10:58,834]  [CommandExecutor.java:235] [pool-1-thread-1]  OK
INFO [2021-01-25 14:10:58,835]  [BatchRunner.java:72] [pool-1-thread-1]  Executing Command: exit

INFO [2021-01-25 14:10:58,837]  [ShutdownThread.java:51] [Thread-2]  Shutting down

IGV finished; elapsed time is:
0:03:35.212179

[Mon Jan 25 14:11:07 2021]
Error in rule igv_snapshot:
    jobid: 0
    output: output/IGV_Snapshots/merge/UMC1072.png
    shell:
        
          python /data/CGR_integration/hpv_igv/IGV-snapshot-automator-master/make_IGV_snapshots.py -mem 16000 -ht 100 -bin /data/CGR_integration/hpv_igv/IGV-snapshot-automator-master/bin/IGV_2.3.81/igv.jar -o output/IGV_Snapshots/UMC1072 /data/CGR_integration/hpv_igv/data/08282019_methylation/meth/bam/UMC1072.bam -r /data/CGR_integration/hpv_igv/data/08282019_methylation/meth/igv_bed/UMC1072.bed -g /data/CGR_integration/hpv_igv/ref/HPV_Ref_Alphas65_Pad400_hg19.fasta -s -suffix UMC1072 2> log/UMC1072_igv.err
          if ls output/IGV_Snapshots/UMC1072/*.png 1> /dev/null 2>&1; then 
          magick montage -label '%f' -pointsize 24 -geometry 1920x900+2+2 -title 'UMC1072' -tile 1x output/IGV_Snapshots/UMC1072/*.png output/IGV_Snapshots/merge/UMC1072.png 2> log/UMC1072_merge.err
          mkdir -p merge_true
          cp output/IGV_Snapshots/merge/UMC1072.png output//IGV_Snapshots/merge_true/UMC1072.png 2>log/UMC1072_cp.err
          else
          touch output/IGV_Snapshots/merge/UMC1072.png 
          fi
          
        (one of the commands exited with non-zero exit code; note that snakemake uses bash strict mode!)

Shutting down, this might take some time.
Exiting because a job execution failed. Look above for error message
