Building DAG of jobs...
Using shell: /usr/bin/bash
Provided cores: 4
Rules claiming more threads will be scaled down.
Job counts:
	count	jobs
	1	igv_snapshot
	1

[Mon Jan 25 14:32:06 2021]
rule igv_snapshot:
    input: /data/CGR_integration/hpv_igv/data/08282019_methylation/meth/bam/UMC1032.bam, /data/CGR_integration/hpv_igv/data/08282019_methylation/meth/igv_bed/UMC1032.bed
    output: output/IGV_Snapshots/merge/UMC1032.png
    jobid: 0
    wildcards: sample=UMC1032
    threads: 4


          python /data/CGR_integration/hpv_igv/IGV-snapshot-automator-master/make_IGV_snapshots.py -mem 16000 -ht 100 -bin /data/CGR_integration/hpv_igv/IGV-snapshot-automator-master/bin/IGV_2.3.81/igv.jar -o output/IGV_Snapshots/UMC1032 /data/CGR_integration/hpv_igv/data/08282019_methylation/meth/bam/UMC1032.bam -r /data/CGR_integration/hpv_igv/data/08282019_methylation/meth/igv_bed/UMC1032.bed -g /data/CGR_integration/hpv_igv/ref/HPV_Ref_Alphas65_Pad400_hg19.fasta -s -suffix UMC1032 2> log/UMC1032_igv.err
          mkdir -p output/IGV_Snapshots/merge
          if ls output/IGV_Snapshots/UMC1032/*.png 1> /dev/null 2>&1; then 
          magick montage -label '%f' -pointsize 24 -geometry 1920x900+2+2 -title 'UMC1032' -tile 1x output/IGV_Snapshots/UMC1032/*.png output/IGV_Snapshots/merge/UMC1032.png 2> log/UMC1032_merge.err
          mkdir -p output/IGV_Snapshots/merge_true
          cp output/IGV_Snapshots/merge/UMC1032.png output//IGV_Snapshots/merge_true/UMC1032.png 2>log/UMC1032_cp.err
          else
          touch output/IGV_Snapshots/merge/UMC1032.png 
          fi
          

~~~ IGV SNAPSHOT AUTOMATOR ~~~

Reference genome:
/data/CGR_integration/hpv_igv/ref/HPV_Ref_Alphas65_Pad400_hg19.fasta

Track height:
100

IGV binary file:
/data/CGR_integration/hpv_igv/IGV-snapshot-automator-master/bin/IGV_2.3.81/igv.jar

Output directory will be:
output/IGV_Snapshots/UMC1032

Batchscript file will be:
output/IGV_Snapshots/UMC1032/IGV_snapshots.bat

Region file:
/data/CGR_integration/hpv_igv/data/08282019_methylation/meth/igv_bed/UMC1032.bed

Input files to snapshot:

/data/CGR_integration/hpv_igv/data/08282019_methylation/meth/bam/UMC1032.bam

Making the output directory...

Writing IGV batch script to file:
output/IGV_Snapshots/UMC1032/IGV_snapshots.bat


Getting regions from BED file...

Read 30 regions

Open Xvfb port found on:
1


IGV command is:
xvfb-run -a --server-args='-screen 0 1920x1280x24'xrandr java -Xmx16000m -jar /data/CGR_integration/hpv_igv/IGV-snapshot-automator-master/bin/IGV_2.3.81/igv.jar -b output/IGV_Snapshots/UMC1032/IGV_snapshots.bat


Current time is:
2021-01-25 14:32:07.189194


Running the IGV command...
INFO [2021-01-25 14:32:11,350]  [DirectoryManager.java:169] [main]  IGV Directory: /home/daij/igv
INFO [2021-01-25 14:32:11,350] [DirectoryManager.java:169]  IGV Directory: /home/daij/igv
INFO [2021-01-25 14:32:11,356]  [Main.java:133] [main]  Startup  IGV Version 2.3.81 (127)08/30/2016 02:20 PM
INFO [2021-01-25 14:32:11,357]  [Main.java:134] [main]  Java 1.8.0_211
INFO [2021-01-25 14:32:11,357]  [DirectoryManager.java:72] [main]  Fetching user directory... 
INFO [2021-01-25 14:32:11,560]  [Main.java:135] [main]  Default User Directory: /home/daij
INFO [2021-01-25 14:32:11,560]  [Main.java:136] [main]  OS: Linux

(process:36188): dconf-CRITICAL **: unable to create directory '/run/user/37498/dconf': Permission denied.  dconf will not work properly.

(process:36188): dconf-CRITICAL **: unable to create directory '/run/user/37498/dconf': Permission denied.  dconf will not work properly.

(process:36188): dconf-CRITICAL **: unable to create directory '/run/user/37498/dconf': Permission denied.  dconf will not work properly.

(process:36188): dconf-CRITICAL **: unable to create directory '/run/user/37498/dconf': Permission denied.  dconf will not work properly.

(process:36188): dconf-CRITICAL **: unable to create directory '/run/user/37498/dconf': Permission denied.  dconf will not work properly.

(process:36188): dconf-CRITICAL **: unable to create directory '/run/user/37498/dconf': Permission denied.  dconf will not work properly.

(process:36188): dconf-CRITICAL **: unable to create directory '/run/user/37498/dconf': Permission denied.  dconf will not work properly.

(process:36188): dconf-CRITICAL **: unable to create directory '/run/user/37498/dconf': Permission denied.  dconf will not work properly.

(process:36188): dconf-CRITICAL **: unable to create directory '/run/user/37498/dconf': Permission denied.  dconf will not work properly.

(process:36188): dconf-CRITICAL **: unable to create directory '/run/user/37498/dconf': Permission denied.  dconf will not work properly.
INFO [2021-01-25 14:32:12,374]  [Main.java:184] [main]  A later version of IGV is available (2.7.22.7.2)
INFO [2021-01-25 14:32:27,792]  [GenomeManager.java:145] [main]  Loading genome: /data/CGR_integration/hpv_igv/ref/HPV_Ref_Alphas65_Pad400_hg19.fasta
INFO [2021-01-25 14:32:27,813]  [GenomeManager.java:192] [main]  Genome loaded.  id= /data/CGR_integration/hpv_igv/ref/HPV_Ref_Alphas65_Pad400_hg19.fasta
INFO [2021-01-25 14:32:28,004]  [CommandListener.java:106] [Thread-6]  Listening on port 60151
INFO [2021-01-25 14:32:28,008]  [BatchRunner.java:72] [pool-1-thread-1]  Executing Command: new

INFO [2021-01-25 14:32:30,785]  [CommandExecutor.java:235] [pool-1-thread-1]  OK
INFO [2021-01-25 14:32:30,785]  [BatchRunner.java:72] [pool-1-thread-1]  Executing Command: genome /data/CGR_integration/hpv_igv/ref/HPV_Ref_Alphas65_Pad400_hg19.fasta

INFO [2021-01-25 14:32:32,800]  [CommandExecutor.java:235] [pool-1-thread-1]  OK
INFO [2021-01-25 14:32:32,800]  [BatchRunner.java:72] [pool-1-thread-1]  Executing Command: snapshotDirectory output/IGV_Snapshots/UMC1032

INFO [2021-01-25 14:32:34,811]  [CommandExecutor.java:235] [pool-1-thread-1]  OK
INFO [2021-01-25 14:32:34,812]  [BatchRunner.java:72] [pool-1-thread-1]  Executing Command: load /data/CGR_integration/hpv_igv/data/08282019_methylation/meth/bam/UMC1032.bam

INFO [2021-01-25 14:32:34,814]  [IGV.java:1700] [pool-1-thread-1]  Loading 1 resources.
INFO [2021-01-25 14:32:34,815]  [TrackLoader.java:120] [pool-1-thread-1]  Loading resource, path /data/CGR_integration/hpv_igv/data/08282019_methylation/meth/bam/UMC1032.bam
INFO [2021-01-25 14:32:37,094]  [CommandExecutor.java:235] [pool-1-thread-1]  OK
INFO [2021-01-25 14:32:37,094]  [BatchRunner.java:72] [pool-1-thread-1]  Executing Command: maxPanelHeight 100

INFO [2021-01-25 14:32:37,102]  [BatchRunner.java:72] [pool-1-thread-1]  Executing Command: goto HPV35:7879-135937

INFO [2021-01-25 14:32:37,112]  [MessageUtils.java:74] [pool-1-thread-1]  Cannot find feature or locus: HPV35:7879-135937
INFO [2021-01-25 14:32:39,124]  [CommandExecutor.java:235] [pool-1-thread-1]  OK
INFO [2021-01-25 14:32:39,124]  [BatchRunner.java:72] [pool-1-thread-1]  Executing Command: group strand

INFO [2021-01-25 14:32:41,148]  [CommandExecutor.java:235] [pool-1-thread-1]  OK
INFO [2021-01-25 14:32:41,148]  [BatchRunner.java:72] [pool-1-thread-1]  Executing Command: snapshot HPV35_7879_135937_h100UMC1032.png

Snapshot: /gpfs/gsfs8/users/CGR_integration/hpv_igv/workflow/output/IGV_Snapshots/UMC1032/HPV35_7879_135937_h100UMC1032.png
INFO [2021-01-25 14:32:43,253]  [CommandExecutor.java:235] [pool-1-thread-1]  OK
INFO [2021-01-25 14:32:43,254]  [BatchRunner.java:72] [pool-1-thread-1]  Executing Command: goto HPV39:7833-115

INFO [2021-01-25 14:32:43,259]  [MessageUtils.java:74] [pool-1-thread-1]  Cannot find feature or locus: HPV39:7833-115
INFO [2021-01-25 14:32:45,269]  [CommandExecutor.java:235] [pool-1-thread-1]  OK
INFO [2021-01-25 14:32:45,269]  [BatchRunner.java:72] [pool-1-thread-1]  Executing Command: group strand

INFO [2021-01-25 14:32:47,288]  [CommandExecutor.java:235] [pool-1-thread-1]  OK
INFO [2021-01-25 14:32:47,289]  [BatchRunner.java:72] [pool-1-thread-1]  Executing Command: snapshot HPV39_7833_115_h100UMC1032.png

Snapshot: /gpfs/gsfs8/users/CGR_integration/hpv_igv/workflow/output/IGV_Snapshots/UMC1032/HPV39_7833_115_h100UMC1032.png
INFO [2021-01-25 14:32:49,354]  [CommandExecutor.java:235] [pool-1-thread-1]  OK
INFO [2021-01-25 14:32:49,354]  [BatchRunner.java:72] [pool-1-thread-1]  Executing Command: goto HPV51:7808-1177

INFO [2021-01-25 14:32:49,358]  [MessageUtils.java:74] [pool-1-thread-1]  Cannot find feature or locus: HPV51:7808-1177
INFO [2021-01-25 14:32:51,368]  [CommandExecutor.java:235] [pool-1-thread-1]  OK
INFO [2021-01-25 14:32:51,368]  [BatchRunner.java:72] [pool-1-thread-1]  Executing Command: group strand

INFO [2021-01-25 14:32:53,381]  [CommandExecutor.java:235] [pool-1-thread-1]  OK
INFO [2021-01-25 14:32:53,381]  [BatchRunner.java:72] [pool-1-thread-1]  Executing Command: snapshot HPV51_7808_1177_h100UMC1032.png

Snapshot: /gpfs/gsfs8/users/CGR_integration/hpv_igv/workflow/output/IGV_Snapshots/UMC1032/HPV51_7808_1177_h100UMC1032.png
INFO [2021-01-25 14:32:55,432]  [CommandExecutor.java:235] [pool-1-thread-1]  OK
INFO [2021-01-25 14:32:55,432]  [BatchRunner.java:72] [pool-1-thread-1]  Executing Command: goto HPV58:7824-129

INFO [2021-01-25 14:32:55,436]  [MessageUtils.java:74] [pool-1-thread-1]  Cannot find feature or locus: HPV58:7824-129
INFO [2021-01-25 14:32:57,443]  [CommandExecutor.java:235] [pool-1-thread-1]  OK
INFO [2021-01-25 14:32:57,443]  [BatchRunner.java:72] [pool-1-thread-1]  Executing Command: group strand

INFO [2021-01-25 14:32:59,454]  [CommandExecutor.java:235] [pool-1-thread-1]  OK
INFO [2021-01-25 14:32:59,455]  [BatchRunner.java:72] [pool-1-thread-1]  Executing Command: snapshot HPV58_7824_129_h100UMC1032.png

Snapshot: /gpfs/gsfs8/users/CGR_integration/hpv_igv/workflow/output/IGV_Snapshots/UMC1032/HPV58_7824_129_h100UMC1032.png
INFO [2021-01-25 14:33:01,507]  [CommandExecutor.java:235] [pool-1-thread-1]  OK
INFO [2021-01-25 14:33:01,507]  [BatchRunner.java:72] [pool-1-thread-1]  Executing Command: goto HPV59:7896-117

INFO [2021-01-25 14:33:01,511]  [MessageUtils.java:74] [pool-1-thread-1]  Cannot find feature or locus: HPV59:7896-117
INFO [2021-01-25 14:33:03,517]  [CommandExecutor.java:235] [pool-1-thread-1]  OK
INFO [2021-01-25 14:33:03,517]  [BatchRunner.java:72] [pool-1-thread-1]  Executing Command: group strand

INFO [2021-01-25 14:33:05,528]  [CommandExecutor.java:235] [pool-1-thread-1]  OK
INFO [2021-01-25 14:33:05,528]  [BatchRunner.java:72] [pool-1-thread-1]  Executing Command: snapshot HPV59_7896_117_h100UMC1032.png

Snapshot: /gpfs/gsfs8/users/CGR_integration/hpv_igv/workflow/output/IGV_Snapshots/UMC1032/HPV59_7896_117_h100UMC1032.png
INFO [2021-01-25 14:33:07,580]  [CommandExecutor.java:235] [pool-1-thread-1]  OK
INFO [2021-01-25 14:33:07,580]  [BatchRunner.java:72] [pool-1-thread-1]  Executing Command: goto Lambda_NEB:48502-195

INFO [2021-01-25 14:33:07,585]  [MessageUtils.java:74] [pool-1-thread-1]  Cannot find feature or locus: Lambda_NEB:48502-195
INFO [2021-01-25 14:33:09,591]  [CommandExecutor.java:235] [pool-1-thread-1]  OK
INFO [2021-01-25 14:33:09,592]  [BatchRunner.java:72] [pool-1-thread-1]  Executing Command: group strand

INFO [2021-01-25 14:33:11,598]  [CommandExecutor.java:235] [pool-1-thread-1]  OK
INFO [2021-01-25 14:33:11,598]  [BatchRunner.java:72] [pool-1-thread-1]  Executing Command: snapshot Lambda_NEB_48502_195_h100UMC1032.png

Snapshot: /gpfs/gsfs8/users/CGR_integration/hpv_igv/workflow/output/IGV_Snapshots/UMC1032/Lambda_NEB_48502_195_h100UMC1032.png
INFO [2021-01-25 14:33:13,655]  [CommandExecutor.java:235] [pool-1-thread-1]  OK
INFO [2021-01-25 14:33:13,656]  [BatchRunner.java:72] [pool-1-thread-1]  Executing Command: goto chr1:249250621-30828

INFO [2021-01-25 14:33:15,681]  [CommandExecutor.java:235] [pool-1-thread-1]  OK
INFO [2021-01-25 14:33:15,681]  [BatchRunner.java:72] [pool-1-thread-1]  Executing Command: group strand

INFO [2021-01-25 14:33:17,690]  [CommandExecutor.java:235] [pool-1-thread-1]  OK
INFO [2021-01-25 14:33:17,690]  [BatchRunner.java:72] [pool-1-thread-1]  Executing Command: snapshot chr1_249250621_30828_h100UMC1032.png

Snapshot: /gpfs/gsfs8/users/CGR_integration/hpv_igv/workflow/output/IGV_Snapshots/UMC1032/chr1_249250621_30828_h100UMC1032.png
INFO [2021-01-25 14:33:19,799]  [CommandExecutor.java:235] [pool-1-thread-1]  OK
INFO [2021-01-25 14:33:19,799]  [BatchRunner.java:72] [pool-1-thread-1]  Executing Command: goto chr2:243199373-88418

INFO [2021-01-25 14:33:21,810]  [CommandExecutor.java:235] [pool-1-thread-1]  OK
INFO [2021-01-25 14:33:21,810]  [BatchRunner.java:72] [pool-1-thread-1]  Executing Command: group strand

INFO [2021-01-25 14:33:23,819]  [CommandExecutor.java:235] [pool-1-thread-1]  OK
INFO [2021-01-25 14:33:23,820]  [BatchRunner.java:72] [pool-1-thread-1]  Executing Command: snapshot chr2_243199373_88418_h100UMC1032.png

Snapshot: /gpfs/gsfs8/users/CGR_integration/hpv_igv/workflow/output/IGV_Snapshots/UMC1032/chr2_243199373_88418_h100UMC1032.png
INFO [2021-01-25 14:33:25,869]  [CommandExecutor.java:235] [pool-1-thread-1]  OK
INFO [2021-01-25 14:33:25,870]  [BatchRunner.java:72] [pool-1-thread-1]  Executing Command: goto chr3:198022430-57201

INFO [2021-01-25 14:33:27,882]  [CommandExecutor.java:235] [pool-1-thread-1]  OK
INFO [2021-01-25 14:33:27,882]  [BatchRunner.java:72] [pool-1-thread-1]  Executing Command: group strand

INFO [2021-01-25 14:33:29,892]  [CommandExecutor.java:235] [pool-1-thread-1]  OK
INFO [2021-01-25 14:33:29,893]  [BatchRunner.java:72] [pool-1-thread-1]  Executing Command: snapshot chr3_198022430_57201_h100UMC1032.png

Snapshot: /gpfs/gsfs8/users/CGR_integration/hpv_igv/workflow/output/IGV_Snapshots/UMC1032/chr3_198022430_57201_h100UMC1032.png
INFO [2021-01-25 14:33:31,948]  [CommandExecutor.java:235] [pool-1-thread-1]  OK
INFO [2021-01-25 14:33:31,948]  [BatchRunner.java:72] [pool-1-thread-1]  Executing Command: goto chr4:191154276-37871

INFO [2021-01-25 14:33:33,960]  [CommandExecutor.java:235] [pool-1-thread-1]  OK
INFO [2021-01-25 14:33:33,961]  [BatchRunner.java:72] [pool-1-thread-1]  Executing Command: group strand

INFO [2021-01-25 14:33:35,972]  [CommandExecutor.java:235] [pool-1-thread-1]  OK
INFO [2021-01-25 14:33:35,973]  [BatchRunner.java:72] [pool-1-thread-1]  Executing Command: snapshot chr4_191154276_37871_h100UMC1032.png

Snapshot: /gpfs/gsfs8/users/CGR_integration/hpv_igv/workflow/output/IGV_Snapshots/UMC1032/chr4_191154276_37871_h100UMC1032.png
INFO [2021-01-25 14:33:38,023]  [CommandExecutor.java:235] [pool-1-thread-1]  OK
INFO [2021-01-25 14:33:38,023]  [BatchRunner.java:72] [pool-1-thread-1]  Executing Command: goto chr5:180915260-17632

INFO [2021-01-25 14:33:40,037]  [CommandExecutor.java:235] [pool-1-thread-1]  OK
INFO [2021-01-25 14:33:40,037]  [BatchRunner.java:72] [pool-1-thread-1]  Executing Command: group strand

INFO [2021-01-25 14:33:42,045]  [CommandExecutor.java:235] [pool-1-thread-1]  OK
INFO [2021-01-25 14:33:42,045]  [BatchRunner.java:72] [pool-1-thread-1]  Executing Command: snapshot chr5_180915260_17632_h100UMC1032.png

Snapshot: /gpfs/gsfs8/users/CGR_integration/hpv_igv/workflow/output/IGV_Snapshots/UMC1032/chr5_180915260_17632_h100UMC1032.png
INFO [2021-01-25 14:33:44,097]  [CommandExecutor.java:235] [pool-1-thread-1]  OK
INFO [2021-01-25 14:33:44,097]  [BatchRunner.java:72] [pool-1-thread-1]  Executing Command: goto chr6:171115067-32285

INFO [2021-01-25 14:33:46,105]  [CommandExecutor.java:235] [pool-1-thread-1]  OK
INFO [2021-01-25 14:33:46,105]  [BatchRunner.java:72] [pool-1-thread-1]  Executing Command: group strand

INFO [2021-01-25 14:33:48,116]  [CommandExecutor.java:235] [pool-1-thread-1]  OK
INFO [2021-01-25 14:33:48,116]  [BatchRunner.java:72] [pool-1-thread-1]  Executing Command: snapshot chr6_171115067_32285_h100UMC1032.png

Snapshot: /gpfs/gsfs8/users/CGR_integration/hpv_igv/workflow/output/IGV_Snapshots/UMC1032/chr6_171115067_32285_h100UMC1032.png
INFO [2021-01-25 14:33:50,167]  [CommandExecutor.java:235] [pool-1-thread-1]  OK
INFO [2021-01-25 14:33:50,167]  [BatchRunner.java:72] [pool-1-thread-1]  Executing Command: goto chr7:159138663-20299

INFO [2021-01-25 14:33:52,176]  [CommandExecutor.java:235] [pool-1-thread-1]  OK
INFO [2021-01-25 14:33:52,176]  [BatchRunner.java:72] [pool-1-thread-1]  Executing Command: group strand

INFO [2021-01-25 14:33:54,181]  [CommandExecutor.java:235] [pool-1-thread-1]  OK
INFO [2021-01-25 14:33:54,182]  [BatchRunner.java:72] [pool-1-thread-1]  Executing Command: snapshot chr7_159138663_20299_h100UMC1032.png

Snapshot: /gpfs/gsfs8/users/CGR_integration/hpv_igv/workflow/output/IGV_Snapshots/UMC1032/chr7_159138663_20299_h100UMC1032.png
INFO [2021-01-25 14:33:56,232]  [CommandExecutor.java:235] [pool-1-thread-1]  OK
INFO [2021-01-25 14:33:56,232]  [BatchRunner.java:72] [pool-1-thread-1]  Executing Command: goto chr8:146364022-18886

INFO [2021-01-25 14:33:58,239]  [CommandExecutor.java:235] [pool-1-thread-1]  OK
INFO [2021-01-25 14:33:58,240]  [BatchRunner.java:72] [pool-1-thread-1]  Executing Command: group strand

INFO [2021-01-25 14:34:00,249]  [CommandExecutor.java:235] [pool-1-thread-1]  OK
INFO [2021-01-25 14:34:00,250]  [BatchRunner.java:72] [pool-1-thread-1]  Executing Command: snapshot chr8_146364022_18886_h100UMC1032.png

Snapshot: /gpfs/gsfs8/users/CGR_integration/hpv_igv/workflow/output/IGV_Snapshots/UMC1032/chr8_146364022_18886_h100UMC1032.png
INFO [2021-01-25 14:34:02,299]  [CommandExecutor.java:235] [pool-1-thread-1]  OK
INFO [2021-01-25 14:34:02,300]  [BatchRunner.java:72] [pool-1-thread-1]  Executing Command: goto chr9:141213431-8372

INFO [2021-01-25 14:34:04,311]  [CommandExecutor.java:235] [pool-1-thread-1]  OK
INFO [2021-01-25 14:34:04,312]  [BatchRunner.java:72] [pool-1-thread-1]  Executing Command: group strand

INFO [2021-01-25 14:34:06,318]  [CommandExecutor.java:235] [pool-1-thread-1]  OK
INFO [2021-01-25 14:34:06,318]  [BatchRunner.java:72] [pool-1-thread-1]  Executing Command: snapshot chr9_141213431_8372_h100UMC1032.png

Snapshot: /gpfs/gsfs8/users/CGR_integration/hpv_igv/workflow/output/IGV_Snapshots/UMC1032/chr9_141213431_8372_h100UMC1032.png
INFO [2021-01-25 14:34:08,366]  [CommandExecutor.java:235] [pool-1-thread-1]  OK
INFO [2021-01-25 14:34:08,367]  [BatchRunner.java:72] [pool-1-thread-1]  Executing Command: goto chr10:135534747-19086

INFO [2021-01-25 14:34:10,377]  [CommandExecutor.java:235] [pool-1-thread-1]  OK
INFO [2021-01-25 14:34:10,378]  [BatchRunner.java:72] [pool-1-thread-1]  Executing Command: group strand

INFO [2021-01-25 14:34:12,384]  [CommandExecutor.java:235] [pool-1-thread-1]  OK
INFO [2021-01-25 14:34:12,384]  [BatchRunner.java:72] [pool-1-thread-1]  Executing Command: snapshot chr10_135534747_19086_h100UMC1032.png

Snapshot: /gpfs/gsfs8/users/CGR_integration/hpv_igv/workflow/output/IGV_Snapshots/UMC1032/chr10_135534747_19086_h100UMC1032.png
INFO [2021-01-25 14:34:14,435]  [CommandExecutor.java:235] [pool-1-thread-1]  OK
INFO [2021-01-25 14:34:14,436]  [BatchRunner.java:72] [pool-1-thread-1]  Executing Command: goto chr11:135006516-60667

INFO [2021-01-25 14:34:16,445]  [CommandExecutor.java:235] [pool-1-thread-1]  OK
INFO [2021-01-25 14:34:16,445]  [BatchRunner.java:72] [pool-1-thread-1]  Executing Command: group strand

INFO [2021-01-25 14:34:18,452]  [CommandExecutor.java:235] [pool-1-thread-1]  OK
INFO [2021-01-25 14:34:18,452]  [BatchRunner.java:72] [pool-1-thread-1]  Executing Command: snapshot chr11_135006516_60667_h100UMC1032.png

Snapshot: /gpfs/gsfs8/users/CGR_integration/hpv_igv/workflow/output/IGV_Snapshots/UMC1032/chr11_135006516_60667_h100UMC1032.png
INFO [2021-01-25 14:34:20,502]  [CommandExecutor.java:235] [pool-1-thread-1]  OK
INFO [2021-01-25 14:34:20,503]  [BatchRunner.java:72] [pool-1-thread-1]  Executing Command: goto chr12:133851895-61063

INFO [2021-01-25 14:34:22,510]  [CommandExecutor.java:235] [pool-1-thread-1]  OK
INFO [2021-01-25 14:34:22,510]  [BatchRunner.java:72] [pool-1-thread-1]  Executing Command: group strand

INFO [2021-01-25 14:34:24,520]  [CommandExecutor.java:235] [pool-1-thread-1]  OK
INFO [2021-01-25 14:34:24,520]  [BatchRunner.java:72] [pool-1-thread-1]  Executing Command: snapshot chr12_133851895_61063_h100UMC1032.png

Snapshot: /gpfs/gsfs8/users/CGR_integration/hpv_igv/workflow/output/IGV_Snapshots/UMC1032/chr12_133851895_61063_h100UMC1032.png
INFO [2021-01-25 14:34:26,567]  [CommandExecutor.java:235] [pool-1-thread-1]  OK
INFO [2021-01-25 14:34:26,568]  [BatchRunner.java:72] [pool-1-thread-1]  Executing Command: goto chr13:115169878-19976

INFO [2021-01-25 14:34:28,575]  [CommandExecutor.java:235] [pool-1-thread-1]  OK
INFO [2021-01-25 14:34:28,575]  [BatchRunner.java:72] [pool-1-thread-1]  Executing Command: group strand

INFO [2021-01-25 14:34:30,582]  [CommandExecutor.java:235] [pool-1-thread-1]  OK
INFO [2021-01-25 14:34:30,582]  [BatchRunner.java:72] [pool-1-thread-1]  Executing Command: snapshot chr13_115169878_19976_h100UMC1032.png

Snapshot: /gpfs/gsfs8/users/CGR_integration/hpv_igv/workflow/output/IGV_Snapshots/UMC1032/chr13_115169878_19976_h100UMC1032.png
INFO [2021-01-25 14:34:32,634]  [CommandExecutor.java:235] [pool-1-thread-1]  OK
INFO [2021-01-25 14:34:32,634]  [BatchRunner.java:72] [pool-1-thread-1]  Executing Command: goto chr14:107349540-13387

INFO [2021-01-25 14:34:34,641]  [CommandExecutor.java:235] [pool-1-thread-1]  OK
INFO [2021-01-25 14:34:34,641]  [BatchRunner.java:72] [pool-1-thread-1]  Executing Command: group strand

INFO [2021-01-25 14:34:36,649]  [CommandExecutor.java:235] [pool-1-thread-1]  OK
INFO [2021-01-25 14:34:36,650]  [BatchRunner.java:72] [pool-1-thread-1]  Executing Command: snapshot chr14_107349540_13387_h100UMC1032.png

Snapshot: /gpfs/gsfs8/users/CGR_integration/hpv_igv/workflow/output/IGV_Snapshots/UMC1032/chr14_107349540_13387_h100UMC1032.png
INFO [2021-01-25 14:34:38,699]  [CommandExecutor.java:235] [pool-1-thread-1]  OK
INFO [2021-01-25 14:34:38,699]  [BatchRunner.java:72] [pool-1-thread-1]  Executing Command: goto chr15:102531392-13078

INFO [2021-01-25 14:34:40,710]  [CommandExecutor.java:235] [pool-1-thread-1]  OK
INFO [2021-01-25 14:34:40,711]  [BatchRunner.java:72] [pool-1-thread-1]  Executing Command: group strand

INFO [2021-01-25 14:34:42,719]  [CommandExecutor.java:235] [pool-1-thread-1]  OK
INFO [2021-01-25 14:34:42,719]  [BatchRunner.java:72] [pool-1-thread-1]  Executing Command: snapshot chr15_102531392_13078_h100UMC1032.png

Snapshot: /gpfs/gsfs8/users/CGR_integration/hpv_igv/workflow/output/IGV_Snapshots/UMC1032/chr15_102531392_13078_h100UMC1032.png
INFO [2021-01-25 14:34:44,765]  [CommandExecutor.java:235] [pool-1-thread-1]  OK
INFO [2021-01-25 14:34:44,765]  [BatchRunner.java:72] [pool-1-thread-1]  Executing Command: goto chr16:90354753-17325

INFO [2021-01-25 14:34:46,773]  [CommandExecutor.java:235] [pool-1-thread-1]  OK
INFO [2021-01-25 14:34:46,774]  [BatchRunner.java:72] [pool-1-thread-1]  Executing Command: group strand

INFO [2021-01-25 14:34:48,781]  [CommandExecutor.java:235] [pool-1-thread-1]  OK
INFO [2021-01-25 14:34:48,781]  [BatchRunner.java:72] [pool-1-thread-1]  Executing Command: snapshot chr16_90354753_17325_h100UMC1032.png

Snapshot: /gpfs/gsfs8/users/CGR_integration/hpv_igv/workflow/output/IGV_Snapshots/UMC1032/chr16_90354753_17325_h100UMC1032.png
INFO [2021-01-25 14:34:50,830]  [CommandExecutor.java:235] [pool-1-thread-1]  OK
INFO [2021-01-25 14:34:50,830]  [BatchRunner.java:72] [pool-1-thread-1]  Executing Command: goto chr17:81195210-3556

INFO [2021-01-25 14:34:52,836]  [CommandExecutor.java:235] [pool-1-thread-1]  OK
INFO [2021-01-25 14:34:52,836]  [BatchRunner.java:72] [pool-1-thread-1]  Executing Command: group strand

INFO [2021-01-25 14:34:54,842]  [CommandExecutor.java:235] [pool-1-thread-1]  OK
INFO [2021-01-25 14:34:54,843]  [BatchRunner.java:72] [pool-1-thread-1]  Executing Command: snapshot chr17_81195210_3556_h100UMC1032.png

Snapshot: /gpfs/gsfs8/users/CGR_integration/hpv_igv/workflow/output/IGV_Snapshots/UMC1032/chr17_81195210_3556_h100UMC1032.png
INFO [2021-01-25 14:34:56,892]  [CommandExecutor.java:235] [pool-1-thread-1]  OK
INFO [2021-01-25 14:34:56,892]  [BatchRunner.java:72] [pool-1-thread-1]  Executing Command: goto chr18:78077248-5825

INFO [2021-01-25 14:34:58,901]  [CommandExecutor.java:235] [pool-1-thread-1]  OK
INFO [2021-01-25 14:34:58,901]  [BatchRunner.java:72] [pool-1-thread-1]  Executing Command: group strand

INFO [2021-01-25 14:35:00,907]  [CommandExecutor.java:235] [pool-1-thread-1]  OK
INFO [2021-01-25 14:35:00,907]  [BatchRunner.java:72] [pool-1-thread-1]  Executing Command: snapshot chr18_78077248_5825_h100UMC1032.png

Snapshot: /gpfs/gsfs8/users/CGR_integration/hpv_igv/workflow/output/IGV_Snapshots/UMC1032/chr18_78077248_5825_h100UMC1032.png
INFO [2021-01-25 14:35:02,953]  [CommandExecutor.java:235] [pool-1-thread-1]  OK
INFO [2021-01-25 14:35:02,954]  [BatchRunner.java:72] [pool-1-thread-1]  Executing Command: goto chr19:59128983-53032

INFO [2021-01-25 14:35:04,958]  [CommandExecutor.java:235] [pool-1-thread-1]  OK
INFO [2021-01-25 14:35:04,958]  [BatchRunner.java:72] [pool-1-thread-1]  Executing Command: group strand

INFO [2021-01-25 14:35:06,964]  [CommandExecutor.java:235] [pool-1-thread-1]  OK
INFO [2021-01-25 14:35:06,964]  [BatchRunner.java:72] [pool-1-thread-1]  Executing Command: snapshot chr19_59128983_53032_h100UMC1032.png

Snapshot: /gpfs/gsfs8/users/CGR_integration/hpv_igv/workflow/output/IGV_Snapshots/UMC1032/chr19_59128983_53032_h100UMC1032.png
INFO [2021-01-25 14:35:09,018]  [CommandExecutor.java:235] [pool-1-thread-1]  OK
INFO [2021-01-25 14:35:09,018]  [BatchRunner.java:72] [pool-1-thread-1]  Executing Command: goto chr20:63025520-11427

INFO [2021-01-25 14:35:11,025]  [CommandExecutor.java:235] [pool-1-thread-1]  OK
INFO [2021-01-25 14:35:11,025]  [BatchRunner.java:72] [pool-1-thread-1]  Executing Command: group strand

INFO [2021-01-25 14:35:13,029]  [CommandExecutor.java:235] [pool-1-thread-1]  OK
INFO [2021-01-25 14:35:13,029]  [BatchRunner.java:72] [pool-1-thread-1]  Executing Command: snapshot chr20_63025520_11427_h100UMC1032.png

Snapshot: /gpfs/gsfs8/users/CGR_integration/hpv_igv/workflow/output/IGV_Snapshots/UMC1032/chr20_63025520_11427_h100UMC1032.png
INFO [2021-01-25 14:35:15,080]  [CommandExecutor.java:235] [pool-1-thread-1]  OK
INFO [2021-01-25 14:35:15,080]  [BatchRunner.java:72] [pool-1-thread-1]  Executing Command: goto chr21:48129895-17947

INFO [2021-01-25 14:35:17,087]  [CommandExecutor.java:235] [pool-1-thread-1]  OK
INFO [2021-01-25 14:35:17,087]  [BatchRunner.java:72] [pool-1-thread-1]  Executing Command: group strand

INFO [2021-01-25 14:35:19,092]  [CommandExecutor.java:235] [pool-1-thread-1]  OK
INFO [2021-01-25 14:35:19,092]  [BatchRunner.java:72] [pool-1-thread-1]  Executing Command: snapshot chr21_48129895_17947_h100UMC1032.png

Snapshot: /gpfs/gsfs8/users/CGR_integration/hpv_igv/workflow/output/IGV_Snapshots/UMC1032/chr21_48129895_17947_h100UMC1032.png
INFO [2021-01-25 14:35:21,137]  [CommandExecutor.java:235] [pool-1-thread-1]  OK
INFO [2021-01-25 14:35:21,138]  [BatchRunner.java:72] [pool-1-thread-1]  Executing Command: goto chr22:51304566-385

INFO [2021-01-25 14:35:23,144]  [CommandExecutor.java:235] [pool-1-thread-1]  OK
INFO [2021-01-25 14:35:23,144]  [BatchRunner.java:72] [pool-1-thread-1]  Executing Command: group strand

INFO [2021-01-25 14:35:25,155]  [CommandExecutor.java:235] [pool-1-thread-1]  OK
INFO [2021-01-25 14:35:25,155]  [BatchRunner.java:72] [pool-1-thread-1]  Executing Command: snapshot chr22_51304566_385_h100UMC1032.png

Snapshot: /gpfs/gsfs8/users/CGR_integration/hpv_igv/workflow/output/IGV_Snapshots/UMC1032/chr22_51304566_385_h100UMC1032.png
INFO [2021-01-25 14:35:27,202]  [CommandExecutor.java:235] [pool-1-thread-1]  OK
INFO [2021-01-25 14:35:27,203]  [BatchRunner.java:72] [pool-1-thread-1]  Executing Command: goto chrX:155270560-69972

INFO [2021-01-25 14:35:29,221]  [CommandExecutor.java:235] [pool-1-thread-1]  OK
INFO [2021-01-25 14:35:29,221]  [BatchRunner.java:72] [pool-1-thread-1]  Executing Command: group strand

INFO [2021-01-25 14:35:31,226]  [CommandExecutor.java:235] [pool-1-thread-1]  OK
INFO [2021-01-25 14:35:31,227]  [BatchRunner.java:72] [pool-1-thread-1]  Executing Command: snapshot chrX_155270560_69972_h100UMC1032.png

Snapshot: /gpfs/gsfs8/users/CGR_integration/hpv_igv/workflow/output/IGV_Snapshots/UMC1032/chrX_155270560_69972_h100UMC1032.png
INFO [2021-01-25 14:35:33,279]  [CommandExecutor.java:235] [pool-1-thread-1]  OK
INFO [2021-01-25 14:35:33,279]  [BatchRunner.java:72] [pool-1-thread-1]  Executing Command: goto chrY:59373566-523

INFO [2021-01-25 14:35:35,285]  [CommandExecutor.java:235] [pool-1-thread-1]  OK
INFO [2021-01-25 14:35:35,286]  [BatchRunner.java:72] [pool-1-thread-1]  Executing Command: group strand

INFO [2021-01-25 14:35:37,292]  [CommandExecutor.java:235] [pool-1-thread-1]  OK
INFO [2021-01-25 14:35:37,292]  [BatchRunner.java:72] [pool-1-thread-1]  Executing Command: snapshot chrY_59373566_523_h100UMC1032.png

Snapshot: /gpfs/gsfs8/users/CGR_integration/hpv_igv/workflow/output/IGV_Snapshots/UMC1032/chrY_59373566_523_h100UMC1032.png
INFO [2021-01-25 14:35:39,340]  [CommandExecutor.java:235] [pool-1-thread-1]  OK
INFO [2021-01-25 14:35:39,340]  [BatchRunner.java:72] [pool-1-thread-1]  Executing Command: exit

INFO [2021-01-25 14:35:39,342]  [ShutdownThread.java:51] [Thread-2]  Shutting down

IGV finished; elapsed time is:
0:03:32.644789

[Mon Jan 25 14:35:54 2021]
Finished job 0.
1 of 1 steps (100%) done
