Building DAG of jobs...
Using shell: /usr/bin/bash
Provided cores: 4
Rules claiming more threads will be scaled down.
Job counts:
	count	jobs
	1	igv_snapshot
	1

[Mon Jan 25 14:32:06 2021]
rule igv_snapshot:
    input: /data/CGR_integration/hpv_igv/data/08282019_methylation/meth/bam/UMC1076.bam, /data/CGR_integration/hpv_igv/data/08282019_methylation/meth/igv_bed/UMC1076.bed
    output: output/IGV_Snapshots/merge/UMC1076.png
    jobid: 0
    wildcards: sample=UMC1076
    threads: 4


          python /data/CGR_integration/hpv_igv/IGV-snapshot-automator-master/make_IGV_snapshots.py -mem 16000 -ht 100 -bin /data/CGR_integration/hpv_igv/IGV-snapshot-automator-master/bin/IGV_2.3.81/igv.jar -o output/IGV_Snapshots/UMC1076 /data/CGR_integration/hpv_igv/data/08282019_methylation/meth/bam/UMC1076.bam -r /data/CGR_integration/hpv_igv/data/08282019_methylation/meth/igv_bed/UMC1076.bed -g /data/CGR_integration/hpv_igv/ref/HPV_Ref_Alphas65_Pad400_hg19.fasta -s -suffix UMC1076 2> log/UMC1076_igv.err
          mkdir -p output/IGV_Snapshots/merge
          if ls output/IGV_Snapshots/UMC1076/*.png 1> /dev/null 2>&1; then 
          magick montage -label '%f' -pointsize 24 -geometry 1920x900+2+2 -title 'UMC1076' -tile 1x output/IGV_Snapshots/UMC1076/*.png output/IGV_Snapshots/merge/UMC1076.png 2> log/UMC1076_merge.err
          mkdir -p output/IGV_Snapshots/merge_true
          cp output/IGV_Snapshots/merge/UMC1076.png output//IGV_Snapshots/merge_true/UMC1076.png 2>log/UMC1076_cp.err
          else
          touch output/IGV_Snapshots/merge/UMC1076.png 
          fi
          

~~~ IGV SNAPSHOT AUTOMATOR ~~~

Reference genome:
/data/CGR_integration/hpv_igv/ref/HPV_Ref_Alphas65_Pad400_hg19.fasta

Track height:
100

IGV binary file:
/data/CGR_integration/hpv_igv/IGV-snapshot-automator-master/bin/IGV_2.3.81/igv.jar

Output directory will be:
output/IGV_Snapshots/UMC1076

Batchscript file will be:
output/IGV_Snapshots/UMC1076/IGV_snapshots.bat

Region file:
/data/CGR_integration/hpv_igv/data/08282019_methylation/meth/igv_bed/UMC1076.bed

Input files to snapshot:

/data/CGR_integration/hpv_igv/data/08282019_methylation/meth/bam/UMC1076.bam

Making the output directory...

Writing IGV batch script to file:
output/IGV_Snapshots/UMC1076/IGV_snapshots.bat


Getting regions from BED file...

Read 37 regions

Open Xvfb port found on:
1


IGV command is:
xvfb-run -a --server-args='-screen 0 1920x1280x24'xrandr java -Xmx16000m -jar /data/CGR_integration/hpv_igv/IGV-snapshot-automator-master/bin/IGV_2.3.81/igv.jar -b output/IGV_Snapshots/UMC1076/IGV_snapshots.bat


Current time is:
2021-01-25 14:32:06.819208


Running the IGV command...
INFO [2021-01-25 14:32:11,254]  [DirectoryManager.java:169] [main]  IGV Directory: /home/daij/igv
INFO [2021-01-25 14:32:11,254] [DirectoryManager.java:169]  IGV Directory: /home/daij/igv
INFO [2021-01-25 14:32:11,261]  [Main.java:133] [main]  Startup  IGV Version 2.3.81 (127)08/30/2016 02:20 PM
INFO [2021-01-25 14:32:11,262]  [Main.java:134] [main]  Java 1.8.0_211
INFO [2021-01-25 14:32:11,262]  [DirectoryManager.java:72] [main]  Fetching user directory... 
INFO [2021-01-25 14:32:11,820]  [Main.java:135] [main]  Default User Directory: /home/daij
INFO [2021-01-25 14:32:11,820]  [Main.java:136] [main]  OS: Linux

(process:50722): dconf-CRITICAL **: unable to create directory '/run/user/37498/dconf': Permission denied.  dconf will not work properly.

(process:50722): dconf-CRITICAL **: unable to create directory '/run/user/37498/dconf': Permission denied.  dconf will not work properly.

(process:50722): dconf-CRITICAL **: unable to create directory '/run/user/37498/dconf': Permission denied.  dconf will not work properly.

(process:50722): dconf-CRITICAL **: unable to create directory '/run/user/37498/dconf': Permission denied.  dconf will not work properly.

(process:50722): dconf-CRITICAL **: unable to create directory '/run/user/37498/dconf': Permission denied.  dconf will not work properly.

(process:50722): dconf-CRITICAL **: unable to create directory '/run/user/37498/dconf': Permission denied.  dconf will not work properly.

(process:50722): dconf-CRITICAL **: unable to create directory '/run/user/37498/dconf': Permission denied.  dconf will not work properly.

(process:50722): dconf-CRITICAL **: unable to create directory '/run/user/37498/dconf': Permission denied.  dconf will not work properly.

(process:50722): dconf-CRITICAL **: unable to create directory '/run/user/37498/dconf': Permission denied.  dconf will not work properly.

(process:50722): dconf-CRITICAL **: unable to create directory '/run/user/37498/dconf': Permission denied.  dconf will not work properly.
INFO [2021-01-25 14:32:12,612]  [Main.java:184] [main]  A later version of IGV is available (2.7.22.7.2)
INFO [2021-01-25 14:32:29,642]  [GenomeManager.java:145] [main]  Loading genome: /data/CGR_integration/hpv_igv/ref/HPV_Ref_Alphas65_Pad400_hg19.fasta
INFO [2021-01-25 14:32:29,665]  [GenomeManager.java:192] [main]  Genome loaded.  id= /data/CGR_integration/hpv_igv/ref/HPV_Ref_Alphas65_Pad400_hg19.fasta
INFO [2021-01-25 14:32:29,847]  [BatchRunner.java:72] [pool-1-thread-1]  Executing Command: new

INFO [2021-01-25 14:32:30,050]  [CommandListener.java:106] [Thread-6]  Listening on port 60151
INFO [2021-01-25 14:32:32,706]  [CommandExecutor.java:235] [pool-1-thread-1]  OK
INFO [2021-01-25 14:32:32,707]  [BatchRunner.java:72] [pool-1-thread-1]  Executing Command: genome /data/CGR_integration/hpv_igv/ref/HPV_Ref_Alphas65_Pad400_hg19.fasta

INFO [2021-01-25 14:32:34,710]  [CommandExecutor.java:235] [pool-1-thread-1]  OK
INFO [2021-01-25 14:32:34,710]  [BatchRunner.java:72] [pool-1-thread-1]  Executing Command: snapshotDirectory output/IGV_Snapshots/UMC1076

INFO [2021-01-25 14:32:36,722]  [CommandExecutor.java:235] [pool-1-thread-1]  OK
INFO [2021-01-25 14:32:36,723]  [BatchRunner.java:72] [pool-1-thread-1]  Executing Command: load /data/CGR_integration/hpv_igv/data/08282019_methylation/meth/bam/UMC1076.bam

INFO [2021-01-25 14:32:36,728]  [IGV.java:1700] [pool-1-thread-1]  Loading 1 resources.
INFO [2021-01-25 14:32:36,729]  [TrackLoader.java:120] [pool-1-thread-1]  Loading resource, path /data/CGR_integration/hpv_igv/data/08282019_methylation/meth/bam/UMC1076.bam
INFO [2021-01-25 14:32:39,025]  [CommandExecutor.java:235] [pool-1-thread-1]  OK
INFO [2021-01-25 14:32:39,026]  [BatchRunner.java:72] [pool-1-thread-1]  Executing Command: maxPanelHeight 100

INFO [2021-01-25 14:32:39,034]  [BatchRunner.java:72] [pool-1-thread-1]  Executing Command: goto HPV16:7906-333

INFO [2021-01-25 14:32:39,045]  [MessageUtils.java:74] [pool-1-thread-1]  Cannot find feature or locus: HPV16:7906-333
INFO [2021-01-25 14:32:41,060]  [CommandExecutor.java:235] [pool-1-thread-1]  OK
INFO [2021-01-25 14:32:41,061]  [BatchRunner.java:72] [pool-1-thread-1]  Executing Command: group strand

INFO [2021-01-25 14:32:43,081]  [CommandExecutor.java:235] [pool-1-thread-1]  OK
INFO [2021-01-25 14:32:43,082]  [BatchRunner.java:72] [pool-1-thread-1]  Executing Command: snapshot HPV16_7906_333_h100UMC1076.png

Snapshot: /gpfs/gsfs8/users/CGR_integration/hpv_igv/workflow/output/IGV_Snapshots/UMC1076/HPV16_7906_333_h100UMC1076.png
INFO [2021-01-25 14:32:45,193]  [CommandExecutor.java:235] [pool-1-thread-1]  OK
INFO [2021-01-25 14:32:45,193]  [BatchRunner.java:72] [pool-1-thread-1]  Executing Command: goto HPV31:7912-170

INFO [2021-01-25 14:32:45,199]  [MessageUtils.java:74] [pool-1-thread-1]  Cannot find feature or locus: HPV31:7912-170
INFO [2021-01-25 14:32:47,209]  [CommandExecutor.java:235] [pool-1-thread-1]  OK
INFO [2021-01-25 14:32:47,209]  [BatchRunner.java:72] [pool-1-thread-1]  Executing Command: group strand

INFO [2021-01-25 14:32:49,233]  [CommandExecutor.java:235] [pool-1-thread-1]  OK
INFO [2021-01-25 14:32:49,234]  [BatchRunner.java:72] [pool-1-thread-1]  Executing Command: snapshot HPV31_7912_170_h100UMC1076.png

Snapshot: /gpfs/gsfs8/users/CGR_integration/hpv_igv/workflow/output/IGV_Snapshots/UMC1076/HPV31_7912_170_h100UMC1076.png
INFO [2021-01-25 14:32:51,303]  [CommandExecutor.java:235] [pool-1-thread-1]  OK
INFO [2021-01-25 14:32:51,303]  [BatchRunner.java:72] [pool-1-thread-1]  Executing Command: goto HPV33:7909-112

INFO [2021-01-25 14:32:51,308]  [MessageUtils.java:74] [pool-1-thread-1]  Cannot find feature or locus: HPV33:7909-112
INFO [2021-01-25 14:32:53,319]  [CommandExecutor.java:235] [pool-1-thread-1]  OK
INFO [2021-01-25 14:32:53,320]  [BatchRunner.java:72] [pool-1-thread-1]  Executing Command: group strand

INFO [2021-01-25 14:32:55,327]  [CommandExecutor.java:235] [pool-1-thread-1]  OK
INFO [2021-01-25 14:32:55,328]  [BatchRunner.java:72] [pool-1-thread-1]  Executing Command: snapshot HPV33_7909_112_h100UMC1076.png

Snapshot: /gpfs/gsfs8/users/CGR_integration/hpv_igv/workflow/output/IGV_Snapshots/UMC1076/HPV33_7909_112_h100UMC1076.png
INFO [2021-01-25 14:32:57,389]  [CommandExecutor.java:235] [pool-1-thread-1]  OK
INFO [2021-01-25 14:32:57,389]  [BatchRunner.java:72] [pool-1-thread-1]  Executing Command: goto HPV35:7879-9092

INFO [2021-01-25 14:32:57,393]  [MessageUtils.java:74] [pool-1-thread-1]  Cannot find feature or locus: HPV35:7879-9092
INFO [2021-01-25 14:32:59,401]  [CommandExecutor.java:235] [pool-1-thread-1]  OK
INFO [2021-01-25 14:32:59,401]  [BatchRunner.java:72] [pool-1-thread-1]  Executing Command: group strand

INFO [2021-01-25 14:33:01,414]  [CommandExecutor.java:235] [pool-1-thread-1]  OK
INFO [2021-01-25 14:33:01,415]  [BatchRunner.java:72] [pool-1-thread-1]  Executing Command: snapshot HPV35_7879_9092_h100UMC1076.png

Snapshot: /gpfs/gsfs8/users/CGR_integration/hpv_igv/workflow/output/IGV_Snapshots/UMC1076/HPV35_7879_9092_h100UMC1076.png
INFO [2021-01-25 14:33:03,468]  [CommandExecutor.java:235] [pool-1-thread-1]  OK
INFO [2021-01-25 14:33:03,468]  [BatchRunner.java:72] [pool-1-thread-1]  Executing Command: goto HPV39:7833-33280

INFO [2021-01-25 14:33:03,472]  [MessageUtils.java:74] [pool-1-thread-1]  Cannot find feature or locus: HPV39:7833-33280
INFO [2021-01-25 14:33:05,480]  [CommandExecutor.java:235] [pool-1-thread-1]  OK
INFO [2021-01-25 14:33:05,481]  [BatchRunner.java:72] [pool-1-thread-1]  Executing Command: group strand

INFO [2021-01-25 14:33:07,493]  [CommandExecutor.java:235] [pool-1-thread-1]  OK
INFO [2021-01-25 14:33:07,494]  [BatchRunner.java:72] [pool-1-thread-1]  Executing Command: snapshot HPV39_7833_33280_h100UMC1076.png

Snapshot: /gpfs/gsfs8/users/CGR_integration/hpv_igv/workflow/output/IGV_Snapshots/UMC1076/HPV39_7833_33280_h100UMC1076.png
INFO [2021-01-25 14:33:09,552]  [CommandExecutor.java:235] [pool-1-thread-1]  OK
INFO [2021-01-25 14:33:09,553]  [BatchRunner.java:72] [pool-1-thread-1]  Executing Command: goto HPV45:7858-132

INFO [2021-01-25 14:33:09,557]  [MessageUtils.java:74] [pool-1-thread-1]  Cannot find feature or locus: HPV45:7858-132
INFO [2021-01-25 14:33:11,566]  [CommandExecutor.java:235] [pool-1-thread-1]  OK
INFO [2021-01-25 14:33:11,566]  [BatchRunner.java:72] [pool-1-thread-1]  Executing Command: group strand

INFO [2021-01-25 14:33:13,575]  [CommandExecutor.java:235] [pool-1-thread-1]  OK
INFO [2021-01-25 14:33:13,576]  [BatchRunner.java:72] [pool-1-thread-1]  Executing Command: snapshot HPV45_7858_132_h100UMC1076.png

Snapshot: /gpfs/gsfs8/users/CGR_integration/hpv_igv/workflow/output/IGV_Snapshots/UMC1076/HPV45_7858_132_h100UMC1076.png
INFO [2021-01-25 14:33:15,628]  [CommandExecutor.java:235] [pool-1-thread-1]  OK
INFO [2021-01-25 14:33:15,629]  [BatchRunner.java:72] [pool-1-thread-1]  Executing Command: goto HPV51:7808-720

INFO [2021-01-25 14:33:15,632]  [MessageUtils.java:74] [pool-1-thread-1]  Cannot find feature or locus: HPV51:7808-720
INFO [2021-01-25 14:33:17,640]  [CommandExecutor.java:235] [pool-1-thread-1]  OK
INFO [2021-01-25 14:33:17,640]  [BatchRunner.java:72] [pool-1-thread-1]  Executing Command: group strand

INFO [2021-01-25 14:33:19,646]  [CommandExecutor.java:235] [pool-1-thread-1]  OK
INFO [2021-01-25 14:33:19,646]  [BatchRunner.java:72] [pool-1-thread-1]  Executing Command: snapshot HPV51_7808_720_h100UMC1076.png

Snapshot: /gpfs/gsfs8/users/CGR_integration/hpv_igv/workflow/output/IGV_Snapshots/UMC1076/HPV51_7808_720_h100UMC1076.png
INFO [2021-01-25 14:33:21,696]  [CommandExecutor.java:235] [pool-1-thread-1]  OK
INFO [2021-01-25 14:33:21,697]  [BatchRunner.java:72] [pool-1-thread-1]  Executing Command: goto HPV52:7942-69046

INFO [2021-01-25 14:33:21,700]  [MessageUtils.java:74] [pool-1-thread-1]  Cannot find feature or locus: HPV52:7942-69046
INFO [2021-01-25 14:33:23,706]  [CommandExecutor.java:235] [pool-1-thread-1]  OK
INFO [2021-01-25 14:33:23,706]  [BatchRunner.java:72] [pool-1-thread-1]  Executing Command: group strand

INFO [2021-01-25 14:33:25,718]  [CommandExecutor.java:235] [pool-1-thread-1]  OK
INFO [2021-01-25 14:33:25,718]  [BatchRunner.java:72] [pool-1-thread-1]  Executing Command: snapshot HPV52_7942_69046_h100UMC1076.png

Snapshot: /gpfs/gsfs8/users/CGR_integration/hpv_igv/workflow/output/IGV_Snapshots/UMC1076/HPV52_7942_69046_h100UMC1076.png
INFO [2021-01-25 14:33:27,770]  [CommandExecutor.java:235] [pool-1-thread-1]  OK
INFO [2021-01-25 14:33:27,770]  [BatchRunner.java:72] [pool-1-thread-1]  Executing Command: goto HPV56:7845-163

INFO [2021-01-25 14:33:27,774]  [MessageUtils.java:74] [pool-1-thread-1]  Cannot find feature or locus: HPV56:7845-163
INFO [2021-01-25 14:33:29,777]  [CommandExecutor.java:235] [pool-1-thread-1]  OK
INFO [2021-01-25 14:33:29,777]  [BatchRunner.java:72] [pool-1-thread-1]  Executing Command: group strand

INFO [2021-01-25 14:33:31,786]  [CommandExecutor.java:235] [pool-1-thread-1]  OK
INFO [2021-01-25 14:33:31,786]  [BatchRunner.java:72] [pool-1-thread-1]  Executing Command: snapshot HPV56_7845_163_h100UMC1076.png

Snapshot: /gpfs/gsfs8/users/CGR_integration/hpv_igv/workflow/output/IGV_Snapshots/UMC1076/HPV56_7845_163_h100UMC1076.png
INFO [2021-01-25 14:33:33,840]  [CommandExecutor.java:235] [pool-1-thread-1]  OK
INFO [2021-01-25 14:33:33,840]  [BatchRunner.java:72] [pool-1-thread-1]  Executing Command: goto HPV58:7824-142

INFO [2021-01-25 14:33:33,843]  [MessageUtils.java:74] [pool-1-thread-1]  Cannot find feature or locus: HPV58:7824-142
INFO [2021-01-25 14:33:35,859]  [CommandExecutor.java:235] [pool-1-thread-1]  OK
INFO [2021-01-25 14:33:35,859]  [BatchRunner.java:72] [pool-1-thread-1]  Executing Command: group strand

INFO [2021-01-25 14:33:37,874]  [CommandExecutor.java:235] [pool-1-thread-1]  OK
INFO [2021-01-25 14:33:37,874]  [BatchRunner.java:72] [pool-1-thread-1]  Executing Command: snapshot HPV58_7824_142_h100UMC1076.png

Snapshot: /gpfs/gsfs8/users/CGR_integration/hpv_igv/workflow/output/IGV_Snapshots/UMC1076/HPV58_7824_142_h100UMC1076.png
INFO [2021-01-25 14:33:39,926]  [CommandExecutor.java:235] [pool-1-thread-1]  OK
INFO [2021-01-25 14:33:39,926]  [BatchRunner.java:72] [pool-1-thread-1]  Executing Command: goto HPV68a:7822-1578

INFO [2021-01-25 14:33:39,930]  [MessageUtils.java:74] [pool-1-thread-1]  Cannot find feature or locus: HPV68a:7822-1578
INFO [2021-01-25 14:33:41,934]  [CommandExecutor.java:235] [pool-1-thread-1]  OK
INFO [2021-01-25 14:33:41,935]  [BatchRunner.java:72] [pool-1-thread-1]  Executing Command: group strand

INFO [2021-01-25 14:33:43,950]  [CommandExecutor.java:235] [pool-1-thread-1]  OK
INFO [2021-01-25 14:33:43,951]  [BatchRunner.java:72] [pool-1-thread-1]  Executing Command: snapshot HPV68a_7822_1578_h100UMC1076.png

Snapshot: /gpfs/gsfs8/users/CGR_integration/hpv_igv/workflow/output/IGV_Snapshots/UMC1076/HPV68a_7822_1578_h100UMC1076.png
INFO [2021-01-25 14:33:46,003]  [CommandExecutor.java:235] [pool-1-thread-1]  OK
INFO [2021-01-25 14:33:46,003]  [BatchRunner.java:72] [pool-1-thread-1]  Executing Command: goto HPV68b:7836-2683

INFO [2021-01-25 14:33:46,006]  [MessageUtils.java:74] [pool-1-thread-1]  Cannot find feature or locus: HPV68b:7836-2683
INFO [2021-01-25 14:33:48,012]  [CommandExecutor.java:235] [pool-1-thread-1]  OK
INFO [2021-01-25 14:33:48,012]  [BatchRunner.java:72] [pool-1-thread-1]  Executing Command: group strand

INFO [2021-01-25 14:33:50,022]  [CommandExecutor.java:235] [pool-1-thread-1]  OK
INFO [2021-01-25 14:33:50,022]  [BatchRunner.java:72] [pool-1-thread-1]  Executing Command: snapshot HPV68b_7836_2683_h100UMC1076.png

Snapshot: /gpfs/gsfs8/users/CGR_integration/hpv_igv/workflow/output/IGV_Snapshots/UMC1076/HPV68b_7836_2683_h100UMC1076.png
INFO [2021-01-25 14:33:52,072]  [CommandExecutor.java:235] [pool-1-thread-1]  OK
INFO [2021-01-25 14:33:52,073]  [BatchRunner.java:72] [pool-1-thread-1]  Executing Command: goto Lambda_NEB:48502-105

INFO [2021-01-25 14:33:52,076]  [MessageUtils.java:74] [pool-1-thread-1]  Cannot find feature or locus: Lambda_NEB:48502-105
INFO [2021-01-25 14:33:54,081]  [CommandExecutor.java:235] [pool-1-thread-1]  OK
INFO [2021-01-25 14:33:54,082]  [BatchRunner.java:72] [pool-1-thread-1]  Executing Command: group strand

INFO [2021-01-25 14:33:56,090]  [CommandExecutor.java:235] [pool-1-thread-1]  OK
INFO [2021-01-25 14:33:56,091]  [BatchRunner.java:72] [pool-1-thread-1]  Executing Command: snapshot Lambda_NEB_48502_105_h100UMC1076.png

Snapshot: /gpfs/gsfs8/users/CGR_integration/hpv_igv/workflow/output/IGV_Snapshots/UMC1076/Lambda_NEB_48502_105_h100UMC1076.png
INFO [2021-01-25 14:33:58,152]  [CommandExecutor.java:235] [pool-1-thread-1]  OK
INFO [2021-01-25 14:33:58,152]  [BatchRunner.java:72] [pool-1-thread-1]  Executing Command: goto chr1:249250621-45238

INFO [2021-01-25 14:34:00,178]  [CommandExecutor.java:235] [pool-1-thread-1]  OK
INFO [2021-01-25 14:34:00,178]  [BatchRunner.java:72] [pool-1-thread-1]  Executing Command: group strand

INFO [2021-01-25 14:34:02,189]  [CommandExecutor.java:235] [pool-1-thread-1]  OK
INFO [2021-01-25 14:34:02,189]  [BatchRunner.java:72] [pool-1-thread-1]  Executing Command: snapshot chr1_249250621_45238_h100UMC1076.png

Snapshot: /gpfs/gsfs8/users/CGR_integration/hpv_igv/workflow/output/IGV_Snapshots/UMC1076/chr1_249250621_45238_h100UMC1076.png
INFO [2021-01-25 14:34:04,265]  [CommandExecutor.java:235] [pool-1-thread-1]  OK
INFO [2021-01-25 14:34:04,266]  [BatchRunner.java:72] [pool-1-thread-1]  Executing Command: goto chr2:243199373-57557

INFO [2021-01-25 14:34:06,270]  [CommandExecutor.java:235] [pool-1-thread-1]  OK
INFO [2021-01-25 14:34:06,271]  [BatchRunner.java:72] [pool-1-thread-1]  Executing Command: group strand

INFO [2021-01-25 14:34:08,281]  [CommandExecutor.java:235] [pool-1-thread-1]  OK
INFO [2021-01-25 14:34:08,281]  [BatchRunner.java:72] [pool-1-thread-1]  Executing Command: snapshot chr2_243199373_57557_h100UMC1076.png

Snapshot: /gpfs/gsfs8/users/CGR_integration/hpv_igv/workflow/output/IGV_Snapshots/UMC1076/chr2_243199373_57557_h100UMC1076.png
INFO [2021-01-25 14:34:10,335]  [CommandExecutor.java:235] [pool-1-thread-1]  OK
INFO [2021-01-25 14:34:10,335]  [BatchRunner.java:72] [pool-1-thread-1]  Executing Command: goto chr3:198022430-51250

INFO [2021-01-25 14:34:12,341]  [CommandExecutor.java:235] [pool-1-thread-1]  OK
INFO [2021-01-25 14:34:12,341]  [BatchRunner.java:72] [pool-1-thread-1]  Executing Command: group strand

INFO [2021-01-25 14:34:14,349]  [CommandExecutor.java:235] [pool-1-thread-1]  OK
INFO [2021-01-25 14:34:14,349]  [BatchRunner.java:72] [pool-1-thread-1]  Executing Command: snapshot chr3_198022430_51250_h100UMC1076.png

Snapshot: /gpfs/gsfs8/users/CGR_integration/hpv_igv/workflow/output/IGV_Snapshots/UMC1076/chr3_198022430_51250_h100UMC1076.png
INFO [2021-01-25 14:34:16,403]  [CommandExecutor.java:235] [pool-1-thread-1]  OK
INFO [2021-01-25 14:34:16,403]  [BatchRunner.java:72] [pool-1-thread-1]  Executing Command: goto chr4:191154276-40717

INFO [2021-01-25 14:34:18,411]  [CommandExecutor.java:235] [pool-1-thread-1]  OK
INFO [2021-01-25 14:34:18,412]  [BatchRunner.java:72] [pool-1-thread-1]  Executing Command: group strand

INFO [2021-01-25 14:34:20,419]  [CommandExecutor.java:235] [pool-1-thread-1]  OK
INFO [2021-01-25 14:34:20,420]  [BatchRunner.java:72] [pool-1-thread-1]  Executing Command: snapshot chr4_191154276_40717_h100UMC1076.png

Snapshot: /gpfs/gsfs8/users/CGR_integration/hpv_igv/workflow/output/IGV_Snapshots/UMC1076/chr4_191154276_40717_h100UMC1076.png
INFO [2021-01-25 14:34:22,468]  [CommandExecutor.java:235] [pool-1-thread-1]  OK
INFO [2021-01-25 14:34:22,468]  [BatchRunner.java:72] [pool-1-thread-1]  Executing Command: goto chr5:180915260-39370

INFO [2021-01-25 14:34:24,477]  [CommandExecutor.java:235] [pool-1-thread-1]  OK
INFO [2021-01-25 14:34:24,477]  [BatchRunner.java:72] [pool-1-thread-1]  Executing Command: group strand

INFO [2021-01-25 14:34:26,487]  [CommandExecutor.java:235] [pool-1-thread-1]  OK
INFO [2021-01-25 14:34:26,487]  [BatchRunner.java:72] [pool-1-thread-1]  Executing Command: snapshot chr5_180915260_39370_h100UMC1076.png

Snapshot: /gpfs/gsfs8/users/CGR_integration/hpv_igv/workflow/output/IGV_Snapshots/UMC1076/chr5_180915260_39370_h100UMC1076.png
INFO [2021-01-25 14:34:28,540]  [CommandExecutor.java:235] [pool-1-thread-1]  OK
INFO [2021-01-25 14:34:28,540]  [BatchRunner.java:72] [pool-1-thread-1]  Executing Command: goto chr6:171115067-29733

INFO [2021-01-25 14:34:30,547]  [CommandExecutor.java:235] [pool-1-thread-1]  OK
INFO [2021-01-25 14:34:30,548]  [BatchRunner.java:72] [pool-1-thread-1]  Executing Command: group strand

INFO [2021-01-25 14:34:32,556]  [CommandExecutor.java:235] [pool-1-thread-1]  OK
INFO [2021-01-25 14:34:32,557]  [BatchRunner.java:72] [pool-1-thread-1]  Executing Command: snapshot chr6_171115067_29733_h100UMC1076.png

Snapshot: /gpfs/gsfs8/users/CGR_integration/hpv_igv/workflow/output/IGV_Snapshots/UMC1076/chr6_171115067_29733_h100UMC1076.png
INFO [2021-01-25 14:34:34,607]  [CommandExecutor.java:235] [pool-1-thread-1]  OK
INFO [2021-01-25 14:34:34,607]  [BatchRunner.java:72] [pool-1-thread-1]  Executing Command: goto chr7:159138663-35117

INFO [2021-01-25 14:34:36,615]  [CommandExecutor.java:235] [pool-1-thread-1]  OK
INFO [2021-01-25 14:34:36,615]  [BatchRunner.java:72] [pool-1-thread-1]  Executing Command: group strand

INFO [2021-01-25 14:34:38,623]  [CommandExecutor.java:235] [pool-1-thread-1]  OK
INFO [2021-01-25 14:34:38,623]  [BatchRunner.java:72] [pool-1-thread-1]  Executing Command: snapshot chr7_159138663_35117_h100UMC1076.png

Snapshot: /gpfs/gsfs8/users/CGR_integration/hpv_igv/workflow/output/IGV_Snapshots/UMC1076/chr7_159138663_35117_h100UMC1076.png
INFO [2021-01-25 14:34:40,672]  [CommandExecutor.java:235] [pool-1-thread-1]  OK
INFO [2021-01-25 14:34:40,673]  [BatchRunner.java:72] [pool-1-thread-1]  Executing Command: goto chr8:146364022-40068

INFO [2021-01-25 14:34:42,680]  [CommandExecutor.java:235] [pool-1-thread-1]  OK
INFO [2021-01-25 14:34:42,680]  [BatchRunner.java:72] [pool-1-thread-1]  Executing Command: group strand

INFO [2021-01-25 14:34:44,688]  [CommandExecutor.java:235] [pool-1-thread-1]  OK
INFO [2021-01-25 14:34:44,688]  [BatchRunner.java:72] [pool-1-thread-1]  Executing Command: snapshot chr8_146364022_40068_h100UMC1076.png

Snapshot: /gpfs/gsfs8/users/CGR_integration/hpv_igv/workflow/output/IGV_Snapshots/UMC1076/chr8_146364022_40068_h100UMC1076.png
INFO [2021-01-25 14:34:46,736]  [CommandExecutor.java:235] [pool-1-thread-1]  OK
INFO [2021-01-25 14:34:46,736]  [BatchRunner.java:72] [pool-1-thread-1]  Executing Command: goto chr9:141213431-48197

INFO [2021-01-25 14:34:48,744]  [CommandExecutor.java:235] [pool-1-thread-1]  OK
INFO [2021-01-25 14:34:48,744]  [BatchRunner.java:72] [pool-1-thread-1]  Executing Command: group strand

INFO [2021-01-25 14:34:50,752]  [CommandExecutor.java:235] [pool-1-thread-1]  OK
INFO [2021-01-25 14:34:50,753]  [BatchRunner.java:72] [pool-1-thread-1]  Executing Command: snapshot chr9_141213431_48197_h100UMC1076.png

Snapshot: /gpfs/gsfs8/users/CGR_integration/hpv_igv/workflow/output/IGV_Snapshots/UMC1076/chr9_141213431_48197_h100UMC1076.png
INFO [2021-01-25 14:34:52,807]  [CommandExecutor.java:235] [pool-1-thread-1]  OK
INFO [2021-01-25 14:34:52,807]  [BatchRunner.java:72] [pool-1-thread-1]  Executing Command: goto chr10:135534747-31230

INFO [2021-01-25 14:34:54,811]  [CommandExecutor.java:235] [pool-1-thread-1]  OK
INFO [2021-01-25 14:34:54,811]  [BatchRunner.java:72] [pool-1-thread-1]  Executing Command: group strand

INFO [2021-01-25 14:34:56,818]  [CommandExecutor.java:235] [pool-1-thread-1]  OK
INFO [2021-01-25 14:34:56,819]  [BatchRunner.java:72] [pool-1-thread-1]  Executing Command: snapshot chr10_135534747_31230_h100UMC1076.png

Snapshot: /gpfs/gsfs8/users/CGR_integration/hpv_igv/workflow/output/IGV_Snapshots/UMC1076/chr10_135534747_31230_h100UMC1076.png
INFO [2021-01-25 14:34:58,868]  [CommandExecutor.java:235] [pool-1-thread-1]  OK
INFO [2021-01-25 14:34:58,868]  [BatchRunner.java:72] [pool-1-thread-1]  Executing Command: goto chr11:135006516-14989

INFO [2021-01-25 14:35:00,882]  [CommandExecutor.java:235] [pool-1-thread-1]  OK
INFO [2021-01-25 14:35:00,882]  [BatchRunner.java:72] [pool-1-thread-1]  Executing Command: group strand

INFO [2021-01-25 14:35:02,888]  [CommandExecutor.java:235] [pool-1-thread-1]  OK
INFO [2021-01-25 14:35:02,888]  [BatchRunner.java:72] [pool-1-thread-1]  Executing Command: snapshot chr11_135006516_14989_h100UMC1076.png

Snapshot: /gpfs/gsfs8/users/CGR_integration/hpv_igv/workflow/output/IGV_Snapshots/UMC1076/chr11_135006516_14989_h100UMC1076.png
INFO [2021-01-25 14:35:04,941]  [CommandExecutor.java:235] [pool-1-thread-1]  OK
INFO [2021-01-25 14:35:04,942]  [BatchRunner.java:72] [pool-1-thread-1]  Executing Command: goto chr12:133851895-28543

INFO [2021-01-25 14:35:06,949]  [CommandExecutor.java:235] [pool-1-thread-1]  OK
INFO [2021-01-25 14:35:06,949]  [BatchRunner.java:72] [pool-1-thread-1]  Executing Command: group strand

INFO [2021-01-25 14:35:08,957]  [CommandExecutor.java:235] [pool-1-thread-1]  OK
INFO [2021-01-25 14:35:08,957]  [BatchRunner.java:72] [pool-1-thread-1]  Executing Command: snapshot chr12_133851895_28543_h100UMC1076.png

Snapshot: /gpfs/gsfs8/users/CGR_integration/hpv_igv/workflow/output/IGV_Snapshots/UMC1076/chr12_133851895_28543_h100UMC1076.png
INFO [2021-01-25 14:35:11,008]  [CommandExecutor.java:235] [pool-1-thread-1]  OK
INFO [2021-01-25 14:35:11,008]  [BatchRunner.java:72] [pool-1-thread-1]  Executing Command: goto chr13:115169878-24938

INFO [2021-01-25 14:35:13,016]  [CommandExecutor.java:235] [pool-1-thread-1]  OK
INFO [2021-01-25 14:35:13,016]  [BatchRunner.java:72] [pool-1-thread-1]  Executing Command: group strand

INFO [2021-01-25 14:35:15,025]  [CommandExecutor.java:235] [pool-1-thread-1]  OK
INFO [2021-01-25 14:35:15,025]  [BatchRunner.java:72] [pool-1-thread-1]  Executing Command: snapshot chr13_115169878_24938_h100UMC1076.png

Snapshot: /gpfs/gsfs8/users/CGR_integration/hpv_igv/workflow/output/IGV_Snapshots/UMC1076/chr13_115169878_24938_h100UMC1076.png
INFO [2021-01-25 14:35:17,077]  [CommandExecutor.java:235] [pool-1-thread-1]  OK
INFO [2021-01-25 14:35:17,077]  [BatchRunner.java:72] [pool-1-thread-1]  Executing Command: goto chr14:107349540-13915

INFO [2021-01-25 14:35:19,087]  [CommandExecutor.java:235] [pool-1-thread-1]  OK
INFO [2021-01-25 14:35:19,087]  [BatchRunner.java:72] [pool-1-thread-1]  Executing Command: group strand

INFO [2021-01-25 14:35:21,093]  [CommandExecutor.java:235] [pool-1-thread-1]  OK
INFO [2021-01-25 14:35:21,093]  [BatchRunner.java:72] [pool-1-thread-1]  Executing Command: snapshot chr14_107349540_13915_h100UMC1076.png

Snapshot: /gpfs/gsfs8/users/CGR_integration/hpv_igv/workflow/output/IGV_Snapshots/UMC1076/chr14_107349540_13915_h100UMC1076.png
INFO [2021-01-25 14:35:23,139]  [CommandExecutor.java:235] [pool-1-thread-1]  OK
INFO [2021-01-25 14:35:23,140]  [BatchRunner.java:72] [pool-1-thread-1]  Executing Command: goto chr15:102531392-12675

INFO [2021-01-25 14:35:25,146]  [CommandExecutor.java:235] [pool-1-thread-1]  OK
INFO [2021-01-25 14:35:25,146]  [BatchRunner.java:72] [pool-1-thread-1]  Executing Command: group strand

INFO [2021-01-25 14:35:27,154]  [CommandExecutor.java:235] [pool-1-thread-1]  OK
INFO [2021-01-25 14:35:27,154]  [BatchRunner.java:72] [pool-1-thread-1]  Executing Command: snapshot chr15_102531392_12675_h100UMC1076.png

Snapshot: /gpfs/gsfs8/users/CGR_integration/hpv_igv/workflow/output/IGV_Snapshots/UMC1076/chr15_102531392_12675_h100UMC1076.png
INFO [2021-01-25 14:35:29,201]  [CommandExecutor.java:235] [pool-1-thread-1]  OK
INFO [2021-01-25 14:35:29,201]  [BatchRunner.java:72] [pool-1-thread-1]  Executing Command: goto chr16:90354753-12933

INFO [2021-01-25 14:35:31,214]  [CommandExecutor.java:235] [pool-1-thread-1]  OK
INFO [2021-01-25 14:35:31,214]  [BatchRunner.java:72] [pool-1-thread-1]  Executing Command: group strand

INFO [2021-01-25 14:35:33,219]  [CommandExecutor.java:235] [pool-1-thread-1]  OK
INFO [2021-01-25 14:35:33,219]  [BatchRunner.java:72] [pool-1-thread-1]  Executing Command: snapshot chr16_90354753_12933_h100UMC1076.png

Snapshot: /gpfs/gsfs8/users/CGR_integration/hpv_igv/workflow/output/IGV_Snapshots/UMC1076/chr16_90354753_12933_h100UMC1076.png
INFO [2021-01-25 14:35:35,276]  [CommandExecutor.java:235] [pool-1-thread-1]  OK
INFO [2021-01-25 14:35:35,277]  [BatchRunner.java:72] [pool-1-thread-1]  Executing Command: goto chr17:81195210-4500

INFO [2021-01-25 14:35:37,288]  [CommandExecutor.java:235] [pool-1-thread-1]  OK
INFO [2021-01-25 14:35:37,288]  [BatchRunner.java:72] [pool-1-thread-1]  Executing Command: group strand

INFO [2021-01-25 14:35:39,295]  [CommandExecutor.java:235] [pool-1-thread-1]  OK
INFO [2021-01-25 14:35:39,295]  [BatchRunner.java:72] [pool-1-thread-1]  Executing Command: snapshot chr17_81195210_4500_h100UMC1076.png

Snapshot: /gpfs/gsfs8/users/CGR_integration/hpv_igv/workflow/output/IGV_Snapshots/UMC1076/chr17_81195210_4500_h100UMC1076.png
INFO [2021-01-25 14:35:41,344]  [CommandExecutor.java:235] [pool-1-thread-1]  OK
INFO [2021-01-25 14:35:41,344]  [BatchRunner.java:72] [pool-1-thread-1]  Executing Command: goto chr18:78077248-23870

INFO [2021-01-25 14:35:43,357]  [CommandExecutor.java:235] [pool-1-thread-1]  OK
INFO [2021-01-25 14:35:43,357]  [BatchRunner.java:72] [pool-1-thread-1]  Executing Command: group strand

INFO [2021-01-25 14:35:45,366]  [CommandExecutor.java:235] [pool-1-thread-1]  OK
INFO [2021-01-25 14:35:45,367]  [BatchRunner.java:72] [pool-1-thread-1]  Executing Command: snapshot chr18_78077248_23870_h100UMC1076.png

Snapshot: /gpfs/gsfs8/users/CGR_integration/hpv_igv/workflow/output/IGV_Snapshots/UMC1076/chr18_78077248_23870_h100UMC1076.png
INFO [2021-01-25 14:35:47,416]  [CommandExecutor.java:235] [pool-1-thread-1]  OK
INFO [2021-01-25 14:35:47,416]  [BatchRunner.java:72] [pool-1-thread-1]  Executing Command: goto chr19:59128983-13414

INFO [2021-01-25 14:35:49,422]  [CommandExecutor.java:235] [pool-1-thread-1]  OK
INFO [2021-01-25 14:35:49,423]  [BatchRunner.java:72] [pool-1-thread-1]  Executing Command: group strand

INFO [2021-01-25 14:35:51,428]  [CommandExecutor.java:235] [pool-1-thread-1]  OK
INFO [2021-01-25 14:35:51,429]  [BatchRunner.java:72] [pool-1-thread-1]  Executing Command: snapshot chr19_59128983_13414_h100UMC1076.png

Snapshot: /gpfs/gsfs8/users/CGR_integration/hpv_igv/workflow/output/IGV_Snapshots/UMC1076/chr19_59128983_13414_h100UMC1076.png
INFO [2021-01-25 14:35:53,486]  [CommandExecutor.java:235] [pool-1-thread-1]  OK
INFO [2021-01-25 14:35:53,486]  [BatchRunner.java:72] [pool-1-thread-1]  Executing Command: goto chr20:63025520-2180

INFO [2021-01-25 14:35:55,496]  [CommandExecutor.java:235] [pool-1-thread-1]  OK
INFO [2021-01-25 14:35:55,497]  [BatchRunner.java:72] [pool-1-thread-1]  Executing Command: group strand

INFO [2021-01-25 14:35:57,503]  [CommandExecutor.java:235] [pool-1-thread-1]  OK
INFO [2021-01-25 14:35:57,504]  [BatchRunner.java:72] [pool-1-thread-1]  Executing Command: snapshot chr20_63025520_2180_h100UMC1076.png

Snapshot: /gpfs/gsfs8/users/CGR_integration/hpv_igv/workflow/output/IGV_Snapshots/UMC1076/chr20_63025520_2180_h100UMC1076.png
INFO [2021-01-25 14:35:59,551]  [CommandExecutor.java:235] [pool-1-thread-1]  OK
INFO [2021-01-25 14:35:59,552]  [BatchRunner.java:72] [pool-1-thread-1]  Executing Command: goto chr21:48129895-4644

INFO [2021-01-25 14:36:01,561]  [CommandExecutor.java:235] [pool-1-thread-1]  OK
INFO [2021-01-25 14:36:01,561]  [BatchRunner.java:72] [pool-1-thread-1]  Executing Command: group strand

INFO [2021-01-25 14:36:03,566]  [CommandExecutor.java:235] [pool-1-thread-1]  OK
INFO [2021-01-25 14:36:03,567]  [BatchRunner.java:72] [pool-1-thread-1]  Executing Command: snapshot chr21_48129895_4644_h100UMC1076.png

Snapshot: /gpfs/gsfs8/users/CGR_integration/hpv_igv/workflow/output/IGV_Snapshots/UMC1076/chr21_48129895_4644_h100UMC1076.png
INFO [2021-01-25 14:36:05,624]  [CommandExecutor.java:235] [pool-1-thread-1]  OK
INFO [2021-01-25 14:36:05,625]  [BatchRunner.java:72] [pool-1-thread-1]  Executing Command: goto chr22:51304566-2016

INFO [2021-01-25 14:36:07,632]  [CommandExecutor.java:235] [pool-1-thread-1]  OK
INFO [2021-01-25 14:36:07,633]  [BatchRunner.java:72] [pool-1-thread-1]  Executing Command: group strand

INFO [2021-01-25 14:36:09,639]  [CommandExecutor.java:235] [pool-1-thread-1]  OK
INFO [2021-01-25 14:36:09,640]  [BatchRunner.java:72] [pool-1-thread-1]  Executing Command: snapshot chr22_51304566_2016_h100UMC1076.png

Snapshot: /gpfs/gsfs8/users/CGR_integration/hpv_igv/workflow/output/IGV_Snapshots/UMC1076/chr22_51304566_2016_h100UMC1076.png
INFO [2021-01-25 14:36:11,688]  [CommandExecutor.java:235] [pool-1-thread-1]  OK
INFO [2021-01-25 14:36:11,689]  [BatchRunner.java:72] [pool-1-thread-1]  Executing Command: goto chrX:155270560-26723

INFO [2021-01-25 14:36:13,698]  [CommandExecutor.java:235] [pool-1-thread-1]  OK
INFO [2021-01-25 14:36:13,699]  [BatchRunner.java:72] [pool-1-thread-1]  Executing Command: group strand

INFO [2021-01-25 14:36:15,703]  [CommandExecutor.java:235] [pool-1-thread-1]  OK
INFO [2021-01-25 14:36:15,704]  [BatchRunner.java:72] [pool-1-thread-1]  Executing Command: snapshot chrX_155270560_26723_h100UMC1076.png

Snapshot: /gpfs/gsfs8/users/CGR_integration/hpv_igv/workflow/output/IGV_Snapshots/UMC1076/chrX_155270560_26723_h100UMC1076.png
INFO [2021-01-25 14:36:17,756]  [CommandExecutor.java:235] [pool-1-thread-1]  OK
INFO [2021-01-25 14:36:17,756]  [BatchRunner.java:72] [pool-1-thread-1]  Executing Command: goto chrY:59373566-6816

INFO [2021-01-25 14:36:19,759]  [CommandExecutor.java:235] [pool-1-thread-1]  OK
INFO [2021-01-25 14:36:19,759]  [BatchRunner.java:72] [pool-1-thread-1]  Executing Command: group strand

INFO [2021-01-25 14:36:21,764]  [CommandExecutor.java:235] [pool-1-thread-1]  OK
INFO [2021-01-25 14:36:21,764]  [BatchRunner.java:72] [pool-1-thread-1]  Executing Command: snapshot chrY_59373566_6816_h100UMC1076.png

Snapshot: /gpfs/gsfs8/users/CGR_integration/hpv_igv/workflow/output/IGV_Snapshots/UMC1076/chrY_59373566_6816_h100UMC1076.png
INFO [2021-01-25 14:36:23,813]  [CommandExecutor.java:235] [pool-1-thread-1]  OK
INFO [2021-01-25 14:36:23,814]  [BatchRunner.java:72] [pool-1-thread-1]  Executing Command: exit

INFO [2021-01-25 14:36:23,815]  [ShutdownThread.java:51] [Thread-2]  Shutting down

IGV finished; elapsed time is:
0:04:17.639713

[Mon Jan 25 14:36:42 2021]
Finished job 0.
1 of 1 steps (100%) done
