Building DAG of jobs...
Using shell: /usr/bin/bash
Provided cores: 4
Rules claiming more threads will be scaled down.
Job counts:
	count	jobs
	1	igv_snapshot
	1

[Mon Jan 25 14:07:24 2021]
rule igv_snapshot:
    input: /data/CGR_integration/hpv_igv/data/08282019_methylation/meth/bam/UMC1074.bam, /data/CGR_integration/hpv_igv/data/08282019_methylation/meth/igv_bed/UMC1074.bed
    output: output/IGV_Snapshots/merge/UMC1074.png
    jobid: 0
    wildcards: sample=UMC1074
    threads: 4


          python /data/CGR_integration/hpv_igv/IGV-snapshot-automator-master/make_IGV_snapshots.py -mem 16000 -ht 100 -bin /data/CGR_integration/hpv_igv/IGV-snapshot-automator-master/bin/IGV_2.3.81/igv.jar -o output/IGV_Snapshots/UMC1074 /data/CGR_integration/hpv_igv/data/08282019_methylation/meth/bam/UMC1074.bam -r /data/CGR_integration/hpv_igv/data/08282019_methylation/meth/igv_bed/UMC1074.bed -g /data/CGR_integration/hpv_igv/ref/HPV_Ref_Alphas65_Pad400_hg19.fasta -s -suffix UMC1074 2> log/UMC1074_igv.err
          if ls output/IGV_Snapshots/UMC1074/*.png 1> /dev/null 2>&1; then 
          magick montage -label '%f' -pointsize 24 -geometry 1920x900+2+2 -title 'UMC1074' -tile 1x output/IGV_Snapshots/UMC1074/*.png output/IGV_Snapshots/merge/UMC1074.png 2> log/UMC1074_merge.err
          mkdir -p merge_true
          cp output/IGV_Snapshots/merge/UMC1074.png output//IGV_Snapshots/merge_true/UMC1074.png 2>log/UMC1074_cp.err
          else
          touch output/IGV_Snapshots/merge/UMC1074.png 
          fi
          

~~~ IGV SNAPSHOT AUTOMATOR ~~~

Reference genome:
/data/CGR_integration/hpv_igv/ref/HPV_Ref_Alphas65_Pad400_hg19.fasta

Track height:
100

IGV binary file:
/data/CGR_integration/hpv_igv/IGV-snapshot-automator-master/bin/IGV_2.3.81/igv.jar

Output directory will be:
output/IGV_Snapshots/UMC1074

Batchscript file will be:
output/IGV_Snapshots/UMC1074/IGV_snapshots.bat

Region file:
/data/CGR_integration/hpv_igv/data/08282019_methylation/meth/igv_bed/UMC1074.bed

Input files to snapshot:

/data/CGR_integration/hpv_igv/data/08282019_methylation/meth/bam/UMC1074.bam

Making the output directory...

Writing IGV batch script to file:
output/IGV_Snapshots/UMC1074/IGV_snapshots.bat


Getting regions from BED file...

Read 28 regions

Open Xvfb port found on:
1


IGV command is:
xvfb-run -a --server-args='-screen 0 1920x1280x24'xrandr java -Xmx16000m -jar /data/CGR_integration/hpv_igv/IGV-snapshot-automator-master/bin/IGV_2.3.81/igv.jar -b output/IGV_Snapshots/UMC1074/IGV_snapshots.bat


Current time is:
2021-01-25 14:07:24.981064


Running the IGV command...
INFO [2021-01-25 14:07:29,203]  [DirectoryManager.java:169] [main]  IGV Directory: /home/daij/igv
INFO [2021-01-25 14:07:29,203] [DirectoryManager.java:169]  IGV Directory: /home/daij/igv
INFO [2021-01-25 14:07:29,208]  [Main.java:133] [main]  Startup  IGV Version 2.3.81 (127)08/30/2016 02:20 PM
INFO [2021-01-25 14:07:29,208]  [Main.java:134] [main]  Java 1.8.0_211
INFO [2021-01-25 14:07:29,209]  [DirectoryManager.java:72] [main]  Fetching user directory... 
INFO [2021-01-25 14:07:29,386]  [Main.java:135] [main]  Default User Directory: /home/daij
INFO [2021-01-25 14:07:29,387]  [Main.java:136] [main]  OS: Linux

(process:22010): dconf-CRITICAL **: unable to create directory '/run/user/37498/dconf': Permission denied.  dconf will not work properly.

(process:22010): dconf-CRITICAL **: unable to create directory '/run/user/37498/dconf': Permission denied.  dconf will not work properly.

(process:22010): dconf-CRITICAL **: unable to create directory '/run/user/37498/dconf': Permission denied.  dconf will not work properly.

(process:22010): dconf-CRITICAL **: unable to create directory '/run/user/37498/dconf': Permission denied.  dconf will not work properly.

(process:22010): dconf-CRITICAL **: unable to create directory '/run/user/37498/dconf': Permission denied.  dconf will not work properly.

(process:22010): dconf-CRITICAL **: unable to create directory '/run/user/37498/dconf': Permission denied.  dconf will not work properly.

(process:22010): dconf-CRITICAL **: unable to create directory '/run/user/37498/dconf': Permission denied.  dconf will not work properly.

(process:22010): dconf-CRITICAL **: unable to create directory '/run/user/37498/dconf': Permission denied.  dconf will not work properly.

(process:22010): dconf-CRITICAL **: unable to create directory '/run/user/37498/dconf': Permission denied.  dconf will not work properly.

(process:22010): dconf-CRITICAL **: unable to create directory '/run/user/37498/dconf': Permission denied.  dconf will not work properly.
INFO [2021-01-25 14:07:33,092]  [Main.java:184] [main]  A later version of IGV is available (2.7.22.7.2)
INFO [2021-01-25 14:07:48,767]  [GenomeManager.java:145] [main]  Loading genome: /home/daij/igv/genomes/hg38.genome
INFO [2021-01-25 14:07:54,863]  [GenomeManager.java:192] [main]  Genome loaded.  id= hg38
ERROR [2021-01-25 14:07:55,099]  [CommandListener.java:124] [Thread-6]  java.net.BindException: Address already in use (Bind failed)
INFO [2021-01-25 14:07:55,616]  [BatchRunner.java:72] [pool-1-thread-1]  Executing Command: new

INFO [2021-01-25 14:07:59,709]  [CommandExecutor.java:235] [pool-1-thread-1]  OK
INFO [2021-01-25 14:07:59,709]  [BatchRunner.java:72] [pool-1-thread-1]  Executing Command: genome /data/CGR_integration/hpv_igv/ref/HPV_Ref_Alphas65_Pad400_hg19.fasta

INFO [2021-01-25 14:08:01,337]  [GenomeManager.java:145] [pool-1-thread-1]  Loading genome: /data/CGR_integration/hpv_igv/ref/HPV_Ref_Alphas65_Pad400_hg19.fasta
INFO [2021-01-25 14:08:01,349]  [GenomeManager.java:192] [pool-1-thread-1]  Genome loaded.  id= /data/CGR_integration/hpv_igv/ref/HPV_Ref_Alphas65_Pad400_hg19.fasta
INFO [2021-01-25 14:08:03,358]  [CommandExecutor.java:235] [pool-1-thread-1]  OK
INFO [2021-01-25 14:08:03,358]  [BatchRunner.java:72] [pool-1-thread-1]  Executing Command: snapshotDirectory output/IGV_Snapshots/UMC1074

INFO [2021-01-25 14:08:05,368]  [CommandExecutor.java:235] [pool-1-thread-1]  OK
INFO [2021-01-25 14:08:05,369]  [BatchRunner.java:72] [pool-1-thread-1]  Executing Command: load /data/CGR_integration/hpv_igv/data/08282019_methylation/meth/bam/UMC1074.bam

INFO [2021-01-25 14:08:05,372]  [IGV.java:1700] [pool-1-thread-1]  Loading 1 resources.
INFO [2021-01-25 14:08:05,373]  [TrackLoader.java:120] [pool-1-thread-1]  Loading resource, path /data/CGR_integration/hpv_igv/data/08282019_methylation/meth/bam/UMC1074.bam
WARNING: BAM index file /data/CGR_integration/hpv_igv/data/08282019_methylation/meth/bam/UMC1074.bam.bai is older than BAM /data/CGR_integration/hpv_igv/data/08282019_methylation/meth/bam/UMC1074.bam
INFO [2021-01-25 14:08:07,680]  [CommandExecutor.java:235] [pool-1-thread-1]  OK
INFO [2021-01-25 14:08:07,680]  [BatchRunner.java:72] [pool-1-thread-1]  Executing Command: maxPanelHeight 100

INFO [2021-01-25 14:08:07,688]  [BatchRunner.java:72] [pool-1-thread-1]  Executing Command: goto HPV35:7879-3612

INFO [2021-01-25 14:08:07,700]  [MessageUtils.java:74] [pool-1-thread-1]  Cannot find feature or locus: HPV35:7879-3612
INFO [2021-01-25 14:08:09,720]  [CommandExecutor.java:235] [pool-1-thread-1]  OK
INFO [2021-01-25 14:08:09,721]  [BatchRunner.java:72] [pool-1-thread-1]  Executing Command: group strand

INFO [2021-01-25 14:08:11,734]  [CommandExecutor.java:235] [pool-1-thread-1]  OK
INFO [2021-01-25 14:08:11,735]  [BatchRunner.java:72] [pool-1-thread-1]  Executing Command: snapshot HPV35_7879_3612_h100UMC1074.png

Snapshot: /gpfs/gsfs8/users/CGR_integration/hpv_igv/workflow/output/IGV_Snapshots/UMC1074/HPV35_7879_3612_h100UMC1074.png
INFO [2021-01-25 14:08:13,828]  [CommandExecutor.java:235] [pool-1-thread-1]  OK
INFO [2021-01-25 14:08:13,829]  [BatchRunner.java:72] [pool-1-thread-1]  Executing Command: goto HPV51:7808-556

INFO [2021-01-25 14:08:13,833]  [MessageUtils.java:74] [pool-1-thread-1]  Cannot find feature or locus: HPV51:7808-556
INFO [2021-01-25 14:08:15,844]  [CommandExecutor.java:235] [pool-1-thread-1]  OK
INFO [2021-01-25 14:08:15,845]  [BatchRunner.java:72] [pool-1-thread-1]  Executing Command: group strand

INFO [2021-01-25 14:08:17,857]  [CommandExecutor.java:235] [pool-1-thread-1]  OK
INFO [2021-01-25 14:08:17,858]  [BatchRunner.java:72] [pool-1-thread-1]  Executing Command: snapshot HPV51_7808_556_h100UMC1074.png

Snapshot: /gpfs/gsfs8/users/CGR_integration/hpv_igv/workflow/output/IGV_Snapshots/UMC1074/HPV51_7808_556_h100UMC1074.png
INFO [2021-01-25 14:08:19,921]  [CommandExecutor.java:235] [pool-1-thread-1]  OK
INFO [2021-01-25 14:08:19,921]  [BatchRunner.java:72] [pool-1-thread-1]  Executing Command: goto HPV56:7845-130785

INFO [2021-01-25 14:08:19,926]  [MessageUtils.java:74] [pool-1-thread-1]  Cannot find feature or locus: HPV56:7845-130785
INFO [2021-01-25 14:08:21,933]  [CommandExecutor.java:235] [pool-1-thread-1]  OK
INFO [2021-01-25 14:08:21,934]  [BatchRunner.java:72] [pool-1-thread-1]  Executing Command: group strand

INFO [2021-01-25 14:08:23,951]  [CommandExecutor.java:235] [pool-1-thread-1]  OK
INFO [2021-01-25 14:08:23,951]  [BatchRunner.java:72] [pool-1-thread-1]  Executing Command: snapshot HPV56_7845_130785_h100UMC1074.png

Snapshot: /gpfs/gsfs8/users/CGR_integration/hpv_igv/workflow/output/IGV_Snapshots/UMC1074/HPV56_7845_130785_h100UMC1074.png
INFO [2021-01-25 14:08:26,011]  [CommandExecutor.java:235] [pool-1-thread-1]  OK
INFO [2021-01-25 14:08:26,011]  [BatchRunner.java:72] [pool-1-thread-1]  Executing Command: goto Lambda_NEB:48502-173

INFO [2021-01-25 14:08:26,015]  [MessageUtils.java:74] [pool-1-thread-1]  Cannot find feature or locus: Lambda_NEB:48502-173
INFO [2021-01-25 14:08:28,023]  [CommandExecutor.java:235] [pool-1-thread-1]  OK
INFO [2021-01-25 14:08:28,023]  [BatchRunner.java:72] [pool-1-thread-1]  Executing Command: group strand

INFO [2021-01-25 14:08:30,034]  [CommandExecutor.java:235] [pool-1-thread-1]  OK
INFO [2021-01-25 14:08:30,035]  [BatchRunner.java:72] [pool-1-thread-1]  Executing Command: snapshot Lambda_NEB_48502_173_h100UMC1074.png

Snapshot: /gpfs/gsfs8/users/CGR_integration/hpv_igv/workflow/output/IGV_Snapshots/UMC1074/Lambda_NEB_48502_173_h100UMC1074.png
INFO [2021-01-25 14:08:32,088]  [CommandExecutor.java:235] [pool-1-thread-1]  OK
INFO [2021-01-25 14:08:32,088]  [BatchRunner.java:72] [pool-1-thread-1]  Executing Command: goto chr1:249250621-77060

INFO [2021-01-25 14:08:34,112]  [CommandExecutor.java:235] [pool-1-thread-1]  OK
INFO [2021-01-25 14:08:34,113]  [BatchRunner.java:72] [pool-1-thread-1]  Executing Command: group strand

INFO [2021-01-25 14:08:36,122]  [CommandExecutor.java:235] [pool-1-thread-1]  OK
INFO [2021-01-25 14:08:36,122]  [BatchRunner.java:72] [pool-1-thread-1]  Executing Command: snapshot chr1_249250621_77060_h100UMC1074.png

Snapshot: /gpfs/gsfs8/users/CGR_integration/hpv_igv/workflow/output/IGV_Snapshots/UMC1074/chr1_249250621_77060_h100UMC1074.png
INFO [2021-01-25 14:08:38,175]  [CommandExecutor.java:235] [pool-1-thread-1]  OK
INFO [2021-01-25 14:08:38,175]  [BatchRunner.java:72] [pool-1-thread-1]  Executing Command: goto chr2:243199373-45407

INFO [2021-01-25 14:08:40,183]  [CommandExecutor.java:235] [pool-1-thread-1]  OK
INFO [2021-01-25 14:08:40,183]  [BatchRunner.java:72] [pool-1-thread-1]  Executing Command: group strand

INFO [2021-01-25 14:08:42,194]  [CommandExecutor.java:235] [pool-1-thread-1]  OK
INFO [2021-01-25 14:08:42,195]  [BatchRunner.java:72] [pool-1-thread-1]  Executing Command: snapshot chr2_243199373_45407_h100UMC1074.png

Snapshot: /gpfs/gsfs8/users/CGR_integration/hpv_igv/workflow/output/IGV_Snapshots/UMC1074/chr2_243199373_45407_h100UMC1074.png
INFO [2021-01-25 14:08:44,266]  [CommandExecutor.java:235] [pool-1-thread-1]  OK
INFO [2021-01-25 14:08:44,267]  [BatchRunner.java:72] [pool-1-thread-1]  Executing Command: goto chr3:198022430-44187

INFO [2021-01-25 14:08:46,281]  [CommandExecutor.java:235] [pool-1-thread-1]  OK
INFO [2021-01-25 14:08:46,281]  [BatchRunner.java:72] [pool-1-thread-1]  Executing Command: group strand

INFO [2021-01-25 14:08:48,292]  [CommandExecutor.java:235] [pool-1-thread-1]  OK
INFO [2021-01-25 14:08:48,293]  [BatchRunner.java:72] [pool-1-thread-1]  Executing Command: snapshot chr3_198022430_44187_h100UMC1074.png

Snapshot: /gpfs/gsfs8/users/CGR_integration/hpv_igv/workflow/output/IGV_Snapshots/UMC1074/chr3_198022430_44187_h100UMC1074.png
INFO [2021-01-25 14:08:50,343]  [CommandExecutor.java:235] [pool-1-thread-1]  OK
INFO [2021-01-25 14:08:50,343]  [BatchRunner.java:72] [pool-1-thread-1]  Executing Command: goto chr4:191154276-25479

INFO [2021-01-25 14:08:52,355]  [CommandExecutor.java:235] [pool-1-thread-1]  OK
INFO [2021-01-25 14:08:52,355]  [BatchRunner.java:72] [pool-1-thread-1]  Executing Command: group strand

INFO [2021-01-25 14:08:54,364]  [CommandExecutor.java:235] [pool-1-thread-1]  OK
INFO [2021-01-25 14:08:54,364]  [BatchRunner.java:72] [pool-1-thread-1]  Executing Command: snapshot chr4_191154276_25479_h100UMC1074.png

Snapshot: /gpfs/gsfs8/users/CGR_integration/hpv_igv/workflow/output/IGV_Snapshots/UMC1074/chr4_191154276_25479_h100UMC1074.png
INFO [2021-01-25 14:08:56,416]  [CommandExecutor.java:235] [pool-1-thread-1]  OK
INFO [2021-01-25 14:08:56,416]  [BatchRunner.java:72] [pool-1-thread-1]  Executing Command: goto chr5:180915260-31013

INFO [2021-01-25 14:08:58,428]  [CommandExecutor.java:235] [pool-1-thread-1]  OK
INFO [2021-01-25 14:08:58,429]  [BatchRunner.java:72] [pool-1-thread-1]  Executing Command: group strand

INFO [2021-01-25 14:09:00,436]  [CommandExecutor.java:235] [pool-1-thread-1]  OK
INFO [2021-01-25 14:09:00,437]  [BatchRunner.java:72] [pool-1-thread-1]  Executing Command: snapshot chr5_180915260_31013_h100UMC1074.png

Snapshot: /gpfs/gsfs8/users/CGR_integration/hpv_igv/workflow/output/IGV_Snapshots/UMC1074/chr5_180915260_31013_h100UMC1074.png
INFO [2021-01-25 14:09:02,486]  [CommandExecutor.java:235] [pool-1-thread-1]  OK
INFO [2021-01-25 14:09:02,487]  [BatchRunner.java:72] [pool-1-thread-1]  Executing Command: goto chr6:171115067-39778

INFO [2021-01-25 14:09:04,496]  [CommandExecutor.java:235] [pool-1-thread-1]  OK
INFO [2021-01-25 14:09:04,496]  [BatchRunner.java:72] [pool-1-thread-1]  Executing Command: group strand

INFO [2021-01-25 14:09:06,505]  [CommandExecutor.java:235] [pool-1-thread-1]  OK
INFO [2021-01-25 14:09:06,506]  [BatchRunner.java:72] [pool-1-thread-1]  Executing Command: snapshot chr6_171115067_39778_h100UMC1074.png

Snapshot: /gpfs/gsfs8/users/CGR_integration/hpv_igv/workflow/output/IGV_Snapshots/UMC1074/chr6_171115067_39778_h100UMC1074.png
INFO [2021-01-25 14:09:08,556]  [CommandExecutor.java:235] [pool-1-thread-1]  OK
INFO [2021-01-25 14:09:08,556]  [BatchRunner.java:72] [pool-1-thread-1]  Executing Command: goto chr7:159138663-31937

INFO [2021-01-25 14:09:10,565]  [CommandExecutor.java:235] [pool-1-thread-1]  OK
INFO [2021-01-25 14:09:10,565]  [BatchRunner.java:72] [pool-1-thread-1]  Executing Command: group strand

INFO [2021-01-25 14:09:12,574]  [CommandExecutor.java:235] [pool-1-thread-1]  OK
INFO [2021-01-25 14:09:12,575]  [BatchRunner.java:72] [pool-1-thread-1]  Executing Command: snapshot chr7_159138663_31937_h100UMC1074.png

Snapshot: /gpfs/gsfs8/users/CGR_integration/hpv_igv/workflow/output/IGV_Snapshots/UMC1074/chr7_159138663_31937_h100UMC1074.png
INFO [2021-01-25 14:09:14,694]  [CommandExecutor.java:235] [pool-1-thread-1]  OK
INFO [2021-01-25 14:09:14,695]  [BatchRunner.java:72] [pool-1-thread-1]  Executing Command: goto chr8:146364022-9647

INFO [2021-01-25 14:09:16,709]  [CommandExecutor.java:235] [pool-1-thread-1]  OK
INFO [2021-01-25 14:09:16,709]  [BatchRunner.java:72] [pool-1-thread-1]  Executing Command: group strand

INFO [2021-01-25 14:09:18,718]  [CommandExecutor.java:235] [pool-1-thread-1]  OK
INFO [2021-01-25 14:09:18,718]  [BatchRunner.java:72] [pool-1-thread-1]  Executing Command: snapshot chr8_146364022_9647_h100UMC1074.png

Snapshot: /gpfs/gsfs8/users/CGR_integration/hpv_igv/workflow/output/IGV_Snapshots/UMC1074/chr8_146364022_9647_h100UMC1074.png
INFO [2021-01-25 14:09:20,766]  [CommandExecutor.java:235] [pool-1-thread-1]  OK
INFO [2021-01-25 14:09:20,767]  [BatchRunner.java:72] [pool-1-thread-1]  Executing Command: goto chr9:141213431-6596

INFO [2021-01-25 14:09:22,778]  [CommandExecutor.java:235] [pool-1-thread-1]  OK
INFO [2021-01-25 14:09:22,778]  [BatchRunner.java:72] [pool-1-thread-1]  Executing Command: group strand

INFO [2021-01-25 14:09:24,786]  [CommandExecutor.java:235] [pool-1-thread-1]  OK
INFO [2021-01-25 14:09:24,786]  [BatchRunner.java:72] [pool-1-thread-1]  Executing Command: snapshot chr9_141213431_6596_h100UMC1074.png

Snapshot: /gpfs/gsfs8/users/CGR_integration/hpv_igv/workflow/output/IGV_Snapshots/UMC1074/chr9_141213431_6596_h100UMC1074.png
INFO [2021-01-25 14:09:26,841]  [CommandExecutor.java:235] [pool-1-thread-1]  OK
INFO [2021-01-25 14:09:26,841]  [BatchRunner.java:72] [pool-1-thread-1]  Executing Command: goto chr10:135534747-38077

INFO [2021-01-25 14:09:28,848]  [CommandExecutor.java:235] [pool-1-thread-1]  OK
INFO [2021-01-25 14:09:28,849]  [BatchRunner.java:72] [pool-1-thread-1]  Executing Command: group strand

INFO [2021-01-25 14:09:30,857]  [CommandExecutor.java:235] [pool-1-thread-1]  OK
INFO [2021-01-25 14:09:30,857]  [BatchRunner.java:72] [pool-1-thread-1]  Executing Command: snapshot chr10_135534747_38077_h100UMC1074.png

Snapshot: /gpfs/gsfs8/users/CGR_integration/hpv_igv/workflow/output/IGV_Snapshots/UMC1074/chr10_135534747_38077_h100UMC1074.png
INFO [2021-01-25 14:09:32,911]  [CommandExecutor.java:235] [pool-1-thread-1]  OK
INFO [2021-01-25 14:09:32,912]  [BatchRunner.java:72] [pool-1-thread-1]  Executing Command: goto chr11:135006516-28969

INFO [2021-01-25 14:09:34,920]  [CommandExecutor.java:235] [pool-1-thread-1]  OK
INFO [2021-01-25 14:09:34,920]  [BatchRunner.java:72] [pool-1-thread-1]  Executing Command: group strand

INFO [2021-01-25 14:09:36,927]  [CommandExecutor.java:235] [pool-1-thread-1]  OK
INFO [2021-01-25 14:09:36,928]  [BatchRunner.java:72] [pool-1-thread-1]  Executing Command: snapshot chr11_135006516_28969_h100UMC1074.png

Snapshot: /gpfs/gsfs8/users/CGR_integration/hpv_igv/workflow/output/IGV_Snapshots/UMC1074/chr11_135006516_28969_h100UMC1074.png
INFO [2021-01-25 14:09:38,981]  [CommandExecutor.java:235] [pool-1-thread-1]  OK
INFO [2021-01-25 14:09:38,982]  [BatchRunner.java:72] [pool-1-thread-1]  Executing Command: goto chr12:133851895-41191

INFO [2021-01-25 14:09:40,990]  [CommandExecutor.java:235] [pool-1-thread-1]  OK
INFO [2021-01-25 14:09:40,990]  [BatchRunner.java:72] [pool-1-thread-1]  Executing Command: group strand

INFO [2021-01-25 14:09:42,996]  [CommandExecutor.java:235] [pool-1-thread-1]  OK
INFO [2021-01-25 14:09:42,996]  [BatchRunner.java:72] [pool-1-thread-1]  Executing Command: snapshot chr12_133851895_41191_h100UMC1074.png

Snapshot: /gpfs/gsfs8/users/CGR_integration/hpv_igv/workflow/output/IGV_Snapshots/UMC1074/chr12_133851895_41191_h100UMC1074.png
INFO [2021-01-25 14:09:45,058]  [CommandExecutor.java:235] [pool-1-thread-1]  OK
INFO [2021-01-25 14:09:45,058]  [BatchRunner.java:72] [pool-1-thread-1]  Executing Command: goto chr13:115169878-21969

INFO [2021-01-25 14:09:47,067]  [CommandExecutor.java:235] [pool-1-thread-1]  OK
INFO [2021-01-25 14:09:47,067]  [BatchRunner.java:72] [pool-1-thread-1]  Executing Command: group strand

INFO [2021-01-25 14:09:49,073]  [CommandExecutor.java:235] [pool-1-thread-1]  OK
INFO [2021-01-25 14:09:49,073]  [BatchRunner.java:72] [pool-1-thread-1]  Executing Command: snapshot chr13_115169878_21969_h100UMC1074.png

Snapshot: /gpfs/gsfs8/users/CGR_integration/hpv_igv/workflow/output/IGV_Snapshots/UMC1074/chr13_115169878_21969_h100UMC1074.png
INFO [2021-01-25 14:09:51,120]  [CommandExecutor.java:235] [pool-1-thread-1]  OK
INFO [2021-01-25 14:09:51,120]  [BatchRunner.java:72] [pool-1-thread-1]  Executing Command: goto chr14:107349540-6339

INFO [2021-01-25 14:09:53,129]  [CommandExecutor.java:235] [pool-1-thread-1]  OK
INFO [2021-01-25 14:09:53,129]  [BatchRunner.java:72] [pool-1-thread-1]  Executing Command: group strand

INFO [2021-01-25 14:09:55,134]  [CommandExecutor.java:235] [pool-1-thread-1]  OK
INFO [2021-01-25 14:09:55,135]  [BatchRunner.java:72] [pool-1-thread-1]  Executing Command: snapshot chr14_107349540_6339_h100UMC1074.png

Snapshot: /gpfs/gsfs8/users/CGR_integration/hpv_igv/workflow/output/IGV_Snapshots/UMC1074/chr14_107349540_6339_h100UMC1074.png
INFO [2021-01-25 14:09:57,180]  [CommandExecutor.java:235] [pool-1-thread-1]  OK
INFO [2021-01-25 14:09:57,180]  [BatchRunner.java:72] [pool-1-thread-1]  Executing Command: goto chr15:102531392-12255

INFO [2021-01-25 14:09:59,195]  [CommandExecutor.java:235] [pool-1-thread-1]  OK
INFO [2021-01-25 14:09:59,195]  [BatchRunner.java:72] [pool-1-thread-1]  Executing Command: group strand

INFO [2021-01-25 14:10:01,203]  [CommandExecutor.java:235] [pool-1-thread-1]  OK
INFO [2021-01-25 14:10:01,203]  [BatchRunner.java:72] [pool-1-thread-1]  Executing Command: snapshot chr15_102531392_12255_h100UMC1074.png

Snapshot: /gpfs/gsfs8/users/CGR_integration/hpv_igv/workflow/output/IGV_Snapshots/UMC1074/chr15_102531392_12255_h100UMC1074.png
INFO [2021-01-25 14:10:03,248]  [CommandExecutor.java:235] [pool-1-thread-1]  OK
INFO [2021-01-25 14:10:03,249]  [BatchRunner.java:72] [pool-1-thread-1]  Executing Command: goto chr16:90354753-10235

INFO [2021-01-25 14:10:05,259]  [CommandExecutor.java:235] [pool-1-thread-1]  OK
INFO [2021-01-25 14:10:05,259]  [BatchRunner.java:72] [pool-1-thread-1]  Executing Command: group strand

INFO [2021-01-25 14:10:07,269]  [CommandExecutor.java:235] [pool-1-thread-1]  OK
INFO [2021-01-25 14:10:07,269]  [BatchRunner.java:72] [pool-1-thread-1]  Executing Command: snapshot chr16_90354753_10235_h100UMC1074.png

Snapshot: /gpfs/gsfs8/users/CGR_integration/hpv_igv/workflow/output/IGV_Snapshots/UMC1074/chr16_90354753_10235_h100UMC1074.png
INFO [2021-01-25 14:10:09,316]  [CommandExecutor.java:235] [pool-1-thread-1]  OK
INFO [2021-01-25 14:10:09,317]  [BatchRunner.java:72] [pool-1-thread-1]  Executing Command: goto chr17:81195210-4810

INFO [2021-01-25 14:10:11,326]  [CommandExecutor.java:235] [pool-1-thread-1]  OK
INFO [2021-01-25 14:10:11,326]  [BatchRunner.java:72] [pool-1-thread-1]  Executing Command: group strand

INFO [2021-01-25 14:10:13,334]  [CommandExecutor.java:235] [pool-1-thread-1]  OK
INFO [2021-01-25 14:10:13,334]  [BatchRunner.java:72] [pool-1-thread-1]  Executing Command: snapshot chr17_81195210_4810_h100UMC1074.png

Snapshot: /gpfs/gsfs8/users/CGR_integration/hpv_igv/workflow/output/IGV_Snapshots/UMC1074/chr17_81195210_4810_h100UMC1074.png
INFO [2021-01-25 14:10:15,380]  [CommandExecutor.java:235] [pool-1-thread-1]  OK
INFO [2021-01-25 14:10:15,381]  [BatchRunner.java:72] [pool-1-thread-1]  Executing Command: goto chr18:78077248-25079

INFO [2021-01-25 14:10:17,393]  [CommandExecutor.java:235] [pool-1-thread-1]  OK
INFO [2021-01-25 14:10:17,393]  [BatchRunner.java:72] [pool-1-thread-1]  Executing Command: group strand

INFO [2021-01-25 14:10:19,398]  [CommandExecutor.java:235] [pool-1-thread-1]  OK
INFO [2021-01-25 14:10:19,399]  [BatchRunner.java:72] [pool-1-thread-1]  Executing Command: snapshot chr18_78077248_25079_h100UMC1074.png

Snapshot: /gpfs/gsfs8/users/CGR_integration/hpv_igv/workflow/output/IGV_Snapshots/UMC1074/chr18_78077248_25079_h100UMC1074.png
INFO [2021-01-25 14:10:21,466]  [CommandExecutor.java:235] [pool-1-thread-1]  OK
INFO [2021-01-25 14:10:21,466]  [BatchRunner.java:72] [pool-1-thread-1]  Executing Command: goto chr19:59128983-26409

INFO [2021-01-25 14:10:23,478]  [CommandExecutor.java:235] [pool-1-thread-1]  OK
INFO [2021-01-25 14:10:23,479]  [BatchRunner.java:72] [pool-1-thread-1]  Executing Command: group strand

INFO [2021-01-25 14:10:25,486]  [CommandExecutor.java:235] [pool-1-thread-1]  OK
INFO [2021-01-25 14:10:25,486]  [BatchRunner.java:72] [pool-1-thread-1]  Executing Command: snapshot chr19_59128983_26409_h100UMC1074.png

Snapshot: /gpfs/gsfs8/users/CGR_integration/hpv_igv/workflow/output/IGV_Snapshots/UMC1074/chr19_59128983_26409_h100UMC1074.png
INFO [2021-01-25 14:10:27,533]  [CommandExecutor.java:235] [pool-1-thread-1]  OK
INFO [2021-01-25 14:10:27,534]  [BatchRunner.java:72] [pool-1-thread-1]  Executing Command: goto chr20:63025520-3836

INFO [2021-01-25 14:10:29,540]  [CommandExecutor.java:235] [pool-1-thread-1]  OK
INFO [2021-01-25 14:10:29,540]  [BatchRunner.java:72] [pool-1-thread-1]  Executing Command: group strand

INFO [2021-01-25 14:10:31,548]  [CommandExecutor.java:235] [pool-1-thread-1]  OK
INFO [2021-01-25 14:10:31,548]  [BatchRunner.java:72] [pool-1-thread-1]  Executing Command: snapshot chr20_63025520_3836_h100UMC1074.png

Snapshot: /gpfs/gsfs8/users/CGR_integration/hpv_igv/workflow/output/IGV_Snapshots/UMC1074/chr20_63025520_3836_h100UMC1074.png
INFO [2021-01-25 14:10:33,595]  [CommandExecutor.java:235] [pool-1-thread-1]  OK
INFO [2021-01-25 14:10:33,595]  [BatchRunner.java:72] [pool-1-thread-1]  Executing Command: goto chr21:48129895-5078

INFO [2021-01-25 14:10:35,601]  [CommandExecutor.java:235] [pool-1-thread-1]  OK
INFO [2021-01-25 14:10:35,602]  [BatchRunner.java:72] [pool-1-thread-1]  Executing Command: group strand

INFO [2021-01-25 14:10:37,610]  [CommandExecutor.java:235] [pool-1-thread-1]  OK
INFO [2021-01-25 14:10:37,610]  [BatchRunner.java:72] [pool-1-thread-1]  Executing Command: snapshot chr21_48129895_5078_h100UMC1074.png

Snapshot: /gpfs/gsfs8/users/CGR_integration/hpv_igv/workflow/output/IGV_Snapshots/UMC1074/chr21_48129895_5078_h100UMC1074.png
INFO [2021-01-25 14:10:39,654]  [CommandExecutor.java:235] [pool-1-thread-1]  OK
INFO [2021-01-25 14:10:39,655]  [BatchRunner.java:72] [pool-1-thread-1]  Executing Command: goto chr22:51304566-340

INFO [2021-01-25 14:10:41,667]  [CommandExecutor.java:235] [pool-1-thread-1]  OK
INFO [2021-01-25 14:10:41,667]  [BatchRunner.java:72] [pool-1-thread-1]  Executing Command: group strand

INFO [2021-01-25 14:10:43,672]  [CommandExecutor.java:235] [pool-1-thread-1]  OK
INFO [2021-01-25 14:10:43,673]  [BatchRunner.java:72] [pool-1-thread-1]  Executing Command: snapshot chr22_51304566_340_h100UMC1074.png

Snapshot: /gpfs/gsfs8/users/CGR_integration/hpv_igv/workflow/output/IGV_Snapshots/UMC1074/chr22_51304566_340_h100UMC1074.png
INFO [2021-01-25 14:10:45,723]  [CommandExecutor.java:235] [pool-1-thread-1]  OK
INFO [2021-01-25 14:10:45,723]  [BatchRunner.java:72] [pool-1-thread-1]  Executing Command: goto chrX:155270560-25732

INFO [2021-01-25 14:10:47,733]  [CommandExecutor.java:235] [pool-1-thread-1]  OK
INFO [2021-01-25 14:10:47,733]  [BatchRunner.java:72] [pool-1-thread-1]  Executing Command: group strand

INFO [2021-01-25 14:10:49,741]  [CommandExecutor.java:235] [pool-1-thread-1]  OK
INFO [2021-01-25 14:10:49,741]  [BatchRunner.java:72] [pool-1-thread-1]  Executing Command: snapshot chrX_155270560_25732_h100UMC1074.png

Snapshot: /gpfs/gsfs8/users/CGR_integration/hpv_igv/workflow/output/IGV_Snapshots/UMC1074/chrX_155270560_25732_h100UMC1074.png
INFO [2021-01-25 14:10:51,790]  [CommandExecutor.java:235] [pool-1-thread-1]  OK
INFO [2021-01-25 14:10:51,790]  [BatchRunner.java:72] [pool-1-thread-1]  Executing Command: goto chrY:59373566-838

INFO [2021-01-25 14:10:53,794]  [CommandExecutor.java:235] [pool-1-thread-1]  OK
INFO [2021-01-25 14:10:53,794]  [BatchRunner.java:72] [pool-1-thread-1]  Executing Command: group strand

INFO [2021-01-25 14:10:55,801]  [CommandExecutor.java:235] [pool-1-thread-1]  OK
INFO [2021-01-25 14:10:55,801]  [BatchRunner.java:72] [pool-1-thread-1]  Executing Command: snapshot chrY_59373566_838_h100UMC1074.png

Snapshot: /gpfs/gsfs8/users/CGR_integration/hpv_igv/workflow/output/IGV_Snapshots/UMC1074/chrY_59373566_838_h100UMC1074.png
INFO [2021-01-25 14:10:57,852]  [CommandExecutor.java:235] [pool-1-thread-1]  OK
INFO [2021-01-25 14:10:57,852]  [BatchRunner.java:72] [pool-1-thread-1]  Executing Command: exit

INFO [2021-01-25 14:10:57,855]  [ShutdownThread.java:51] [Thread-2]  Shutting down

IGV finished; elapsed time is:
0:03:33.547464

[Mon Jan 25 14:11:04 2021]
Error in rule igv_snapshot:
    jobid: 0
    output: output/IGV_Snapshots/merge/UMC1074.png
    shell:
        
          python /data/CGR_integration/hpv_igv/IGV-snapshot-automator-master/make_IGV_snapshots.py -mem 16000 -ht 100 -bin /data/CGR_integration/hpv_igv/IGV-snapshot-automator-master/bin/IGV_2.3.81/igv.jar -o output/IGV_Snapshots/UMC1074 /data/CGR_integration/hpv_igv/data/08282019_methylation/meth/bam/UMC1074.bam -r /data/CGR_integration/hpv_igv/data/08282019_methylation/meth/igv_bed/UMC1074.bed -g /data/CGR_integration/hpv_igv/ref/HPV_Ref_Alphas65_Pad400_hg19.fasta -s -suffix UMC1074 2> log/UMC1074_igv.err
          if ls output/IGV_Snapshots/UMC1074/*.png 1> /dev/null 2>&1; then 
          magick montage -label '%f' -pointsize 24 -geometry 1920x900+2+2 -title 'UMC1074' -tile 1x output/IGV_Snapshots/UMC1074/*.png output/IGV_Snapshots/merge/UMC1074.png 2> log/UMC1074_merge.err
          mkdir -p merge_true
          cp output/IGV_Snapshots/merge/UMC1074.png output//IGV_Snapshots/merge_true/UMC1074.png 2>log/UMC1074_cp.err
          else
          touch output/IGV_Snapshots/merge/UMC1074.png 
          fi
          
        (one of the commands exited with non-zero exit code; note that snakemake uses bash strict mode!)

Shutting down, this might take some time.
Exiting because a job execution failed. Look above for error message
