Building DAG of jobs...
Using shell: /usr/bin/bash
Provided cores: 4
Rules claiming more threads will be scaled down.
Job counts:
	count	jobs
	1	igv_snapshot
	1

[Mon Jan 25 14:07:24 2021]
rule igv_snapshot:
    input: /data/CGR_integration/hpv_igv/data/08282019_methylation/meth/bam/UMC1086.bam, /data/CGR_integration/hpv_igv/data/08282019_methylation/meth/igv_bed/UMC1086.bed
    output: output/IGV_Snapshots/merge/UMC1086.png
    jobid: 0
    wildcards: sample=UMC1086
    threads: 4


          python /data/CGR_integration/hpv_igv/IGV-snapshot-automator-master/make_IGV_snapshots.py -mem 16000 -ht 100 -bin /data/CGR_integration/hpv_igv/IGV-snapshot-automator-master/bin/IGV_2.3.81/igv.jar -o output/IGV_Snapshots/UMC1086 /data/CGR_integration/hpv_igv/data/08282019_methylation/meth/bam/UMC1086.bam -r /data/CGR_integration/hpv_igv/data/08282019_methylation/meth/igv_bed/UMC1086.bed -g /data/CGR_integration/hpv_igv/ref/HPV_Ref_Alphas65_Pad400_hg19.fasta -s -suffix UMC1086 2> log/UMC1086_igv.err
          if ls output/IGV_Snapshots/UMC1086/*.png 1> /dev/null 2>&1; then 
          magick montage -label '%f' -pointsize 24 -geometry 1920x900+2+2 -title 'UMC1086' -tile 1x output/IGV_Snapshots/UMC1086/*.png output/IGV_Snapshots/merge/UMC1086.png 2> log/UMC1086_merge.err
          mkdir -p merge_true
          cp output/IGV_Snapshots/merge/UMC1086.png output//IGV_Snapshots/merge_true/UMC1086.png 2>log/UMC1086_cp.err
          else
          touch output/IGV_Snapshots/merge/UMC1086.png 
          fi
          

~~~ IGV SNAPSHOT AUTOMATOR ~~~

Reference genome:
/data/CGR_integration/hpv_igv/ref/HPV_Ref_Alphas65_Pad400_hg19.fasta

Track height:
100

IGV binary file:
/data/CGR_integration/hpv_igv/IGV-snapshot-automator-master/bin/IGV_2.3.81/igv.jar

Output directory will be:
output/IGV_Snapshots/UMC1086

Batchscript file will be:
output/IGV_Snapshots/UMC1086/IGV_snapshots.bat

Region file:
/data/CGR_integration/hpv_igv/data/08282019_methylation/meth/igv_bed/UMC1086.bed

Input files to snapshot:

/data/CGR_integration/hpv_igv/data/08282019_methylation/meth/bam/UMC1086.bam

Making the output directory...

Writing IGV batch script to file:
output/IGV_Snapshots/UMC1086/IGV_snapshots.bat


Getting regions from BED file...

Read 28 regions

Open Xvfb port found on:
1


IGV command is:
xvfb-run -a --server-args='-screen 0 1920x1280x24'xrandr java -Xmx16000m -jar /data/CGR_integration/hpv_igv/IGV-snapshot-automator-master/bin/IGV_2.3.81/igv.jar -b output/IGV_Snapshots/UMC1086/IGV_snapshots.bat


Current time is:
2021-01-25 14:07:24.761417


Running the IGV command...
INFO [2021-01-25 14:07:29,088]  [DirectoryManager.java:169] [main]  IGV Directory: /home/daij/igv
INFO [2021-01-25 14:07:29,088] [DirectoryManager.java:169]  IGV Directory: /home/daij/igv
INFO [2021-01-25 14:07:29,095]  [Main.java:133] [main]  Startup  IGV Version 2.3.81 (127)08/30/2016 02:20 PM
INFO [2021-01-25 14:07:29,095]  [Main.java:134] [main]  Java 1.8.0_211
INFO [2021-01-25 14:07:29,096]  [DirectoryManager.java:72] [main]  Fetching user directory... 
INFO [2021-01-25 14:07:29,369]  [Main.java:135] [main]  Default User Directory: /home/daij
INFO [2021-01-25 14:07:29,369]  [Main.java:136] [main]  OS: Linux

(process:21181): dconf-CRITICAL **: unable to create directory '/run/user/37498/dconf': Permission denied.  dconf will not work properly.

(process:21181): dconf-CRITICAL **: unable to create directory '/run/user/37498/dconf': Permission denied.  dconf will not work properly.

(process:21181): dconf-CRITICAL **: unable to create directory '/run/user/37498/dconf': Permission denied.  dconf will not work properly.

(process:21181): dconf-CRITICAL **: unable to create directory '/run/user/37498/dconf': Permission denied.  dconf will not work properly.

(process:21181): dconf-CRITICAL **: unable to create directory '/run/user/37498/dconf': Permission denied.  dconf will not work properly.

(process:21181): dconf-CRITICAL **: unable to create directory '/run/user/37498/dconf': Permission denied.  dconf will not work properly.

(process:21181): dconf-CRITICAL **: unable to create directory '/run/user/37498/dconf': Permission denied.  dconf will not work properly.

(process:21181): dconf-CRITICAL **: unable to create directory '/run/user/37498/dconf': Permission denied.  dconf will not work properly.

(process:21181): dconf-CRITICAL **: unable to create directory '/run/user/37498/dconf': Permission denied.  dconf will not work properly.

(process:21181): dconf-CRITICAL **: unable to create directory '/run/user/37498/dconf': Permission denied.  dconf will not work properly.
INFO [2021-01-25 14:07:30,337]  [Main.java:184] [main]  A later version of IGV is available (2.7.22.7.2)
INFO [2021-01-25 14:07:47,154]  [GenomeManager.java:145] [main]  Loading genome: /home/daij/igv/genomes/hg38.genome
INFO [2021-01-25 14:07:53,196]  [GenomeManager.java:192] [main]  Genome loaded.  id= hg38
INFO [2021-01-25 14:07:53,461]  [BatchRunner.java:72] [pool-1-thread-1]  Executing Command: new

INFO [2021-01-25 14:07:53,462]  [CommandListener.java:106] [Thread-6]  Listening on port 60151
INFO [2021-01-25 14:07:57,949]  [CommandExecutor.java:235] [pool-1-thread-1]  OK
INFO [2021-01-25 14:07:57,950]  [BatchRunner.java:72] [pool-1-thread-1]  Executing Command: genome /data/CGR_integration/hpv_igv/ref/HPV_Ref_Alphas65_Pad400_hg19.fasta

INFO [2021-01-25 14:07:59,627]  [GenomeManager.java:145] [pool-1-thread-1]  Loading genome: /data/CGR_integration/hpv_igv/ref/HPV_Ref_Alphas65_Pad400_hg19.fasta
INFO [2021-01-25 14:07:59,644]  [GenomeManager.java:192] [pool-1-thread-1]  Genome loaded.  id= /data/CGR_integration/hpv_igv/ref/HPV_Ref_Alphas65_Pad400_hg19.fasta
INFO [2021-01-25 14:08:01,666]  [CommandExecutor.java:235] [pool-1-thread-1]  OK
INFO [2021-01-25 14:08:01,667]  [BatchRunner.java:72] [pool-1-thread-1]  Executing Command: snapshotDirectory output/IGV_Snapshots/UMC1086

INFO [2021-01-25 14:08:03,675]  [CommandExecutor.java:235] [pool-1-thread-1]  OK
INFO [2021-01-25 14:08:03,676]  [BatchRunner.java:72] [pool-1-thread-1]  Executing Command: load /data/CGR_integration/hpv_igv/data/08282019_methylation/meth/bam/UMC1086.bam

INFO [2021-01-25 14:08:03,679]  [IGV.java:1700] [pool-1-thread-1]  Loading 1 resources.
INFO [2021-01-25 14:08:03,680]  [TrackLoader.java:120] [pool-1-thread-1]  Loading resource, path /data/CGR_integration/hpv_igv/data/08282019_methylation/meth/bam/UMC1086.bam
WARNING: BAM index file /data/CGR_integration/hpv_igv/data/08282019_methylation/meth/bam/UMC1086.bam.bai is older than BAM /data/CGR_integration/hpv_igv/data/08282019_methylation/meth/bam/UMC1086.bam
INFO [2021-01-25 14:08:05,984]  [CommandExecutor.java:235] [pool-1-thread-1]  OK
INFO [2021-01-25 14:08:05,985]  [BatchRunner.java:72] [pool-1-thread-1]  Executing Command: maxPanelHeight 100

INFO [2021-01-25 14:08:05,993]  [BatchRunner.java:72] [pool-1-thread-1]  Executing Command: goto HPV39:7833-6814

INFO [2021-01-25 14:08:06,006]  [MessageUtils.java:74] [pool-1-thread-1]  Cannot find feature or locus: HPV39:7833-6814
INFO [2021-01-25 14:08:08,021]  [CommandExecutor.java:235] [pool-1-thread-1]  OK
INFO [2021-01-25 14:08:08,022]  [BatchRunner.java:72] [pool-1-thread-1]  Executing Command: group strand

INFO [2021-01-25 14:08:10,038]  [CommandExecutor.java:235] [pool-1-thread-1]  OK
INFO [2021-01-25 14:08:10,039]  [BatchRunner.java:72] [pool-1-thread-1]  Executing Command: snapshot HPV39_7833_6814_h100UMC1086.png

Snapshot: /gpfs/gsfs8/users/CGR_integration/hpv_igv/workflow/output/IGV_Snapshots/UMC1086/HPV39_7833_6814_h100UMC1086.png
INFO [2021-01-25 14:08:12,137]  [CommandExecutor.java:235] [pool-1-thread-1]  OK
INFO [2021-01-25 14:08:12,137]  [BatchRunner.java:72] [pool-1-thread-1]  Executing Command: goto HPV45:7858-328

INFO [2021-01-25 14:08:12,143]  [MessageUtils.java:74] [pool-1-thread-1]  Cannot find feature or locus: HPV45:7858-328
INFO [2021-01-25 14:08:14,153]  [CommandExecutor.java:235] [pool-1-thread-1]  OK
INFO [2021-01-25 14:08:14,153]  [BatchRunner.java:72] [pool-1-thread-1]  Executing Command: group strand

INFO [2021-01-25 14:08:16,161]  [CommandExecutor.java:235] [pool-1-thread-1]  OK
INFO [2021-01-25 14:08:16,162]  [BatchRunner.java:72] [pool-1-thread-1]  Executing Command: snapshot HPV45_7858_328_h100UMC1086.png

Snapshot: /gpfs/gsfs8/users/CGR_integration/hpv_igv/workflow/output/IGV_Snapshots/UMC1086/HPV45_7858_328_h100UMC1086.png
INFO [2021-01-25 14:08:18,221]  [CommandExecutor.java:235] [pool-1-thread-1]  OK
INFO [2021-01-25 14:08:18,221]  [BatchRunner.java:72] [pool-1-thread-1]  Executing Command: goto HPV51:7808-41504

INFO [2021-01-25 14:08:18,226]  [MessageUtils.java:74] [pool-1-thread-1]  Cannot find feature or locus: HPV51:7808-41504
INFO [2021-01-25 14:08:20,237]  [CommandExecutor.java:235] [pool-1-thread-1]  OK
INFO [2021-01-25 14:08:20,238]  [BatchRunner.java:72] [pool-1-thread-1]  Executing Command: group strand

INFO [2021-01-25 14:08:22,251]  [CommandExecutor.java:235] [pool-1-thread-1]  OK
INFO [2021-01-25 14:08:22,252]  [BatchRunner.java:72] [pool-1-thread-1]  Executing Command: snapshot HPV51_7808_41504_h100UMC1086.png

Snapshot: /gpfs/gsfs8/users/CGR_integration/hpv_igv/workflow/output/IGV_Snapshots/UMC1086/HPV51_7808_41504_h100UMC1086.png
INFO [2021-01-25 14:08:24,316]  [CommandExecutor.java:235] [pool-1-thread-1]  OK
INFO [2021-01-25 14:08:24,317]  [BatchRunner.java:72] [pool-1-thread-1]  Executing Command: goto HPV56:7845-106730

INFO [2021-01-25 14:08:24,324]  [MessageUtils.java:74] [pool-1-thread-1]  Cannot find feature or locus: HPV56:7845-106730
INFO [2021-01-25 14:08:26,331]  [CommandExecutor.java:235] [pool-1-thread-1]  OK
INFO [2021-01-25 14:08:26,331]  [BatchRunner.java:72] [pool-1-thread-1]  Executing Command: group strand

INFO [2021-01-25 14:08:28,343]  [CommandExecutor.java:235] [pool-1-thread-1]  OK
INFO [2021-01-25 14:08:28,343]  [BatchRunner.java:72] [pool-1-thread-1]  Executing Command: snapshot HPV56_7845_106730_h100UMC1086.png

Snapshot: /gpfs/gsfs8/users/CGR_integration/hpv_igv/workflow/output/IGV_Snapshots/UMC1086/HPV56_7845_106730_h100UMC1086.png
INFO [2021-01-25 14:08:30,394]  [CommandExecutor.java:235] [pool-1-thread-1]  OK
INFO [2021-01-25 14:08:30,394]  [BatchRunner.java:72] [pool-1-thread-1]  Executing Command: goto chr1:249250621-38948

INFO [2021-01-25 14:08:32,572]  [CommandExecutor.java:235] [pool-1-thread-1]  OK
INFO [2021-01-25 14:08:32,573]  [BatchRunner.java:72] [pool-1-thread-1]  Executing Command: group strand

INFO [2021-01-25 14:08:34,586]  [CommandExecutor.java:235] [pool-1-thread-1]  OK
INFO [2021-01-25 14:08:34,587]  [BatchRunner.java:72] [pool-1-thread-1]  Executing Command: snapshot chr1_249250621_38948_h100UMC1086.png

Snapshot: /gpfs/gsfs8/users/CGR_integration/hpv_igv/workflow/output/IGV_Snapshots/UMC1086/chr1_249250621_38948_h100UMC1086.png
INFO [2021-01-25 14:08:36,643]  [CommandExecutor.java:235] [pool-1-thread-1]  OK
INFO [2021-01-25 14:08:36,643]  [BatchRunner.java:72] [pool-1-thread-1]  Executing Command: goto chr2:243199373-28961

INFO [2021-01-25 14:08:38,649]  [CommandExecutor.java:235] [pool-1-thread-1]  OK
INFO [2021-01-25 14:08:38,650]  [BatchRunner.java:72] [pool-1-thread-1]  Executing Command: group strand

INFO [2021-01-25 14:08:40,660]  [CommandExecutor.java:235] [pool-1-thread-1]  OK
INFO [2021-01-25 14:08:40,661]  [BatchRunner.java:72] [pool-1-thread-1]  Executing Command: snapshot chr2_243199373_28961_h100UMC1086.png

Snapshot: /gpfs/gsfs8/users/CGR_integration/hpv_igv/workflow/output/IGV_Snapshots/UMC1086/chr2_243199373_28961_h100UMC1086.png
INFO [2021-01-25 14:08:42,721]  [CommandExecutor.java:235] [pool-1-thread-1]  OK
INFO [2021-01-25 14:08:42,722]  [BatchRunner.java:72] [pool-1-thread-1]  Executing Command: goto chr3:198022430-56298

INFO [2021-01-25 14:08:44,735]  [CommandExecutor.java:235] [pool-1-thread-1]  OK
INFO [2021-01-25 14:08:44,735]  [BatchRunner.java:72] [pool-1-thread-1]  Executing Command: group strand

INFO [2021-01-25 14:08:46,746]  [CommandExecutor.java:235] [pool-1-thread-1]  OK
INFO [2021-01-25 14:08:46,747]  [BatchRunner.java:72] [pool-1-thread-1]  Executing Command: snapshot chr3_198022430_56298_h100UMC1086.png

Snapshot: /gpfs/gsfs8/users/CGR_integration/hpv_igv/workflow/output/IGV_Snapshots/UMC1086/chr3_198022430_56298_h100UMC1086.png
INFO [2021-01-25 14:08:48,796]  [CommandExecutor.java:235] [pool-1-thread-1]  OK
INFO [2021-01-25 14:08:48,796]  [BatchRunner.java:72] [pool-1-thread-1]  Executing Command: goto chr4:191154276-20502

INFO [2021-01-25 14:08:50,815]  [CommandExecutor.java:235] [pool-1-thread-1]  OK
INFO [2021-01-25 14:08:50,815]  [BatchRunner.java:72] [pool-1-thread-1]  Executing Command: group strand

INFO [2021-01-25 14:08:52,826]  [CommandExecutor.java:235] [pool-1-thread-1]  OK
INFO [2021-01-25 14:08:52,827]  [BatchRunner.java:72] [pool-1-thread-1]  Executing Command: snapshot chr4_191154276_20502_h100UMC1086.png

Snapshot: /gpfs/gsfs8/users/CGR_integration/hpv_igv/workflow/output/IGV_Snapshots/UMC1086/chr4_191154276_20502_h100UMC1086.png
INFO [2021-01-25 14:08:54,894]  [CommandExecutor.java:235] [pool-1-thread-1]  OK
INFO [2021-01-25 14:08:54,895]  [BatchRunner.java:72] [pool-1-thread-1]  Executing Command: goto chr5:180915260-36234

INFO [2021-01-25 14:08:56,907]  [CommandExecutor.java:235] [pool-1-thread-1]  OK
INFO [2021-01-25 14:08:56,907]  [BatchRunner.java:72] [pool-1-thread-1]  Executing Command: group strand

INFO [2021-01-25 14:08:58,918]  [CommandExecutor.java:235] [pool-1-thread-1]  OK
INFO [2021-01-25 14:08:58,918]  [BatchRunner.java:72] [pool-1-thread-1]  Executing Command: snapshot chr5_180915260_36234_h100UMC1086.png

Snapshot: /gpfs/gsfs8/users/CGR_integration/hpv_igv/workflow/output/IGV_Snapshots/UMC1086/chr5_180915260_36234_h100UMC1086.png
INFO [2021-01-25 14:09:00,970]  [CommandExecutor.java:235] [pool-1-thread-1]  OK
INFO [2021-01-25 14:09:00,970]  [BatchRunner.java:72] [pool-1-thread-1]  Executing Command: goto chr6:171115067-58491

INFO [2021-01-25 14:09:02,984]  [CommandExecutor.java:235] [pool-1-thread-1]  OK
INFO [2021-01-25 14:09:02,985]  [BatchRunner.java:72] [pool-1-thread-1]  Executing Command: group strand

INFO [2021-01-25 14:09:05,005]  [CommandExecutor.java:235] [pool-1-thread-1]  OK
INFO [2021-01-25 14:09:05,005]  [BatchRunner.java:72] [pool-1-thread-1]  Executing Command: snapshot chr6_171115067_58491_h100UMC1086.png

Snapshot: /gpfs/gsfs8/users/CGR_integration/hpv_igv/workflow/output/IGV_Snapshots/UMC1086/chr6_171115067_58491_h100UMC1086.png
INFO [2021-01-25 14:09:07,054]  [CommandExecutor.java:235] [pool-1-thread-1]  OK
INFO [2021-01-25 14:09:07,054]  [BatchRunner.java:72] [pool-1-thread-1]  Executing Command: goto chr7:159138663-26701

INFO [2021-01-25 14:09:09,065]  [CommandExecutor.java:235] [pool-1-thread-1]  OK
INFO [2021-01-25 14:09:09,066]  [BatchRunner.java:72] [pool-1-thread-1]  Executing Command: group strand

INFO [2021-01-25 14:09:11,075]  [CommandExecutor.java:235] [pool-1-thread-1]  OK
INFO [2021-01-25 14:09:11,075]  [BatchRunner.java:72] [pool-1-thread-1]  Executing Command: snapshot chr7_159138663_26701_h100UMC1086.png

Snapshot: /gpfs/gsfs8/users/CGR_integration/hpv_igv/workflow/output/IGV_Snapshots/UMC1086/chr7_159138663_26701_h100UMC1086.png
INFO [2021-01-25 14:09:13,123]  [CommandExecutor.java:235] [pool-1-thread-1]  OK
INFO [2021-01-25 14:09:13,123]  [BatchRunner.java:72] [pool-1-thread-1]  Executing Command: goto chr8:146364022-10231

INFO [2021-01-25 14:09:15,137]  [CommandExecutor.java:235] [pool-1-thread-1]  OK
INFO [2021-01-25 14:09:15,138]  [BatchRunner.java:72] [pool-1-thread-1]  Executing Command: group strand

INFO [2021-01-25 14:09:17,143]  [CommandExecutor.java:235] [pool-1-thread-1]  OK
INFO [2021-01-25 14:09:17,143]  [BatchRunner.java:72] [pool-1-thread-1]  Executing Command: snapshot chr8_146364022_10231_h100UMC1086.png

Snapshot: /gpfs/gsfs8/users/CGR_integration/hpv_igv/workflow/output/IGV_Snapshots/UMC1086/chr8_146364022_10231_h100UMC1086.png
INFO [2021-01-25 14:09:19,193]  [CommandExecutor.java:235] [pool-1-thread-1]  OK
INFO [2021-01-25 14:09:19,197]  [BatchRunner.java:72] [pool-1-thread-1]  Executing Command: goto chr9:141213431-12255

INFO [2021-01-25 14:09:21,202]  [CommandExecutor.java:235] [pool-1-thread-1]  OK
INFO [2021-01-25 14:09:21,202]  [BatchRunner.java:72] [pool-1-thread-1]  Executing Command: group strand

INFO [2021-01-25 14:09:23,209]  [CommandExecutor.java:235] [pool-1-thread-1]  OK
INFO [2021-01-25 14:09:23,209]  [BatchRunner.java:72] [pool-1-thread-1]  Executing Command: snapshot chr9_141213431_12255_h100UMC1086.png

Snapshot: /gpfs/gsfs8/users/CGR_integration/hpv_igv/workflow/output/IGV_Snapshots/UMC1086/chr9_141213431_12255_h100UMC1086.png
INFO [2021-01-25 14:09:25,268]  [CommandExecutor.java:235] [pool-1-thread-1]  OK
INFO [2021-01-25 14:09:25,269]  [BatchRunner.java:72] [pool-1-thread-1]  Executing Command: goto chr10:135534747-22971

INFO [2021-01-25 14:09:27,281]  [CommandExecutor.java:235] [pool-1-thread-1]  OK
INFO [2021-01-25 14:09:27,281]  [BatchRunner.java:72] [pool-1-thread-1]  Executing Command: group strand

INFO [2021-01-25 14:09:29,293]  [CommandExecutor.java:235] [pool-1-thread-1]  OK
INFO [2021-01-25 14:09:29,293]  [BatchRunner.java:72] [pool-1-thread-1]  Executing Command: snapshot chr10_135534747_22971_h100UMC1086.png

Snapshot: /gpfs/gsfs8/users/CGR_integration/hpv_igv/workflow/output/IGV_Snapshots/UMC1086/chr10_135534747_22971_h100UMC1086.png
INFO [2021-01-25 14:09:31,350]  [CommandExecutor.java:235] [pool-1-thread-1]  OK
INFO [2021-01-25 14:09:31,350]  [BatchRunner.java:72] [pool-1-thread-1]  Executing Command: goto chr11:135006516-11907

INFO [2021-01-25 14:09:33,355]  [CommandExecutor.java:235] [pool-1-thread-1]  OK
INFO [2021-01-25 14:09:33,356]  [BatchRunner.java:72] [pool-1-thread-1]  Executing Command: group strand

INFO [2021-01-25 14:09:35,361]  [CommandExecutor.java:235] [pool-1-thread-1]  OK
INFO [2021-01-25 14:09:35,361]  [BatchRunner.java:72] [pool-1-thread-1]  Executing Command: snapshot chr11_135006516_11907_h100UMC1086.png

Snapshot: /gpfs/gsfs8/users/CGR_integration/hpv_igv/workflow/output/IGV_Snapshots/UMC1086/chr11_135006516_11907_h100UMC1086.png
INFO [2021-01-25 14:09:37,408]  [CommandExecutor.java:235] [pool-1-thread-1]  OK
INFO [2021-01-25 14:09:37,408]  [BatchRunner.java:72] [pool-1-thread-1]  Executing Command: goto chr12:133851895-28484

INFO [2021-01-25 14:09:39,416]  [CommandExecutor.java:235] [pool-1-thread-1]  OK
INFO [2021-01-25 14:09:39,416]  [BatchRunner.java:72] [pool-1-thread-1]  Executing Command: group strand

INFO [2021-01-25 14:09:41,421]  [CommandExecutor.java:235] [pool-1-thread-1]  OK
INFO [2021-01-25 14:09:41,421]  [BatchRunner.java:72] [pool-1-thread-1]  Executing Command: snapshot chr12_133851895_28484_h100UMC1086.png

Snapshot: /gpfs/gsfs8/users/CGR_integration/hpv_igv/workflow/output/IGV_Snapshots/UMC1086/chr12_133851895_28484_h100UMC1086.png
INFO [2021-01-25 14:09:43,508]  [CommandExecutor.java:235] [pool-1-thread-1]  OK
INFO [2021-01-25 14:09:43,508]  [BatchRunner.java:72] [pool-1-thread-1]  Executing Command: goto chr13:115169878-29466

INFO [2021-01-25 14:09:45,516]  [CommandExecutor.java:235] [pool-1-thread-1]  OK
INFO [2021-01-25 14:09:45,516]  [BatchRunner.java:72] [pool-1-thread-1]  Executing Command: group strand

INFO [2021-01-25 14:09:47,522]  [CommandExecutor.java:235] [pool-1-thread-1]  OK
INFO [2021-01-25 14:09:47,522]  [BatchRunner.java:72] [pool-1-thread-1]  Executing Command: snapshot chr13_115169878_29466_h100UMC1086.png

Snapshot: /gpfs/gsfs8/users/CGR_integration/hpv_igv/workflow/output/IGV_Snapshots/UMC1086/chr13_115169878_29466_h100UMC1086.png
INFO [2021-01-25 14:09:49,570]  [CommandExecutor.java:235] [pool-1-thread-1]  OK
INFO [2021-01-25 14:09:49,570]  [BatchRunner.java:72] [pool-1-thread-1]  Executing Command: goto chr14:107349540-24316

INFO [2021-01-25 14:09:51,577]  [CommandExecutor.java:235] [pool-1-thread-1]  OK
INFO [2021-01-25 14:09:51,578]  [BatchRunner.java:72] [pool-1-thread-1]  Executing Command: group strand

INFO [2021-01-25 14:09:53,582]  [CommandExecutor.java:235] [pool-1-thread-1]  OK
INFO [2021-01-25 14:09:53,584]  [BatchRunner.java:72] [pool-1-thread-1]  Executing Command: snapshot chr14_107349540_24316_h100UMC1086.png

Snapshot: /gpfs/gsfs8/users/CGR_integration/hpv_igv/workflow/output/IGV_Snapshots/UMC1086/chr14_107349540_24316_h100UMC1086.png
INFO [2021-01-25 14:09:55,641]  [CommandExecutor.java:235] [pool-1-thread-1]  OK
INFO [2021-01-25 14:09:55,642]  [BatchRunner.java:72] [pool-1-thread-1]  Executing Command: goto chr15:102531392-36927

INFO [2021-01-25 14:09:57,654]  [CommandExecutor.java:235] [pool-1-thread-1]  OK
INFO [2021-01-25 14:09:57,655]  [BatchRunner.java:72] [pool-1-thread-1]  Executing Command: group strand

INFO [2021-01-25 14:09:59,660]  [CommandExecutor.java:235] [pool-1-thread-1]  OK
INFO [2021-01-25 14:09:59,660]  [BatchRunner.java:72] [pool-1-thread-1]  Executing Command: snapshot chr15_102531392_36927_h100UMC1086.png

Snapshot: /gpfs/gsfs8/users/CGR_integration/hpv_igv/workflow/output/IGV_Snapshots/UMC1086/chr15_102531392_36927_h100UMC1086.png
INFO [2021-01-25 14:10:01,705]  [CommandExecutor.java:235] [pool-1-thread-1]  OK
INFO [2021-01-25 14:10:01,706]  [BatchRunner.java:72] [pool-1-thread-1]  Executing Command: goto chr16:90354753-9803

INFO [2021-01-25 14:10:03,714]  [CommandExecutor.java:235] [pool-1-thread-1]  OK
INFO [2021-01-25 14:10:03,714]  [BatchRunner.java:72] [pool-1-thread-1]  Executing Command: group strand

INFO [2021-01-25 14:10:05,721]  [CommandExecutor.java:235] [pool-1-thread-1]  OK
INFO [2021-01-25 14:10:05,721]  [BatchRunner.java:72] [pool-1-thread-1]  Executing Command: snapshot chr16_90354753_9803_h100UMC1086.png

Snapshot: /gpfs/gsfs8/users/CGR_integration/hpv_igv/workflow/output/IGV_Snapshots/UMC1086/chr16_90354753_9803_h100UMC1086.png
INFO [2021-01-25 14:10:07,773]  [CommandExecutor.java:235] [pool-1-thread-1]  OK
INFO [2021-01-25 14:10:07,773]  [BatchRunner.java:72] [pool-1-thread-1]  Executing Command: goto chr17:81195210-8369

INFO [2021-01-25 14:10:09,778]  [CommandExecutor.java:235] [pool-1-thread-1]  OK
INFO [2021-01-25 14:10:09,778]  [BatchRunner.java:72] [pool-1-thread-1]  Executing Command: group strand

INFO [2021-01-25 14:10:11,783]  [CommandExecutor.java:235] [pool-1-thread-1]  OK
INFO [2021-01-25 14:10:11,784]  [BatchRunner.java:72] [pool-1-thread-1]  Executing Command: snapshot chr17_81195210_8369_h100UMC1086.png

Snapshot: /gpfs/gsfs8/users/CGR_integration/hpv_igv/workflow/output/IGV_Snapshots/UMC1086/chr17_81195210_8369_h100UMC1086.png
INFO [2021-01-25 14:10:13,831]  [CommandExecutor.java:235] [pool-1-thread-1]  OK
INFO [2021-01-25 14:10:13,831]  [BatchRunner.java:72] [pool-1-thread-1]  Executing Command: goto chr18:78077248-20579

INFO [2021-01-25 14:10:15,837]  [CommandExecutor.java:235] [pool-1-thread-1]  OK
INFO [2021-01-25 14:10:15,838]  [BatchRunner.java:72] [pool-1-thread-1]  Executing Command: group strand

INFO [2021-01-25 14:10:17,843]  [CommandExecutor.java:235] [pool-1-thread-1]  OK
INFO [2021-01-25 14:10:17,843]  [BatchRunner.java:72] [pool-1-thread-1]  Executing Command: snapshot chr18_78077248_20579_h100UMC1086.png

Snapshot: /gpfs/gsfs8/users/CGR_integration/hpv_igv/workflow/output/IGV_Snapshots/UMC1086/chr18_78077248_20579_h100UMC1086.png
INFO [2021-01-25 14:10:19,888]  [CommandExecutor.java:235] [pool-1-thread-1]  OK
INFO [2021-01-25 14:10:19,888]  [BatchRunner.java:72] [pool-1-thread-1]  Executing Command: goto chr19:59128983-14302

INFO [2021-01-25 14:10:21,897]  [CommandExecutor.java:235] [pool-1-thread-1]  OK
INFO [2021-01-25 14:10:21,897]  [BatchRunner.java:72] [pool-1-thread-1]  Executing Command: group strand

INFO [2021-01-25 14:10:23,907]  [CommandExecutor.java:235] [pool-1-thread-1]  OK
INFO [2021-01-25 14:10:23,908]  [BatchRunner.java:72] [pool-1-thread-1]  Executing Command: snapshot chr19_59128983_14302_h100UMC1086.png

Snapshot: /gpfs/gsfs8/users/CGR_integration/hpv_igv/workflow/output/IGV_Snapshots/UMC1086/chr19_59128983_14302_h100UMC1086.png
INFO [2021-01-25 14:10:25,980]  [CommandExecutor.java:235] [pool-1-thread-1]  OK
INFO [2021-01-25 14:10:25,980]  [BatchRunner.java:72] [pool-1-thread-1]  Executing Command: goto chr20:63025520-3039

INFO [2021-01-25 14:10:27,987]  [CommandExecutor.java:235] [pool-1-thread-1]  OK
INFO [2021-01-25 14:10:27,988]  [BatchRunner.java:72] [pool-1-thread-1]  Executing Command: group strand

INFO [2021-01-25 14:10:29,992]  [CommandExecutor.java:235] [pool-1-thread-1]  OK
INFO [2021-01-25 14:10:29,992]  [BatchRunner.java:72] [pool-1-thread-1]  Executing Command: snapshot chr20_63025520_3039_h100UMC1086.png

Snapshot: /gpfs/gsfs8/users/CGR_integration/hpv_igv/workflow/output/IGV_Snapshots/UMC1086/chr20_63025520_3039_h100UMC1086.png
INFO [2021-01-25 14:10:32,038]  [CommandExecutor.java:235] [pool-1-thread-1]  OK
INFO [2021-01-25 14:10:32,038]  [BatchRunner.java:72] [pool-1-thread-1]  Executing Command: goto chr21:48129895-4336

INFO [2021-01-25 14:10:34,049]  [CommandExecutor.java:235] [pool-1-thread-1]  OK
INFO [2021-01-25 14:10:34,050]  [BatchRunner.java:72] [pool-1-thread-1]  Executing Command: group strand

INFO [2021-01-25 14:10:36,055]  [CommandExecutor.java:235] [pool-1-thread-1]  OK
INFO [2021-01-25 14:10:36,056]  [BatchRunner.java:72] [pool-1-thread-1]  Executing Command: snapshot chr21_48129895_4336_h100UMC1086.png

Snapshot: /gpfs/gsfs8/users/CGR_integration/hpv_igv/workflow/output/IGV_Snapshots/UMC1086/chr21_48129895_4336_h100UMC1086.png
INFO [2021-01-25 14:10:38,097]  [CommandExecutor.java:235] [pool-1-thread-1]  OK
INFO [2021-01-25 14:10:38,098]  [BatchRunner.java:72] [pool-1-thread-1]  Executing Command: goto chr22:51304566-654

INFO [2021-01-25 14:10:40,106]  [CommandExecutor.java:235] [pool-1-thread-1]  OK
INFO [2021-01-25 14:10:40,106]  [BatchRunner.java:72] [pool-1-thread-1]  Executing Command: group strand

INFO [2021-01-25 14:10:42,112]  [CommandExecutor.java:235] [pool-1-thread-1]  OK
INFO [2021-01-25 14:10:42,113]  [BatchRunner.java:72] [pool-1-thread-1]  Executing Command: snapshot chr22_51304566_654_h100UMC1086.png

Snapshot: /gpfs/gsfs8/users/CGR_integration/hpv_igv/workflow/output/IGV_Snapshots/UMC1086/chr22_51304566_654_h100UMC1086.png
INFO [2021-01-25 14:10:44,157]  [CommandExecutor.java:235] [pool-1-thread-1]  OK
INFO [2021-01-25 14:10:44,157]  [BatchRunner.java:72] [pool-1-thread-1]  Executing Command: goto chrX:155270560-44773

INFO [2021-01-25 14:10:46,164]  [CommandExecutor.java:235] [pool-1-thread-1]  OK
INFO [2021-01-25 14:10:46,165]  [BatchRunner.java:72] [pool-1-thread-1]  Executing Command: group strand

INFO [2021-01-25 14:10:48,171]  [CommandExecutor.java:235] [pool-1-thread-1]  OK
INFO [2021-01-25 14:10:48,171]  [BatchRunner.java:72] [pool-1-thread-1]  Executing Command: snapshot chrX_155270560_44773_h100UMC1086.png

Snapshot: /gpfs/gsfs8/users/CGR_integration/hpv_igv/workflow/output/IGV_Snapshots/UMC1086/chrX_155270560_44773_h100UMC1086.png
INFO [2021-01-25 14:10:50,235]  [CommandExecutor.java:235] [pool-1-thread-1]  OK
INFO [2021-01-25 14:10:50,236]  [BatchRunner.java:72] [pool-1-thread-1]  Executing Command: goto chrY:59373566-8032

INFO [2021-01-25 14:10:52,245]  [CommandExecutor.java:235] [pool-1-thread-1]  OK
INFO [2021-01-25 14:10:52,245]  [BatchRunner.java:72] [pool-1-thread-1]  Executing Command: group strand

INFO [2021-01-25 14:10:54,255]  [CommandExecutor.java:235] [pool-1-thread-1]  OK
INFO [2021-01-25 14:10:54,256]  [BatchRunner.java:72] [pool-1-thread-1]  Executing Command: snapshot chrY_59373566_8032_h100UMC1086.png

Snapshot: /gpfs/gsfs8/users/CGR_integration/hpv_igv/workflow/output/IGV_Snapshots/UMC1086/chrY_59373566_8032_h100UMC1086.png
INFO [2021-01-25 14:10:56,304]  [CommandExecutor.java:235] [pool-1-thread-1]  OK
INFO [2021-01-25 14:10:56,304]  [BatchRunner.java:72] [pool-1-thread-1]  Executing Command: exit

INFO [2021-01-25 14:10:56,309]  [ShutdownThread.java:51] [Thread-2]  Shutting down

IGV finished; elapsed time is:
0:03:32.127166

[Mon Jan 25 14:11:03 2021]
Error in rule igv_snapshot:
    jobid: 0
    output: output/IGV_Snapshots/merge/UMC1086.png
    shell:
        
          python /data/CGR_integration/hpv_igv/IGV-snapshot-automator-master/make_IGV_snapshots.py -mem 16000 -ht 100 -bin /data/CGR_integration/hpv_igv/IGV-snapshot-automator-master/bin/IGV_2.3.81/igv.jar -o output/IGV_Snapshots/UMC1086 /data/CGR_integration/hpv_igv/data/08282019_methylation/meth/bam/UMC1086.bam -r /data/CGR_integration/hpv_igv/data/08282019_methylation/meth/igv_bed/UMC1086.bed -g /data/CGR_integration/hpv_igv/ref/HPV_Ref_Alphas65_Pad400_hg19.fasta -s -suffix UMC1086 2> log/UMC1086_igv.err
          if ls output/IGV_Snapshots/UMC1086/*.png 1> /dev/null 2>&1; then 
          magick montage -label '%f' -pointsize 24 -geometry 1920x900+2+2 -title 'UMC1086' -tile 1x output/IGV_Snapshots/UMC1086/*.png output/IGV_Snapshots/merge/UMC1086.png 2> log/UMC1086_merge.err
          mkdir -p merge_true
          cp output/IGV_Snapshots/merge/UMC1086.png output//IGV_Snapshots/merge_true/UMC1086.png 2>log/UMC1086_cp.err
          else
          touch output/IGV_Snapshots/merge/UMC1086.png 
          fi
          
        (one of the commands exited with non-zero exit code; note that snakemake uses bash strict mode!)

Shutting down, this might take some time.
Exiting because a job execution failed. Look above for error message
