Building DAG of jobs...
Using shell: /usr/bin/bash
Provided cores: 4
Rules claiming more threads will be scaled down.
Job counts:
	count	jobs
	1	igv_snapshot
	1

[Mon Jan 25 14:32:06 2021]
rule igv_snapshot:
    input: /data/CGR_integration/hpv_igv/data/08282019_methylation/meth/bam/UMC1081.bam, /data/CGR_integration/hpv_igv/data/08282019_methylation/meth/igv_bed/UMC1081.bed
    output: output/IGV_Snapshots/merge/UMC1081.png
    jobid: 0
    wildcards: sample=UMC1081
    threads: 4


          python /data/CGR_integration/hpv_igv/IGV-snapshot-automator-master/make_IGV_snapshots.py -mem 16000 -ht 100 -bin /data/CGR_integration/hpv_igv/IGV-snapshot-automator-master/bin/IGV_2.3.81/igv.jar -o output/IGV_Snapshots/UMC1081 /data/CGR_integration/hpv_igv/data/08282019_methylation/meth/bam/UMC1081.bam -r /data/CGR_integration/hpv_igv/data/08282019_methylation/meth/igv_bed/UMC1081.bed -g /data/CGR_integration/hpv_igv/ref/HPV_Ref_Alphas65_Pad400_hg19.fasta -s -suffix UMC1081 2> log/UMC1081_igv.err
          mkdir -p output/IGV_Snapshots/merge
          if ls output/IGV_Snapshots/UMC1081/*.png 1> /dev/null 2>&1; then 
          magick montage -label '%f' -pointsize 24 -geometry 1920x900+2+2 -title 'UMC1081' -tile 1x output/IGV_Snapshots/UMC1081/*.png output/IGV_Snapshots/merge/UMC1081.png 2> log/UMC1081_merge.err
          mkdir -p output/IGV_Snapshots/merge_true
          cp output/IGV_Snapshots/merge/UMC1081.png output//IGV_Snapshots/merge_true/UMC1081.png 2>log/UMC1081_cp.err
          else
          touch output/IGV_Snapshots/merge/UMC1081.png 
          fi
          

~~~ IGV SNAPSHOT AUTOMATOR ~~~

Reference genome:
/data/CGR_integration/hpv_igv/ref/HPV_Ref_Alphas65_Pad400_hg19.fasta

Track height:
100

IGV binary file:
/data/CGR_integration/hpv_igv/IGV-snapshot-automator-master/bin/IGV_2.3.81/igv.jar

Output directory will be:
output/IGV_Snapshots/UMC1081

Batchscript file will be:
output/IGV_Snapshots/UMC1081/IGV_snapshots.bat

Region file:
/data/CGR_integration/hpv_igv/data/08282019_methylation/meth/igv_bed/UMC1081.bed

Input files to snapshot:

/data/CGR_integration/hpv_igv/data/08282019_methylation/meth/bam/UMC1081.bam

Making the output directory...

Writing IGV batch script to file:
output/IGV_Snapshots/UMC1081/IGV_snapshots.bat


Getting regions from BED file...

Read 29 regions

Open Xvfb port found on:
1


IGV command is:
xvfb-run -a --server-args='-screen 0 1920x1280x24'xrandr java -Xmx16000m -jar /data/CGR_integration/hpv_igv/IGV-snapshot-automator-master/bin/IGV_2.3.81/igv.jar -b output/IGV_Snapshots/UMC1081/IGV_snapshots.bat


Current time is:
2021-01-25 14:32:06.291604


Running the IGV command...
INFO [2021-01-25 14:32:10,180]  [DirectoryManager.java:169] [main]  IGV Directory: /home/daij/igv
INFO [2021-01-25 14:32:10,180] [DirectoryManager.java:169]  IGV Directory: /home/daij/igv
INFO [2021-01-25 14:32:10,186]  [Main.java:133] [main]  Startup  IGV Version 2.3.81 (127)08/30/2016 02:20 PM
INFO [2021-01-25 14:32:10,186]  [Main.java:134] [main]  Java 1.8.0_211
INFO [2021-01-25 14:32:10,186]  [DirectoryManager.java:72] [main]  Fetching user directory... 
INFO [2021-01-25 14:32:10,329]  [Main.java:135] [main]  Default User Directory: /home/daij
INFO [2021-01-25 14:32:10,329]  [Main.java:136] [main]  OS: Linux

(process:31469): dconf-CRITICAL **: unable to create directory '/run/user/37498/dconf': Permission denied.  dconf will not work properly.

(process:31469): dconf-CRITICAL **: unable to create directory '/run/user/37498/dconf': Permission denied.  dconf will not work properly.

(process:31469): dconf-CRITICAL **: unable to create directory '/run/user/37498/dconf': Permission denied.  dconf will not work properly.

(process:31469): dconf-CRITICAL **: unable to create directory '/run/user/37498/dconf': Permission denied.  dconf will not work properly.

(process:31469): dconf-CRITICAL **: unable to create directory '/run/user/37498/dconf': Permission denied.  dconf will not work properly.

(process:31469): dconf-CRITICAL **: unable to create directory '/run/user/37498/dconf': Permission denied.  dconf will not work properly.

(process:31469): dconf-CRITICAL **: unable to create directory '/run/user/37498/dconf': Permission denied.  dconf will not work properly.

(process:31469): dconf-CRITICAL **: unable to create directory '/run/user/37498/dconf': Permission denied.  dconf will not work properly.

(process:31469): dconf-CRITICAL **: unable to create directory '/run/user/37498/dconf': Permission denied.  dconf will not work properly.

(process:31469): dconf-CRITICAL **: unable to create directory '/run/user/37498/dconf': Permission denied.  dconf will not work properly.
INFO [2021-01-25 14:32:10,994]  [Main.java:184] [main]  A later version of IGV is available (2.7.22.7.2)
INFO [2021-01-25 14:32:25,100]  [GenomeManager.java:145] [main]  Loading genome: /data/CGR_integration/hpv_igv/ref/HPV_Ref_Alphas65_Pad400_hg19.fasta
INFO [2021-01-25 14:32:25,122]  [GenomeManager.java:192] [main]  Genome loaded.  id= /data/CGR_integration/hpv_igv/ref/HPV_Ref_Alphas65_Pad400_hg19.fasta
INFO [2021-01-25 14:32:25,303]  [BatchRunner.java:72] [pool-1-thread-1]  Executing Command: new

INFO [2021-01-25 14:32:25,438]  [CommandListener.java:106] [Thread-6]  Listening on port 60151
INFO [2021-01-25 14:32:28,019]  [CommandExecutor.java:235] [pool-1-thread-1]  OK
INFO [2021-01-25 14:32:28,020]  [BatchRunner.java:72] [pool-1-thread-1]  Executing Command: genome /data/CGR_integration/hpv_igv/ref/HPV_Ref_Alphas65_Pad400_hg19.fasta

INFO [2021-01-25 14:32:30,034]  [CommandExecutor.java:235] [pool-1-thread-1]  OK
INFO [2021-01-25 14:32:30,034]  [BatchRunner.java:72] [pool-1-thread-1]  Executing Command: snapshotDirectory output/IGV_Snapshots/UMC1081

INFO [2021-01-25 14:32:32,048]  [CommandExecutor.java:235] [pool-1-thread-1]  OK
INFO [2021-01-25 14:32:32,049]  [BatchRunner.java:72] [pool-1-thread-1]  Executing Command: load /data/CGR_integration/hpv_igv/data/08282019_methylation/meth/bam/UMC1081.bam

INFO [2021-01-25 14:32:32,051]  [IGV.java:1700] [pool-1-thread-1]  Loading 1 resources.
INFO [2021-01-25 14:32:32,052]  [TrackLoader.java:120] [pool-1-thread-1]  Loading resource, path /data/CGR_integration/hpv_igv/data/08282019_methylation/meth/bam/UMC1081.bam
WARNING: BAM index file /data/CGR_integration/hpv_igv/data/08282019_methylation/meth/bam/UMC1081.bam.bai is older than BAM /data/CGR_integration/hpv_igv/data/08282019_methylation/meth/bam/UMC1081.bam
INFO [2021-01-25 14:32:34,327]  [CommandExecutor.java:235] [pool-1-thread-1]  OK
INFO [2021-01-25 14:32:34,327]  [BatchRunner.java:72] [pool-1-thread-1]  Executing Command: maxPanelHeight 100

INFO [2021-01-25 14:32:34,335]  [BatchRunner.java:72] [pool-1-thread-1]  Executing Command: goto HPV33:7909-126

INFO [2021-01-25 14:32:34,350]  [MessageUtils.java:74] [pool-1-thread-1]  Cannot find feature or locus: HPV33:7909-126
INFO [2021-01-25 14:32:36,367]  [CommandExecutor.java:235] [pool-1-thread-1]  OK
INFO [2021-01-25 14:32:36,367]  [BatchRunner.java:72] [pool-1-thread-1]  Executing Command: group strand

INFO [2021-01-25 14:32:38,386]  [CommandExecutor.java:235] [pool-1-thread-1]  OK
INFO [2021-01-25 14:32:38,386]  [BatchRunner.java:72] [pool-1-thread-1]  Executing Command: snapshot HPV33_7909_126_h100UMC1081.png

Snapshot: /gpfs/gsfs8/users/CGR_integration/hpv_igv/workflow/output/IGV_Snapshots/UMC1081/HPV33_7909_126_h100UMC1081.png
INFO [2021-01-25 14:32:40,514]  [CommandExecutor.java:235] [pool-1-thread-1]  OK
INFO [2021-01-25 14:32:40,514]  [BatchRunner.java:72] [pool-1-thread-1]  Executing Command: goto HPV51:7808-204

INFO [2021-01-25 14:32:40,520]  [MessageUtils.java:74] [pool-1-thread-1]  Cannot find feature or locus: HPV51:7808-204
INFO [2021-01-25 14:32:42,528]  [CommandExecutor.java:235] [pool-1-thread-1]  OK
INFO [2021-01-25 14:32:42,528]  [BatchRunner.java:72] [pool-1-thread-1]  Executing Command: group strand

INFO [2021-01-25 14:32:44,545]  [CommandExecutor.java:235] [pool-1-thread-1]  OK
INFO [2021-01-25 14:32:44,545]  [BatchRunner.java:72] [pool-1-thread-1]  Executing Command: snapshot HPV51_7808_204_h100UMC1081.png

Snapshot: /gpfs/gsfs8/users/CGR_integration/hpv_igv/workflow/output/IGV_Snapshots/UMC1081/HPV51_7808_204_h100UMC1081.png
INFO [2021-01-25 14:32:46,602]  [CommandExecutor.java:235] [pool-1-thread-1]  OK
INFO [2021-01-25 14:32:46,602]  [BatchRunner.java:72] [pool-1-thread-1]  Executing Command: goto HPV52:7942-49007

INFO [2021-01-25 14:32:46,606]  [MessageUtils.java:74] [pool-1-thread-1]  Cannot find feature or locus: HPV52:7942-49007
INFO [2021-01-25 14:32:48,614]  [CommandExecutor.java:235] [pool-1-thread-1]  OK
INFO [2021-01-25 14:32:48,614]  [BatchRunner.java:72] [pool-1-thread-1]  Executing Command: group strand

INFO [2021-01-25 14:32:50,627]  [CommandExecutor.java:235] [pool-1-thread-1]  OK
INFO [2021-01-25 14:32:50,627]  [BatchRunner.java:72] [pool-1-thread-1]  Executing Command: snapshot HPV52_7942_49007_h100UMC1081.png

Snapshot: /gpfs/gsfs8/users/CGR_integration/hpv_igv/workflow/output/IGV_Snapshots/UMC1081/HPV52_7942_49007_h100UMC1081.png
INFO [2021-01-25 14:32:52,690]  [CommandExecutor.java:235] [pool-1-thread-1]  OK
INFO [2021-01-25 14:32:52,690]  [BatchRunner.java:72] [pool-1-thread-1]  Executing Command: goto HPV58:7824-137

INFO [2021-01-25 14:32:52,694]  [MessageUtils.java:74] [pool-1-thread-1]  Cannot find feature or locus: HPV58:7824-137
INFO [2021-01-25 14:32:54,701]  [CommandExecutor.java:235] [pool-1-thread-1]  OK
INFO [2021-01-25 14:32:54,701]  [BatchRunner.java:72] [pool-1-thread-1]  Executing Command: group strand

INFO [2021-01-25 14:32:56,709]  [CommandExecutor.java:235] [pool-1-thread-1]  OK
INFO [2021-01-25 14:32:56,709]  [BatchRunner.java:72] [pool-1-thread-1]  Executing Command: snapshot HPV58_7824_137_h100UMC1081.png

Snapshot: /gpfs/gsfs8/users/CGR_integration/hpv_igv/workflow/output/IGV_Snapshots/UMC1081/HPV58_7824_137_h100UMC1081.png
INFO [2021-01-25 14:32:58,766]  [CommandExecutor.java:235] [pool-1-thread-1]  OK
INFO [2021-01-25 14:32:58,766]  [BatchRunner.java:72] [pool-1-thread-1]  Executing Command: goto Lambda_NEB:48502-110

INFO [2021-01-25 14:32:58,770]  [MessageUtils.java:74] [pool-1-thread-1]  Cannot find feature or locus: Lambda_NEB:48502-110
INFO [2021-01-25 14:33:00,777]  [CommandExecutor.java:235] [pool-1-thread-1]  OK
INFO [2021-01-25 14:33:00,777]  [BatchRunner.java:72] [pool-1-thread-1]  Executing Command: group strand

INFO [2021-01-25 14:33:02,791]  [CommandExecutor.java:235] [pool-1-thread-1]  OK
INFO [2021-01-25 14:33:02,792]  [BatchRunner.java:72] [pool-1-thread-1]  Executing Command: snapshot Lambda_NEB_48502_110_h100UMC1081.png

Snapshot: /gpfs/gsfs8/users/CGR_integration/hpv_igv/workflow/output/IGV_Snapshots/UMC1081/Lambda_NEB_48502_110_h100UMC1081.png
INFO [2021-01-25 14:33:04,844]  [CommandExecutor.java:235] [pool-1-thread-1]  OK
INFO [2021-01-25 14:33:04,844]  [BatchRunner.java:72] [pool-1-thread-1]  Executing Command: goto chr1:249250621-14516

INFO [2021-01-25 14:33:06,864]  [CommandExecutor.java:235] [pool-1-thread-1]  OK
INFO [2021-01-25 14:33:06,864]  [BatchRunner.java:72] [pool-1-thread-1]  Executing Command: group strand

INFO [2021-01-25 14:33:08,877]  [CommandExecutor.java:235] [pool-1-thread-1]  OK
INFO [2021-01-25 14:33:08,878]  [BatchRunner.java:72] [pool-1-thread-1]  Executing Command: snapshot chr1_249250621_14516_h100UMC1081.png

Snapshot: /gpfs/gsfs8/users/CGR_integration/hpv_igv/workflow/output/IGV_Snapshots/UMC1081/chr1_249250621_14516_h100UMC1081.png
INFO [2021-01-25 14:33:10,938]  [CommandExecutor.java:235] [pool-1-thread-1]  OK
INFO [2021-01-25 14:33:10,938]  [BatchRunner.java:72] [pool-1-thread-1]  Executing Command: goto chr2:243199373-30959

INFO [2021-01-25 14:33:12,949]  [CommandExecutor.java:235] [pool-1-thread-1]  OK
INFO [2021-01-25 14:33:12,949]  [BatchRunner.java:72] [pool-1-thread-1]  Executing Command: group strand

INFO [2021-01-25 14:33:14,959]  [CommandExecutor.java:235] [pool-1-thread-1]  OK
INFO [2021-01-25 14:33:14,959]  [BatchRunner.java:72] [pool-1-thread-1]  Executing Command: snapshot chr2_243199373_30959_h100UMC1081.png

Snapshot: /gpfs/gsfs8/users/CGR_integration/hpv_igv/workflow/output/IGV_Snapshots/UMC1081/chr2_243199373_30959_h100UMC1081.png
INFO [2021-01-25 14:33:17,009]  [CommandExecutor.java:235] [pool-1-thread-1]  OK
INFO [2021-01-25 14:33:17,010]  [BatchRunner.java:72] [pool-1-thread-1]  Executing Command: goto chr3:198022430-26307

INFO [2021-01-25 14:33:19,021]  [CommandExecutor.java:235] [pool-1-thread-1]  OK
INFO [2021-01-25 14:33:19,021]  [BatchRunner.java:72] [pool-1-thread-1]  Executing Command: group strand

INFO [2021-01-25 14:33:21,027]  [CommandExecutor.java:235] [pool-1-thread-1]  OK
INFO [2021-01-25 14:33:21,027]  [BatchRunner.java:72] [pool-1-thread-1]  Executing Command: snapshot chr3_198022430_26307_h100UMC1081.png

Snapshot: /gpfs/gsfs8/users/CGR_integration/hpv_igv/workflow/output/IGV_Snapshots/UMC1081/chr3_198022430_26307_h100UMC1081.png
INFO [2021-01-25 14:33:23,079]  [CommandExecutor.java:235] [pool-1-thread-1]  OK
INFO [2021-01-25 14:33:23,079]  [BatchRunner.java:72] [pool-1-thread-1]  Executing Command: goto chr4:191154276-29908

INFO [2021-01-25 14:33:25,087]  [CommandExecutor.java:235] [pool-1-thread-1]  OK
INFO [2021-01-25 14:33:25,088]  [BatchRunner.java:72] [pool-1-thread-1]  Executing Command: group strand

INFO [2021-01-25 14:33:27,096]  [CommandExecutor.java:235] [pool-1-thread-1]  OK
INFO [2021-01-25 14:33:27,096]  [BatchRunner.java:72] [pool-1-thread-1]  Executing Command: snapshot chr4_191154276_29908_h100UMC1081.png

Snapshot: /gpfs/gsfs8/users/CGR_integration/hpv_igv/workflow/output/IGV_Snapshots/UMC1081/chr4_191154276_29908_h100UMC1081.png
INFO [2021-01-25 14:33:29,145]  [CommandExecutor.java:235] [pool-1-thread-1]  OK
INFO [2021-01-25 14:33:29,145]  [BatchRunner.java:72] [pool-1-thread-1]  Executing Command: goto chr5:180915260-26027

INFO [2021-01-25 14:33:31,156]  [CommandExecutor.java:235] [pool-1-thread-1]  OK
INFO [2021-01-25 14:33:31,156]  [BatchRunner.java:72] [pool-1-thread-1]  Executing Command: group strand

INFO [2021-01-25 14:33:33,165]  [CommandExecutor.java:235] [pool-1-thread-1]  OK
INFO [2021-01-25 14:33:33,165]  [BatchRunner.java:72] [pool-1-thread-1]  Executing Command: snapshot chr5_180915260_26027_h100UMC1081.png

Snapshot: /gpfs/gsfs8/users/CGR_integration/hpv_igv/workflow/output/IGV_Snapshots/UMC1081/chr5_180915260_26027_h100UMC1081.png
INFO [2021-01-25 14:33:35,215]  [CommandExecutor.java:235] [pool-1-thread-1]  OK
INFO [2021-01-25 14:33:35,215]  [BatchRunner.java:72] [pool-1-thread-1]  Executing Command: goto chr6:171115067-14907

INFO [2021-01-25 14:33:37,221]  [CommandExecutor.java:235] [pool-1-thread-1]  OK
INFO [2021-01-25 14:33:37,221]  [BatchRunner.java:72] [pool-1-thread-1]  Executing Command: group strand

INFO [2021-01-25 14:33:39,233]  [CommandExecutor.java:235] [pool-1-thread-1]  OK
INFO [2021-01-25 14:33:39,233]  [BatchRunner.java:72] [pool-1-thread-1]  Executing Command: snapshot chr6_171115067_14907_h100UMC1081.png

Snapshot: /gpfs/gsfs8/users/CGR_integration/hpv_igv/workflow/output/IGV_Snapshots/UMC1081/chr6_171115067_14907_h100UMC1081.png
INFO [2021-01-25 14:33:41,284]  [CommandExecutor.java:235] [pool-1-thread-1]  OK
INFO [2021-01-25 14:33:41,284]  [BatchRunner.java:72] [pool-1-thread-1]  Executing Command: goto chr7:159138663-9223

INFO [2021-01-25 14:33:43,293]  [CommandExecutor.java:235] [pool-1-thread-1]  OK
INFO [2021-01-25 14:33:43,294]  [BatchRunner.java:72] [pool-1-thread-1]  Executing Command: group strand

INFO [2021-01-25 14:33:45,302]  [CommandExecutor.java:235] [pool-1-thread-1]  OK
INFO [2021-01-25 14:33:45,302]  [BatchRunner.java:72] [pool-1-thread-1]  Executing Command: snapshot chr7_159138663_9223_h100UMC1081.png

Snapshot: /gpfs/gsfs8/users/CGR_integration/hpv_igv/workflow/output/IGV_Snapshots/UMC1081/chr7_159138663_9223_h100UMC1081.png
INFO [2021-01-25 14:33:47,353]  [CommandExecutor.java:235] [pool-1-thread-1]  OK
INFO [2021-01-25 14:33:47,353]  [BatchRunner.java:72] [pool-1-thread-1]  Executing Command: goto chr8:146364022-14729

INFO [2021-01-25 14:33:49,361]  [CommandExecutor.java:235] [pool-1-thread-1]  OK
INFO [2021-01-25 14:33:49,361]  [BatchRunner.java:72] [pool-1-thread-1]  Executing Command: group strand

INFO [2021-01-25 14:33:51,369]  [CommandExecutor.java:235] [pool-1-thread-1]  OK
INFO [2021-01-25 14:33:51,369]  [BatchRunner.java:72] [pool-1-thread-1]  Executing Command: snapshot chr8_146364022_14729_h100UMC1081.png

Snapshot: /gpfs/gsfs8/users/CGR_integration/hpv_igv/workflow/output/IGV_Snapshots/UMC1081/chr8_146364022_14729_h100UMC1081.png
INFO [2021-01-25 14:33:53,422]  [CommandExecutor.java:235] [pool-1-thread-1]  OK
INFO [2021-01-25 14:33:53,422]  [BatchRunner.java:72] [pool-1-thread-1]  Executing Command: goto chr9:141213431-29558

INFO [2021-01-25 14:33:55,430]  [CommandExecutor.java:235] [pool-1-thread-1]  OK
INFO [2021-01-25 14:33:55,431]  [BatchRunner.java:72] [pool-1-thread-1]  Executing Command: group strand

INFO [2021-01-25 14:33:57,438]  [CommandExecutor.java:235] [pool-1-thread-1]  OK
INFO [2021-01-25 14:33:57,439]  [BatchRunner.java:72] [pool-1-thread-1]  Executing Command: snapshot chr9_141213431_29558_h100UMC1081.png

Snapshot: /gpfs/gsfs8/users/CGR_integration/hpv_igv/workflow/output/IGV_Snapshots/UMC1081/chr9_141213431_29558_h100UMC1081.png
INFO [2021-01-25 14:33:59,492]  [CommandExecutor.java:235] [pool-1-thread-1]  OK
INFO [2021-01-25 14:33:59,493]  [BatchRunner.java:72] [pool-1-thread-1]  Executing Command: goto chr10:135534747-22845

INFO [2021-01-25 14:34:01,496]  [CommandExecutor.java:235] [pool-1-thread-1]  OK
INFO [2021-01-25 14:34:01,497]  [BatchRunner.java:72] [pool-1-thread-1]  Executing Command: group strand

INFO [2021-01-25 14:34:03,502]  [CommandExecutor.java:235] [pool-1-thread-1]  OK
INFO [2021-01-25 14:34:03,502]  [BatchRunner.java:72] [pool-1-thread-1]  Executing Command: snapshot chr10_135534747_22845_h100UMC1081.png

Snapshot: /gpfs/gsfs8/users/CGR_integration/hpv_igv/workflow/output/IGV_Snapshots/UMC1081/chr10_135534747_22845_h100UMC1081.png
INFO [2021-01-25 14:34:05,551]  [CommandExecutor.java:235] [pool-1-thread-1]  OK
INFO [2021-01-25 14:34:05,551]  [BatchRunner.java:72] [pool-1-thread-1]  Executing Command: goto chr11:135006516-8133

INFO [2021-01-25 14:34:07,558]  [CommandExecutor.java:235] [pool-1-thread-1]  OK
INFO [2021-01-25 14:34:07,558]  [BatchRunner.java:72] [pool-1-thread-1]  Executing Command: group strand

INFO [2021-01-25 14:34:09,567]  [CommandExecutor.java:235] [pool-1-thread-1]  OK
INFO [2021-01-25 14:34:09,567]  [BatchRunner.java:72] [pool-1-thread-1]  Executing Command: snapshot chr11_135006516_8133_h100UMC1081.png

Snapshot: /gpfs/gsfs8/users/CGR_integration/hpv_igv/workflow/output/IGV_Snapshots/UMC1081/chr11_135006516_8133_h100UMC1081.png
INFO [2021-01-25 14:34:11,624]  [CommandExecutor.java:235] [pool-1-thread-1]  OK
INFO [2021-01-25 14:34:11,624]  [BatchRunner.java:72] [pool-1-thread-1]  Executing Command: goto chr12:133851895-17522

INFO [2021-01-25 14:34:13,633]  [CommandExecutor.java:235] [pool-1-thread-1]  OK
INFO [2021-01-25 14:34:13,633]  [BatchRunner.java:72] [pool-1-thread-1]  Executing Command: group strand

INFO [2021-01-25 14:34:15,640]  [CommandExecutor.java:235] [pool-1-thread-1]  OK
INFO [2021-01-25 14:34:15,640]  [BatchRunner.java:72] [pool-1-thread-1]  Executing Command: snapshot chr12_133851895_17522_h100UMC1081.png

Snapshot: /gpfs/gsfs8/users/CGR_integration/hpv_igv/workflow/output/IGV_Snapshots/UMC1081/chr12_133851895_17522_h100UMC1081.png
INFO [2021-01-25 14:34:17,686]  [CommandExecutor.java:235] [pool-1-thread-1]  OK
INFO [2021-01-25 14:34:17,687]  [BatchRunner.java:72] [pool-1-thread-1]  Executing Command: goto chr13:115169878-13625

INFO [2021-01-25 14:34:19,690]  [CommandExecutor.java:235] [pool-1-thread-1]  OK
INFO [2021-01-25 14:34:19,690]  [BatchRunner.java:72] [pool-1-thread-1]  Executing Command: group strand

INFO [2021-01-25 14:34:21,697]  [CommandExecutor.java:235] [pool-1-thread-1]  OK
INFO [2021-01-25 14:34:21,698]  [BatchRunner.java:72] [pool-1-thread-1]  Executing Command: snapshot chr13_115169878_13625_h100UMC1081.png

Snapshot: /gpfs/gsfs8/users/CGR_integration/hpv_igv/workflow/output/IGV_Snapshots/UMC1081/chr13_115169878_13625_h100UMC1081.png
INFO [2021-01-25 14:34:23,744]  [CommandExecutor.java:235] [pool-1-thread-1]  OK
INFO [2021-01-25 14:34:23,744]  [BatchRunner.java:72] [pool-1-thread-1]  Executing Command: goto chr14:107349540-12807

INFO [2021-01-25 14:34:25,750]  [CommandExecutor.java:235] [pool-1-thread-1]  OK
INFO [2021-01-25 14:34:25,750]  [BatchRunner.java:72] [pool-1-thread-1]  Executing Command: group strand

INFO [2021-01-25 14:34:27,758]  [CommandExecutor.java:235] [pool-1-thread-1]  OK
INFO [2021-01-25 14:34:27,758]  [BatchRunner.java:72] [pool-1-thread-1]  Executing Command: snapshot chr14_107349540_12807_h100UMC1081.png

Snapshot: /gpfs/gsfs8/users/CGR_integration/hpv_igv/workflow/output/IGV_Snapshots/UMC1081/chr14_107349540_12807_h100UMC1081.png
INFO [2021-01-25 14:34:29,802]  [CommandExecutor.java:235] [pool-1-thread-1]  OK
INFO [2021-01-25 14:34:29,802]  [BatchRunner.java:72] [pool-1-thread-1]  Executing Command: goto chr15:102531392-15216

INFO [2021-01-25 14:34:31,811]  [CommandExecutor.java:235] [pool-1-thread-1]  OK
INFO [2021-01-25 14:34:31,811]  [BatchRunner.java:72] [pool-1-thread-1]  Executing Command: group strand

INFO [2021-01-25 14:34:33,817]  [CommandExecutor.java:235] [pool-1-thread-1]  OK
INFO [2021-01-25 14:34:33,817]  [BatchRunner.java:72] [pool-1-thread-1]  Executing Command: snapshot chr15_102531392_15216_h100UMC1081.png

Snapshot: /gpfs/gsfs8/users/CGR_integration/hpv_igv/workflow/output/IGV_Snapshots/UMC1081/chr15_102531392_15216_h100UMC1081.png
INFO [2021-01-25 14:34:35,865]  [CommandExecutor.java:235] [pool-1-thread-1]  OK
INFO [2021-01-25 14:34:35,865]  [BatchRunner.java:72] [pool-1-thread-1]  Executing Command: goto chr16:90354753-14171

INFO [2021-01-25 14:34:37,873]  [CommandExecutor.java:235] [pool-1-thread-1]  OK
INFO [2021-01-25 14:34:37,873]  [BatchRunner.java:72] [pool-1-thread-1]  Executing Command: group strand

INFO [2021-01-25 14:34:39,878]  [CommandExecutor.java:235] [pool-1-thread-1]  OK
INFO [2021-01-25 14:34:39,878]  [BatchRunner.java:72] [pool-1-thread-1]  Executing Command: snapshot chr16_90354753_14171_h100UMC1081.png

Snapshot: /gpfs/gsfs8/users/CGR_integration/hpv_igv/workflow/output/IGV_Snapshots/UMC1081/chr16_90354753_14171_h100UMC1081.png
INFO [2021-01-25 14:34:41,922]  [CommandExecutor.java:235] [pool-1-thread-1]  OK
INFO [2021-01-25 14:34:41,922]  [BatchRunner.java:72] [pool-1-thread-1]  Executing Command: goto chr17:81195210-1958

INFO [2021-01-25 14:34:43,929]  [CommandExecutor.java:235] [pool-1-thread-1]  OK
INFO [2021-01-25 14:34:43,929]  [BatchRunner.java:72] [pool-1-thread-1]  Executing Command: group strand

INFO [2021-01-25 14:34:45,934]  [CommandExecutor.java:235] [pool-1-thread-1]  OK
INFO [2021-01-25 14:34:45,935]  [BatchRunner.java:72] [pool-1-thread-1]  Executing Command: snapshot chr17_81195210_1958_h100UMC1081.png

Snapshot: /gpfs/gsfs8/users/CGR_integration/hpv_igv/workflow/output/IGV_Snapshots/UMC1081/chr17_81195210_1958_h100UMC1081.png
INFO [2021-01-25 14:34:47,980]  [CommandExecutor.java:235] [pool-1-thread-1]  OK
INFO [2021-01-25 14:34:47,980]  [BatchRunner.java:72] [pool-1-thread-1]  Executing Command: goto chr18:78077248-8905

INFO [2021-01-25 14:34:49,987]  [CommandExecutor.java:235] [pool-1-thread-1]  OK
INFO [2021-01-25 14:34:49,987]  [BatchRunner.java:72] [pool-1-thread-1]  Executing Command: group strand

INFO [2021-01-25 14:34:51,995]  [CommandExecutor.java:235] [pool-1-thread-1]  OK
INFO [2021-01-25 14:34:51,995]  [BatchRunner.java:72] [pool-1-thread-1]  Executing Command: snapshot chr18_78077248_8905_h100UMC1081.png

Snapshot: /gpfs/gsfs8/users/CGR_integration/hpv_igv/workflow/output/IGV_Snapshots/UMC1081/chr18_78077248_8905_h100UMC1081.png
INFO [2021-01-25 14:34:54,041]  [CommandExecutor.java:235] [pool-1-thread-1]  OK
INFO [2021-01-25 14:34:54,041]  [BatchRunner.java:72] [pool-1-thread-1]  Executing Command: goto chr19:59128983-13534

INFO [2021-01-25 14:34:56,049]  [CommandExecutor.java:235] [pool-1-thread-1]  OK
INFO [2021-01-25 14:34:56,050]  [BatchRunner.java:72] [pool-1-thread-1]  Executing Command: group strand

INFO [2021-01-25 14:34:58,055]  [CommandExecutor.java:235] [pool-1-thread-1]  OK
INFO [2021-01-25 14:34:58,056]  [BatchRunner.java:72] [pool-1-thread-1]  Executing Command: snapshot chr19_59128983_13534_h100UMC1081.png

Snapshot: /gpfs/gsfs8/users/CGR_integration/hpv_igv/workflow/output/IGV_Snapshots/UMC1081/chr19_59128983_13534_h100UMC1081.png
INFO [2021-01-25 14:35:00,101]  [CommandExecutor.java:235] [pool-1-thread-1]  OK
INFO [2021-01-25 14:35:00,102]  [BatchRunner.java:72] [pool-1-thread-1]  Executing Command: goto chr20:63025520-1456

INFO [2021-01-25 14:35:02,108]  [CommandExecutor.java:235] [pool-1-thread-1]  OK
INFO [2021-01-25 14:35:02,109]  [BatchRunner.java:72] [pool-1-thread-1]  Executing Command: group strand

INFO [2021-01-25 14:35:04,114]  [CommandExecutor.java:235] [pool-1-thread-1]  OK
INFO [2021-01-25 14:35:04,114]  [BatchRunner.java:72] [pool-1-thread-1]  Executing Command: snapshot chr20_63025520_1456_h100UMC1081.png

Snapshot: /gpfs/gsfs8/users/CGR_integration/hpv_igv/workflow/output/IGV_Snapshots/UMC1081/chr20_63025520_1456_h100UMC1081.png
INFO [2021-01-25 14:35:06,160]  [CommandExecutor.java:235] [pool-1-thread-1]  OK
INFO [2021-01-25 14:35:06,160]  [BatchRunner.java:72] [pool-1-thread-1]  Executing Command: goto chr21:48129895-6153

INFO [2021-01-25 14:35:08,167]  [CommandExecutor.java:235] [pool-1-thread-1]  OK
INFO [2021-01-25 14:35:08,167]  [BatchRunner.java:72] [pool-1-thread-1]  Executing Command: group strand

INFO [2021-01-25 14:35:10,173]  [CommandExecutor.java:235] [pool-1-thread-1]  OK
INFO [2021-01-25 14:35:10,174]  [BatchRunner.java:72] [pool-1-thread-1]  Executing Command: snapshot chr21_48129895_6153_h100UMC1081.png

Snapshot: /gpfs/gsfs8/users/CGR_integration/hpv_igv/workflow/output/IGV_Snapshots/UMC1081/chr21_48129895_6153_h100UMC1081.png
INFO [2021-01-25 14:35:12,223]  [CommandExecutor.java:235] [pool-1-thread-1]  OK
INFO [2021-01-25 14:35:12,223]  [BatchRunner.java:72] [pool-1-thread-1]  Executing Command: goto chr22:51304566-351

INFO [2021-01-25 14:35:14,231]  [CommandExecutor.java:235] [pool-1-thread-1]  OK
INFO [2021-01-25 14:35:14,231]  [BatchRunner.java:72] [pool-1-thread-1]  Executing Command: group strand

INFO [2021-01-25 14:35:16,236]  [CommandExecutor.java:235] [pool-1-thread-1]  OK
INFO [2021-01-25 14:35:16,236]  [BatchRunner.java:72] [pool-1-thread-1]  Executing Command: snapshot chr22_51304566_351_h100UMC1081.png

Snapshot: /gpfs/gsfs8/users/CGR_integration/hpv_igv/workflow/output/IGV_Snapshots/UMC1081/chr22_51304566_351_h100UMC1081.png
INFO [2021-01-25 14:35:18,282]  [CommandExecutor.java:235] [pool-1-thread-1]  OK
INFO [2021-01-25 14:35:18,282]  [BatchRunner.java:72] [pool-1-thread-1]  Executing Command: goto chrX:155270560-13653

INFO [2021-01-25 14:35:20,291]  [CommandExecutor.java:235] [pool-1-thread-1]  OK
INFO [2021-01-25 14:35:20,292]  [BatchRunner.java:72] [pool-1-thread-1]  Executing Command: group strand

INFO [2021-01-25 14:35:22,297]  [CommandExecutor.java:235] [pool-1-thread-1]  OK
INFO [2021-01-25 14:35:22,297]  [BatchRunner.java:72] [pool-1-thread-1]  Executing Command: snapshot chrX_155270560_13653_h100UMC1081.png

Snapshot: /gpfs/gsfs8/users/CGR_integration/hpv_igv/workflow/output/IGV_Snapshots/UMC1081/chrX_155270560_13653_h100UMC1081.png
INFO [2021-01-25 14:35:24,343]  [CommandExecutor.java:235] [pool-1-thread-1]  OK
INFO [2021-01-25 14:35:24,344]  [BatchRunner.java:72] [pool-1-thread-1]  Executing Command: goto chrY:59373566-783

INFO [2021-01-25 14:35:26,347]  [CommandExecutor.java:235] [pool-1-thread-1]  OK
INFO [2021-01-25 14:35:26,347]  [BatchRunner.java:72] [pool-1-thread-1]  Executing Command: group strand

INFO [2021-01-25 14:35:28,352]  [CommandExecutor.java:235] [pool-1-thread-1]  OK
INFO [2021-01-25 14:35:28,352]  [BatchRunner.java:72] [pool-1-thread-1]  Executing Command: snapshot chrY_59373566_783_h100UMC1081.png

Snapshot: /gpfs/gsfs8/users/CGR_integration/hpv_igv/workflow/output/IGV_Snapshots/UMC1081/chrY_59373566_783_h100UMC1081.png
INFO [2021-01-25 14:35:30,397]  [CommandExecutor.java:235] [pool-1-thread-1]  OK
INFO [2021-01-25 14:35:30,397]  [BatchRunner.java:72] [pool-1-thread-1]  Executing Command: exit

INFO [2021-01-25 14:35:30,398]  [ShutdownThread.java:51] [Thread-2]  Shutting down

IGV finished; elapsed time is:
0:03:24.440652

[Mon Jan 25 14:35:42 2021]
Finished job 0.
1 of 1 steps (100%) done
