Building DAG of jobs...
Using shell: /usr/bin/bash
Provided cores: 4
Rules claiming more threads will be scaled down.
Job counts:
	count	jobs
	1	igv_snapshot
	1

[Mon Jan 25 14:07:24 2021]
rule igv_snapshot:
    input: /data/CGR_integration/hpv_igv/data/08282019_methylation/meth/bam/UMC1076.bam, /data/CGR_integration/hpv_igv/data/08282019_methylation/meth/igv_bed/UMC1076.bed
    output: output/IGV_Snapshots/merge/UMC1076.png
    jobid: 0
    wildcards: sample=UMC1076
    threads: 4


          python /data/CGR_integration/hpv_igv/IGV-snapshot-automator-master/make_IGV_snapshots.py -mem 16000 -ht 100 -bin /data/CGR_integration/hpv_igv/IGV-snapshot-automator-master/bin/IGV_2.3.81/igv.jar -o output/IGV_Snapshots/UMC1076 /data/CGR_integration/hpv_igv/data/08282019_methylation/meth/bam/UMC1076.bam -r /data/CGR_integration/hpv_igv/data/08282019_methylation/meth/igv_bed/UMC1076.bed -g /data/CGR_integration/hpv_igv/ref/HPV_Ref_Alphas65_Pad400_hg19.fasta -s -suffix UMC1076 2> log/UMC1076_igv.err
          if ls output/IGV_Snapshots/UMC1076/*.png 1> /dev/null 2>&1; then 
          magick montage -label '%f' -pointsize 24 -geometry 1920x900+2+2 -title 'UMC1076' -tile 1x output/IGV_Snapshots/UMC1076/*.png output/IGV_Snapshots/merge/UMC1076.png 2> log/UMC1076_merge.err
          mkdir -p merge_true
          cp output/IGV_Snapshots/merge/UMC1076.png output//IGV_Snapshots/merge_true/UMC1076.png 2>log/UMC1076_cp.err
          else
          touch output/IGV_Snapshots/merge/UMC1076.png 
          fi
          

~~~ IGV SNAPSHOT AUTOMATOR ~~~

Reference genome:
/data/CGR_integration/hpv_igv/ref/HPV_Ref_Alphas65_Pad400_hg19.fasta

Track height:
100

IGV binary file:
/data/CGR_integration/hpv_igv/IGV-snapshot-automator-master/bin/IGV_2.3.81/igv.jar

Output directory will be:
output/IGV_Snapshots/UMC1076

Batchscript file will be:
output/IGV_Snapshots/UMC1076/IGV_snapshots.bat

Region file:
/data/CGR_integration/hpv_igv/data/08282019_methylation/meth/igv_bed/UMC1076.bed

Input files to snapshot:

/data/CGR_integration/hpv_igv/data/08282019_methylation/meth/bam/UMC1076.bam

Making the output directory...

Writing IGV batch script to file:
output/IGV_Snapshots/UMC1076/IGV_snapshots.bat


Getting regions from BED file...

Read 37 regions

Open Xvfb port found on:
1


IGV command is:
xvfb-run -a --server-args='-screen 0 1920x1280x24'xrandr java -Xmx16000m -jar /data/CGR_integration/hpv_igv/IGV-snapshot-automator-master/bin/IGV_2.3.81/igv.jar -b output/IGV_Snapshots/UMC1076/IGV_snapshots.bat


Current time is:
2021-01-25 14:07:24.750241


Running the IGV command...
INFO [2021-01-25 14:07:29,006]  [DirectoryManager.java:169] [main]  IGV Directory: /home/daij/igv
INFO [2021-01-25 14:07:29,006] [DirectoryManager.java:169]  IGV Directory: /home/daij/igv
INFO [2021-01-25 14:07:29,014]  [Main.java:133] [main]  Startup  IGV Version 2.3.81 (127)08/30/2016 02:20 PM
INFO [2021-01-25 14:07:29,014]  [Main.java:134] [main]  Java 1.8.0_211
INFO [2021-01-25 14:07:29,014]  [DirectoryManager.java:72] [main]  Fetching user directory... 
INFO [2021-01-25 14:07:29,209]  [Main.java:135] [main]  Default User Directory: /home/daij
INFO [2021-01-25 14:07:29,209]  [Main.java:136] [main]  OS: Linux

(process:30096): dconf-CRITICAL **: unable to create directory '/run/user/37498/dconf': Permission denied.  dconf will not work properly.

(process:30096): dconf-CRITICAL **: unable to create directory '/run/user/37498/dconf': Permission denied.  dconf will not work properly.

(process:30096): dconf-CRITICAL **: unable to create directory '/run/user/37498/dconf': Permission denied.  dconf will not work properly.

(process:30096): dconf-CRITICAL **: unable to create directory '/run/user/37498/dconf': Permission denied.  dconf will not work properly.

(process:30096): dconf-CRITICAL **: unable to create directory '/run/user/37498/dconf': Permission denied.  dconf will not work properly.

(process:30096): dconf-CRITICAL **: unable to create directory '/run/user/37498/dconf': Permission denied.  dconf will not work properly.

(process:30096): dconf-CRITICAL **: unable to create directory '/run/user/37498/dconf': Permission denied.  dconf will not work properly.

(process:30096): dconf-CRITICAL **: unable to create directory '/run/user/37498/dconf': Permission denied.  dconf will not work properly.

(process:30096): dconf-CRITICAL **: unable to create directory '/run/user/37498/dconf': Permission denied.  dconf will not work properly.

(process:30096): dconf-CRITICAL **: unable to create directory '/run/user/37498/dconf': Permission denied.  dconf will not work properly.
INFO [2021-01-25 14:07:30,008]  [Main.java:184] [main]  A later version of IGV is available (2.7.22.7.2)
INFO [2021-01-25 14:07:45,967]  [GenomeManager.java:145] [main]  Loading genome: /home/daij/igv/genomes/hg38.genome
INFO [2021-01-25 14:07:52,060]  [GenomeManager.java:192] [main]  Genome loaded.  id= hg38
INFO [2021-01-25 14:07:52,308]  [CommandListener.java:106] [Thread-6]  Listening on port 60151
INFO [2021-01-25 14:07:52,314]  [BatchRunner.java:72] [pool-1-thread-1]  Executing Command: new

INFO [2021-01-25 14:07:56,789]  [CommandExecutor.java:235] [pool-1-thread-1]  OK
INFO [2021-01-25 14:07:56,790]  [BatchRunner.java:72] [pool-1-thread-1]  Executing Command: genome /data/CGR_integration/hpv_igv/ref/HPV_Ref_Alphas65_Pad400_hg19.fasta

INFO [2021-01-25 14:07:58,507]  [GenomeManager.java:145] [pool-1-thread-1]  Loading genome: /data/CGR_integration/hpv_igv/ref/HPV_Ref_Alphas65_Pad400_hg19.fasta
INFO [2021-01-25 14:07:58,516]  [GenomeManager.java:192] [pool-1-thread-1]  Genome loaded.  id= /data/CGR_integration/hpv_igv/ref/HPV_Ref_Alphas65_Pad400_hg19.fasta
INFO [2021-01-25 14:08:00,547]  [CommandExecutor.java:235] [pool-1-thread-1]  OK
INFO [2021-01-25 14:08:00,547]  [BatchRunner.java:72] [pool-1-thread-1]  Executing Command: snapshotDirectory output/IGV_Snapshots/UMC1076

INFO [2021-01-25 14:08:02,558]  [CommandExecutor.java:235] [pool-1-thread-1]  OK
INFO [2021-01-25 14:08:02,559]  [BatchRunner.java:72] [pool-1-thread-1]  Executing Command: load /data/CGR_integration/hpv_igv/data/08282019_methylation/meth/bam/UMC1076.bam

INFO [2021-01-25 14:08:02,561]  [IGV.java:1700] [pool-1-thread-1]  Loading 1 resources.
INFO [2021-01-25 14:08:02,562]  [TrackLoader.java:120] [pool-1-thread-1]  Loading resource, path /data/CGR_integration/hpv_igv/data/08282019_methylation/meth/bam/UMC1076.bam
INFO [2021-01-25 14:08:04,861]  [CommandExecutor.java:235] [pool-1-thread-1]  OK
INFO [2021-01-25 14:08:04,862]  [BatchRunner.java:72] [pool-1-thread-1]  Executing Command: maxPanelHeight 100

INFO [2021-01-25 14:08:04,870]  [BatchRunner.java:72] [pool-1-thread-1]  Executing Command: goto HPV16:7906-333

INFO [2021-01-25 14:08:04,882]  [MessageUtils.java:74] [pool-1-thread-1]  Cannot find feature or locus: HPV16:7906-333
INFO [2021-01-25 14:08:06,895]  [CommandExecutor.java:235] [pool-1-thread-1]  OK
INFO [2021-01-25 14:08:06,896]  [BatchRunner.java:72] [pool-1-thread-1]  Executing Command: group strand

INFO [2021-01-25 14:08:08,910]  [CommandExecutor.java:235] [pool-1-thread-1]  OK
INFO [2021-01-25 14:08:08,910]  [BatchRunner.java:72] [pool-1-thread-1]  Executing Command: snapshot HPV16_7906_333_h100UMC1076.png

Snapshot: /gpfs/gsfs8/users/CGR_integration/hpv_igv/workflow/output/IGV_Snapshots/UMC1076/HPV16_7906_333_h100UMC1076.png
INFO [2021-01-25 14:08:11,020]  [CommandExecutor.java:235] [pool-1-thread-1]  OK
INFO [2021-01-25 14:08:11,021]  [BatchRunner.java:72] [pool-1-thread-1]  Executing Command: goto HPV31:7912-170

INFO [2021-01-25 14:08:11,028]  [MessageUtils.java:74] [pool-1-thread-1]  Cannot find feature or locus: HPV31:7912-170
INFO [2021-01-25 14:08:13,040]  [CommandExecutor.java:235] [pool-1-thread-1]  OK
INFO [2021-01-25 14:08:13,041]  [BatchRunner.java:72] [pool-1-thread-1]  Executing Command: group strand

INFO [2021-01-25 14:08:15,060]  [CommandExecutor.java:235] [pool-1-thread-1]  OK
INFO [2021-01-25 14:08:15,060]  [BatchRunner.java:72] [pool-1-thread-1]  Executing Command: snapshot HPV31_7912_170_h100UMC1076.png

Snapshot: /gpfs/gsfs8/users/CGR_integration/hpv_igv/workflow/output/IGV_Snapshots/UMC1076/HPV31_7912_170_h100UMC1076.png
INFO [2021-01-25 14:08:17,119]  [CommandExecutor.java:235] [pool-1-thread-1]  OK
INFO [2021-01-25 14:08:17,120]  [BatchRunner.java:72] [pool-1-thread-1]  Executing Command: goto HPV33:7909-112

INFO [2021-01-25 14:08:17,125]  [MessageUtils.java:74] [pool-1-thread-1]  Cannot find feature or locus: HPV33:7909-112
INFO [2021-01-25 14:08:19,133]  [CommandExecutor.java:235] [pool-1-thread-1]  OK
INFO [2021-01-25 14:08:19,133]  [BatchRunner.java:72] [pool-1-thread-1]  Executing Command: group strand

INFO [2021-01-25 14:08:21,150]  [CommandExecutor.java:235] [pool-1-thread-1]  OK
INFO [2021-01-25 14:08:21,151]  [BatchRunner.java:72] [pool-1-thread-1]  Executing Command: snapshot HPV33_7909_112_h100UMC1076.png

Snapshot: /gpfs/gsfs8/users/CGR_integration/hpv_igv/workflow/output/IGV_Snapshots/UMC1076/HPV33_7909_112_h100UMC1076.png
INFO [2021-01-25 14:08:23,205]  [CommandExecutor.java:235] [pool-1-thread-1]  OK
INFO [2021-01-25 14:08:23,205]  [BatchRunner.java:72] [pool-1-thread-1]  Executing Command: goto HPV35:7879-9092

INFO [2021-01-25 14:08:23,210]  [MessageUtils.java:74] [pool-1-thread-1]  Cannot find feature or locus: HPV35:7879-9092
INFO [2021-01-25 14:08:25,217]  [CommandExecutor.java:235] [pool-1-thread-1]  OK
INFO [2021-01-25 14:08:25,218]  [BatchRunner.java:72] [pool-1-thread-1]  Executing Command: group strand

INFO [2021-01-25 14:08:27,230]  [CommandExecutor.java:235] [pool-1-thread-1]  OK
INFO [2021-01-25 14:08:27,231]  [BatchRunner.java:72] [pool-1-thread-1]  Executing Command: snapshot HPV35_7879_9092_h100UMC1076.png

Snapshot: /gpfs/gsfs8/users/CGR_integration/hpv_igv/workflow/output/IGV_Snapshots/UMC1076/HPV35_7879_9092_h100UMC1076.png
INFO [2021-01-25 14:08:29,284]  [CommandExecutor.java:235] [pool-1-thread-1]  OK
INFO [2021-01-25 14:08:29,284]  [BatchRunner.java:72] [pool-1-thread-1]  Executing Command: goto HPV39:7833-33280

INFO [2021-01-25 14:08:29,288]  [MessageUtils.java:74] [pool-1-thread-1]  Cannot find feature or locus: HPV39:7833-33280
INFO [2021-01-25 14:08:31,295]  [CommandExecutor.java:235] [pool-1-thread-1]  OK
INFO [2021-01-25 14:08:31,296]  [BatchRunner.java:72] [pool-1-thread-1]  Executing Command: group strand

INFO [2021-01-25 14:08:33,303]  [CommandExecutor.java:235] [pool-1-thread-1]  OK
INFO [2021-01-25 14:08:33,303]  [BatchRunner.java:72] [pool-1-thread-1]  Executing Command: snapshot HPV39_7833_33280_h100UMC1076.png

Snapshot: /gpfs/gsfs8/users/CGR_integration/hpv_igv/workflow/output/IGV_Snapshots/UMC1076/HPV39_7833_33280_h100UMC1076.png
INFO [2021-01-25 14:08:35,354]  [CommandExecutor.java:235] [pool-1-thread-1]  OK
INFO [2021-01-25 14:08:35,354]  [BatchRunner.java:72] [pool-1-thread-1]  Executing Command: goto HPV45:7858-132

INFO [2021-01-25 14:08:35,358]  [MessageUtils.java:74] [pool-1-thread-1]  Cannot find feature or locus: HPV45:7858-132
INFO [2021-01-25 14:08:37,364]  [CommandExecutor.java:235] [pool-1-thread-1]  OK
INFO [2021-01-25 14:08:37,365]  [BatchRunner.java:72] [pool-1-thread-1]  Executing Command: group strand

INFO [2021-01-25 14:08:39,376]  [CommandExecutor.java:235] [pool-1-thread-1]  OK
INFO [2021-01-25 14:08:39,377]  [BatchRunner.java:72] [pool-1-thread-1]  Executing Command: snapshot HPV45_7858_132_h100UMC1076.png

Snapshot: /gpfs/gsfs8/users/CGR_integration/hpv_igv/workflow/output/IGV_Snapshots/UMC1076/HPV45_7858_132_h100UMC1076.png
INFO [2021-01-25 14:08:41,449]  [CommandExecutor.java:235] [pool-1-thread-1]  OK
INFO [2021-01-25 14:08:41,449]  [BatchRunner.java:72] [pool-1-thread-1]  Executing Command: goto HPV51:7808-720

INFO [2021-01-25 14:08:41,452]  [MessageUtils.java:74] [pool-1-thread-1]  Cannot find feature or locus: HPV51:7808-720
INFO [2021-01-25 14:08:43,460]  [CommandExecutor.java:235] [pool-1-thread-1]  OK
INFO [2021-01-25 14:08:43,460]  [BatchRunner.java:72] [pool-1-thread-1]  Executing Command: group strand

INFO [2021-01-25 14:08:45,471]  [CommandExecutor.java:235] [pool-1-thread-1]  OK
INFO [2021-01-25 14:08:45,471]  [BatchRunner.java:72] [pool-1-thread-1]  Executing Command: snapshot HPV51_7808_720_h100UMC1076.png

Snapshot: /gpfs/gsfs8/users/CGR_integration/hpv_igv/workflow/output/IGV_Snapshots/UMC1076/HPV51_7808_720_h100UMC1076.png
INFO [2021-01-25 14:08:47,525]  [CommandExecutor.java:235] [pool-1-thread-1]  OK
INFO [2021-01-25 14:08:47,526]  [BatchRunner.java:72] [pool-1-thread-1]  Executing Command: goto HPV52:7942-69046

INFO [2021-01-25 14:08:47,530]  [MessageUtils.java:74] [pool-1-thread-1]  Cannot find feature or locus: HPV52:7942-69046
INFO [2021-01-25 14:08:49,537]  [CommandExecutor.java:235] [pool-1-thread-1]  OK
INFO [2021-01-25 14:08:49,537]  [BatchRunner.java:72] [pool-1-thread-1]  Executing Command: group strand

INFO [2021-01-25 14:08:51,551]  [CommandExecutor.java:235] [pool-1-thread-1]  OK
INFO [2021-01-25 14:08:51,552]  [BatchRunner.java:72] [pool-1-thread-1]  Executing Command: snapshot HPV52_7942_69046_h100UMC1076.png

Snapshot: /gpfs/gsfs8/users/CGR_integration/hpv_igv/workflow/output/IGV_Snapshots/UMC1076/HPV52_7942_69046_h100UMC1076.png
INFO [2021-01-25 14:08:53,604]  [CommandExecutor.java:235] [pool-1-thread-1]  OK
INFO [2021-01-25 14:08:53,604]  [BatchRunner.java:72] [pool-1-thread-1]  Executing Command: goto HPV56:7845-163

INFO [2021-01-25 14:08:53,608]  [MessageUtils.java:74] [pool-1-thread-1]  Cannot find feature or locus: HPV56:7845-163
INFO [2021-01-25 14:08:55,614]  [CommandExecutor.java:235] [pool-1-thread-1]  OK
INFO [2021-01-25 14:08:55,614]  [BatchRunner.java:72] [pool-1-thread-1]  Executing Command: group strand

INFO [2021-01-25 14:08:57,624]  [CommandExecutor.java:235] [pool-1-thread-1]  OK
INFO [2021-01-25 14:08:57,624]  [BatchRunner.java:72] [pool-1-thread-1]  Executing Command: snapshot HPV56_7845_163_h100UMC1076.png

Snapshot: /gpfs/gsfs8/users/CGR_integration/hpv_igv/workflow/output/IGV_Snapshots/UMC1076/HPV56_7845_163_h100UMC1076.png
INFO [2021-01-25 14:08:59,672]  [CommandExecutor.java:235] [pool-1-thread-1]  OK
INFO [2021-01-25 14:08:59,672]  [BatchRunner.java:72] [pool-1-thread-1]  Executing Command: goto HPV58:7824-142

INFO [2021-01-25 14:08:59,676]  [MessageUtils.java:74] [pool-1-thread-1]  Cannot find feature or locus: HPV58:7824-142
INFO [2021-01-25 14:09:01,680]  [CommandExecutor.java:235] [pool-1-thread-1]  OK
INFO [2021-01-25 14:09:01,681]  [BatchRunner.java:72] [pool-1-thread-1]  Executing Command: group strand

INFO [2021-01-25 14:09:03,686]  [CommandExecutor.java:235] [pool-1-thread-1]  OK
INFO [2021-01-25 14:09:03,686]  [BatchRunner.java:72] [pool-1-thread-1]  Executing Command: snapshot HPV58_7824_142_h100UMC1076.png

Snapshot: /gpfs/gsfs8/users/CGR_integration/hpv_igv/workflow/output/IGV_Snapshots/UMC1076/HPV58_7824_142_h100UMC1076.png
INFO [2021-01-25 14:09:05,732]  [CommandExecutor.java:235] [pool-1-thread-1]  OK
INFO [2021-01-25 14:09:05,732]  [BatchRunner.java:72] [pool-1-thread-1]  Executing Command: goto HPV68a:7822-1578

INFO [2021-01-25 14:09:05,735]  [MessageUtils.java:74] [pool-1-thread-1]  Cannot find feature or locus: HPV68a:7822-1578
INFO [2021-01-25 14:09:07,742]  [CommandExecutor.java:235] [pool-1-thread-1]  OK
INFO [2021-01-25 14:09:07,742]  [BatchRunner.java:72] [pool-1-thread-1]  Executing Command: group strand

INFO [2021-01-25 14:09:09,751]  [CommandExecutor.java:235] [pool-1-thread-1]  OK
INFO [2021-01-25 14:09:09,752]  [BatchRunner.java:72] [pool-1-thread-1]  Executing Command: snapshot HPV68a_7822_1578_h100UMC1076.png

Snapshot: /gpfs/gsfs8/users/CGR_integration/hpv_igv/workflow/output/IGV_Snapshots/UMC1076/HPV68a_7822_1578_h100UMC1076.png
INFO [2021-01-25 14:09:11,799]  [CommandExecutor.java:235] [pool-1-thread-1]  OK
INFO [2021-01-25 14:09:11,800]  [BatchRunner.java:72] [pool-1-thread-1]  Executing Command: goto HPV68b:7836-2683

INFO [2021-01-25 14:09:11,803]  [MessageUtils.java:74] [pool-1-thread-1]  Cannot find feature or locus: HPV68b:7836-2683
INFO [2021-01-25 14:09:13,813]  [CommandExecutor.java:235] [pool-1-thread-1]  OK
INFO [2021-01-25 14:09:13,813]  [BatchRunner.java:72] [pool-1-thread-1]  Executing Command: group strand

INFO [2021-01-25 14:09:15,818]  [CommandExecutor.java:235] [pool-1-thread-1]  OK
INFO [2021-01-25 14:09:15,818]  [BatchRunner.java:72] [pool-1-thread-1]  Executing Command: snapshot HPV68b_7836_2683_h100UMC1076.png

Snapshot: /gpfs/gsfs8/users/CGR_integration/hpv_igv/workflow/output/IGV_Snapshots/UMC1076/HPV68b_7836_2683_h100UMC1076.png
INFO [2021-01-25 14:09:17,866]  [CommandExecutor.java:235] [pool-1-thread-1]  OK
INFO [2021-01-25 14:09:17,866]  [BatchRunner.java:72] [pool-1-thread-1]  Executing Command: goto Lambda_NEB:48502-105

INFO [2021-01-25 14:09:17,869]  [MessageUtils.java:74] [pool-1-thread-1]  Cannot find feature or locus: Lambda_NEB:48502-105
INFO [2021-01-25 14:09:19,876]  [CommandExecutor.java:235] [pool-1-thread-1]  OK
INFO [2021-01-25 14:09:19,876]  [BatchRunner.java:72] [pool-1-thread-1]  Executing Command: group strand

INFO [2021-01-25 14:09:21,883]  [CommandExecutor.java:235] [pool-1-thread-1]  OK
INFO [2021-01-25 14:09:21,883]  [BatchRunner.java:72] [pool-1-thread-1]  Executing Command: snapshot Lambda_NEB_48502_105_h100UMC1076.png

Snapshot: /gpfs/gsfs8/users/CGR_integration/hpv_igv/workflow/output/IGV_Snapshots/UMC1076/Lambda_NEB_48502_105_h100UMC1076.png
INFO [2021-01-25 14:09:23,931]  [CommandExecutor.java:235] [pool-1-thread-1]  OK
INFO [2021-01-25 14:09:23,931]  [BatchRunner.java:72] [pool-1-thread-1]  Executing Command: goto chr1:249250621-45238

INFO [2021-01-25 14:09:25,953]  [CommandExecutor.java:235] [pool-1-thread-1]  OK
INFO [2021-01-25 14:09:25,954]  [BatchRunner.java:72] [pool-1-thread-1]  Executing Command: group strand

INFO [2021-01-25 14:09:27,962]  [CommandExecutor.java:235] [pool-1-thread-1]  OK
INFO [2021-01-25 14:09:27,962]  [BatchRunner.java:72] [pool-1-thread-1]  Executing Command: snapshot chr1_249250621_45238_h100UMC1076.png

Snapshot: /gpfs/gsfs8/users/CGR_integration/hpv_igv/workflow/output/IGV_Snapshots/UMC1076/chr1_249250621_45238_h100UMC1076.png
INFO [2021-01-25 14:09:30,013]  [CommandExecutor.java:235] [pool-1-thread-1]  OK
INFO [2021-01-25 14:09:30,013]  [BatchRunner.java:72] [pool-1-thread-1]  Executing Command: goto chr2:243199373-57557

INFO [2021-01-25 14:09:32,026]  [CommandExecutor.java:235] [pool-1-thread-1]  OK
INFO [2021-01-25 14:09:32,027]  [BatchRunner.java:72] [pool-1-thread-1]  Executing Command: group strand

INFO [2021-01-25 14:09:34,037]  [CommandExecutor.java:235] [pool-1-thread-1]  OK
INFO [2021-01-25 14:09:34,037]  [BatchRunner.java:72] [pool-1-thread-1]  Executing Command: snapshot chr2_243199373_57557_h100UMC1076.png

Snapshot: /gpfs/gsfs8/users/CGR_integration/hpv_igv/workflow/output/IGV_Snapshots/UMC1076/chr2_243199373_57557_h100UMC1076.png
INFO [2021-01-25 14:09:36,086]  [CommandExecutor.java:235] [pool-1-thread-1]  OK
INFO [2021-01-25 14:09:36,087]  [BatchRunner.java:72] [pool-1-thread-1]  Executing Command: goto chr3:198022430-51250

INFO [2021-01-25 14:09:38,091]  [CommandExecutor.java:235] [pool-1-thread-1]  OK
INFO [2021-01-25 14:09:38,091]  [BatchRunner.java:72] [pool-1-thread-1]  Executing Command: group strand

INFO [2021-01-25 14:09:40,100]  [CommandExecutor.java:235] [pool-1-thread-1]  OK
INFO [2021-01-25 14:09:40,101]  [BatchRunner.java:72] [pool-1-thread-1]  Executing Command: snapshot chr3_198022430_51250_h100UMC1076.png

Snapshot: /gpfs/gsfs8/users/CGR_integration/hpv_igv/workflow/output/IGV_Snapshots/UMC1076/chr3_198022430_51250_h100UMC1076.png
INFO [2021-01-25 14:09:42,153]  [CommandExecutor.java:235] [pool-1-thread-1]  OK
INFO [2021-01-25 14:09:42,153]  [BatchRunner.java:72] [pool-1-thread-1]  Executing Command: goto chr4:191154276-40717

INFO [2021-01-25 14:09:44,158]  [CommandExecutor.java:235] [pool-1-thread-1]  OK
INFO [2021-01-25 14:09:44,158]  [BatchRunner.java:72] [pool-1-thread-1]  Executing Command: group strand

INFO [2021-01-25 14:09:46,165]  [CommandExecutor.java:235] [pool-1-thread-1]  OK
INFO [2021-01-25 14:09:46,166]  [BatchRunner.java:72] [pool-1-thread-1]  Executing Command: snapshot chr4_191154276_40717_h100UMC1076.png

Snapshot: /gpfs/gsfs8/users/CGR_integration/hpv_igv/workflow/output/IGV_Snapshots/UMC1076/chr4_191154276_40717_h100UMC1076.png
INFO [2021-01-25 14:09:48,213]  [CommandExecutor.java:235] [pool-1-thread-1]  OK
INFO [2021-01-25 14:09:48,213]  [BatchRunner.java:72] [pool-1-thread-1]  Executing Command: goto chr5:180915260-39370

INFO [2021-01-25 14:09:50,224]  [CommandExecutor.java:235] [pool-1-thread-1]  OK
INFO [2021-01-25 14:09:50,225]  [BatchRunner.java:72] [pool-1-thread-1]  Executing Command: group strand

INFO [2021-01-25 14:09:52,243]  [CommandExecutor.java:235] [pool-1-thread-1]  OK
INFO [2021-01-25 14:09:52,243]  [BatchRunner.java:72] [pool-1-thread-1]  Executing Command: snapshot chr5_180915260_39370_h100UMC1076.png

Snapshot: /gpfs/gsfs8/users/CGR_integration/hpv_igv/workflow/output/IGV_Snapshots/UMC1076/chr5_180915260_39370_h100UMC1076.png
INFO [2021-01-25 14:09:54,349]  [CommandExecutor.java:235] [pool-1-thread-1]  OK
INFO [2021-01-25 14:09:54,349]  [BatchRunner.java:72] [pool-1-thread-1]  Executing Command: goto chr6:171115067-29733

INFO [2021-01-25 14:09:56,363]  [CommandExecutor.java:235] [pool-1-thread-1]  OK
INFO [2021-01-25 14:09:56,363]  [BatchRunner.java:72] [pool-1-thread-1]  Executing Command: group strand

INFO [2021-01-25 14:09:58,369]  [CommandExecutor.java:235] [pool-1-thread-1]  OK
INFO [2021-01-25 14:09:58,369]  [BatchRunner.java:72] [pool-1-thread-1]  Executing Command: snapshot chr6_171115067_29733_h100UMC1076.png

Snapshot: /gpfs/gsfs8/users/CGR_integration/hpv_igv/workflow/output/IGV_Snapshots/UMC1076/chr6_171115067_29733_h100UMC1076.png
INFO [2021-01-25 14:10:00,417]  [CommandExecutor.java:235] [pool-1-thread-1]  OK
INFO [2021-01-25 14:10:00,418]  [BatchRunner.java:72] [pool-1-thread-1]  Executing Command: goto chr7:159138663-35117

INFO [2021-01-25 14:10:02,427]  [CommandExecutor.java:235] [pool-1-thread-1]  OK
INFO [2021-01-25 14:10:02,427]  [BatchRunner.java:72] [pool-1-thread-1]  Executing Command: group strand

INFO [2021-01-25 14:10:04,435]  [CommandExecutor.java:235] [pool-1-thread-1]  OK
INFO [2021-01-25 14:10:04,435]  [BatchRunner.java:72] [pool-1-thread-1]  Executing Command: snapshot chr7_159138663_35117_h100UMC1076.png

Snapshot: /gpfs/gsfs8/users/CGR_integration/hpv_igv/workflow/output/IGV_Snapshots/UMC1076/chr7_159138663_35117_h100UMC1076.png
INFO [2021-01-25 14:10:06,481]  [CommandExecutor.java:235] [pool-1-thread-1]  OK
INFO [2021-01-25 14:10:06,482]  [BatchRunner.java:72] [pool-1-thread-1]  Executing Command: goto chr8:146364022-40068

INFO [2021-01-25 14:10:08,492]  [CommandExecutor.java:235] [pool-1-thread-1]  OK
INFO [2021-01-25 14:10:08,492]  [BatchRunner.java:72] [pool-1-thread-1]  Executing Command: group strand

INFO [2021-01-25 14:10:10,500]  [CommandExecutor.java:235] [pool-1-thread-1]  OK
INFO [2021-01-25 14:10:10,500]  [BatchRunner.java:72] [pool-1-thread-1]  Executing Command: snapshot chr8_146364022_40068_h100UMC1076.png

Snapshot: /gpfs/gsfs8/users/CGR_integration/hpv_igv/workflow/output/IGV_Snapshots/UMC1076/chr8_146364022_40068_h100UMC1076.png
INFO [2021-01-25 14:10:12,556]  [CommandExecutor.java:235] [pool-1-thread-1]  OK
INFO [2021-01-25 14:10:12,556]  [BatchRunner.java:72] [pool-1-thread-1]  Executing Command: goto chr9:141213431-48197

INFO [2021-01-25 14:10:14,560]  [CommandExecutor.java:235] [pool-1-thread-1]  OK
INFO [2021-01-25 14:10:14,560]  [BatchRunner.java:72] [pool-1-thread-1]  Executing Command: group strand

INFO [2021-01-25 14:10:16,566]  [CommandExecutor.java:235] [pool-1-thread-1]  OK
INFO [2021-01-25 14:10:16,566]  [BatchRunner.java:72] [pool-1-thread-1]  Executing Command: snapshot chr9_141213431_48197_h100UMC1076.png

Snapshot: /gpfs/gsfs8/users/CGR_integration/hpv_igv/workflow/output/IGV_Snapshots/UMC1076/chr9_141213431_48197_h100UMC1076.png
INFO [2021-01-25 14:10:18,613]  [CommandExecutor.java:235] [pool-1-thread-1]  OK
INFO [2021-01-25 14:10:18,613]  [BatchRunner.java:72] [pool-1-thread-1]  Executing Command: goto chr10:135534747-31230

INFO [2021-01-25 14:10:20,621]  [CommandExecutor.java:235] [pool-1-thread-1]  OK
INFO [2021-01-25 14:10:20,622]  [BatchRunner.java:72] [pool-1-thread-1]  Executing Command: group strand

INFO [2021-01-25 14:10:22,628]  [CommandExecutor.java:235] [pool-1-thread-1]  OK
INFO [2021-01-25 14:10:22,628]  [BatchRunner.java:72] [pool-1-thread-1]  Executing Command: snapshot chr10_135534747_31230_h100UMC1076.png

Snapshot: /gpfs/gsfs8/users/CGR_integration/hpv_igv/workflow/output/IGV_Snapshots/UMC1076/chr10_135534747_31230_h100UMC1076.png
INFO [2021-01-25 14:10:24,676]  [CommandExecutor.java:235] [pool-1-thread-1]  OK
INFO [2021-01-25 14:10:24,676]  [BatchRunner.java:72] [pool-1-thread-1]  Executing Command: goto chr11:135006516-14989

INFO [2021-01-25 14:10:26,685]  [CommandExecutor.java:235] [pool-1-thread-1]  OK
INFO [2021-01-25 14:10:26,685]  [BatchRunner.java:72] [pool-1-thread-1]  Executing Command: group strand

INFO [2021-01-25 14:10:28,691]  [CommandExecutor.java:235] [pool-1-thread-1]  OK
INFO [2021-01-25 14:10:28,692]  [BatchRunner.java:72] [pool-1-thread-1]  Executing Command: snapshot chr11_135006516_14989_h100UMC1076.png

Snapshot: /gpfs/gsfs8/users/CGR_integration/hpv_igv/workflow/output/IGV_Snapshots/UMC1076/chr11_135006516_14989_h100UMC1076.png
INFO [2021-01-25 14:10:30,740]  [CommandExecutor.java:235] [pool-1-thread-1]  OK
INFO [2021-01-25 14:10:30,741]  [BatchRunner.java:72] [pool-1-thread-1]  Executing Command: goto chr12:133851895-28543

INFO [2021-01-25 14:10:32,748]  [CommandExecutor.java:235] [pool-1-thread-1]  OK
INFO [2021-01-25 14:10:32,748]  [BatchRunner.java:72] [pool-1-thread-1]  Executing Command: group strand

INFO [2021-01-25 14:10:34,754]  [CommandExecutor.java:235] [pool-1-thread-1]  OK
INFO [2021-01-25 14:10:34,754]  [BatchRunner.java:72] [pool-1-thread-1]  Executing Command: snapshot chr12_133851895_28543_h100UMC1076.png

Snapshot: /gpfs/gsfs8/users/CGR_integration/hpv_igv/workflow/output/IGV_Snapshots/UMC1076/chr12_133851895_28543_h100UMC1076.png
INFO [2021-01-25 14:10:36,802]  [CommandExecutor.java:235] [pool-1-thread-1]  OK
INFO [2021-01-25 14:10:36,803]  [BatchRunner.java:72] [pool-1-thread-1]  Executing Command: goto chr13:115169878-24938

INFO [2021-01-25 14:10:38,811]  [CommandExecutor.java:235] [pool-1-thread-1]  OK
INFO [2021-01-25 14:10:38,812]  [BatchRunner.java:72] [pool-1-thread-1]  Executing Command: group strand

INFO [2021-01-25 14:10:40,817]  [CommandExecutor.java:235] [pool-1-thread-1]  OK
INFO [2021-01-25 14:10:40,817]  [BatchRunner.java:72] [pool-1-thread-1]  Executing Command: snapshot chr13_115169878_24938_h100UMC1076.png

Snapshot: /gpfs/gsfs8/users/CGR_integration/hpv_igv/workflow/output/IGV_Snapshots/UMC1076/chr13_115169878_24938_h100UMC1076.png
INFO [2021-01-25 14:10:42,863]  [CommandExecutor.java:235] [pool-1-thread-1]  OK
INFO [2021-01-25 14:10:42,863]  [BatchRunner.java:72] [pool-1-thread-1]  Executing Command: goto chr14:107349540-13915

INFO [2021-01-25 14:10:44,872]  [CommandExecutor.java:235] [pool-1-thread-1]  OK
INFO [2021-01-25 14:10:44,872]  [BatchRunner.java:72] [pool-1-thread-1]  Executing Command: group strand

INFO [2021-01-25 14:10:46,880]  [CommandExecutor.java:235] [pool-1-thread-1]  OK
INFO [2021-01-25 14:10:46,881]  [BatchRunner.java:72] [pool-1-thread-1]  Executing Command: snapshot chr14_107349540_13915_h100UMC1076.png

Snapshot: /gpfs/gsfs8/users/CGR_integration/hpv_igv/workflow/output/IGV_Snapshots/UMC1076/chr14_107349540_13915_h100UMC1076.png
INFO [2021-01-25 14:10:48,928]  [CommandExecutor.java:235] [pool-1-thread-1]  OK
INFO [2021-01-25 14:10:48,929]  [BatchRunner.java:72] [pool-1-thread-1]  Executing Command: goto chr15:102531392-12675

INFO [2021-01-25 14:10:50,933]  [CommandExecutor.java:235] [pool-1-thread-1]  OK
INFO [2021-01-25 14:10:50,934]  [BatchRunner.java:72] [pool-1-thread-1]  Executing Command: group strand

INFO [2021-01-25 14:10:52,940]  [CommandExecutor.java:235] [pool-1-thread-1]  OK
INFO [2021-01-25 14:10:52,940]  [BatchRunner.java:72] [pool-1-thread-1]  Executing Command: snapshot chr15_102531392_12675_h100UMC1076.png

Snapshot: /gpfs/gsfs8/users/CGR_integration/hpv_igv/workflow/output/IGV_Snapshots/UMC1076/chr15_102531392_12675_h100UMC1076.png
INFO [2021-01-25 14:10:54,988]  [CommandExecutor.java:235] [pool-1-thread-1]  OK
INFO [2021-01-25 14:10:54,988]  [BatchRunner.java:72] [pool-1-thread-1]  Executing Command: goto chr16:90354753-12933

INFO [2021-01-25 14:10:56,996]  [CommandExecutor.java:235] [pool-1-thread-1]  OK
INFO [2021-01-25 14:10:56,997]  [BatchRunner.java:72] [pool-1-thread-1]  Executing Command: group strand

INFO [2021-01-25 14:10:59,001]  [CommandExecutor.java:235] [pool-1-thread-1]  OK
INFO [2021-01-25 14:10:59,002]  [BatchRunner.java:72] [pool-1-thread-1]  Executing Command: snapshot chr16_90354753_12933_h100UMC1076.png

Snapshot: /gpfs/gsfs8/users/CGR_integration/hpv_igv/workflow/output/IGV_Snapshots/UMC1076/chr16_90354753_12933_h100UMC1076.png
INFO [2021-01-25 14:11:01,050]  [CommandExecutor.java:235] [pool-1-thread-1]  OK
INFO [2021-01-25 14:11:01,050]  [BatchRunner.java:72] [pool-1-thread-1]  Executing Command: goto chr17:81195210-4500

INFO [2021-01-25 14:11:03,057]  [CommandExecutor.java:235] [pool-1-thread-1]  OK
INFO [2021-01-25 14:11:03,058]  [BatchRunner.java:72] [pool-1-thread-1]  Executing Command: group strand

INFO [2021-01-25 14:11:05,063]  [CommandExecutor.java:235] [pool-1-thread-1]  OK
INFO [2021-01-25 14:11:05,063]  [BatchRunner.java:72] [pool-1-thread-1]  Executing Command: snapshot chr17_81195210_4500_h100UMC1076.png

Snapshot: /gpfs/gsfs8/users/CGR_integration/hpv_igv/workflow/output/IGV_Snapshots/UMC1076/chr17_81195210_4500_h100UMC1076.png
INFO [2021-01-25 14:11:07,108]  [CommandExecutor.java:235] [pool-1-thread-1]  OK
INFO [2021-01-25 14:11:07,108]  [BatchRunner.java:72] [pool-1-thread-1]  Executing Command: goto chr18:78077248-23870

INFO [2021-01-25 14:11:09,120]  [CommandExecutor.java:235] [pool-1-thread-1]  OK
INFO [2021-01-25 14:11:09,120]  [BatchRunner.java:72] [pool-1-thread-1]  Executing Command: group strand

INFO [2021-01-25 14:11:11,129]  [CommandExecutor.java:235] [pool-1-thread-1]  OK
INFO [2021-01-25 14:11:11,129]  [BatchRunner.java:72] [pool-1-thread-1]  Executing Command: snapshot chr18_78077248_23870_h100UMC1076.png

Snapshot: /gpfs/gsfs8/users/CGR_integration/hpv_igv/workflow/output/IGV_Snapshots/UMC1076/chr18_78077248_23870_h100UMC1076.png
INFO [2021-01-25 14:11:13,176]  [CommandExecutor.java:235] [pool-1-thread-1]  OK
INFO [2021-01-25 14:11:13,177]  [BatchRunner.java:72] [pool-1-thread-1]  Executing Command: goto chr19:59128983-13414

INFO [2021-01-25 14:11:15,186]  [CommandExecutor.java:235] [pool-1-thread-1]  OK
INFO [2021-01-25 14:11:15,186]  [BatchRunner.java:72] [pool-1-thread-1]  Executing Command: group strand

INFO [2021-01-25 14:11:17,193]  [CommandExecutor.java:235] [pool-1-thread-1]  OK
INFO [2021-01-25 14:11:17,193]  [BatchRunner.java:72] [pool-1-thread-1]  Executing Command: snapshot chr19_59128983_13414_h100UMC1076.png

Snapshot: /gpfs/gsfs8/users/CGR_integration/hpv_igv/workflow/output/IGV_Snapshots/UMC1076/chr19_59128983_13414_h100UMC1076.png
INFO [2021-01-25 14:11:19,243]  [CommandExecutor.java:235] [pool-1-thread-1]  OK
INFO [2021-01-25 14:11:19,243]  [BatchRunner.java:72] [pool-1-thread-1]  Executing Command: goto chr20:63025520-2180

INFO [2021-01-25 14:11:21,252]  [CommandExecutor.java:235] [pool-1-thread-1]  OK
INFO [2021-01-25 14:11:21,252]  [BatchRunner.java:72] [pool-1-thread-1]  Executing Command: group strand

INFO [2021-01-25 14:11:23,259]  [CommandExecutor.java:235] [pool-1-thread-1]  OK
INFO [2021-01-25 14:11:23,259]  [BatchRunner.java:72] [pool-1-thread-1]  Executing Command: snapshot chr20_63025520_2180_h100UMC1076.png

Snapshot: /gpfs/gsfs8/users/CGR_integration/hpv_igv/workflow/output/IGV_Snapshots/UMC1076/chr20_63025520_2180_h100UMC1076.png
INFO [2021-01-25 14:11:25,308]  [CommandExecutor.java:235] [pool-1-thread-1]  OK
INFO [2021-01-25 14:11:25,308]  [BatchRunner.java:72] [pool-1-thread-1]  Executing Command: goto chr21:48129895-4644

INFO [2021-01-25 14:11:27,314]  [CommandExecutor.java:235] [pool-1-thread-1]  OK
INFO [2021-01-25 14:11:27,315]  [BatchRunner.java:72] [pool-1-thread-1]  Executing Command: group strand

INFO [2021-01-25 14:11:29,320]  [CommandExecutor.java:235] [pool-1-thread-1]  OK
INFO [2021-01-25 14:11:29,320]  [BatchRunner.java:72] [pool-1-thread-1]  Executing Command: snapshot chr21_48129895_4644_h100UMC1076.png

Snapshot: /gpfs/gsfs8/users/CGR_integration/hpv_igv/workflow/output/IGV_Snapshots/UMC1076/chr21_48129895_4644_h100UMC1076.png
INFO [2021-01-25 14:11:31,368]  [CommandExecutor.java:235] [pool-1-thread-1]  OK
INFO [2021-01-25 14:11:31,368]  [BatchRunner.java:72] [pool-1-thread-1]  Executing Command: goto chr22:51304566-2016

INFO [2021-01-25 14:11:33,375]  [CommandExecutor.java:235] [pool-1-thread-1]  OK
INFO [2021-01-25 14:11:33,376]  [BatchRunner.java:72] [pool-1-thread-1]  Executing Command: group strand

INFO [2021-01-25 14:11:35,384]  [CommandExecutor.java:235] [pool-1-thread-1]  OK
INFO [2021-01-25 14:11:35,385]  [BatchRunner.java:72] [pool-1-thread-1]  Executing Command: snapshot chr22_51304566_2016_h100UMC1076.png

Snapshot: /gpfs/gsfs8/users/CGR_integration/hpv_igv/workflow/output/IGV_Snapshots/UMC1076/chr22_51304566_2016_h100UMC1076.png
INFO [2021-01-25 14:11:37,430]  [CommandExecutor.java:235] [pool-1-thread-1]  OK
INFO [2021-01-25 14:11:37,430]  [BatchRunner.java:72] [pool-1-thread-1]  Executing Command: goto chrX:155270560-26723

INFO [2021-01-25 14:11:39,437]  [CommandExecutor.java:235] [pool-1-thread-1]  OK
INFO [2021-01-25 14:11:39,437]  [BatchRunner.java:72] [pool-1-thread-1]  Executing Command: group strand

INFO [2021-01-25 14:11:41,446]  [CommandExecutor.java:235] [pool-1-thread-1]  OK
INFO [2021-01-25 14:11:41,446]  [BatchRunner.java:72] [pool-1-thread-1]  Executing Command: snapshot chrX_155270560_26723_h100UMC1076.png

Snapshot: /gpfs/gsfs8/users/CGR_integration/hpv_igv/workflow/output/IGV_Snapshots/UMC1076/chrX_155270560_26723_h100UMC1076.png
INFO [2021-01-25 14:11:43,494]  [CommandExecutor.java:235] [pool-1-thread-1]  OK
INFO [2021-01-25 14:11:43,494]  [BatchRunner.java:72] [pool-1-thread-1]  Executing Command: goto chrY:59373566-6816

INFO [2021-01-25 14:11:45,501]  [CommandExecutor.java:235] [pool-1-thread-1]  OK
INFO [2021-01-25 14:11:45,501]  [BatchRunner.java:72] [pool-1-thread-1]  Executing Command: group strand

INFO [2021-01-25 14:11:47,505]  [CommandExecutor.java:235] [pool-1-thread-1]  OK
INFO [2021-01-25 14:11:47,505]  [BatchRunner.java:72] [pool-1-thread-1]  Executing Command: snapshot chrY_59373566_6816_h100UMC1076.png

Snapshot: /gpfs/gsfs8/users/CGR_integration/hpv_igv/workflow/output/IGV_Snapshots/UMC1076/chrY_59373566_6816_h100UMC1076.png
INFO [2021-01-25 14:11:49,570]  [CommandExecutor.java:235] [pool-1-thread-1]  OK
INFO [2021-01-25 14:11:49,570]  [BatchRunner.java:72] [pool-1-thread-1]  Executing Command: exit

INFO [2021-01-25 14:11:49,571]  [ShutdownThread.java:51] [Thread-2]  Shutting down

IGV finished; elapsed time is:
0:04:25.471103

[Mon Jan 25 14:11:57 2021]
Error in rule igv_snapshot:
    jobid: 0
    output: output/IGV_Snapshots/merge/UMC1076.png
    shell:
        
          python /data/CGR_integration/hpv_igv/IGV-snapshot-automator-master/make_IGV_snapshots.py -mem 16000 -ht 100 -bin /data/CGR_integration/hpv_igv/IGV-snapshot-automator-master/bin/IGV_2.3.81/igv.jar -o output/IGV_Snapshots/UMC1076 /data/CGR_integration/hpv_igv/data/08282019_methylation/meth/bam/UMC1076.bam -r /data/CGR_integration/hpv_igv/data/08282019_methylation/meth/igv_bed/UMC1076.bed -g /data/CGR_integration/hpv_igv/ref/HPV_Ref_Alphas65_Pad400_hg19.fasta -s -suffix UMC1076 2> log/UMC1076_igv.err
          if ls output/IGV_Snapshots/UMC1076/*.png 1> /dev/null 2>&1; then 
          magick montage -label '%f' -pointsize 24 -geometry 1920x900+2+2 -title 'UMC1076' -tile 1x output/IGV_Snapshots/UMC1076/*.png output/IGV_Snapshots/merge/UMC1076.png 2> log/UMC1076_merge.err
          mkdir -p merge_true
          cp output/IGV_Snapshots/merge/UMC1076.png output//IGV_Snapshots/merge_true/UMC1076.png 2>log/UMC1076_cp.err
          else
          touch output/IGV_Snapshots/merge/UMC1076.png 
          fi
          
        (one of the commands exited with non-zero exit code; note that snakemake uses bash strict mode!)

Shutting down, this might take some time.
Exiting because a job execution failed. Look above for error message
