Building DAG of jobs...
Using shell: /usr/bin/bash
Provided cores: 4
Rules claiming more threads will be scaled down.
Job counts:
	count	jobs
	1	igv_snapshot
	1

[Mon Jan 25 14:07:24 2021]
rule igv_snapshot:
    input: /data/CGR_integration/hpv_igv/data/08282019_methylation/meth/bam/UMC1024.bam, /data/CGR_integration/hpv_igv/data/08282019_methylation/meth/igv_bed/UMC1024.bed
    output: output/IGV_Snapshots/merge/UMC1024.png
    jobid: 0
    wildcards: sample=UMC1024
    threads: 4


          python /data/CGR_integration/hpv_igv/IGV-snapshot-automator-master/make_IGV_snapshots.py -mem 16000 -ht 100 -bin /data/CGR_integration/hpv_igv/IGV-snapshot-automator-master/bin/IGV_2.3.81/igv.jar -o output/IGV_Snapshots/UMC1024 /data/CGR_integration/hpv_igv/data/08282019_methylation/meth/bam/UMC1024.bam -r /data/CGR_integration/hpv_igv/data/08282019_methylation/meth/igv_bed/UMC1024.bed -g /data/CGR_integration/hpv_igv/ref/HPV_Ref_Alphas65_Pad400_hg19.fasta -s -suffix UMC1024 2> log/UMC1024_igv.err
          if ls output/IGV_Snapshots/UMC1024/*.png 1> /dev/null 2>&1; then 
          magick montage -label '%f' -pointsize 24 -geometry 1920x900+2+2 -title 'UMC1024' -tile 1x output/IGV_Snapshots/UMC1024/*.png output/IGV_Snapshots/merge/UMC1024.png 2> log/UMC1024_merge.err
          mkdir -p merge_true
          cp output/IGV_Snapshots/merge/UMC1024.png output//IGV_Snapshots/merge_true/UMC1024.png 2>log/UMC1024_cp.err
          else
          touch output/IGV_Snapshots/merge/UMC1024.png 
          fi
          

~~~ IGV SNAPSHOT AUTOMATOR ~~~

Reference genome:
/data/CGR_integration/hpv_igv/ref/HPV_Ref_Alphas65_Pad400_hg19.fasta

Track height:
100

IGV binary file:
/data/CGR_integration/hpv_igv/IGV-snapshot-automator-master/bin/IGV_2.3.81/igv.jar

Output directory will be:
output/IGV_Snapshots/UMC1024

Batchscript file will be:
output/IGV_Snapshots/UMC1024/IGV_snapshots.bat

Region file:
/data/CGR_integration/hpv_igv/data/08282019_methylation/meth/igv_bed/UMC1024.bed

Input files to snapshot:

/data/CGR_integration/hpv_igv/data/08282019_methylation/meth/bam/UMC1024.bam

Making the output directory...

Writing IGV batch script to file:
output/IGV_Snapshots/UMC1024/IGV_snapshots.bat


Getting regions from BED file...

Read 29 regions

Open Xvfb port found on:
1


IGV command is:
xvfb-run -a --server-args='-screen 0 1920x1280x24'xrandr java -Xmx16000m -jar /data/CGR_integration/hpv_igv/IGV-snapshot-automator-master/bin/IGV_2.3.81/igv.jar -b output/IGV_Snapshots/UMC1024/IGV_snapshots.bat


Current time is:
2021-01-25 14:07:24.753137


Running the IGV command...
INFO [2021-01-25 14:07:28,986]  [DirectoryManager.java:169] [main]  IGV Directory: /home/daij/igv
INFO [2021-01-25 14:07:28,986] [DirectoryManager.java:169]  IGV Directory: /home/daij/igv
INFO [2021-01-25 14:07:28,993]  [Main.java:133] [main]  Startup  IGV Version 2.3.81 (127)08/30/2016 02:20 PM
INFO [2021-01-25 14:07:28,994]  [Main.java:134] [main]  Java 1.8.0_211
INFO [2021-01-25 14:07:28,994]  [DirectoryManager.java:72] [main]  Fetching user directory... 
INFO [2021-01-25 14:07:29,168]  [Main.java:135] [main]  Default User Directory: /home/daij
INFO [2021-01-25 14:07:29,169]  [Main.java:136] [main]  OS: Linux

(process:46087): dconf-CRITICAL **: unable to create directory '/run/user/37498/dconf': Permission denied.  dconf will not work properly.

(process:46087): dconf-CRITICAL **: unable to create directory '/run/user/37498/dconf': Permission denied.  dconf will not work properly.

(process:46087): dconf-CRITICAL **: unable to create directory '/run/user/37498/dconf': Permission denied.  dconf will not work properly.

(process:46087): dconf-CRITICAL **: unable to create directory '/run/user/37498/dconf': Permission denied.  dconf will not work properly.

(process:46087): dconf-CRITICAL **: unable to create directory '/run/user/37498/dconf': Permission denied.  dconf will not work properly.

(process:46087): dconf-CRITICAL **: unable to create directory '/run/user/37498/dconf': Permission denied.  dconf will not work properly.

(process:46087): dconf-CRITICAL **: unable to create directory '/run/user/37498/dconf': Permission denied.  dconf will not work properly.

(process:46087): dconf-CRITICAL **: unable to create directory '/run/user/37498/dconf': Permission denied.  dconf will not work properly.

(process:46087): dconf-CRITICAL **: unable to create directory '/run/user/37498/dconf': Permission denied.  dconf will not work properly.

(process:46087): dconf-CRITICAL **: unable to create directory '/run/user/37498/dconf': Permission denied.  dconf will not work properly.
INFO [2021-01-25 14:07:29,998]  [Main.java:184] [main]  A later version of IGV is available (2.7.22.7.2)
INFO [2021-01-25 14:07:44,500]  [GenomeManager.java:145] [main]  Loading genome: /home/daij/igv/genomes/hg38.genome
INFO [2021-01-25 14:07:49,931]  [GenomeManager.java:192] [main]  Genome loaded.  id= hg38
INFO [2021-01-25 14:07:50,142]  [CommandListener.java:106] [Thread-6]  Listening on port 60151
INFO [2021-01-25 14:07:50,143]  [BatchRunner.java:72] [pool-1-thread-1]  Executing Command: new

INFO [2021-01-25 14:07:54,683]  [CommandExecutor.java:235] [pool-1-thread-1]  OK
INFO [2021-01-25 14:07:54,683]  [BatchRunner.java:72] [pool-1-thread-1]  Executing Command: genome /data/CGR_integration/hpv_igv/ref/HPV_Ref_Alphas65_Pad400_hg19.fasta

INFO [2021-01-25 14:07:56,131]  [GenomeManager.java:145] [pool-1-thread-1]  Loading genome: /data/CGR_integration/hpv_igv/ref/HPV_Ref_Alphas65_Pad400_hg19.fasta
INFO [2021-01-25 14:07:56,140]  [GenomeManager.java:192] [pool-1-thread-1]  Genome loaded.  id= /data/CGR_integration/hpv_igv/ref/HPV_Ref_Alphas65_Pad400_hg19.fasta
INFO [2021-01-25 14:07:58,173]  [CommandExecutor.java:235] [pool-1-thread-1]  OK
INFO [2021-01-25 14:07:58,173]  [BatchRunner.java:72] [pool-1-thread-1]  Executing Command: snapshotDirectory output/IGV_Snapshots/UMC1024

INFO [2021-01-25 14:08:00,184]  [CommandExecutor.java:235] [pool-1-thread-1]  OK
INFO [2021-01-25 14:08:00,184]  [BatchRunner.java:72] [pool-1-thread-1]  Executing Command: load /data/CGR_integration/hpv_igv/data/08282019_methylation/meth/bam/UMC1024.bam

INFO [2021-01-25 14:08:00,186]  [IGV.java:1700] [pool-1-thread-1]  Loading 1 resources.
INFO [2021-01-25 14:08:00,188]  [TrackLoader.java:120] [pool-1-thread-1]  Loading resource, path /data/CGR_integration/hpv_igv/data/08282019_methylation/meth/bam/UMC1024.bam
INFO [2021-01-25 14:08:02,467]  [CommandExecutor.java:235] [pool-1-thread-1]  OK
INFO [2021-01-25 14:08:02,468]  [BatchRunner.java:72] [pool-1-thread-1]  Executing Command: maxPanelHeight 100

INFO [2021-01-25 14:08:02,476]  [BatchRunner.java:72] [pool-1-thread-1]  Executing Command: goto HPV33:7909-3623

INFO [2021-01-25 14:08:02,487]  [MessageUtils.java:74] [pool-1-thread-1]  Cannot find feature or locus: HPV33:7909-3623
INFO [2021-01-25 14:08:04,500]  [CommandExecutor.java:235] [pool-1-thread-1]  OK
INFO [2021-01-25 14:08:04,500]  [BatchRunner.java:72] [pool-1-thread-1]  Executing Command: group strand

INFO [2021-01-25 14:08:06,519]  [CommandExecutor.java:235] [pool-1-thread-1]  OK
INFO [2021-01-25 14:08:06,519]  [BatchRunner.java:72] [pool-1-thread-1]  Executing Command: snapshot HPV33_7909_3623_h100UMC1024.png

Snapshot: /gpfs/gsfs8/users/CGR_integration/hpv_igv/workflow/output/IGV_Snapshots/UMC1024/HPV33_7909_3623_h100UMC1024.png
INFO [2021-01-25 14:08:08,610]  [CommandExecutor.java:235] [pool-1-thread-1]  OK
INFO [2021-01-25 14:08:08,611]  [BatchRunner.java:72] [pool-1-thread-1]  Executing Command: goto HPV51:7808-170

INFO [2021-01-25 14:08:08,618]  [MessageUtils.java:74] [pool-1-thread-1]  Cannot find feature or locus: HPV51:7808-170
INFO [2021-01-25 14:08:10,628]  [CommandExecutor.java:235] [pool-1-thread-1]  OK
INFO [2021-01-25 14:08:10,629]  [BatchRunner.java:72] [pool-1-thread-1]  Executing Command: group strand

INFO [2021-01-25 14:08:12,643]  [CommandExecutor.java:235] [pool-1-thread-1]  OK
INFO [2021-01-25 14:08:12,643]  [BatchRunner.java:72] [pool-1-thread-1]  Executing Command: snapshot HPV51_7808_170_h100UMC1024.png

Snapshot: /gpfs/gsfs8/users/CGR_integration/hpv_igv/workflow/output/IGV_Snapshots/UMC1024/HPV51_7808_170_h100UMC1024.png
INFO [2021-01-25 14:08:14,718]  [CommandExecutor.java:235] [pool-1-thread-1]  OK
INFO [2021-01-25 14:08:14,718]  [BatchRunner.java:72] [pool-1-thread-1]  Executing Command: goto HPV59:7896-287

INFO [2021-01-25 14:08:14,722]  [MessageUtils.java:74] [pool-1-thread-1]  Cannot find feature or locus: HPV59:7896-287
INFO [2021-01-25 14:08:16,730]  [CommandExecutor.java:235] [pool-1-thread-1]  OK
INFO [2021-01-25 14:08:16,731]  [BatchRunner.java:72] [pool-1-thread-1]  Executing Command: group strand

INFO [2021-01-25 14:08:18,744]  [CommandExecutor.java:235] [pool-1-thread-1]  OK
INFO [2021-01-25 14:08:18,744]  [BatchRunner.java:72] [pool-1-thread-1]  Executing Command: snapshot HPV59_7896_287_h100UMC1024.png

Snapshot: /gpfs/gsfs8/users/CGR_integration/hpv_igv/workflow/output/IGV_Snapshots/UMC1024/HPV59_7896_287_h100UMC1024.png
INFO [2021-01-25 14:08:20,795]  [CommandExecutor.java:235] [pool-1-thread-1]  OK
INFO [2021-01-25 14:08:20,796]  [BatchRunner.java:72] [pool-1-thread-1]  Executing Command: goto chr1:249250621-19304

INFO [2021-01-25 14:08:22,819]  [CommandExecutor.java:235] [pool-1-thread-1]  OK
INFO [2021-01-25 14:08:22,819]  [BatchRunner.java:72] [pool-1-thread-1]  Executing Command: group strand

INFO [2021-01-25 14:08:24,831]  [CommandExecutor.java:235] [pool-1-thread-1]  OK
INFO [2021-01-25 14:08:24,831]  [BatchRunner.java:72] [pool-1-thread-1]  Executing Command: snapshot chr1_249250621_19304_h100UMC1024.png

Snapshot: /gpfs/gsfs8/users/CGR_integration/hpv_igv/workflow/output/IGV_Snapshots/UMC1024/chr1_249250621_19304_h100UMC1024.png
INFO [2021-01-25 14:08:26,883]  [CommandExecutor.java:235] [pool-1-thread-1]  OK
INFO [2021-01-25 14:08:26,883]  [BatchRunner.java:72] [pool-1-thread-1]  Executing Command: goto chr2:243199373-22312

INFO [2021-01-25 14:08:28,896]  [CommandExecutor.java:235] [pool-1-thread-1]  OK
INFO [2021-01-25 14:08:28,896]  [BatchRunner.java:72] [pool-1-thread-1]  Executing Command: group strand

INFO [2021-01-25 14:08:30,907]  [CommandExecutor.java:235] [pool-1-thread-1]  OK
INFO [2021-01-25 14:08:30,907]  [BatchRunner.java:72] [pool-1-thread-1]  Executing Command: snapshot chr2_243199373_22312_h100UMC1024.png

Snapshot: /gpfs/gsfs8/users/CGR_integration/hpv_igv/workflow/output/IGV_Snapshots/UMC1024/chr2_243199373_22312_h100UMC1024.png
INFO [2021-01-25 14:08:32,953]  [CommandExecutor.java:235] [pool-1-thread-1]  OK
INFO [2021-01-25 14:08:32,953]  [BatchRunner.java:72] [pool-1-thread-1]  Executing Command: goto chr3:198022430-50947

INFO [2021-01-25 14:08:34,965]  [CommandExecutor.java:235] [pool-1-thread-1]  OK
INFO [2021-01-25 14:08:34,966]  [BatchRunner.java:72] [pool-1-thread-1]  Executing Command: group strand

INFO [2021-01-25 14:08:36,976]  [CommandExecutor.java:235] [pool-1-thread-1]  OK
INFO [2021-01-25 14:08:36,976]  [BatchRunner.java:72] [pool-1-thread-1]  Executing Command: snapshot chr3_198022430_50947_h100UMC1024.png

Snapshot: /gpfs/gsfs8/users/CGR_integration/hpv_igv/workflow/output/IGV_Snapshots/UMC1024/chr3_198022430_50947_h100UMC1024.png
INFO [2021-01-25 14:08:39,024]  [CommandExecutor.java:235] [pool-1-thread-1]  OK
INFO [2021-01-25 14:08:39,025]  [BatchRunner.java:72] [pool-1-thread-1]  Executing Command: goto chr4:191154276-6840

INFO [2021-01-25 14:08:41,030]  [CommandExecutor.java:235] [pool-1-thread-1]  OK
INFO [2021-01-25 14:08:41,030]  [BatchRunner.java:72] [pool-1-thread-1]  Executing Command: group strand

INFO [2021-01-25 14:08:43,041]  [CommandExecutor.java:235] [pool-1-thread-1]  OK
INFO [2021-01-25 14:08:43,041]  [BatchRunner.java:72] [pool-1-thread-1]  Executing Command: snapshot chr4_191154276_6840_h100UMC1024.png

Snapshot: /gpfs/gsfs8/users/CGR_integration/hpv_igv/workflow/output/IGV_Snapshots/UMC1024/chr4_191154276_6840_h100UMC1024.png
INFO [2021-01-25 14:08:45,094]  [CommandExecutor.java:235] [pool-1-thread-1]  OK
INFO [2021-01-25 14:08:45,094]  [BatchRunner.java:72] [pool-1-thread-1]  Executing Command: goto chr5:180915260-33321

INFO [2021-01-25 14:08:47,105]  [CommandExecutor.java:235] [pool-1-thread-1]  OK
INFO [2021-01-25 14:08:47,105]  [BatchRunner.java:72] [pool-1-thread-1]  Executing Command: group strand

INFO [2021-01-25 14:08:49,113]  [CommandExecutor.java:235] [pool-1-thread-1]  OK
INFO [2021-01-25 14:08:49,113]  [BatchRunner.java:72] [pool-1-thread-1]  Executing Command: snapshot chr5_180915260_33321_h100UMC1024.png

Snapshot: /gpfs/gsfs8/users/CGR_integration/hpv_igv/workflow/output/IGV_Snapshots/UMC1024/chr5_180915260_33321_h100UMC1024.png
INFO [2021-01-25 14:08:51,162]  [CommandExecutor.java:235] [pool-1-thread-1]  OK
INFO [2021-01-25 14:08:51,162]  [BatchRunner.java:72] [pool-1-thread-1]  Executing Command: goto chr6:171115067-15277

INFO [2021-01-25 14:08:53,171]  [CommandExecutor.java:235] [pool-1-thread-1]  OK
INFO [2021-01-25 14:08:53,172]  [BatchRunner.java:72] [pool-1-thread-1]  Executing Command: group strand

INFO [2021-01-25 14:08:55,183]  [CommandExecutor.java:235] [pool-1-thread-1]  OK
INFO [2021-01-25 14:08:55,183]  [BatchRunner.java:72] [pool-1-thread-1]  Executing Command: snapshot chr6_171115067_15277_h100UMC1024.png

Snapshot: /gpfs/gsfs8/users/CGR_integration/hpv_igv/workflow/output/IGV_Snapshots/UMC1024/chr6_171115067_15277_h100UMC1024.png
INFO [2021-01-25 14:08:57,250]  [CommandExecutor.java:235] [pool-1-thread-1]  OK
INFO [2021-01-25 14:08:57,250]  [BatchRunner.java:72] [pool-1-thread-1]  Executing Command: goto chr7:159138663-5498

INFO [2021-01-25 14:08:59,259]  [CommandExecutor.java:235] [pool-1-thread-1]  OK
INFO [2021-01-25 14:08:59,260]  [BatchRunner.java:72] [pool-1-thread-1]  Executing Command: group strand

INFO [2021-01-25 14:09:01,264]  [CommandExecutor.java:235] [pool-1-thread-1]  OK
INFO [2021-01-25 14:09:01,265]  [BatchRunner.java:72] [pool-1-thread-1]  Executing Command: snapshot chr7_159138663_5498_h100UMC1024.png

Snapshot: /gpfs/gsfs8/users/CGR_integration/hpv_igv/workflow/output/IGV_Snapshots/UMC1024/chr7_159138663_5498_h100UMC1024.png
INFO [2021-01-25 14:09:03,316]  [CommandExecutor.java:235] [pool-1-thread-1]  OK
INFO [2021-01-25 14:09:03,317]  [BatchRunner.java:72] [pool-1-thread-1]  Executing Command: goto chr8:146364022-23663

INFO [2021-01-25 14:09:05,321]  [CommandExecutor.java:235] [pool-1-thread-1]  OK
INFO [2021-01-25 14:09:05,322]  [BatchRunner.java:72] [pool-1-thread-1]  Executing Command: group strand

INFO [2021-01-25 14:09:07,328]  [CommandExecutor.java:235] [pool-1-thread-1]  OK
INFO [2021-01-25 14:09:07,329]  [BatchRunner.java:72] [pool-1-thread-1]  Executing Command: snapshot chr8_146364022_23663_h100UMC1024.png

Snapshot: /gpfs/gsfs8/users/CGR_integration/hpv_igv/workflow/output/IGV_Snapshots/UMC1024/chr8_146364022_23663_h100UMC1024.png
INFO [2021-01-25 14:09:09,376]  [CommandExecutor.java:235] [pool-1-thread-1]  OK
INFO [2021-01-25 14:09:09,376]  [BatchRunner.java:72] [pool-1-thread-1]  Executing Command: goto chr9:141213431-29979

INFO [2021-01-25 14:09:11,387]  [CommandExecutor.java:235] [pool-1-thread-1]  OK
INFO [2021-01-25 14:09:11,387]  [BatchRunner.java:72] [pool-1-thread-1]  Executing Command: group strand

INFO [2021-01-25 14:09:13,395]  [CommandExecutor.java:235] [pool-1-thread-1]  OK
INFO [2021-01-25 14:09:13,395]  [BatchRunner.java:72] [pool-1-thread-1]  Executing Command: snapshot chr9_141213431_29979_h100UMC1024.png

Snapshot: /gpfs/gsfs8/users/CGR_integration/hpv_igv/workflow/output/IGV_Snapshots/UMC1024/chr9_141213431_29979_h100UMC1024.png
INFO [2021-01-25 14:09:15,443]  [CommandExecutor.java:235] [pool-1-thread-1]  OK
INFO [2021-01-25 14:09:15,444]  [BatchRunner.java:72] [pool-1-thread-1]  Executing Command: goto chr10:135534747-13698

INFO [2021-01-25 14:09:17,453]  [CommandExecutor.java:235] [pool-1-thread-1]  OK
INFO [2021-01-25 14:09:17,453]  [BatchRunner.java:72] [pool-1-thread-1]  Executing Command: group strand

INFO [2021-01-25 14:09:19,459]  [CommandExecutor.java:235] [pool-1-thread-1]  OK
INFO [2021-01-25 14:09:19,460]  [BatchRunner.java:72] [pool-1-thread-1]  Executing Command: snapshot chr10_135534747_13698_h100UMC1024.png

Snapshot: /gpfs/gsfs8/users/CGR_integration/hpv_igv/workflow/output/IGV_Snapshots/UMC1024/chr10_135534747_13698_h100UMC1024.png
INFO [2021-01-25 14:09:21,507]  [CommandExecutor.java:235] [pool-1-thread-1]  OK
INFO [2021-01-25 14:09:21,508]  [BatchRunner.java:72] [pool-1-thread-1]  Executing Command: goto chr11:135006516-9006

INFO [2021-01-25 14:09:23,521]  [CommandExecutor.java:235] [pool-1-thread-1]  OK
INFO [2021-01-25 14:09:23,521]  [BatchRunner.java:72] [pool-1-thread-1]  Executing Command: group strand

INFO [2021-01-25 14:09:25,527]  [CommandExecutor.java:235] [pool-1-thread-1]  OK
INFO [2021-01-25 14:09:25,527]  [BatchRunner.java:72] [pool-1-thread-1]  Executing Command: snapshot chr11_135006516_9006_h100UMC1024.png

Snapshot: /gpfs/gsfs8/users/CGR_integration/hpv_igv/workflow/output/IGV_Snapshots/UMC1024/chr11_135006516_9006_h100UMC1024.png
INFO [2021-01-25 14:09:27,583]  [CommandExecutor.java:235] [pool-1-thread-1]  OK
INFO [2021-01-25 14:09:27,583]  [BatchRunner.java:72] [pool-1-thread-1]  Executing Command: goto chr12:133851895-37086

INFO [2021-01-25 14:09:29,591]  [CommandExecutor.java:235] [pool-1-thread-1]  OK
INFO [2021-01-25 14:09:29,592]  [BatchRunner.java:72] [pool-1-thread-1]  Executing Command: group strand

INFO [2021-01-25 14:09:31,599]  [CommandExecutor.java:235] [pool-1-thread-1]  OK
INFO [2021-01-25 14:09:31,599]  [BatchRunner.java:72] [pool-1-thread-1]  Executing Command: snapshot chr12_133851895_37086_h100UMC1024.png

Snapshot: /gpfs/gsfs8/users/CGR_integration/hpv_igv/workflow/output/IGV_Snapshots/UMC1024/chr12_133851895_37086_h100UMC1024.png
INFO [2021-01-25 14:09:33,655]  [CommandExecutor.java:235] [pool-1-thread-1]  OK
INFO [2021-01-25 14:09:33,656]  [BatchRunner.java:72] [pool-1-thread-1]  Executing Command: goto chr13:115169878-9068

INFO [2021-01-25 14:09:35,659]  [CommandExecutor.java:235] [pool-1-thread-1]  OK
INFO [2021-01-25 14:09:35,659]  [BatchRunner.java:72] [pool-1-thread-1]  Executing Command: group strand

INFO [2021-01-25 14:09:37,663]  [CommandExecutor.java:235] [pool-1-thread-1]  OK
INFO [2021-01-25 14:09:37,663]  [BatchRunner.java:72] [pool-1-thread-1]  Executing Command: snapshot chr13_115169878_9068_h100UMC1024.png

Snapshot: /gpfs/gsfs8/users/CGR_integration/hpv_igv/workflow/output/IGV_Snapshots/UMC1024/chr13_115169878_9068_h100UMC1024.png
INFO [2021-01-25 14:09:39,727]  [CommandExecutor.java:235] [pool-1-thread-1]  OK
INFO [2021-01-25 14:09:39,727]  [BatchRunner.java:72] [pool-1-thread-1]  Executing Command: goto chr14:107349540-55246

INFO [2021-01-25 14:09:41,736]  [CommandExecutor.java:235] [pool-1-thread-1]  OK
INFO [2021-01-25 14:09:41,737]  [BatchRunner.java:72] [pool-1-thread-1]  Executing Command: group strand

INFO [2021-01-25 14:09:43,743]  [CommandExecutor.java:235] [pool-1-thread-1]  OK
INFO [2021-01-25 14:09:43,743]  [BatchRunner.java:72] [pool-1-thread-1]  Executing Command: snapshot chr14_107349540_55246_h100UMC1024.png

Snapshot: /gpfs/gsfs8/users/CGR_integration/hpv_igv/workflow/output/IGV_Snapshots/UMC1024/chr14_107349540_55246_h100UMC1024.png
INFO [2021-01-25 14:09:45,787]  [CommandExecutor.java:235] [pool-1-thread-1]  OK
INFO [2021-01-25 14:09:45,788]  [BatchRunner.java:72] [pool-1-thread-1]  Executing Command: goto chr15:102531392-9347

INFO [2021-01-25 14:09:47,794]  [CommandExecutor.java:235] [pool-1-thread-1]  OK
INFO [2021-01-25 14:09:47,795]  [BatchRunner.java:72] [pool-1-thread-1]  Executing Command: group strand

INFO [2021-01-25 14:09:49,805]  [CommandExecutor.java:235] [pool-1-thread-1]  OK
INFO [2021-01-25 14:09:49,805]  [BatchRunner.java:72] [pool-1-thread-1]  Executing Command: snapshot chr15_102531392_9347_h100UMC1024.png

Snapshot: /gpfs/gsfs8/users/CGR_integration/hpv_igv/workflow/output/IGV_Snapshots/UMC1024/chr15_102531392_9347_h100UMC1024.png
INFO [2021-01-25 14:09:51,849]  [CommandExecutor.java:235] [pool-1-thread-1]  OK
INFO [2021-01-25 14:09:51,850]  [BatchRunner.java:72] [pool-1-thread-1]  Executing Command: goto chr16:90354753-12005

INFO [2021-01-25 14:09:53,859]  [CommandExecutor.java:235] [pool-1-thread-1]  OK
INFO [2021-01-25 14:09:53,860]  [BatchRunner.java:72] [pool-1-thread-1]  Executing Command: group strand

INFO [2021-01-25 14:09:55,866]  [CommandExecutor.java:235] [pool-1-thread-1]  OK
INFO [2021-01-25 14:09:55,867]  [BatchRunner.java:72] [pool-1-thread-1]  Executing Command: snapshot chr16_90354753_12005_h100UMC1024.png

Snapshot: /gpfs/gsfs8/users/CGR_integration/hpv_igv/workflow/output/IGV_Snapshots/UMC1024/chr16_90354753_12005_h100UMC1024.png
INFO [2021-01-25 14:09:57,909]  [CommandExecutor.java:235] [pool-1-thread-1]  OK
INFO [2021-01-25 14:09:57,910]  [BatchRunner.java:72] [pool-1-thread-1]  Executing Command: goto chr17:81195210-1552

INFO [2021-01-25 14:09:59,918]  [CommandExecutor.java:235] [pool-1-thread-1]  OK
INFO [2021-01-25 14:09:59,918]  [BatchRunner.java:72] [pool-1-thread-1]  Executing Command: group strand

INFO [2021-01-25 14:10:01,922]  [CommandExecutor.java:235] [pool-1-thread-1]  OK
INFO [2021-01-25 14:10:01,922]  [BatchRunner.java:72] [pool-1-thread-1]  Executing Command: snapshot chr17_81195210_1552_h100UMC1024.png

Snapshot: /gpfs/gsfs8/users/CGR_integration/hpv_igv/workflow/output/IGV_Snapshots/UMC1024/chr17_81195210_1552_h100UMC1024.png
INFO [2021-01-25 14:10:03,969]  [CommandExecutor.java:235] [pool-1-thread-1]  OK
INFO [2021-01-25 14:10:03,970]  [BatchRunner.java:72] [pool-1-thread-1]  Executing Command: goto chr18:78077248-7651

INFO [2021-01-25 14:10:05,980]  [CommandExecutor.java:235] [pool-1-thread-1]  OK
INFO [2021-01-25 14:10:05,980]  [BatchRunner.java:72] [pool-1-thread-1]  Executing Command: group strand

INFO [2021-01-25 14:10:07,987]  [CommandExecutor.java:235] [pool-1-thread-1]  OK
INFO [2021-01-25 14:10:07,988]  [BatchRunner.java:72] [pool-1-thread-1]  Executing Command: snapshot chr18_78077248_7651_h100UMC1024.png

Snapshot: /gpfs/gsfs8/users/CGR_integration/hpv_igv/workflow/output/IGV_Snapshots/UMC1024/chr18_78077248_7651_h100UMC1024.png
INFO [2021-01-25 14:10:10,033]  [CommandExecutor.java:235] [pool-1-thread-1]  OK
INFO [2021-01-25 14:10:10,033]  [BatchRunner.java:72] [pool-1-thread-1]  Executing Command: goto chr19:59128983-9730

INFO [2021-01-25 14:10:12,040]  [CommandExecutor.java:235] [pool-1-thread-1]  OK
INFO [2021-01-25 14:10:12,041]  [BatchRunner.java:72] [pool-1-thread-1]  Executing Command: group strand

INFO [2021-01-25 14:10:14,045]  [CommandExecutor.java:235] [pool-1-thread-1]  OK
INFO [2021-01-25 14:10:14,045]  [BatchRunner.java:72] [pool-1-thread-1]  Executing Command: snapshot chr19_59128983_9730_h100UMC1024.png

Snapshot: /gpfs/gsfs8/users/CGR_integration/hpv_igv/workflow/output/IGV_Snapshots/UMC1024/chr19_59128983_9730_h100UMC1024.png
INFO [2021-01-25 14:10:16,149]  [CommandExecutor.java:235] [pool-1-thread-1]  OK
INFO [2021-01-25 14:10:16,149]  [BatchRunner.java:72] [pool-1-thread-1]  Executing Command: goto chr20:63025520-1985

INFO [2021-01-25 14:10:18,158]  [CommandExecutor.java:235] [pool-1-thread-1]  OK
INFO [2021-01-25 14:10:18,158]  [BatchRunner.java:72] [pool-1-thread-1]  Executing Command: group strand

INFO [2021-01-25 14:10:20,164]  [CommandExecutor.java:235] [pool-1-thread-1]  OK
INFO [2021-01-25 14:10:20,165]  [BatchRunner.java:72] [pool-1-thread-1]  Executing Command: snapshot chr20_63025520_1985_h100UMC1024.png

Snapshot: /gpfs/gsfs8/users/CGR_integration/hpv_igv/workflow/output/IGV_Snapshots/UMC1024/chr20_63025520_1985_h100UMC1024.png
INFO [2021-01-25 14:10:22,210]  [CommandExecutor.java:235] [pool-1-thread-1]  OK
INFO [2021-01-25 14:10:22,210]  [BatchRunner.java:72] [pool-1-thread-1]  Executing Command: goto chr21:48129895-3184

INFO [2021-01-25 14:10:24,216]  [CommandExecutor.java:235] [pool-1-thread-1]  OK
INFO [2021-01-25 14:10:24,216]  [BatchRunner.java:72] [pool-1-thread-1]  Executing Command: group strand

INFO [2021-01-25 14:10:26,222]  [CommandExecutor.java:235] [pool-1-thread-1]  OK
INFO [2021-01-25 14:10:26,222]  [BatchRunner.java:72] [pool-1-thread-1]  Executing Command: snapshot chr21_48129895_3184_h100UMC1024.png

Snapshot: /gpfs/gsfs8/users/CGR_integration/hpv_igv/workflow/output/IGV_Snapshots/UMC1024/chr21_48129895_3184_h100UMC1024.png
INFO [2021-01-25 14:10:28,269]  [CommandExecutor.java:235] [pool-1-thread-1]  OK
INFO [2021-01-25 14:10:28,269]  [BatchRunner.java:72] [pool-1-thread-1]  Executing Command: goto chr22:51304566-426

INFO [2021-01-25 14:10:30,274]  [CommandExecutor.java:235] [pool-1-thread-1]  OK
INFO [2021-01-25 14:10:30,274]  [BatchRunner.java:72] [pool-1-thread-1]  Executing Command: group strand

INFO [2021-01-25 14:10:32,278]  [CommandExecutor.java:235] [pool-1-thread-1]  OK
INFO [2021-01-25 14:10:32,278]  [BatchRunner.java:72] [pool-1-thread-1]  Executing Command: snapshot chr22_51304566_426_h100UMC1024.png

Snapshot: /gpfs/gsfs8/users/CGR_integration/hpv_igv/workflow/output/IGV_Snapshots/UMC1024/chr22_51304566_426_h100UMC1024.png
INFO [2021-01-25 14:10:34,328]  [CommandExecutor.java:235] [pool-1-thread-1]  OK
INFO [2021-01-25 14:10:34,328]  [BatchRunner.java:72] [pool-1-thread-1]  Executing Command: goto chrX:155270560-4482

INFO [2021-01-25 14:10:36,335]  [CommandExecutor.java:235] [pool-1-thread-1]  OK
INFO [2021-01-25 14:10:36,335]  [BatchRunner.java:72] [pool-1-thread-1]  Executing Command: group strand

INFO [2021-01-25 14:10:38,343]  [CommandExecutor.java:235] [pool-1-thread-1]  OK
INFO [2021-01-25 14:10:38,343]  [BatchRunner.java:72] [pool-1-thread-1]  Executing Command: snapshot chrX_155270560_4482_h100UMC1024.png

Snapshot: /gpfs/gsfs8/users/CGR_integration/hpv_igv/workflow/output/IGV_Snapshots/UMC1024/chrX_155270560_4482_h100UMC1024.png
INFO [2021-01-25 14:10:40,391]  [CommandExecutor.java:235] [pool-1-thread-1]  OK
INFO [2021-01-25 14:10:40,391]  [BatchRunner.java:72] [pool-1-thread-1]  Executing Command: goto chrY:59373566-483

INFO [2021-01-25 14:10:42,398]  [CommandExecutor.java:235] [pool-1-thread-1]  OK
INFO [2021-01-25 14:10:42,398]  [BatchRunner.java:72] [pool-1-thread-1]  Executing Command: group strand

INFO [2021-01-25 14:10:44,404]  [CommandExecutor.java:235] [pool-1-thread-1]  OK
INFO [2021-01-25 14:10:44,404]  [BatchRunner.java:72] [pool-1-thread-1]  Executing Command: snapshot chrY_59373566_483_h100UMC1024.png

Snapshot: /gpfs/gsfs8/users/CGR_integration/hpv_igv/workflow/output/IGV_Snapshots/UMC1024/chrY_59373566_483_h100UMC1024.png
INFO [2021-01-25 14:10:46,449]  [CommandExecutor.java:235] [pool-1-thread-1]  OK
INFO [2021-01-25 14:10:46,449]  [BatchRunner.java:72] [pool-1-thread-1]  Executing Command: goto chr17_ctg5_hap1:1680828-165

INFO [2021-01-25 14:10:46,452]  [MessageUtils.java:74] [pool-1-thread-1]  Cannot find feature or locus: chr17_ctg5_hap1:1680828-165
INFO [2021-01-25 14:10:48,457]  [CommandExecutor.java:235] [pool-1-thread-1]  OK
INFO [2021-01-25 14:10:48,457]  [BatchRunner.java:72] [pool-1-thread-1]  Executing Command: group strand

INFO [2021-01-25 14:10:50,461]  [CommandExecutor.java:235] [pool-1-thread-1]  OK
INFO [2021-01-25 14:10:50,461]  [BatchRunner.java:72] [pool-1-thread-1]  Executing Command: snapshot chr17_ctg5_hap1_1680828_165_h100UMC1024.png

Snapshot: /gpfs/gsfs8/users/CGR_integration/hpv_igv/workflow/output/IGV_Snapshots/UMC1024/chr17_ctg5_hap1_1680828_165_h100UMC1024.png
INFO [2021-01-25 14:10:52,505]  [CommandExecutor.java:235] [pool-1-thread-1]  OK
INFO [2021-01-25 14:10:52,505]  [BatchRunner.java:72] [pool-1-thread-1]  Executing Command: goto chrUn_gl000235:34474-208

INFO [2021-01-25 14:10:52,507]  [MessageUtils.java:74] [pool-1-thread-1]  Cannot find feature or locus: chrUn_gl000235:34474-208
INFO [2021-01-25 14:10:54,509]  [CommandExecutor.java:235] [pool-1-thread-1]  OK
INFO [2021-01-25 14:10:54,509]  [BatchRunner.java:72] [pool-1-thread-1]  Executing Command: group strand

INFO [2021-01-25 14:10:56,514]  [CommandExecutor.java:235] [pool-1-thread-1]  OK
INFO [2021-01-25 14:10:56,515]  [BatchRunner.java:72] [pool-1-thread-1]  Executing Command: snapshot chrUn_gl000235_34474_208_h100UMC1024.png

Snapshot: /gpfs/gsfs8/users/CGR_integration/hpv_igv/workflow/output/IGV_Snapshots/UMC1024/chrUn_gl000235_34474_208_h100UMC1024.png
INFO [2021-01-25 14:10:58,560]  [CommandExecutor.java:235] [pool-1-thread-1]  OK
INFO [2021-01-25 14:10:58,560]  [BatchRunner.java:72] [pool-1-thread-1]  Executing Command: exit

INFO [2021-01-25 14:10:58,561]  [ShutdownThread.java:51] [Thread-2]  Shutting down

IGV finished; elapsed time is:
0:03:34.028963

[Mon Jan 25 14:11:02 2021]
Error in rule igv_snapshot:
    jobid: 0
    output: output/IGV_Snapshots/merge/UMC1024.png
    shell:
        
          python /data/CGR_integration/hpv_igv/IGV-snapshot-automator-master/make_IGV_snapshots.py -mem 16000 -ht 100 -bin /data/CGR_integration/hpv_igv/IGV-snapshot-automator-master/bin/IGV_2.3.81/igv.jar -o output/IGV_Snapshots/UMC1024 /data/CGR_integration/hpv_igv/data/08282019_methylation/meth/bam/UMC1024.bam -r /data/CGR_integration/hpv_igv/data/08282019_methylation/meth/igv_bed/UMC1024.bed -g /data/CGR_integration/hpv_igv/ref/HPV_Ref_Alphas65_Pad400_hg19.fasta -s -suffix UMC1024 2> log/UMC1024_igv.err
          if ls output/IGV_Snapshots/UMC1024/*.png 1> /dev/null 2>&1; then 
          magick montage -label '%f' -pointsize 24 -geometry 1920x900+2+2 -title 'UMC1024' -tile 1x output/IGV_Snapshots/UMC1024/*.png output/IGV_Snapshots/merge/UMC1024.png 2> log/UMC1024_merge.err
          mkdir -p merge_true
          cp output/IGV_Snapshots/merge/UMC1024.png output//IGV_Snapshots/merge_true/UMC1024.png 2>log/UMC1024_cp.err
          else
          touch output/IGV_Snapshots/merge/UMC1024.png 
          fi
          
        (one of the commands exited with non-zero exit code; note that snakemake uses bash strict mode!)

Shutting down, this might take some time.
Exiting because a job execution failed. Look above for error message
