Building DAG of jobs...
Using shell: /usr/bin/bash
Provided cores: 4
Rules claiming more threads will be scaled down.
Job counts:
	count	jobs
	1	igv_snapshot
	1

[Mon Jan 25 14:07:24 2021]
rule igv_snapshot:
    input: /data/CGR_integration/hpv_igv/data/08282019_methylation/meth/bam/UMC1032.bam, /data/CGR_integration/hpv_igv/data/08282019_methylation/meth/igv_bed/UMC1032.bed
    output: output/IGV_Snapshots/merge/UMC1032.png
    jobid: 0
    wildcards: sample=UMC1032
    threads: 4


          python /data/CGR_integration/hpv_igv/IGV-snapshot-automator-master/make_IGV_snapshots.py -mem 16000 -ht 100 -bin /data/CGR_integration/hpv_igv/IGV-snapshot-automator-master/bin/IGV_2.3.81/igv.jar -o output/IGV_Snapshots/UMC1032 /data/CGR_integration/hpv_igv/data/08282019_methylation/meth/bam/UMC1032.bam -r /data/CGR_integration/hpv_igv/data/08282019_methylation/meth/igv_bed/UMC1032.bed -g /data/CGR_integration/hpv_igv/ref/HPV_Ref_Alphas65_Pad400_hg19.fasta -s -suffix UMC1032 2> log/UMC1032_igv.err
          if ls output/IGV_Snapshots/UMC1032/*.png 1> /dev/null 2>&1; then 
          magick montage -label '%f' -pointsize 24 -geometry 1920x900+2+2 -title 'UMC1032' -tile 1x output/IGV_Snapshots/UMC1032/*.png output/IGV_Snapshots/merge/UMC1032.png 2> log/UMC1032_merge.err
          mkdir -p merge_true
          cp output/IGV_Snapshots/merge/UMC1032.png output//IGV_Snapshots/merge_true/UMC1032.png 2>log/UMC1032_cp.err
          else
          touch output/IGV_Snapshots/merge/UMC1032.png 
          fi
          

~~~ IGV SNAPSHOT AUTOMATOR ~~~

Reference genome:
/data/CGR_integration/hpv_igv/ref/HPV_Ref_Alphas65_Pad400_hg19.fasta

Track height:
100

IGV binary file:
/data/CGR_integration/hpv_igv/IGV-snapshot-automator-master/bin/IGV_2.3.81/igv.jar

Output directory will be:
output/IGV_Snapshots/UMC1032

Batchscript file will be:
output/IGV_Snapshots/UMC1032/IGV_snapshots.bat

Region file:
/data/CGR_integration/hpv_igv/data/08282019_methylation/meth/igv_bed/UMC1032.bed

Input files to snapshot:

/data/CGR_integration/hpv_igv/data/08282019_methylation/meth/bam/UMC1032.bam

Making the output directory...

Writing IGV batch script to file:
output/IGV_Snapshots/UMC1032/IGV_snapshots.bat


Getting regions from BED file...

Read 30 regions

Open Xvfb port found on:
1


IGV command is:
xvfb-run -a --server-args='-screen 0 1920x1280x24'xrandr java -Xmx16000m -jar /data/CGR_integration/hpv_igv/IGV-snapshot-automator-master/bin/IGV_2.3.81/igv.jar -b output/IGV_Snapshots/UMC1032/IGV_snapshots.bat


Current time is:
2021-01-25 14:07:24.523095


Running the IGV command...
INFO [2021-01-25 14:07:28,953]  [DirectoryManager.java:169] [main]  IGV Directory: /home/daij/igv
INFO [2021-01-25 14:07:28,953] [DirectoryManager.java:169]  IGV Directory: /home/daij/igv
INFO [2021-01-25 14:07:28,961]  [Main.java:133] [main]  Startup  IGV Version 2.3.81 (127)08/30/2016 02:20 PM
INFO [2021-01-25 14:07:28,961]  [Main.java:134] [main]  Java 1.8.0_211
INFO [2021-01-25 14:07:28,961]  [DirectoryManager.java:72] [main]  Fetching user directory... 
INFO [2021-01-25 14:07:29,154]  [Main.java:135] [main]  Default User Directory: /home/daij
INFO [2021-01-25 14:07:29,155]  [Main.java:136] [main]  OS: Linux

(process:43898): dconf-CRITICAL **: unable to create directory '/run/user/37498/dconf': Permission denied.  dconf will not work properly.

(process:43898): dconf-CRITICAL **: unable to create directory '/run/user/37498/dconf': Permission denied.  dconf will not work properly.

(process:43898): dconf-CRITICAL **: unable to create directory '/run/user/37498/dconf': Permission denied.  dconf will not work properly.

(process:43898): dconf-CRITICAL **: unable to create directory '/run/user/37498/dconf': Permission denied.  dconf will not work properly.

(process:43898): dconf-CRITICAL **: unable to create directory '/run/user/37498/dconf': Permission denied.  dconf will not work properly.

(process:43898): dconf-CRITICAL **: unable to create directory '/run/user/37498/dconf': Permission denied.  dconf will not work properly.

(process:43898): dconf-CRITICAL **: unable to create directory '/run/user/37498/dconf': Permission denied.  dconf will not work properly.

(process:43898): dconf-CRITICAL **: unable to create directory '/run/user/37498/dconf': Permission denied.  dconf will not work properly.

(process:43898): dconf-CRITICAL **: unable to create directory '/run/user/37498/dconf': Permission denied.  dconf will not work properly.

(process:43898): dconf-CRITICAL **: unable to create directory '/run/user/37498/dconf': Permission denied.  dconf will not work properly.
INFO [2021-01-25 14:07:29,998]  [Main.java:184] [main]  A later version of IGV is available (2.7.22.7.2)
INFO [2021-01-25 14:07:46,550]  [GenomeManager.java:145] [main]  Loading genome: /home/daij/igv/genomes/hg38.genome
INFO [2021-01-25 14:07:52,446]  [GenomeManager.java:192] [main]  Genome loaded.  id= hg38
INFO [2021-01-25 14:07:52,691]  [CommandListener.java:106] [Thread-6]  Listening on port 60151
INFO [2021-01-25 14:07:52,695]  [BatchRunner.java:72] [pool-1-thread-1]  Executing Command: new

INFO [2021-01-25 14:07:56,898]  [CommandExecutor.java:235] [pool-1-thread-1]  OK
INFO [2021-01-25 14:07:56,899]  [BatchRunner.java:72] [pool-1-thread-1]  Executing Command: genome /data/CGR_integration/hpv_igv/ref/HPV_Ref_Alphas65_Pad400_hg19.fasta

INFO [2021-01-25 14:07:58,199]  [GenomeManager.java:145] [pool-1-thread-1]  Loading genome: /data/CGR_integration/hpv_igv/ref/HPV_Ref_Alphas65_Pad400_hg19.fasta
INFO [2021-01-25 14:07:58,209]  [GenomeManager.java:192] [pool-1-thread-1]  Genome loaded.  id= /data/CGR_integration/hpv_igv/ref/HPV_Ref_Alphas65_Pad400_hg19.fasta
INFO [2021-01-25 14:08:00,243]  [CommandExecutor.java:235] [pool-1-thread-1]  OK
INFO [2021-01-25 14:08:00,243]  [BatchRunner.java:72] [pool-1-thread-1]  Executing Command: snapshotDirectory output/IGV_Snapshots/UMC1032

INFO [2021-01-25 14:08:02,254]  [CommandExecutor.java:235] [pool-1-thread-1]  OK
INFO [2021-01-25 14:08:02,254]  [BatchRunner.java:72] [pool-1-thread-1]  Executing Command: load /data/CGR_integration/hpv_igv/data/08282019_methylation/meth/bam/UMC1032.bam

INFO [2021-01-25 14:08:02,257]  [IGV.java:1700] [pool-1-thread-1]  Loading 1 resources.
INFO [2021-01-25 14:08:02,258]  [TrackLoader.java:120] [pool-1-thread-1]  Loading resource, path /data/CGR_integration/hpv_igv/data/08282019_methylation/meth/bam/UMC1032.bam
INFO [2021-01-25 14:08:04,528]  [CommandExecutor.java:235] [pool-1-thread-1]  OK
INFO [2021-01-25 14:08:04,529]  [BatchRunner.java:72] [pool-1-thread-1]  Executing Command: maxPanelHeight 100

INFO [2021-01-25 14:08:04,537]  [BatchRunner.java:72] [pool-1-thread-1]  Executing Command: goto HPV35:7879-135937

INFO [2021-01-25 14:08:04,554]  [MessageUtils.java:74] [pool-1-thread-1]  Cannot find feature or locus: HPV35:7879-135937
INFO [2021-01-25 14:08:06,574]  [CommandExecutor.java:235] [pool-1-thread-1]  OK
INFO [2021-01-25 14:08:06,575]  [BatchRunner.java:72] [pool-1-thread-1]  Executing Command: group strand

INFO [2021-01-25 14:08:08,592]  [CommandExecutor.java:235] [pool-1-thread-1]  OK
INFO [2021-01-25 14:08:08,592]  [BatchRunner.java:72] [pool-1-thread-1]  Executing Command: snapshot HPV35_7879_135937_h100UMC1032.png

Snapshot: /gpfs/gsfs8/users/CGR_integration/hpv_igv/workflow/output/IGV_Snapshots/UMC1032/HPV35_7879_135937_h100UMC1032.png
INFO [2021-01-25 14:08:10,700]  [CommandExecutor.java:235] [pool-1-thread-1]  OK
INFO [2021-01-25 14:08:10,700]  [BatchRunner.java:72] [pool-1-thread-1]  Executing Command: goto HPV39:7833-115

INFO [2021-01-25 14:08:10,706]  [MessageUtils.java:74] [pool-1-thread-1]  Cannot find feature or locus: HPV39:7833-115
INFO [2021-01-25 14:08:12,713]  [CommandExecutor.java:235] [pool-1-thread-1]  OK
INFO [2021-01-25 14:08:12,714]  [BatchRunner.java:72] [pool-1-thread-1]  Executing Command: group strand

INFO [2021-01-25 14:08:14,726]  [CommandExecutor.java:235] [pool-1-thread-1]  OK
INFO [2021-01-25 14:08:14,727]  [BatchRunner.java:72] [pool-1-thread-1]  Executing Command: snapshot HPV39_7833_115_h100UMC1032.png

Snapshot: /gpfs/gsfs8/users/CGR_integration/hpv_igv/workflow/output/IGV_Snapshots/UMC1032/HPV39_7833_115_h100UMC1032.png
INFO [2021-01-25 14:08:16,803]  [CommandExecutor.java:235] [pool-1-thread-1]  OK
INFO [2021-01-25 14:08:16,804]  [BatchRunner.java:72] [pool-1-thread-1]  Executing Command: goto HPV51:7808-1177

INFO [2021-01-25 14:08:16,808]  [MessageUtils.java:74] [pool-1-thread-1]  Cannot find feature or locus: HPV51:7808-1177
INFO [2021-01-25 14:08:18,816]  [CommandExecutor.java:235] [pool-1-thread-1]  OK
INFO [2021-01-25 14:08:18,817]  [BatchRunner.java:72] [pool-1-thread-1]  Executing Command: group strand

INFO [2021-01-25 14:08:20,830]  [CommandExecutor.java:235] [pool-1-thread-1]  OK
INFO [2021-01-25 14:08:20,831]  [BatchRunner.java:72] [pool-1-thread-1]  Executing Command: snapshot HPV51_7808_1177_h100UMC1032.png

Snapshot: /gpfs/gsfs8/users/CGR_integration/hpv_igv/workflow/output/IGV_Snapshots/UMC1032/HPV51_7808_1177_h100UMC1032.png
INFO [2021-01-25 14:08:22,880]  [CommandExecutor.java:235] [pool-1-thread-1]  OK
INFO [2021-01-25 14:08:22,881]  [BatchRunner.java:72] [pool-1-thread-1]  Executing Command: goto HPV58:7824-129

INFO [2021-01-25 14:08:22,885]  [MessageUtils.java:74] [pool-1-thread-1]  Cannot find feature or locus: HPV58:7824-129
INFO [2021-01-25 14:08:24,894]  [CommandExecutor.java:235] [pool-1-thread-1]  OK
INFO [2021-01-25 14:08:24,895]  [BatchRunner.java:72] [pool-1-thread-1]  Executing Command: group strand

INFO [2021-01-25 14:08:26,906]  [CommandExecutor.java:235] [pool-1-thread-1]  OK
INFO [2021-01-25 14:08:26,906]  [BatchRunner.java:72] [pool-1-thread-1]  Executing Command: snapshot HPV58_7824_129_h100UMC1032.png

Snapshot: /gpfs/gsfs8/users/CGR_integration/hpv_igv/workflow/output/IGV_Snapshots/UMC1032/HPV58_7824_129_h100UMC1032.png
INFO [2021-01-25 14:08:28,979]  [CommandExecutor.java:235] [pool-1-thread-1]  OK
INFO [2021-01-25 14:08:28,979]  [BatchRunner.java:72] [pool-1-thread-1]  Executing Command: goto HPV59:7896-117

INFO [2021-01-25 14:08:28,983]  [MessageUtils.java:74] [pool-1-thread-1]  Cannot find feature or locus: HPV59:7896-117
INFO [2021-01-25 14:08:30,991]  [CommandExecutor.java:235] [pool-1-thread-1]  OK
INFO [2021-01-25 14:08:30,991]  [BatchRunner.java:72] [pool-1-thread-1]  Executing Command: group strand

INFO [2021-01-25 14:08:33,003]  [CommandExecutor.java:235] [pool-1-thread-1]  OK
INFO [2021-01-25 14:08:33,004]  [BatchRunner.java:72] [pool-1-thread-1]  Executing Command: snapshot HPV59_7896_117_h100UMC1032.png

Snapshot: /gpfs/gsfs8/users/CGR_integration/hpv_igv/workflow/output/IGV_Snapshots/UMC1032/HPV59_7896_117_h100UMC1032.png
INFO [2021-01-25 14:08:35,057]  [CommandExecutor.java:235] [pool-1-thread-1]  OK
INFO [2021-01-25 14:08:35,057]  [BatchRunner.java:72] [pool-1-thread-1]  Executing Command: goto Lambda_NEB:48502-195

INFO [2021-01-25 14:08:35,061]  [MessageUtils.java:74] [pool-1-thread-1]  Cannot find feature or locus: Lambda_NEB:48502-195
INFO [2021-01-25 14:08:37,073]  [CommandExecutor.java:235] [pool-1-thread-1]  OK
INFO [2021-01-25 14:08:37,073]  [BatchRunner.java:72] [pool-1-thread-1]  Executing Command: group strand

INFO [2021-01-25 14:08:39,079]  [CommandExecutor.java:235] [pool-1-thread-1]  OK
INFO [2021-01-25 14:08:39,080]  [BatchRunner.java:72] [pool-1-thread-1]  Executing Command: snapshot Lambda_NEB_48502_195_h100UMC1032.png

Snapshot: /gpfs/gsfs8/users/CGR_integration/hpv_igv/workflow/output/IGV_Snapshots/UMC1032/Lambda_NEB_48502_195_h100UMC1032.png
INFO [2021-01-25 14:08:41,129]  [CommandExecutor.java:235] [pool-1-thread-1]  OK
INFO [2021-01-25 14:08:41,130]  [BatchRunner.java:72] [pool-1-thread-1]  Executing Command: goto chr1:249250621-30828

INFO [2021-01-25 14:08:43,155]  [CommandExecutor.java:235] [pool-1-thread-1]  OK
INFO [2021-01-25 14:08:43,155]  [BatchRunner.java:72] [pool-1-thread-1]  Executing Command: group strand

INFO [2021-01-25 14:08:45,166]  [CommandExecutor.java:235] [pool-1-thread-1]  OK
INFO [2021-01-25 14:08:45,166]  [BatchRunner.java:72] [pool-1-thread-1]  Executing Command: snapshot chr1_249250621_30828_h100UMC1032.png

Snapshot: /gpfs/gsfs8/users/CGR_integration/hpv_igv/workflow/output/IGV_Snapshots/UMC1032/chr1_249250621_30828_h100UMC1032.png
INFO [2021-01-25 14:08:47,216]  [CommandExecutor.java:235] [pool-1-thread-1]  OK
INFO [2021-01-25 14:08:47,216]  [BatchRunner.java:72] [pool-1-thread-1]  Executing Command: goto chr2:243199373-88418

INFO [2021-01-25 14:08:49,228]  [CommandExecutor.java:235] [pool-1-thread-1]  OK
INFO [2021-01-25 14:08:49,228]  [BatchRunner.java:72] [pool-1-thread-1]  Executing Command: group strand

INFO [2021-01-25 14:08:51,234]  [CommandExecutor.java:235] [pool-1-thread-1]  OK
INFO [2021-01-25 14:08:51,235]  [BatchRunner.java:72] [pool-1-thread-1]  Executing Command: snapshot chr2_243199373_88418_h100UMC1032.png

Snapshot: /gpfs/gsfs8/users/CGR_integration/hpv_igv/workflow/output/IGV_Snapshots/UMC1032/chr2_243199373_88418_h100UMC1032.png
INFO [2021-01-25 14:08:53,284]  [CommandExecutor.java:235] [pool-1-thread-1]  OK
INFO [2021-01-25 14:08:53,284]  [BatchRunner.java:72] [pool-1-thread-1]  Executing Command: goto chr3:198022430-57201

INFO [2021-01-25 14:08:55,295]  [CommandExecutor.java:235] [pool-1-thread-1]  OK
INFO [2021-01-25 14:08:55,295]  [BatchRunner.java:72] [pool-1-thread-1]  Executing Command: group strand

INFO [2021-01-25 14:08:57,305]  [CommandExecutor.java:235] [pool-1-thread-1]  OK
INFO [2021-01-25 14:08:57,305]  [BatchRunner.java:72] [pool-1-thread-1]  Executing Command: snapshot chr3_198022430_57201_h100UMC1032.png

Snapshot: /gpfs/gsfs8/users/CGR_integration/hpv_igv/workflow/output/IGV_Snapshots/UMC1032/chr3_198022430_57201_h100UMC1032.png
INFO [2021-01-25 14:08:59,353]  [CommandExecutor.java:235] [pool-1-thread-1]  OK
INFO [2021-01-25 14:08:59,353]  [BatchRunner.java:72] [pool-1-thread-1]  Executing Command: goto chr4:191154276-37871

INFO [2021-01-25 14:09:01,358]  [CommandExecutor.java:235] [pool-1-thread-1]  OK
INFO [2021-01-25 14:09:01,358]  [BatchRunner.java:72] [pool-1-thread-1]  Executing Command: group strand

INFO [2021-01-25 14:09:03,369]  [CommandExecutor.java:235] [pool-1-thread-1]  OK
INFO [2021-01-25 14:09:03,369]  [BatchRunner.java:72] [pool-1-thread-1]  Executing Command: snapshot chr4_191154276_37871_h100UMC1032.png

Snapshot: /gpfs/gsfs8/users/CGR_integration/hpv_igv/workflow/output/IGV_Snapshots/UMC1032/chr4_191154276_37871_h100UMC1032.png
INFO [2021-01-25 14:09:05,417]  [CommandExecutor.java:235] [pool-1-thread-1]  OK
INFO [2021-01-25 14:09:05,417]  [BatchRunner.java:72] [pool-1-thread-1]  Executing Command: goto chr5:180915260-17632

INFO [2021-01-25 14:09:07,427]  [CommandExecutor.java:235] [pool-1-thread-1]  OK
INFO [2021-01-25 14:09:07,428]  [BatchRunner.java:72] [pool-1-thread-1]  Executing Command: group strand

INFO [2021-01-25 14:09:09,436]  [CommandExecutor.java:235] [pool-1-thread-1]  OK
INFO [2021-01-25 14:09:09,436]  [BatchRunner.java:72] [pool-1-thread-1]  Executing Command: snapshot chr5_180915260_17632_h100UMC1032.png

Snapshot: /gpfs/gsfs8/users/CGR_integration/hpv_igv/workflow/output/IGV_Snapshots/UMC1032/chr5_180915260_17632_h100UMC1032.png
INFO [2021-01-25 14:09:11,485]  [CommandExecutor.java:235] [pool-1-thread-1]  OK
INFO [2021-01-25 14:09:11,486]  [BatchRunner.java:72] [pool-1-thread-1]  Executing Command: goto chr6:171115067-32285

INFO [2021-01-25 14:09:13,494]  [CommandExecutor.java:235] [pool-1-thread-1]  OK
INFO [2021-01-25 14:09:13,494]  [BatchRunner.java:72] [pool-1-thread-1]  Executing Command: group strand

INFO [2021-01-25 14:09:15,499]  [CommandExecutor.java:235] [pool-1-thread-1]  OK
INFO [2021-01-25 14:09:15,499]  [BatchRunner.java:72] [pool-1-thread-1]  Executing Command: snapshot chr6_171115067_32285_h100UMC1032.png

Snapshot: /gpfs/gsfs8/users/CGR_integration/hpv_igv/workflow/output/IGV_Snapshots/UMC1032/chr6_171115067_32285_h100UMC1032.png
INFO [2021-01-25 14:09:17,559]  [CommandExecutor.java:235] [pool-1-thread-1]  OK
INFO [2021-01-25 14:09:17,559]  [BatchRunner.java:72] [pool-1-thread-1]  Executing Command: goto chr7:159138663-20299

INFO [2021-01-25 14:09:19,570]  [CommandExecutor.java:235] [pool-1-thread-1]  OK
INFO [2021-01-25 14:09:19,570]  [BatchRunner.java:72] [pool-1-thread-1]  Executing Command: group strand

INFO [2021-01-25 14:09:21,577]  [CommandExecutor.java:235] [pool-1-thread-1]  OK
INFO [2021-01-25 14:09:21,577]  [BatchRunner.java:72] [pool-1-thread-1]  Executing Command: snapshot chr7_159138663_20299_h100UMC1032.png

Snapshot: /gpfs/gsfs8/users/CGR_integration/hpv_igv/workflow/output/IGV_Snapshots/UMC1032/chr7_159138663_20299_h100UMC1032.png
INFO [2021-01-25 14:09:23,625]  [CommandExecutor.java:235] [pool-1-thread-1]  OK
INFO [2021-01-25 14:09:23,625]  [BatchRunner.java:72] [pool-1-thread-1]  Executing Command: goto chr8:146364022-18886

INFO [2021-01-25 14:09:25,633]  [CommandExecutor.java:235] [pool-1-thread-1]  OK
INFO [2021-01-25 14:09:25,634]  [BatchRunner.java:72] [pool-1-thread-1]  Executing Command: group strand

INFO [2021-01-25 14:09:27,641]  [CommandExecutor.java:235] [pool-1-thread-1]  OK
INFO [2021-01-25 14:09:27,642]  [BatchRunner.java:72] [pool-1-thread-1]  Executing Command: snapshot chr8_146364022_18886_h100UMC1032.png

Snapshot: /gpfs/gsfs8/users/CGR_integration/hpv_igv/workflow/output/IGV_Snapshots/UMC1032/chr8_146364022_18886_h100UMC1032.png
INFO [2021-01-25 14:09:29,694]  [CommandExecutor.java:235] [pool-1-thread-1]  OK
INFO [2021-01-25 14:09:29,695]  [BatchRunner.java:72] [pool-1-thread-1]  Executing Command: goto chr9:141213431-8372

INFO [2021-01-25 14:09:31,703]  [CommandExecutor.java:235] [pool-1-thread-1]  OK
INFO [2021-01-25 14:09:31,704]  [BatchRunner.java:72] [pool-1-thread-1]  Executing Command: group strand

INFO [2021-01-25 14:09:33,710]  [CommandExecutor.java:235] [pool-1-thread-1]  OK
INFO [2021-01-25 14:09:33,711]  [BatchRunner.java:72] [pool-1-thread-1]  Executing Command: snapshot chr9_141213431_8372_h100UMC1032.png

Snapshot: /gpfs/gsfs8/users/CGR_integration/hpv_igv/workflow/output/IGV_Snapshots/UMC1032/chr9_141213431_8372_h100UMC1032.png
INFO [2021-01-25 14:09:35,760]  [CommandExecutor.java:235] [pool-1-thread-1]  OK
INFO [2021-01-25 14:09:35,761]  [BatchRunner.java:72] [pool-1-thread-1]  Executing Command: goto chr10:135534747-19086

INFO [2021-01-25 14:09:37,769]  [CommandExecutor.java:235] [pool-1-thread-1]  OK
INFO [2021-01-25 14:09:37,770]  [BatchRunner.java:72] [pool-1-thread-1]  Executing Command: group strand

INFO [2021-01-25 14:09:39,776]  [CommandExecutor.java:235] [pool-1-thread-1]  OK
INFO [2021-01-25 14:09:39,776]  [BatchRunner.java:72] [pool-1-thread-1]  Executing Command: snapshot chr10_135534747_19086_h100UMC1032.png

Snapshot: /gpfs/gsfs8/users/CGR_integration/hpv_igv/workflow/output/IGV_Snapshots/UMC1032/chr10_135534747_19086_h100UMC1032.png
INFO [2021-01-25 14:09:41,835]  [CommandExecutor.java:235] [pool-1-thread-1]  OK
INFO [2021-01-25 14:09:41,835]  [BatchRunner.java:72] [pool-1-thread-1]  Executing Command: goto chr11:135006516-60667

INFO [2021-01-25 14:09:43,844]  [CommandExecutor.java:235] [pool-1-thread-1]  OK
INFO [2021-01-25 14:09:43,844]  [BatchRunner.java:72] [pool-1-thread-1]  Executing Command: group strand

INFO [2021-01-25 14:09:45,850]  [CommandExecutor.java:235] [pool-1-thread-1]  OK
INFO [2021-01-25 14:09:45,850]  [BatchRunner.java:72] [pool-1-thread-1]  Executing Command: snapshot chr11_135006516_60667_h100UMC1032.png

Snapshot: /gpfs/gsfs8/users/CGR_integration/hpv_igv/workflow/output/IGV_Snapshots/UMC1032/chr11_135006516_60667_h100UMC1032.png
INFO [2021-01-25 14:09:47,898]  [CommandExecutor.java:235] [pool-1-thread-1]  OK
INFO [2021-01-25 14:09:47,898]  [BatchRunner.java:72] [pool-1-thread-1]  Executing Command: goto chr12:133851895-61063

INFO [2021-01-25 14:09:49,907]  [CommandExecutor.java:235] [pool-1-thread-1]  OK
INFO [2021-01-25 14:09:49,908]  [BatchRunner.java:72] [pool-1-thread-1]  Executing Command: group strand

INFO [2021-01-25 14:09:51,913]  [CommandExecutor.java:235] [pool-1-thread-1]  OK
INFO [2021-01-25 14:09:51,913]  [BatchRunner.java:72] [pool-1-thread-1]  Executing Command: snapshot chr12_133851895_61063_h100UMC1032.png

Snapshot: /gpfs/gsfs8/users/CGR_integration/hpv_igv/workflow/output/IGV_Snapshots/UMC1032/chr12_133851895_61063_h100UMC1032.png
INFO [2021-01-25 14:09:53,960]  [CommandExecutor.java:235] [pool-1-thread-1]  OK
INFO [2021-01-25 14:09:53,961]  [BatchRunner.java:72] [pool-1-thread-1]  Executing Command: goto chr13:115169878-19976

INFO [2021-01-25 14:09:55,969]  [CommandExecutor.java:235] [pool-1-thread-1]  OK
INFO [2021-01-25 14:09:55,969]  [BatchRunner.java:72] [pool-1-thread-1]  Executing Command: group strand

INFO [2021-01-25 14:09:57,975]  [CommandExecutor.java:235] [pool-1-thread-1]  OK
INFO [2021-01-25 14:09:57,975]  [BatchRunner.java:72] [pool-1-thread-1]  Executing Command: snapshot chr13_115169878_19976_h100UMC1032.png

Snapshot: /gpfs/gsfs8/users/CGR_integration/hpv_igv/workflow/output/IGV_Snapshots/UMC1032/chr13_115169878_19976_h100UMC1032.png
INFO [2021-01-25 14:10:00,021]  [CommandExecutor.java:235] [pool-1-thread-1]  OK
INFO [2021-01-25 14:10:00,021]  [BatchRunner.java:72] [pool-1-thread-1]  Executing Command: goto chr14:107349540-13387

INFO [2021-01-25 14:10:02,029]  [CommandExecutor.java:235] [pool-1-thread-1]  OK
INFO [2021-01-25 14:10:02,030]  [BatchRunner.java:72] [pool-1-thread-1]  Executing Command: group strand

INFO [2021-01-25 14:10:04,036]  [CommandExecutor.java:235] [pool-1-thread-1]  OK
INFO [2021-01-25 14:10:04,037]  [BatchRunner.java:72] [pool-1-thread-1]  Executing Command: snapshot chr14_107349540_13387_h100UMC1032.png

Snapshot: /gpfs/gsfs8/users/CGR_integration/hpv_igv/workflow/output/IGV_Snapshots/UMC1032/chr14_107349540_13387_h100UMC1032.png
INFO [2021-01-25 14:10:06,082]  [CommandExecutor.java:235] [pool-1-thread-1]  OK
INFO [2021-01-25 14:10:06,082]  [BatchRunner.java:72] [pool-1-thread-1]  Executing Command: goto chr15:102531392-13078

INFO [2021-01-25 14:10:08,090]  [CommandExecutor.java:235] [pool-1-thread-1]  OK
INFO [2021-01-25 14:10:08,091]  [BatchRunner.java:72] [pool-1-thread-1]  Executing Command: group strand

INFO [2021-01-25 14:10:10,099]  [CommandExecutor.java:235] [pool-1-thread-1]  OK
INFO [2021-01-25 14:10:10,099]  [BatchRunner.java:72] [pool-1-thread-1]  Executing Command: snapshot chr15_102531392_13078_h100UMC1032.png

Snapshot: /gpfs/gsfs8/users/CGR_integration/hpv_igv/workflow/output/IGV_Snapshots/UMC1032/chr15_102531392_13078_h100UMC1032.png
INFO [2021-01-25 14:10:12,145]  [CommandExecutor.java:235] [pool-1-thread-1]  OK
INFO [2021-01-25 14:10:12,146]  [BatchRunner.java:72] [pool-1-thread-1]  Executing Command: goto chr16:90354753-17325

INFO [2021-01-25 14:10:14,153]  [CommandExecutor.java:235] [pool-1-thread-1]  OK
INFO [2021-01-25 14:10:14,153]  [BatchRunner.java:72] [pool-1-thread-1]  Executing Command: group strand

INFO [2021-01-25 14:10:16,160]  [CommandExecutor.java:235] [pool-1-thread-1]  OK
INFO [2021-01-25 14:10:16,160]  [BatchRunner.java:72] [pool-1-thread-1]  Executing Command: snapshot chr16_90354753_17325_h100UMC1032.png

Snapshot: /gpfs/gsfs8/users/CGR_integration/hpv_igv/workflow/output/IGV_Snapshots/UMC1032/chr16_90354753_17325_h100UMC1032.png
INFO [2021-01-25 14:10:18,207]  [CommandExecutor.java:235] [pool-1-thread-1]  OK
INFO [2021-01-25 14:10:18,207]  [BatchRunner.java:72] [pool-1-thread-1]  Executing Command: goto chr17:81195210-3556

INFO [2021-01-25 14:10:20,224]  [CommandExecutor.java:235] [pool-1-thread-1]  OK
INFO [2021-01-25 14:10:20,224]  [BatchRunner.java:72] [pool-1-thread-1]  Executing Command: group strand

INFO [2021-01-25 14:10:22,231]  [CommandExecutor.java:235] [pool-1-thread-1]  OK
INFO [2021-01-25 14:10:22,232]  [BatchRunner.java:72] [pool-1-thread-1]  Executing Command: snapshot chr17_81195210_3556_h100UMC1032.png

Snapshot: /gpfs/gsfs8/users/CGR_integration/hpv_igv/workflow/output/IGV_Snapshots/UMC1032/chr17_81195210_3556_h100UMC1032.png
INFO [2021-01-25 14:10:24,277]  [CommandExecutor.java:235] [pool-1-thread-1]  OK
INFO [2021-01-25 14:10:24,277]  [BatchRunner.java:72] [pool-1-thread-1]  Executing Command: goto chr18:78077248-5825

INFO [2021-01-25 14:10:26,285]  [CommandExecutor.java:235] [pool-1-thread-1]  OK
INFO [2021-01-25 14:10:26,286]  [BatchRunner.java:72] [pool-1-thread-1]  Executing Command: group strand

INFO [2021-01-25 14:10:28,293]  [CommandExecutor.java:235] [pool-1-thread-1]  OK
INFO [2021-01-25 14:10:28,293]  [BatchRunner.java:72] [pool-1-thread-1]  Executing Command: snapshot chr18_78077248_5825_h100UMC1032.png

Snapshot: /gpfs/gsfs8/users/CGR_integration/hpv_igv/workflow/output/IGV_Snapshots/UMC1032/chr18_78077248_5825_h100UMC1032.png
INFO [2021-01-25 14:10:30,338]  [CommandExecutor.java:235] [pool-1-thread-1]  OK
INFO [2021-01-25 14:10:30,338]  [BatchRunner.java:72] [pool-1-thread-1]  Executing Command: goto chr19:59128983-53032

INFO [2021-01-25 14:10:32,348]  [CommandExecutor.java:235] [pool-1-thread-1]  OK
INFO [2021-01-25 14:10:32,348]  [BatchRunner.java:72] [pool-1-thread-1]  Executing Command: group strand

INFO [2021-01-25 14:10:34,355]  [CommandExecutor.java:235] [pool-1-thread-1]  OK
INFO [2021-01-25 14:10:34,355]  [BatchRunner.java:72] [pool-1-thread-1]  Executing Command: snapshot chr19_59128983_53032_h100UMC1032.png

Snapshot: /gpfs/gsfs8/users/CGR_integration/hpv_igv/workflow/output/IGV_Snapshots/UMC1032/chr19_59128983_53032_h100UMC1032.png
INFO [2021-01-25 14:10:36,401]  [CommandExecutor.java:235] [pool-1-thread-1]  OK
INFO [2021-01-25 14:10:36,401]  [BatchRunner.java:72] [pool-1-thread-1]  Executing Command: goto chr20:63025520-11427

INFO [2021-01-25 14:10:38,409]  [CommandExecutor.java:235] [pool-1-thread-1]  OK
INFO [2021-01-25 14:10:38,409]  [BatchRunner.java:72] [pool-1-thread-1]  Executing Command: group strand

INFO [2021-01-25 14:10:40,416]  [CommandExecutor.java:235] [pool-1-thread-1]  OK
INFO [2021-01-25 14:10:40,416]  [BatchRunner.java:72] [pool-1-thread-1]  Executing Command: snapshot chr20_63025520_11427_h100UMC1032.png

Snapshot: /gpfs/gsfs8/users/CGR_integration/hpv_igv/workflow/output/IGV_Snapshots/UMC1032/chr20_63025520_11427_h100UMC1032.png
INFO [2021-01-25 14:10:42,460]  [CommandExecutor.java:235] [pool-1-thread-1]  OK
INFO [2021-01-25 14:10:42,460]  [BatchRunner.java:72] [pool-1-thread-1]  Executing Command: goto chr21:48129895-17947

INFO [2021-01-25 14:10:44,463]  [CommandExecutor.java:235] [pool-1-thread-1]  OK
INFO [2021-01-25 14:10:44,463]  [BatchRunner.java:72] [pool-1-thread-1]  Executing Command: group strand

INFO [2021-01-25 14:10:46,469]  [CommandExecutor.java:235] [pool-1-thread-1]  OK
INFO [2021-01-25 14:10:46,469]  [BatchRunner.java:72] [pool-1-thread-1]  Executing Command: snapshot chr21_48129895_17947_h100UMC1032.png

Snapshot: /gpfs/gsfs8/users/CGR_integration/hpv_igv/workflow/output/IGV_Snapshots/UMC1032/chr21_48129895_17947_h100UMC1032.png
INFO [2021-01-25 14:10:48,514]  [CommandExecutor.java:235] [pool-1-thread-1]  OK
INFO [2021-01-25 14:10:48,514]  [BatchRunner.java:72] [pool-1-thread-1]  Executing Command: goto chr22:51304566-385

INFO [2021-01-25 14:10:50,526]  [CommandExecutor.java:235] [pool-1-thread-1]  OK
INFO [2021-01-25 14:10:50,526]  [BatchRunner.java:72] [pool-1-thread-1]  Executing Command: group strand

INFO [2021-01-25 14:10:52,533]  [CommandExecutor.java:235] [pool-1-thread-1]  OK
INFO [2021-01-25 14:10:52,533]  [BatchRunner.java:72] [pool-1-thread-1]  Executing Command: snapshot chr22_51304566_385_h100UMC1032.png

Snapshot: /gpfs/gsfs8/users/CGR_integration/hpv_igv/workflow/output/IGV_Snapshots/UMC1032/chr22_51304566_385_h100UMC1032.png
INFO [2021-01-25 14:10:54,578]  [CommandExecutor.java:235] [pool-1-thread-1]  OK
INFO [2021-01-25 14:10:54,578]  [BatchRunner.java:72] [pool-1-thread-1]  Executing Command: goto chrX:155270560-69972

INFO [2021-01-25 14:10:56,582]  [CommandExecutor.java:235] [pool-1-thread-1]  OK
INFO [2021-01-25 14:10:56,583]  [BatchRunner.java:72] [pool-1-thread-1]  Executing Command: group strand

INFO [2021-01-25 14:10:58,589]  [CommandExecutor.java:235] [pool-1-thread-1]  OK
INFO [2021-01-25 14:10:58,590]  [BatchRunner.java:72] [pool-1-thread-1]  Executing Command: snapshot chrX_155270560_69972_h100UMC1032.png

Snapshot: /gpfs/gsfs8/users/CGR_integration/hpv_igv/workflow/output/IGV_Snapshots/UMC1032/chrX_155270560_69972_h100UMC1032.png
INFO [2021-01-25 14:11:00,642]  [CommandExecutor.java:235] [pool-1-thread-1]  OK
INFO [2021-01-25 14:11:00,642]  [BatchRunner.java:72] [pool-1-thread-1]  Executing Command: goto chrY:59373566-523

INFO [2021-01-25 14:11:02,649]  [CommandExecutor.java:235] [pool-1-thread-1]  OK
INFO [2021-01-25 14:11:02,649]  [BatchRunner.java:72] [pool-1-thread-1]  Executing Command: group strand

INFO [2021-01-25 14:11:04,657]  [CommandExecutor.java:235] [pool-1-thread-1]  OK
INFO [2021-01-25 14:11:04,657]  [BatchRunner.java:72] [pool-1-thread-1]  Executing Command: snapshot chrY_59373566_523_h100UMC1032.png

Snapshot: /gpfs/gsfs8/users/CGR_integration/hpv_igv/workflow/output/IGV_Snapshots/UMC1032/chrY_59373566_523_h100UMC1032.png
INFO [2021-01-25 14:11:06,703]  [CommandExecutor.java:235] [pool-1-thread-1]  OK
INFO [2021-01-25 14:11:06,703]  [BatchRunner.java:72] [pool-1-thread-1]  Executing Command: exit

INFO [2021-01-25 14:11:06,705]  [ShutdownThread.java:51] [Thread-2]  Shutting down

IGV finished; elapsed time is:
0:03:42.786556

[Mon Jan 25 14:11:13 2021]
Error in rule igv_snapshot:
    jobid: 0
    output: output/IGV_Snapshots/merge/UMC1032.png
    shell:
        
          python /data/CGR_integration/hpv_igv/IGV-snapshot-automator-master/make_IGV_snapshots.py -mem 16000 -ht 100 -bin /data/CGR_integration/hpv_igv/IGV-snapshot-automator-master/bin/IGV_2.3.81/igv.jar -o output/IGV_Snapshots/UMC1032 /data/CGR_integration/hpv_igv/data/08282019_methylation/meth/bam/UMC1032.bam -r /data/CGR_integration/hpv_igv/data/08282019_methylation/meth/igv_bed/UMC1032.bed -g /data/CGR_integration/hpv_igv/ref/HPV_Ref_Alphas65_Pad400_hg19.fasta -s -suffix UMC1032 2> log/UMC1032_igv.err
          if ls output/IGV_Snapshots/UMC1032/*.png 1> /dev/null 2>&1; then 
          magick montage -label '%f' -pointsize 24 -geometry 1920x900+2+2 -title 'UMC1032' -tile 1x output/IGV_Snapshots/UMC1032/*.png output/IGV_Snapshots/merge/UMC1032.png 2> log/UMC1032_merge.err
          mkdir -p merge_true
          cp output/IGV_Snapshots/merge/UMC1032.png output//IGV_Snapshots/merge_true/UMC1032.png 2>log/UMC1032_cp.err
          else
          touch output/IGV_Snapshots/merge/UMC1032.png 
          fi
          
        (one of the commands exited with non-zero exit code; note that snakemake uses bash strict mode!)

Shutting down, this might take some time.
Exiting because a job execution failed. Look above for error message
