Building DAG of jobs...
Using shell: /usr/bin/bash
Provided cores: 4
Rules claiming more threads will be scaled down.
Job counts:
	count	jobs
	1	igv_snapshot
	1

[Mon Jan 25 14:07:24 2021]
rule igv_snapshot:
    input: /data/CGR_integration/hpv_igv/data/08282019_methylation/meth/bam/UMC1055.bam, /data/CGR_integration/hpv_igv/data/08282019_methylation/meth/igv_bed/UMC1055.bed
    output: output/IGV_Snapshots/merge/UMC1055.png
    jobid: 0
    wildcards: sample=UMC1055
    threads: 4


          python /data/CGR_integration/hpv_igv/IGV-snapshot-automator-master/make_IGV_snapshots.py -mem 16000 -ht 100 -bin /data/CGR_integration/hpv_igv/IGV-snapshot-automator-master/bin/IGV_2.3.81/igv.jar -o output/IGV_Snapshots/UMC1055 /data/CGR_integration/hpv_igv/data/08282019_methylation/meth/bam/UMC1055.bam -r /data/CGR_integration/hpv_igv/data/08282019_methylation/meth/igv_bed/UMC1055.bed -g /data/CGR_integration/hpv_igv/ref/HPV_Ref_Alphas65_Pad400_hg19.fasta -s -suffix UMC1055 2> log/UMC1055_igv.err
          if ls output/IGV_Snapshots/UMC1055/*.png 1> /dev/null 2>&1; then 
          magick montage -label '%f' -pointsize 24 -geometry 1920x900+2+2 -title 'UMC1055' -tile 1x output/IGV_Snapshots/UMC1055/*.png output/IGV_Snapshots/merge/UMC1055.png 2> log/UMC1055_merge.err
          mkdir -p merge_true
          cp output/IGV_Snapshots/merge/UMC1055.png output//IGV_Snapshots/merge_true/UMC1055.png 2>log/UMC1055_cp.err
          else
          touch output/IGV_Snapshots/merge/UMC1055.png 
          fi
          

~~~ IGV SNAPSHOT AUTOMATOR ~~~

Reference genome:
/data/CGR_integration/hpv_igv/ref/HPV_Ref_Alphas65_Pad400_hg19.fasta

Track height:
100

IGV binary file:
/data/CGR_integration/hpv_igv/IGV-snapshot-automator-master/bin/IGV_2.3.81/igv.jar

Output directory will be:
output/IGV_Snapshots/UMC1055

Batchscript file will be:
output/IGV_Snapshots/UMC1055/IGV_snapshots.bat

Region file:
/data/CGR_integration/hpv_igv/data/08282019_methylation/meth/igv_bed/UMC1055.bed

Input files to snapshot:

/data/CGR_integration/hpv_igv/data/08282019_methylation/meth/bam/UMC1055.bam

Making the output directory...

Writing IGV batch script to file:
output/IGV_Snapshots/UMC1055/IGV_snapshots.bat


Getting regions from BED file...

Read 26 regions

Open Xvfb port found on:
1


IGV command is:
xvfb-run -a --server-args='-screen 0 1920x1280x24'xrandr java -Xmx16000m -jar /data/CGR_integration/hpv_igv/IGV-snapshot-automator-master/bin/IGV_2.3.81/igv.jar -b output/IGV_Snapshots/UMC1055/IGV_snapshots.bat


Current time is:
2021-01-25 14:07:24.750968


Running the IGV command...
INFO [2021-01-25 14:07:29,067]  [DirectoryManager.java:169] [main]  IGV Directory: /home/daij/igv
INFO [2021-01-25 14:07:29,067] [DirectoryManager.java:169]  IGV Directory: /home/daij/igv
INFO [2021-01-25 14:07:29,074]  [Main.java:133] [main]  Startup  IGV Version 2.3.81 (127)08/30/2016 02:20 PM
INFO [2021-01-25 14:07:29,075]  [Main.java:134] [main]  Java 1.8.0_211
INFO [2021-01-25 14:07:29,075]  [DirectoryManager.java:72] [main]  Fetching user directory... 
INFO [2021-01-25 14:07:29,259]  [Main.java:135] [main]  Default User Directory: /home/daij
INFO [2021-01-25 14:07:29,259]  [Main.java:136] [main]  OS: Linux

(process:10948): dconf-CRITICAL **: unable to create directory '/run/user/37498/dconf': Permission denied.  dconf will not work properly.

(process:10948): dconf-CRITICAL **: unable to create directory '/run/user/37498/dconf': Permission denied.  dconf will not work properly.

(process:10948): dconf-CRITICAL **: unable to create directory '/run/user/37498/dconf': Permission denied.  dconf will not work properly.

(process:10948): dconf-CRITICAL **: unable to create directory '/run/user/37498/dconf': Permission denied.  dconf will not work properly.

(process:10948): dconf-CRITICAL **: unable to create directory '/run/user/37498/dconf': Permission denied.  dconf will not work properly.

(process:10948): dconf-CRITICAL **: unable to create directory '/run/user/37498/dconf': Permission denied.  dconf will not work properly.

(process:10948): dconf-CRITICAL **: unable to create directory '/run/user/37498/dconf': Permission denied.  dconf will not work properly.

(process:10948): dconf-CRITICAL **: unable to create directory '/run/user/37498/dconf': Permission denied.  dconf will not work properly.

(process:10948): dconf-CRITICAL **: unable to create directory '/run/user/37498/dconf': Permission denied.  dconf will not work properly.

(process:10948): dconf-CRITICAL **: unable to create directory '/run/user/37498/dconf': Permission denied.  dconf will not work properly.
INFO [2021-01-25 14:07:29,990]  [Main.java:184] [main]  A later version of IGV is available (2.7.22.7.2)
INFO [2021-01-25 14:07:46,314]  [GenomeManager.java:145] [main]  Loading genome: /home/daij/igv/genomes/hg38.genome
INFO [2021-01-25 14:07:52,053]  [GenomeManager.java:192] [main]  Genome loaded.  id= hg38
INFO [2021-01-25 14:07:52,288]  [CommandListener.java:106] [Thread-6]  Listening on port 60151
INFO [2021-01-25 14:07:52,294]  [BatchRunner.java:72] [pool-1-thread-1]  Executing Command: new

INFO [2021-01-25 14:07:56,622]  [CommandExecutor.java:235] [pool-1-thread-1]  OK
INFO [2021-01-25 14:07:56,622]  [BatchRunner.java:72] [pool-1-thread-1]  Executing Command: genome /data/CGR_integration/hpv_igv/ref/HPV_Ref_Alphas65_Pad400_hg19.fasta

INFO [2021-01-25 14:07:57,947]  [GenomeManager.java:145] [pool-1-thread-1]  Loading genome: /data/CGR_integration/hpv_igv/ref/HPV_Ref_Alphas65_Pad400_hg19.fasta
INFO [2021-01-25 14:07:57,961]  [GenomeManager.java:192] [pool-1-thread-1]  Genome loaded.  id= /data/CGR_integration/hpv_igv/ref/HPV_Ref_Alphas65_Pad400_hg19.fasta
INFO [2021-01-25 14:07:59,968]  [CommandExecutor.java:235] [pool-1-thread-1]  OK
INFO [2021-01-25 14:07:59,969]  [BatchRunner.java:72] [pool-1-thread-1]  Executing Command: snapshotDirectory output/IGV_Snapshots/UMC1055

INFO [2021-01-25 14:08:01,980]  [CommandExecutor.java:235] [pool-1-thread-1]  OK
INFO [2021-01-25 14:08:01,981]  [BatchRunner.java:72] [pool-1-thread-1]  Executing Command: load /data/CGR_integration/hpv_igv/data/08282019_methylation/meth/bam/UMC1055.bam

INFO [2021-01-25 14:08:01,983]  [IGV.java:1700] [pool-1-thread-1]  Loading 1 resources.
INFO [2021-01-25 14:08:01,985]  [TrackLoader.java:120] [pool-1-thread-1]  Loading resource, path /data/CGR_integration/hpv_igv/data/08282019_methylation/meth/bam/UMC1055.bam
WARNING: BAM index file /data/CGR_integration/hpv_igv/data/08282019_methylation/meth/bam/UMC1055.bam.bai is older than BAM /data/CGR_integration/hpv_igv/data/08282019_methylation/meth/bam/UMC1055.bam
INFO [2021-01-25 14:08:04,237]  [CommandExecutor.java:235] [pool-1-thread-1]  OK
INFO [2021-01-25 14:08:04,237]  [BatchRunner.java:72] [pool-1-thread-1]  Executing Command: maxPanelHeight 100

INFO [2021-01-25 14:08:04,245]  [BatchRunner.java:72] [pool-1-thread-1]  Executing Command: goto HPV33:7909-58136

INFO [2021-01-25 14:08:04,257]  [MessageUtils.java:74] [pool-1-thread-1]  Cannot find feature or locus: HPV33:7909-58136
INFO [2021-01-25 14:08:06,277]  [CommandExecutor.java:235] [pool-1-thread-1]  OK
INFO [2021-01-25 14:08:06,278]  [BatchRunner.java:72] [pool-1-thread-1]  Executing Command: group strand

INFO [2021-01-25 14:08:08,291]  [CommandExecutor.java:235] [pool-1-thread-1]  OK
INFO [2021-01-25 14:08:08,292]  [BatchRunner.java:72] [pool-1-thread-1]  Executing Command: snapshot HPV33_7909_58136_h100UMC1055.png

Snapshot: /gpfs/gsfs8/users/CGR_integration/hpv_igv/workflow/output/IGV_Snapshots/UMC1055/HPV33_7909_58136_h100UMC1055.png
INFO [2021-01-25 14:08:10,392]  [CommandExecutor.java:235] [pool-1-thread-1]  OK
INFO [2021-01-25 14:08:10,392]  [BatchRunner.java:72] [pool-1-thread-1]  Executing Command: goto HPV51:7808-115

INFO [2021-01-25 14:08:10,397]  [MessageUtils.java:74] [pool-1-thread-1]  Cannot find feature or locus: HPV51:7808-115
INFO [2021-01-25 14:08:12,409]  [CommandExecutor.java:235] [pool-1-thread-1]  OK
INFO [2021-01-25 14:08:12,410]  [BatchRunner.java:72] [pool-1-thread-1]  Executing Command: group strand

INFO [2021-01-25 14:08:14,426]  [CommandExecutor.java:235] [pool-1-thread-1]  OK
INFO [2021-01-25 14:08:14,426]  [BatchRunner.java:72] [pool-1-thread-1]  Executing Command: snapshot HPV51_7808_115_h100UMC1055.png

Snapshot: /gpfs/gsfs8/users/CGR_integration/hpv_igv/workflow/output/IGV_Snapshots/UMC1055/HPV51_7808_115_h100UMC1055.png
INFO [2021-01-25 14:08:16,507]  [CommandExecutor.java:235] [pool-1-thread-1]  OK
INFO [2021-01-25 14:08:16,507]  [BatchRunner.java:72] [pool-1-thread-1]  Executing Command: goto HPV59:7896-7695

INFO [2021-01-25 14:08:16,515]  [MessageUtils.java:74] [pool-1-thread-1]  Cannot find feature or locus: HPV59:7896-7695
INFO [2021-01-25 14:08:18,524]  [CommandExecutor.java:235] [pool-1-thread-1]  OK
INFO [2021-01-25 14:08:18,525]  [BatchRunner.java:72] [pool-1-thread-1]  Executing Command: group strand

INFO [2021-01-25 14:08:20,540]  [CommandExecutor.java:235] [pool-1-thread-1]  OK
INFO [2021-01-25 14:08:20,541]  [BatchRunner.java:72] [pool-1-thread-1]  Executing Command: snapshot HPV59_7896_7695_h100UMC1055.png

Snapshot: /gpfs/gsfs8/users/CGR_integration/hpv_igv/workflow/output/IGV_Snapshots/UMC1055/HPV59_7896_7695_h100UMC1055.png
INFO [2021-01-25 14:08:22,593]  [CommandExecutor.java:235] [pool-1-thread-1]  OK
INFO [2021-01-25 14:08:22,594]  [BatchRunner.java:72] [pool-1-thread-1]  Executing Command: goto chr1:249250621-3064

INFO [2021-01-25 14:08:24,621]  [CommandExecutor.java:235] [pool-1-thread-1]  OK
INFO [2021-01-25 14:08:24,622]  [BatchRunner.java:72] [pool-1-thread-1]  Executing Command: group strand

INFO [2021-01-25 14:08:26,632]  [CommandExecutor.java:235] [pool-1-thread-1]  OK
INFO [2021-01-25 14:08:26,632]  [BatchRunner.java:72] [pool-1-thread-1]  Executing Command: snapshot chr1_249250621_3064_h100UMC1055.png

Snapshot: /gpfs/gsfs8/users/CGR_integration/hpv_igv/workflow/output/IGV_Snapshots/UMC1055/chr1_249250621_3064_h100UMC1055.png
INFO [2021-01-25 14:08:28,687]  [CommandExecutor.java:235] [pool-1-thread-1]  OK
INFO [2021-01-25 14:08:28,688]  [BatchRunner.java:72] [pool-1-thread-1]  Executing Command: goto chr2:243199373-4006

INFO [2021-01-25 14:08:30,701]  [CommandExecutor.java:235] [pool-1-thread-1]  OK
INFO [2021-01-25 14:08:30,701]  [BatchRunner.java:72] [pool-1-thread-1]  Executing Command: group strand

INFO [2021-01-25 14:08:32,715]  [CommandExecutor.java:235] [pool-1-thread-1]  OK
INFO [2021-01-25 14:08:32,715]  [BatchRunner.java:72] [pool-1-thread-1]  Executing Command: snapshot chr2_243199373_4006_h100UMC1055.png

Snapshot: /gpfs/gsfs8/users/CGR_integration/hpv_igv/workflow/output/IGV_Snapshots/UMC1055/chr2_243199373_4006_h100UMC1055.png
INFO [2021-01-25 14:08:34,764]  [CommandExecutor.java:235] [pool-1-thread-1]  OK
INFO [2021-01-25 14:08:34,765]  [BatchRunner.java:72] [pool-1-thread-1]  Executing Command: goto chr3:198022430-13340

INFO [2021-01-25 14:08:36,777]  [CommandExecutor.java:235] [pool-1-thread-1]  OK
INFO [2021-01-25 14:08:36,778]  [BatchRunner.java:72] [pool-1-thread-1]  Executing Command: group strand

INFO [2021-01-25 14:08:38,789]  [CommandExecutor.java:235] [pool-1-thread-1]  OK
INFO [2021-01-25 14:08:38,789]  [BatchRunner.java:72] [pool-1-thread-1]  Executing Command: snapshot chr3_198022430_13340_h100UMC1055.png

Snapshot: /gpfs/gsfs8/users/CGR_integration/hpv_igv/workflow/output/IGV_Snapshots/UMC1055/chr3_198022430_13340_h100UMC1055.png
INFO [2021-01-25 14:08:40,847]  [CommandExecutor.java:235] [pool-1-thread-1]  OK
INFO [2021-01-25 14:08:40,848]  [BatchRunner.java:72] [pool-1-thread-1]  Executing Command: goto chr4:191154276-8831

INFO [2021-01-25 14:08:42,862]  [CommandExecutor.java:235] [pool-1-thread-1]  OK
INFO [2021-01-25 14:08:42,863]  [BatchRunner.java:72] [pool-1-thread-1]  Executing Command: group strand

INFO [2021-01-25 14:08:44,874]  [CommandExecutor.java:235] [pool-1-thread-1]  OK
INFO [2021-01-25 14:08:44,874]  [BatchRunner.java:72] [pool-1-thread-1]  Executing Command: snapshot chr4_191154276_8831_h100UMC1055.png

Snapshot: /gpfs/gsfs8/users/CGR_integration/hpv_igv/workflow/output/IGV_Snapshots/UMC1055/chr4_191154276_8831_h100UMC1055.png
INFO [2021-01-25 14:08:46,926]  [CommandExecutor.java:235] [pool-1-thread-1]  OK
INFO [2021-01-25 14:08:46,926]  [BatchRunner.java:72] [pool-1-thread-1]  Executing Command: goto chr5:180915260-10196

INFO [2021-01-25 14:08:48,932]  [CommandExecutor.java:235] [pool-1-thread-1]  OK
INFO [2021-01-25 14:08:48,933]  [BatchRunner.java:72] [pool-1-thread-1]  Executing Command: group strand

INFO [2021-01-25 14:08:50,943]  [CommandExecutor.java:235] [pool-1-thread-1]  OK
INFO [2021-01-25 14:08:50,943]  [BatchRunner.java:72] [pool-1-thread-1]  Executing Command: snapshot chr5_180915260_10196_h100UMC1055.png

Snapshot: /gpfs/gsfs8/users/CGR_integration/hpv_igv/workflow/output/IGV_Snapshots/UMC1055/chr5_180915260_10196_h100UMC1055.png
INFO [2021-01-25 14:08:53,001]  [CommandExecutor.java:235] [pool-1-thread-1]  OK
INFO [2021-01-25 14:08:53,001]  [BatchRunner.java:72] [pool-1-thread-1]  Executing Command: goto chr6:171115067-38149

INFO [2021-01-25 14:08:55,013]  [CommandExecutor.java:235] [pool-1-thread-1]  OK
INFO [2021-01-25 14:08:55,013]  [BatchRunner.java:72] [pool-1-thread-1]  Executing Command: group strand

INFO [2021-01-25 14:08:57,022]  [CommandExecutor.java:235] [pool-1-thread-1]  OK
INFO [2021-01-25 14:08:57,023]  [BatchRunner.java:72] [pool-1-thread-1]  Executing Command: snapshot chr6_171115067_38149_h100UMC1055.png

Snapshot: /gpfs/gsfs8/users/CGR_integration/hpv_igv/workflow/output/IGV_Snapshots/UMC1055/chr6_171115067_38149_h100UMC1055.png
INFO [2021-01-25 14:08:59,072]  [CommandExecutor.java:235] [pool-1-thread-1]  OK
INFO [2021-01-25 14:08:59,073]  [BatchRunner.java:72] [pool-1-thread-1]  Executing Command: goto chr7:159138663-4771

INFO [2021-01-25 14:09:01,087]  [CommandExecutor.java:235] [pool-1-thread-1]  OK
INFO [2021-01-25 14:09:01,087]  [BatchRunner.java:72] [pool-1-thread-1]  Executing Command: group strand

INFO [2021-01-25 14:09:03,099]  [CommandExecutor.java:235] [pool-1-thread-1]  OK
INFO [2021-01-25 14:09:03,099]  [BatchRunner.java:72] [pool-1-thread-1]  Executing Command: snapshot chr7_159138663_4771_h100UMC1055.png

Snapshot: /gpfs/gsfs8/users/CGR_integration/hpv_igv/workflow/output/IGV_Snapshots/UMC1055/chr7_159138663_4771_h100UMC1055.png
INFO [2021-01-25 14:09:05,148]  [CommandExecutor.java:235] [pool-1-thread-1]  OK
INFO [2021-01-25 14:09:05,148]  [BatchRunner.java:72] [pool-1-thread-1]  Executing Command: goto chr8:146364022-2244

INFO [2021-01-25 14:09:07,159]  [CommandExecutor.java:235] [pool-1-thread-1]  OK
INFO [2021-01-25 14:09:07,159]  [BatchRunner.java:72] [pool-1-thread-1]  Executing Command: group strand

INFO [2021-01-25 14:09:09,169]  [CommandExecutor.java:235] [pool-1-thread-1]  OK
INFO [2021-01-25 14:09:09,169]  [BatchRunner.java:72] [pool-1-thread-1]  Executing Command: snapshot chr8_146364022_2244_h100UMC1055.png

Snapshot: /gpfs/gsfs8/users/CGR_integration/hpv_igv/workflow/output/IGV_Snapshots/UMC1055/chr8_146364022_2244_h100UMC1055.png
INFO [2021-01-25 14:09:11,278]  [CommandExecutor.java:235] [pool-1-thread-1]  OK
INFO [2021-01-25 14:09:11,278]  [BatchRunner.java:72] [pool-1-thread-1]  Executing Command: goto chr9:141213431-970

INFO [2021-01-25 14:09:13,287]  [CommandExecutor.java:235] [pool-1-thread-1]  OK
INFO [2021-01-25 14:09:13,287]  [BatchRunner.java:72] [pool-1-thread-1]  Executing Command: group strand

INFO [2021-01-25 14:09:15,293]  [CommandExecutor.java:235] [pool-1-thread-1]  OK
INFO [2021-01-25 14:09:15,294]  [BatchRunner.java:72] [pool-1-thread-1]  Executing Command: snapshot chr9_141213431_970_h100UMC1055.png

Snapshot: /gpfs/gsfs8/users/CGR_integration/hpv_igv/workflow/output/IGV_Snapshots/UMC1055/chr9_141213431_970_h100UMC1055.png
INFO [2021-01-25 14:09:17,341]  [CommandExecutor.java:235] [pool-1-thread-1]  OK
INFO [2021-01-25 14:09:17,342]  [BatchRunner.java:72] [pool-1-thread-1]  Executing Command: goto chr10:135534747-25301

INFO [2021-01-25 14:09:19,351]  [CommandExecutor.java:235] [pool-1-thread-1]  OK
INFO [2021-01-25 14:09:19,351]  [BatchRunner.java:72] [pool-1-thread-1]  Executing Command: group strand

INFO [2021-01-25 14:09:21,358]  [CommandExecutor.java:235] [pool-1-thread-1]  OK
INFO [2021-01-25 14:09:21,358]  [BatchRunner.java:72] [pool-1-thread-1]  Executing Command: snapshot chr10_135534747_25301_h100UMC1055.png

Snapshot: /gpfs/gsfs8/users/CGR_integration/hpv_igv/workflow/output/IGV_Snapshots/UMC1055/chr10_135534747_25301_h100UMC1055.png
INFO [2021-01-25 14:09:23,408]  [CommandExecutor.java:235] [pool-1-thread-1]  OK
INFO [2021-01-25 14:09:23,408]  [BatchRunner.java:72] [pool-1-thread-1]  Executing Command: goto chr11:135006516-19146

INFO [2021-01-25 14:09:25,415]  [CommandExecutor.java:235] [pool-1-thread-1]  OK
INFO [2021-01-25 14:09:25,415]  [BatchRunner.java:72] [pool-1-thread-1]  Executing Command: group strand

INFO [2021-01-25 14:09:27,425]  [CommandExecutor.java:235] [pool-1-thread-1]  OK
INFO [2021-01-25 14:09:27,425]  [BatchRunner.java:72] [pool-1-thread-1]  Executing Command: snapshot chr11_135006516_19146_h100UMC1055.png

Snapshot: /gpfs/gsfs8/users/CGR_integration/hpv_igv/workflow/output/IGV_Snapshots/UMC1055/chr11_135006516_19146_h100UMC1055.png
INFO [2021-01-25 14:09:29,538]  [CommandExecutor.java:235] [pool-1-thread-1]  OK
INFO [2021-01-25 14:09:29,539]  [BatchRunner.java:72] [pool-1-thread-1]  Executing Command: goto chr12:133851895-19096

INFO [2021-01-25 14:09:31,546]  [CommandExecutor.java:235] [pool-1-thread-1]  OK
INFO [2021-01-25 14:09:31,546]  [BatchRunner.java:72] [pool-1-thread-1]  Executing Command: group strand

INFO [2021-01-25 14:09:33,554]  [CommandExecutor.java:235] [pool-1-thread-1]  OK
INFO [2021-01-25 14:09:33,554]  [BatchRunner.java:72] [pool-1-thread-1]  Executing Command: snapshot chr12_133851895_19096_h100UMC1055.png

Snapshot: /gpfs/gsfs8/users/CGR_integration/hpv_igv/workflow/output/IGV_Snapshots/UMC1055/chr12_133851895_19096_h100UMC1055.png
INFO [2021-01-25 14:09:35,610]  [CommandExecutor.java:235] [pool-1-thread-1]  OK
INFO [2021-01-25 14:09:35,611]  [BatchRunner.java:72] [pool-1-thread-1]  Executing Command: goto chr13:115169878-6896

INFO [2021-01-25 14:09:37,615]  [CommandExecutor.java:235] [pool-1-thread-1]  OK
INFO [2021-01-25 14:09:37,615]  [BatchRunner.java:72] [pool-1-thread-1]  Executing Command: group strand

INFO [2021-01-25 14:09:39,621]  [CommandExecutor.java:235] [pool-1-thread-1]  OK
INFO [2021-01-25 14:09:39,622]  [BatchRunner.java:72] [pool-1-thread-1]  Executing Command: snapshot chr13_115169878_6896_h100UMC1055.png

Snapshot: /gpfs/gsfs8/users/CGR_integration/hpv_igv/workflow/output/IGV_Snapshots/UMC1055/chr13_115169878_6896_h100UMC1055.png
INFO [2021-01-25 14:09:41,681]  [CommandExecutor.java:235] [pool-1-thread-1]  OK
INFO [2021-01-25 14:09:41,681]  [BatchRunner.java:72] [pool-1-thread-1]  Executing Command: goto chr14:107349540-884

INFO [2021-01-25 14:09:43,689]  [CommandExecutor.java:235] [pool-1-thread-1]  OK
INFO [2021-01-25 14:09:43,689]  [BatchRunner.java:72] [pool-1-thread-1]  Executing Command: group strand

INFO [2021-01-25 14:09:45,696]  [CommandExecutor.java:235] [pool-1-thread-1]  OK
INFO [2021-01-25 14:09:45,697]  [BatchRunner.java:72] [pool-1-thread-1]  Executing Command: snapshot chr14_107349540_884_h100UMC1055.png

Snapshot: /gpfs/gsfs8/users/CGR_integration/hpv_igv/workflow/output/IGV_Snapshots/UMC1055/chr14_107349540_884_h100UMC1055.png
INFO [2021-01-25 14:09:47,767]  [CommandExecutor.java:235] [pool-1-thread-1]  OK
INFO [2021-01-25 14:09:47,768]  [BatchRunner.java:72] [pool-1-thread-1]  Executing Command: goto chr15:102531392-756

INFO [2021-01-25 14:09:49,775]  [CommandExecutor.java:235] [pool-1-thread-1]  OK
INFO [2021-01-25 14:09:49,775]  [BatchRunner.java:72] [pool-1-thread-1]  Executing Command: group strand

INFO [2021-01-25 14:09:51,782]  [CommandExecutor.java:235] [pool-1-thread-1]  OK
INFO [2021-01-25 14:09:51,782]  [BatchRunner.java:72] [pool-1-thread-1]  Executing Command: snapshot chr15_102531392_756_h100UMC1055.png

Snapshot: /gpfs/gsfs8/users/CGR_integration/hpv_igv/workflow/output/IGV_Snapshots/UMC1055/chr15_102531392_756_h100UMC1055.png
INFO [2021-01-25 14:09:53,831]  [CommandExecutor.java:235] [pool-1-thread-1]  OK
INFO [2021-01-25 14:09:53,831]  [BatchRunner.java:72] [pool-1-thread-1]  Executing Command: goto chr16:90354753-10954

INFO [2021-01-25 14:09:55,837]  [CommandExecutor.java:235] [pool-1-thread-1]  OK
INFO [2021-01-25 14:09:55,837]  [BatchRunner.java:72] [pool-1-thread-1]  Executing Command: group strand

INFO [2021-01-25 14:09:57,845]  [CommandExecutor.java:235] [pool-1-thread-1]  OK
INFO [2021-01-25 14:09:57,845]  [BatchRunner.java:72] [pool-1-thread-1]  Executing Command: snapshot chr16_90354753_10954_h100UMC1055.png

Snapshot: /gpfs/gsfs8/users/CGR_integration/hpv_igv/workflow/output/IGV_Snapshots/UMC1055/chr16_90354753_10954_h100UMC1055.png
INFO [2021-01-25 14:09:59,889]  [CommandExecutor.java:235] [pool-1-thread-1]  OK
INFO [2021-01-25 14:09:59,889]  [BatchRunner.java:72] [pool-1-thread-1]  Executing Command: goto chr17:81195210-12244

INFO [2021-01-25 14:10:01,899]  [CommandExecutor.java:235] [pool-1-thread-1]  OK
INFO [2021-01-25 14:10:01,899]  [BatchRunner.java:72] [pool-1-thread-1]  Executing Command: group strand

INFO [2021-01-25 14:10:03,905]  [CommandExecutor.java:235] [pool-1-thread-1]  OK
INFO [2021-01-25 14:10:03,905]  [BatchRunner.java:72] [pool-1-thread-1]  Executing Command: snapshot chr17_81195210_12244_h100UMC1055.png

Snapshot: /gpfs/gsfs8/users/CGR_integration/hpv_igv/workflow/output/IGV_Snapshots/UMC1055/chr17_81195210_12244_h100UMC1055.png
INFO [2021-01-25 14:10:05,952]  [CommandExecutor.java:235] [pool-1-thread-1]  OK
INFO [2021-01-25 14:10:05,953]  [BatchRunner.java:72] [pool-1-thread-1]  Executing Command: goto chr18:78077248-9831

INFO [2021-01-25 14:10:07,965]  [CommandExecutor.java:235] [pool-1-thread-1]  OK
INFO [2021-01-25 14:10:07,966]  [BatchRunner.java:72] [pool-1-thread-1]  Executing Command: group strand

INFO [2021-01-25 14:10:09,971]  [CommandExecutor.java:235] [pool-1-thread-1]  OK
INFO [2021-01-25 14:10:09,971]  [BatchRunner.java:72] [pool-1-thread-1]  Executing Command: snapshot chr18_78077248_9831_h100UMC1055.png

Snapshot: /gpfs/gsfs8/users/CGR_integration/hpv_igv/workflow/output/IGV_Snapshots/UMC1055/chr18_78077248_9831_h100UMC1055.png
INFO [2021-01-25 14:10:12,015]  [CommandExecutor.java:235] [pool-1-thread-1]  OK
INFO [2021-01-25 14:10:12,016]  [BatchRunner.java:72] [pool-1-thread-1]  Executing Command: goto chr19:59128983-26078

INFO [2021-01-25 14:10:14,021]  [CommandExecutor.java:235] [pool-1-thread-1]  OK
INFO [2021-01-25 14:10:14,022]  [BatchRunner.java:72] [pool-1-thread-1]  Executing Command: group strand

INFO [2021-01-25 14:10:16,028]  [CommandExecutor.java:235] [pool-1-thread-1]  OK
INFO [2021-01-25 14:10:16,028]  [BatchRunner.java:72] [pool-1-thread-1]  Executing Command: snapshot chr19_59128983_26078_h100UMC1055.png

Snapshot: /gpfs/gsfs8/users/CGR_integration/hpv_igv/workflow/output/IGV_Snapshots/UMC1055/chr19_59128983_26078_h100UMC1055.png
INFO [2021-01-25 14:10:18,076]  [CommandExecutor.java:235] [pool-1-thread-1]  OK
INFO [2021-01-25 14:10:18,077]  [BatchRunner.java:72] [pool-1-thread-1]  Executing Command: goto chr20:63025520-5412

INFO [2021-01-25 14:10:20,084]  [CommandExecutor.java:235] [pool-1-thread-1]  OK
INFO [2021-01-25 14:10:20,084]  [BatchRunner.java:72] [pool-1-thread-1]  Executing Command: group strand

INFO [2021-01-25 14:10:22,090]  [CommandExecutor.java:235] [pool-1-thread-1]  OK
INFO [2021-01-25 14:10:22,090]  [BatchRunner.java:72] [pool-1-thread-1]  Executing Command: snapshot chr20_63025520_5412_h100UMC1055.png

Snapshot: /gpfs/gsfs8/users/CGR_integration/hpv_igv/workflow/output/IGV_Snapshots/UMC1055/chr20_63025520_5412_h100UMC1055.png
INFO [2021-01-25 14:10:24,137]  [CommandExecutor.java:235] [pool-1-thread-1]  OK
INFO [2021-01-25 14:10:24,138]  [BatchRunner.java:72] [pool-1-thread-1]  Executing Command: goto chr21:48129895-4446

INFO [2021-01-25 14:10:26,144]  [CommandExecutor.java:235] [pool-1-thread-1]  OK
INFO [2021-01-25 14:10:26,145]  [BatchRunner.java:72] [pool-1-thread-1]  Executing Command: group strand

INFO [2021-01-25 14:10:28,152]  [CommandExecutor.java:235] [pool-1-thread-1]  OK
INFO [2021-01-25 14:10:28,153]  [BatchRunner.java:72] [pool-1-thread-1]  Executing Command: snapshot chr21_48129895_4446_h100UMC1055.png

Snapshot: /gpfs/gsfs8/users/CGR_integration/hpv_igv/workflow/output/IGV_Snapshots/UMC1055/chr21_48129895_4446_h100UMC1055.png
INFO [2021-01-25 14:10:30,198]  [CommandExecutor.java:235] [pool-1-thread-1]  OK
INFO [2021-01-25 14:10:30,198]  [BatchRunner.java:72] [pool-1-thread-1]  Executing Command: goto chr22:51304566-888

INFO [2021-01-25 14:10:32,203]  [CommandExecutor.java:235] [pool-1-thread-1]  OK
INFO [2021-01-25 14:10:32,204]  [BatchRunner.java:72] [pool-1-thread-1]  Executing Command: group strand

INFO [2021-01-25 14:10:34,210]  [CommandExecutor.java:235] [pool-1-thread-1]  OK
INFO [2021-01-25 14:10:34,211]  [BatchRunner.java:72] [pool-1-thread-1]  Executing Command: snapshot chr22_51304566_888_h100UMC1055.png

Snapshot: /gpfs/gsfs8/users/CGR_integration/hpv_igv/workflow/output/IGV_Snapshots/UMC1055/chr22_51304566_888_h100UMC1055.png
INFO [2021-01-25 14:10:36,256]  [CommandExecutor.java:235] [pool-1-thread-1]  OK
INFO [2021-01-25 14:10:36,256]  [BatchRunner.java:72] [pool-1-thread-1]  Executing Command: goto chrX:155270560-2140

INFO [2021-01-25 14:10:38,263]  [CommandExecutor.java:235] [pool-1-thread-1]  OK
INFO [2021-01-25 14:10:38,263]  [BatchRunner.java:72] [pool-1-thread-1]  Executing Command: group strand

INFO [2021-01-25 14:10:40,268]  [CommandExecutor.java:235] [pool-1-thread-1]  OK
INFO [2021-01-25 14:10:40,269]  [BatchRunner.java:72] [pool-1-thread-1]  Executing Command: snapshot chrX_155270560_2140_h100UMC1055.png

Snapshot: /gpfs/gsfs8/users/CGR_integration/hpv_igv/workflow/output/IGV_Snapshots/UMC1055/chrX_155270560_2140_h100UMC1055.png
INFO [2021-01-25 14:10:42,316]  [CommandExecutor.java:235] [pool-1-thread-1]  OK
INFO [2021-01-25 14:10:42,316]  [BatchRunner.java:72] [pool-1-thread-1]  Executing Command: exit

INFO [2021-01-25 14:10:42,318]  [ShutdownThread.java:51] [Thread-2]  Shutting down

IGV finished; elapsed time is:
0:03:18.241690

[Mon Jan 25 14:10:55 2021]
Error in rule igv_snapshot:
    jobid: 0
    output: output/IGV_Snapshots/merge/UMC1055.png
    shell:
        
          python /data/CGR_integration/hpv_igv/IGV-snapshot-automator-master/make_IGV_snapshots.py -mem 16000 -ht 100 -bin /data/CGR_integration/hpv_igv/IGV-snapshot-automator-master/bin/IGV_2.3.81/igv.jar -o output/IGV_Snapshots/UMC1055 /data/CGR_integration/hpv_igv/data/08282019_methylation/meth/bam/UMC1055.bam -r /data/CGR_integration/hpv_igv/data/08282019_methylation/meth/igv_bed/UMC1055.bed -g /data/CGR_integration/hpv_igv/ref/HPV_Ref_Alphas65_Pad400_hg19.fasta -s -suffix UMC1055 2> log/UMC1055_igv.err
          if ls output/IGV_Snapshots/UMC1055/*.png 1> /dev/null 2>&1; then 
          magick montage -label '%f' -pointsize 24 -geometry 1920x900+2+2 -title 'UMC1055' -tile 1x output/IGV_Snapshots/UMC1055/*.png output/IGV_Snapshots/merge/UMC1055.png 2> log/UMC1055_merge.err
          mkdir -p merge_true
          cp output/IGV_Snapshots/merge/UMC1055.png output//IGV_Snapshots/merge_true/UMC1055.png 2>log/UMC1055_cp.err
          else
          touch output/IGV_Snapshots/merge/UMC1055.png 
          fi
          
        (one of the commands exited with non-zero exit code; note that snakemake uses bash strict mode!)

Removing output files of failed job igv_snapshot since they might be corrupted:
output/IGV_Snapshots/merge/UMC1055.png
Shutting down, this might take some time.
Exiting because a job execution failed. Look above for error message
