Building DAG of jobs...
Using shell: /usr/bin/bash
Provided cores: 4
Rules claiming more threads will be scaled down.
Job counts:
	count	jobs
	1	igv_snapshot
	1

[Mon Jan 25 14:32:06 2021]
rule igv_snapshot:
    input: /data/CGR_integration/hpv_igv/data/08282019_methylation/meth/bam/UMC1082.bam, /data/CGR_integration/hpv_igv/data/08282019_methylation/meth/igv_bed/UMC1082.bed
    output: output/IGV_Snapshots/merge/UMC1082.png
    jobid: 0
    wildcards: sample=UMC1082
    threads: 4


          python /data/CGR_integration/hpv_igv/IGV-snapshot-automator-master/make_IGV_snapshots.py -mem 16000 -ht 100 -bin /data/CGR_integration/hpv_igv/IGV-snapshot-automator-master/bin/IGV_2.3.81/igv.jar -o output/IGV_Snapshots/UMC1082 /data/CGR_integration/hpv_igv/data/08282019_methylation/meth/bam/UMC1082.bam -r /data/CGR_integration/hpv_igv/data/08282019_methylation/meth/igv_bed/UMC1082.bed -g /data/CGR_integration/hpv_igv/ref/HPV_Ref_Alphas65_Pad400_hg19.fasta -s -suffix UMC1082 2> log/UMC1082_igv.err
          mkdir -p output/IGV_Snapshots/merge
          if ls output/IGV_Snapshots/UMC1082/*.png 1> /dev/null 2>&1; then 
          magick montage -label '%f' -pointsize 24 -geometry 1920x900+2+2 -title 'UMC1082' -tile 1x output/IGV_Snapshots/UMC1082/*.png output/IGV_Snapshots/merge/UMC1082.png 2> log/UMC1082_merge.err
          mkdir -p output/IGV_Snapshots/merge_true
          cp output/IGV_Snapshots/merge/UMC1082.png output//IGV_Snapshots/merge_true/UMC1082.png 2>log/UMC1082_cp.err
          else
          touch output/IGV_Snapshots/merge/UMC1082.png 
          fi
          

~~~ IGV SNAPSHOT AUTOMATOR ~~~

Reference genome:
/data/CGR_integration/hpv_igv/ref/HPV_Ref_Alphas65_Pad400_hg19.fasta

Track height:
100

IGV binary file:
/data/CGR_integration/hpv_igv/IGV-snapshot-automator-master/bin/IGV_2.3.81/igv.jar

Output directory will be:
output/IGV_Snapshots/UMC1082

Batchscript file will be:
output/IGV_Snapshots/UMC1082/IGV_snapshots.bat

Region file:
/data/CGR_integration/hpv_igv/data/08282019_methylation/meth/igv_bed/UMC1082.bed

Input files to snapshot:

/data/CGR_integration/hpv_igv/data/08282019_methylation/meth/bam/UMC1082.bam

Making the output directory...

Writing IGV batch script to file:
output/IGV_Snapshots/UMC1082/IGV_snapshots.bat


Getting regions from BED file...

Read 28 regions

Open Xvfb port found on:
1


IGV command is:
xvfb-run -a --server-args='-screen 0 1920x1280x24'xrandr java -Xmx16000m -jar /data/CGR_integration/hpv_igv/IGV-snapshot-automator-master/bin/IGV_2.3.81/igv.jar -b output/IGV_Snapshots/UMC1082/IGV_snapshots.bat


Current time is:
2021-01-25 14:32:06.835587


Running the IGV command...
INFO [2021-01-25 14:32:11,130]  [DirectoryManager.java:169] [main]  IGV Directory: /home/daij/igv
INFO [2021-01-25 14:32:11,130] [DirectoryManager.java:169]  IGV Directory: /home/daij/igv
INFO [2021-01-25 14:32:11,136]  [Main.java:133] [main]  Startup  IGV Version 2.3.81 (127)08/30/2016 02:20 PM
INFO [2021-01-25 14:32:11,137]  [Main.java:134] [main]  Java 1.8.0_211
INFO [2021-01-25 14:32:11,137]  [DirectoryManager.java:72] [main]  Fetching user directory... 
INFO [2021-01-25 14:32:11,302]  [Main.java:135] [main]  Default User Directory: /home/daij
INFO [2021-01-25 14:32:11,302]  [Main.java:136] [main]  OS: Linux

(process:60935): dconf-CRITICAL **: unable to create directory '/run/user/37498/dconf': Permission denied.  dconf will not work properly.

(process:60935): dconf-CRITICAL **: unable to create directory '/run/user/37498/dconf': Permission denied.  dconf will not work properly.

(process:60935): dconf-CRITICAL **: unable to create directory '/run/user/37498/dconf': Permission denied.  dconf will not work properly.

(process:60935): dconf-CRITICAL **: unable to create directory '/run/user/37498/dconf': Permission denied.  dconf will not work properly.

(process:60935): dconf-CRITICAL **: unable to create directory '/run/user/37498/dconf': Permission denied.  dconf will not work properly.

(process:60935): dconf-CRITICAL **: unable to create directory '/run/user/37498/dconf': Permission denied.  dconf will not work properly.

(process:60935): dconf-CRITICAL **: unable to create directory '/run/user/37498/dconf': Permission denied.  dconf will not work properly.

(process:60935): dconf-CRITICAL **: unable to create directory '/run/user/37498/dconf': Permission denied.  dconf will not work properly.

(process:60935): dconf-CRITICAL **: unable to create directory '/run/user/37498/dconf': Permission denied.  dconf will not work properly.

(process:60935): dconf-CRITICAL **: unable to create directory '/run/user/37498/dconf': Permission denied.  dconf will not work properly.
INFO [2021-01-25 14:32:15,026]  [Main.java:184] [main]  A later version of IGV is available (2.7.22.7.2)
INFO [2021-01-25 14:32:28,712]  [GenomeManager.java:145] [main]  Loading genome: /data/CGR_integration/hpv_igv/ref/HPV_Ref_Alphas65_Pad400_hg19.fasta
INFO [2021-01-25 14:32:28,730]  [GenomeManager.java:192] [main]  Genome loaded.  id= /data/CGR_integration/hpv_igv/ref/HPV_Ref_Alphas65_Pad400_hg19.fasta
ERROR [2021-01-25 14:32:28,903]  [CommandListener.java:124] [Thread-6]  java.net.BindException: Address already in use (Bind failed)
INFO [2021-01-25 14:32:29,280]  [BatchRunner.java:72] [pool-1-thread-1]  Executing Command: new

INFO [2021-01-25 14:32:31,711]  [CommandExecutor.java:235] [pool-1-thread-1]  OK
INFO [2021-01-25 14:32:31,712]  [BatchRunner.java:72] [pool-1-thread-1]  Executing Command: genome /data/CGR_integration/hpv_igv/ref/HPV_Ref_Alphas65_Pad400_hg19.fasta

INFO [2021-01-25 14:32:33,725]  [CommandExecutor.java:235] [pool-1-thread-1]  OK
INFO [2021-01-25 14:32:33,726]  [BatchRunner.java:72] [pool-1-thread-1]  Executing Command: snapshotDirectory output/IGV_Snapshots/UMC1082

INFO [2021-01-25 14:32:35,735]  [CommandExecutor.java:235] [pool-1-thread-1]  OK
INFO [2021-01-25 14:32:35,736]  [BatchRunner.java:72] [pool-1-thread-1]  Executing Command: load /data/CGR_integration/hpv_igv/data/08282019_methylation/meth/bam/UMC1082.bam

INFO [2021-01-25 14:32:35,739]  [IGV.java:1700] [pool-1-thread-1]  Loading 1 resources.
INFO [2021-01-25 14:32:35,740]  [TrackLoader.java:120] [pool-1-thread-1]  Loading resource, path /data/CGR_integration/hpv_igv/data/08282019_methylation/meth/bam/UMC1082.bam
INFO [2021-01-25 14:32:38,015]  [CommandExecutor.java:235] [pool-1-thread-1]  OK
INFO [2021-01-25 14:32:38,016]  [BatchRunner.java:72] [pool-1-thread-1]  Executing Command: maxPanelHeight 100

INFO [2021-01-25 14:32:38,023]  [BatchRunner.java:72] [pool-1-thread-1]  Executing Command: goto HPV33:7909-12040

INFO [2021-01-25 14:32:38,032]  [MessageUtils.java:74] [pool-1-thread-1]  Cannot find feature or locus: HPV33:7909-12040
INFO [2021-01-25 14:32:40,043]  [CommandExecutor.java:235] [pool-1-thread-1]  OK
INFO [2021-01-25 14:32:40,043]  [BatchRunner.java:72] [pool-1-thread-1]  Executing Command: group strand

INFO [2021-01-25 14:32:42,062]  [CommandExecutor.java:235] [pool-1-thread-1]  OK
INFO [2021-01-25 14:32:42,062]  [BatchRunner.java:72] [pool-1-thread-1]  Executing Command: snapshot HPV33_7909_12040_h100UMC1082.png

Snapshot: /gpfs/gsfs8/users/CGR_integration/hpv_igv/workflow/output/IGV_Snapshots/UMC1082/HPV33_7909_12040_h100UMC1082.png
INFO [2021-01-25 14:32:44,182]  [CommandExecutor.java:235] [pool-1-thread-1]  OK
INFO [2021-01-25 14:32:44,183]  [BatchRunner.java:72] [pool-1-thread-1]  Executing Command: goto HPV51:7808-346

INFO [2021-01-25 14:32:44,188]  [MessageUtils.java:74] [pool-1-thread-1]  Cannot find feature or locus: HPV51:7808-346
INFO [2021-01-25 14:32:46,199]  [CommandExecutor.java:235] [pool-1-thread-1]  OK
INFO [2021-01-25 14:32:46,200]  [BatchRunner.java:72] [pool-1-thread-1]  Executing Command: group strand

INFO [2021-01-25 14:32:48,209]  [CommandExecutor.java:235] [pool-1-thread-1]  OK
INFO [2021-01-25 14:32:48,210]  [BatchRunner.java:72] [pool-1-thread-1]  Executing Command: snapshot HPV51_7808_346_h100UMC1082.png

Snapshot: /gpfs/gsfs8/users/CGR_integration/hpv_igv/workflow/output/IGV_Snapshots/UMC1082/HPV51_7808_346_h100UMC1082.png
INFO [2021-01-25 14:32:50,265]  [CommandExecutor.java:235] [pool-1-thread-1]  OK
INFO [2021-01-25 14:32:50,265]  [BatchRunner.java:72] [pool-1-thread-1]  Executing Command: goto HPV56:7845-7836

INFO [2021-01-25 14:32:50,268]  [MessageUtils.java:74] [pool-1-thread-1]  Cannot find feature or locus: HPV56:7845-7836
INFO [2021-01-25 14:32:52,271]  [CommandExecutor.java:235] [pool-1-thread-1]  OK
INFO [2021-01-25 14:32:52,271]  [BatchRunner.java:72] [pool-1-thread-1]  Executing Command: group strand

INFO [2021-01-25 14:32:54,282]  [CommandExecutor.java:235] [pool-1-thread-1]  OK
INFO [2021-01-25 14:32:54,282]  [BatchRunner.java:72] [pool-1-thread-1]  Executing Command: snapshot HPV56_7845_7836_h100UMC1082.png

Snapshot: /gpfs/gsfs8/users/CGR_integration/hpv_igv/workflow/output/IGV_Snapshots/UMC1082/HPV56_7845_7836_h100UMC1082.png
INFO [2021-01-25 14:32:56,333]  [CommandExecutor.java:235] [pool-1-thread-1]  OK
INFO [2021-01-25 14:32:56,333]  [BatchRunner.java:72] [pool-1-thread-1]  Executing Command: goto Lambda_NEB:48502-168

INFO [2021-01-25 14:32:56,337]  [MessageUtils.java:74] [pool-1-thread-1]  Cannot find feature or locus: Lambda_NEB:48502-168
INFO [2021-01-25 14:32:58,344]  [CommandExecutor.java:235] [pool-1-thread-1]  OK
INFO [2021-01-25 14:32:58,344]  [BatchRunner.java:72] [pool-1-thread-1]  Executing Command: group strand

INFO [2021-01-25 14:33:00,352]  [CommandExecutor.java:235] [pool-1-thread-1]  OK
INFO [2021-01-25 14:33:00,352]  [BatchRunner.java:72] [pool-1-thread-1]  Executing Command: snapshot Lambda_NEB_48502_168_h100UMC1082.png

Snapshot: /gpfs/gsfs8/users/CGR_integration/hpv_igv/workflow/output/IGV_Snapshots/UMC1082/Lambda_NEB_48502_168_h100UMC1082.png
INFO [2021-01-25 14:33:02,405]  [CommandExecutor.java:235] [pool-1-thread-1]  OK
INFO [2021-01-25 14:33:02,405]  [BatchRunner.java:72] [pool-1-thread-1]  Executing Command: goto chr1:249250621-47715

INFO [2021-01-25 14:33:04,428]  [CommandExecutor.java:235] [pool-1-thread-1]  OK
INFO [2021-01-25 14:33:04,428]  [BatchRunner.java:72] [pool-1-thread-1]  Executing Command: group strand

INFO [2021-01-25 14:33:06,440]  [CommandExecutor.java:235] [pool-1-thread-1]  OK
INFO [2021-01-25 14:33:06,440]  [BatchRunner.java:72] [pool-1-thread-1]  Executing Command: snapshot chr1_249250621_47715_h100UMC1082.png

Snapshot: /gpfs/gsfs8/users/CGR_integration/hpv_igv/workflow/output/IGV_Snapshots/UMC1082/chr1_249250621_47715_h100UMC1082.png
INFO [2021-01-25 14:33:08,493]  [CommandExecutor.java:235] [pool-1-thread-1]  OK
INFO [2021-01-25 14:33:08,494]  [BatchRunner.java:72] [pool-1-thread-1]  Executing Command: goto chr2:243199373-31447

INFO [2021-01-25 14:33:10,506]  [CommandExecutor.java:235] [pool-1-thread-1]  OK
INFO [2021-01-25 14:33:10,506]  [BatchRunner.java:72] [pool-1-thread-1]  Executing Command: group strand

INFO [2021-01-25 14:33:12,517]  [CommandExecutor.java:235] [pool-1-thread-1]  OK
INFO [2021-01-25 14:33:12,517]  [BatchRunner.java:72] [pool-1-thread-1]  Executing Command: snapshot chr2_243199373_31447_h100UMC1082.png

Snapshot: /gpfs/gsfs8/users/CGR_integration/hpv_igv/workflow/output/IGV_Snapshots/UMC1082/chr2_243199373_31447_h100UMC1082.png
INFO [2021-01-25 14:33:14,570]  [CommandExecutor.java:235] [pool-1-thread-1]  OK
INFO [2021-01-25 14:33:14,571]  [BatchRunner.java:72] [pool-1-thread-1]  Executing Command: goto chr3:198022430-29622

INFO [2021-01-25 14:33:16,576]  [CommandExecutor.java:235] [pool-1-thread-1]  OK
INFO [2021-01-25 14:33:16,576]  [BatchRunner.java:72] [pool-1-thread-1]  Executing Command: group strand

INFO [2021-01-25 14:33:18,583]  [CommandExecutor.java:235] [pool-1-thread-1]  OK
INFO [2021-01-25 14:33:18,583]  [BatchRunner.java:72] [pool-1-thread-1]  Executing Command: snapshot chr3_198022430_29622_h100UMC1082.png

Snapshot: /gpfs/gsfs8/users/CGR_integration/hpv_igv/workflow/output/IGV_Snapshots/UMC1082/chr3_198022430_29622_h100UMC1082.png
INFO [2021-01-25 14:33:20,630]  [CommandExecutor.java:235] [pool-1-thread-1]  OK
INFO [2021-01-25 14:33:20,630]  [BatchRunner.java:72] [pool-1-thread-1]  Executing Command: goto chr4:191154276-19723

INFO [2021-01-25 14:33:22,642]  [CommandExecutor.java:235] [pool-1-thread-1]  OK
INFO [2021-01-25 14:33:22,642]  [BatchRunner.java:72] [pool-1-thread-1]  Executing Command: group strand

INFO [2021-01-25 14:33:24,650]  [CommandExecutor.java:235] [pool-1-thread-1]  OK
INFO [2021-01-25 14:33:24,651]  [BatchRunner.java:72] [pool-1-thread-1]  Executing Command: snapshot chr4_191154276_19723_h100UMC1082.png

Snapshot: /gpfs/gsfs8/users/CGR_integration/hpv_igv/workflow/output/IGV_Snapshots/UMC1082/chr4_191154276_19723_h100UMC1082.png
INFO [2021-01-25 14:33:26,702]  [CommandExecutor.java:235] [pool-1-thread-1]  OK
INFO [2021-01-25 14:33:26,703]  [BatchRunner.java:72] [pool-1-thread-1]  Executing Command: goto chr5:180915260-24418

INFO [2021-01-25 14:33:28,711]  [CommandExecutor.java:235] [pool-1-thread-1]  OK
INFO [2021-01-25 14:33:28,712]  [BatchRunner.java:72] [pool-1-thread-1]  Executing Command: group strand

INFO [2021-01-25 14:33:30,719]  [CommandExecutor.java:235] [pool-1-thread-1]  OK
INFO [2021-01-25 14:33:30,719]  [BatchRunner.java:72] [pool-1-thread-1]  Executing Command: snapshot chr5_180915260_24418_h100UMC1082.png

Snapshot: /gpfs/gsfs8/users/CGR_integration/hpv_igv/workflow/output/IGV_Snapshots/UMC1082/chr5_180915260_24418_h100UMC1082.png
INFO [2021-01-25 14:33:32,774]  [CommandExecutor.java:235] [pool-1-thread-1]  OK
INFO [2021-01-25 14:33:32,775]  [BatchRunner.java:72] [pool-1-thread-1]  Executing Command: goto chr6:171115067-39055

INFO [2021-01-25 14:33:34,784]  [CommandExecutor.java:235] [pool-1-thread-1]  OK
INFO [2021-01-25 14:33:34,784]  [BatchRunner.java:72] [pool-1-thread-1]  Executing Command: group strand

INFO [2021-01-25 14:33:36,795]  [CommandExecutor.java:235] [pool-1-thread-1]  OK
INFO [2021-01-25 14:33:36,795]  [BatchRunner.java:72] [pool-1-thread-1]  Executing Command: snapshot chr6_171115067_39055_h100UMC1082.png

Snapshot: /gpfs/gsfs8/users/CGR_integration/hpv_igv/workflow/output/IGV_Snapshots/UMC1082/chr6_171115067_39055_h100UMC1082.png
INFO [2021-01-25 14:33:38,844]  [CommandExecutor.java:235] [pool-1-thread-1]  OK
INFO [2021-01-25 14:33:38,844]  [BatchRunner.java:72] [pool-1-thread-1]  Executing Command: goto chr7:159138663-12655

INFO [2021-01-25 14:33:40,848]  [CommandExecutor.java:235] [pool-1-thread-1]  OK
INFO [2021-01-25 14:33:40,849]  [BatchRunner.java:72] [pool-1-thread-1]  Executing Command: group strand

INFO [2021-01-25 14:33:42,854]  [CommandExecutor.java:235] [pool-1-thread-1]  OK
INFO [2021-01-25 14:33:42,854]  [BatchRunner.java:72] [pool-1-thread-1]  Executing Command: snapshot chr7_159138663_12655_h100UMC1082.png

Snapshot: /gpfs/gsfs8/users/CGR_integration/hpv_igv/workflow/output/IGV_Snapshots/UMC1082/chr7_159138663_12655_h100UMC1082.png
INFO [2021-01-25 14:33:44,906]  [CommandExecutor.java:235] [pool-1-thread-1]  OK
INFO [2021-01-25 14:33:44,906]  [BatchRunner.java:72] [pool-1-thread-1]  Executing Command: goto chr8:146364022-10204

INFO [2021-01-25 14:33:46,913]  [CommandExecutor.java:235] [pool-1-thread-1]  OK
INFO [2021-01-25 14:33:46,913]  [BatchRunner.java:72] [pool-1-thread-1]  Executing Command: group strand

INFO [2021-01-25 14:33:48,921]  [CommandExecutor.java:235] [pool-1-thread-1]  OK
INFO [2021-01-25 14:33:48,921]  [BatchRunner.java:72] [pool-1-thread-1]  Executing Command: snapshot chr8_146364022_10204_h100UMC1082.png

Snapshot: /gpfs/gsfs8/users/CGR_integration/hpv_igv/workflow/output/IGV_Snapshots/UMC1082/chr8_146364022_10204_h100UMC1082.png
INFO [2021-01-25 14:33:50,972]  [CommandExecutor.java:235] [pool-1-thread-1]  OK
INFO [2021-01-25 14:33:50,972]  [BatchRunner.java:72] [pool-1-thread-1]  Executing Command: goto chr9:141213431-20881

INFO [2021-01-25 14:33:52,980]  [CommandExecutor.java:235] [pool-1-thread-1]  OK
INFO [2021-01-25 14:33:52,980]  [BatchRunner.java:72] [pool-1-thread-1]  Executing Command: group strand

INFO [2021-01-25 14:33:54,985]  [CommandExecutor.java:235] [pool-1-thread-1]  OK
INFO [2021-01-25 14:33:54,986]  [BatchRunner.java:72] [pool-1-thread-1]  Executing Command: snapshot chr9_141213431_20881_h100UMC1082.png

Snapshot: /gpfs/gsfs8/users/CGR_integration/hpv_igv/workflow/output/IGV_Snapshots/UMC1082/chr9_141213431_20881_h100UMC1082.png
INFO [2021-01-25 14:33:57,039]  [CommandExecutor.java:235] [pool-1-thread-1]  OK
INFO [2021-01-25 14:33:57,039]  [BatchRunner.java:72] [pool-1-thread-1]  Executing Command: goto chr10:135534747-33659

INFO [2021-01-25 14:33:59,045]  [CommandExecutor.java:235] [pool-1-thread-1]  OK
INFO [2021-01-25 14:33:59,045]  [BatchRunner.java:72] [pool-1-thread-1]  Executing Command: group strand

INFO [2021-01-25 14:34:01,052]  [CommandExecutor.java:235] [pool-1-thread-1]  OK
INFO [2021-01-25 14:34:01,052]  [BatchRunner.java:72] [pool-1-thread-1]  Executing Command: snapshot chr10_135534747_33659_h100UMC1082.png

Snapshot: /gpfs/gsfs8/users/CGR_integration/hpv_igv/workflow/output/IGV_Snapshots/UMC1082/chr10_135534747_33659_h100UMC1082.png
INFO [2021-01-25 14:34:03,098]  [CommandExecutor.java:235] [pool-1-thread-1]  OK
INFO [2021-01-25 14:34:03,098]  [BatchRunner.java:72] [pool-1-thread-1]  Executing Command: goto chr11:135006516-16042

INFO [2021-01-25 14:34:05,106]  [CommandExecutor.java:235] [pool-1-thread-1]  OK
INFO [2021-01-25 14:34:05,106]  [BatchRunner.java:72] [pool-1-thread-1]  Executing Command: group strand

INFO [2021-01-25 14:34:07,112]  [CommandExecutor.java:235] [pool-1-thread-1]  OK
INFO [2021-01-25 14:34:07,112]  [BatchRunner.java:72] [pool-1-thread-1]  Executing Command: snapshot chr11_135006516_16042_h100UMC1082.png

Snapshot: /gpfs/gsfs8/users/CGR_integration/hpv_igv/workflow/output/IGV_Snapshots/UMC1082/chr11_135006516_16042_h100UMC1082.png
INFO [2021-01-25 14:34:09,160]  [CommandExecutor.java:235] [pool-1-thread-1]  OK
INFO [2021-01-25 14:34:09,161]  [BatchRunner.java:72] [pool-1-thread-1]  Executing Command: goto chr12:133851895-39173

INFO [2021-01-25 14:34:11,168]  [CommandExecutor.java:235] [pool-1-thread-1]  OK
INFO [2021-01-25 14:34:11,168]  [BatchRunner.java:72] [pool-1-thread-1]  Executing Command: group strand

INFO [2021-01-25 14:34:13,173]  [CommandExecutor.java:235] [pool-1-thread-1]  OK
INFO [2021-01-25 14:34:13,173]  [BatchRunner.java:72] [pool-1-thread-1]  Executing Command: snapshot chr12_133851895_39173_h100UMC1082.png

Snapshot: /gpfs/gsfs8/users/CGR_integration/hpv_igv/workflow/output/IGV_Snapshots/UMC1082/chr12_133851895_39173_h100UMC1082.png
INFO [2021-01-25 14:34:15,221]  [CommandExecutor.java:235] [pool-1-thread-1]  OK
INFO [2021-01-25 14:34:15,222]  [BatchRunner.java:72] [pool-1-thread-1]  Executing Command: goto chr13:115169878-11612

INFO [2021-01-25 14:34:17,229]  [CommandExecutor.java:235] [pool-1-thread-1]  OK
INFO [2021-01-25 14:34:17,229]  [BatchRunner.java:72] [pool-1-thread-1]  Executing Command: group strand

INFO [2021-01-25 14:34:19,234]  [CommandExecutor.java:235] [pool-1-thread-1]  OK
INFO [2021-01-25 14:34:19,234]  [BatchRunner.java:72] [pool-1-thread-1]  Executing Command: snapshot chr13_115169878_11612_h100UMC1082.png

Snapshot: /gpfs/gsfs8/users/CGR_integration/hpv_igv/workflow/output/IGV_Snapshots/UMC1082/chr13_115169878_11612_h100UMC1082.png
INFO [2021-01-25 14:34:21,279]  [CommandExecutor.java:235] [pool-1-thread-1]  OK
INFO [2021-01-25 14:34:21,279]  [BatchRunner.java:72] [pool-1-thread-1]  Executing Command: goto chr14:107349540-11000

INFO [2021-01-25 14:34:23,287]  [CommandExecutor.java:235] [pool-1-thread-1]  OK
INFO [2021-01-25 14:34:23,288]  [BatchRunner.java:72] [pool-1-thread-1]  Executing Command: group strand

INFO [2021-01-25 14:34:25,296]  [CommandExecutor.java:235] [pool-1-thread-1]  OK
INFO [2021-01-25 14:34:25,296]  [BatchRunner.java:72] [pool-1-thread-1]  Executing Command: snapshot chr14_107349540_11000_h100UMC1082.png

Snapshot: /gpfs/gsfs8/users/CGR_integration/hpv_igv/workflow/output/IGV_Snapshots/UMC1082/chr14_107349540_11000_h100UMC1082.png
INFO [2021-01-25 14:34:27,344]  [CommandExecutor.java:235] [pool-1-thread-1]  OK
INFO [2021-01-25 14:34:27,344]  [BatchRunner.java:72] [pool-1-thread-1]  Executing Command: goto chr15:102531392-15142

INFO [2021-01-25 14:34:29,353]  [CommandExecutor.java:235] [pool-1-thread-1]  OK
INFO [2021-01-25 14:34:29,353]  [BatchRunner.java:72] [pool-1-thread-1]  Executing Command: group strand

INFO [2021-01-25 14:34:31,363]  [CommandExecutor.java:235] [pool-1-thread-1]  OK
INFO [2021-01-25 14:34:31,363]  [BatchRunner.java:72] [pool-1-thread-1]  Executing Command: snapshot chr15_102531392_15142_h100UMC1082.png

Snapshot: /gpfs/gsfs8/users/CGR_integration/hpv_igv/workflow/output/IGV_Snapshots/UMC1082/chr15_102531392_15142_h100UMC1082.png
INFO [2021-01-25 14:34:33,412]  [CommandExecutor.java:235] [pool-1-thread-1]  OK
INFO [2021-01-25 14:34:33,412]  [BatchRunner.java:72] [pool-1-thread-1]  Executing Command: goto chr16:90354753-10678

INFO [2021-01-25 14:34:35,424]  [CommandExecutor.java:235] [pool-1-thread-1]  OK
INFO [2021-01-25 14:34:35,424]  [BatchRunner.java:72] [pool-1-thread-1]  Executing Command: group strand

INFO [2021-01-25 14:34:37,429]  [CommandExecutor.java:235] [pool-1-thread-1]  OK
INFO [2021-01-25 14:34:37,429]  [BatchRunner.java:72] [pool-1-thread-1]  Executing Command: snapshot chr16_90354753_10678_h100UMC1082.png

Snapshot: /gpfs/gsfs8/users/CGR_integration/hpv_igv/workflow/output/IGV_Snapshots/UMC1082/chr16_90354753_10678_h100UMC1082.png
INFO [2021-01-25 14:34:39,487]  [CommandExecutor.java:235] [pool-1-thread-1]  OK
INFO [2021-01-25 14:34:39,488]  [BatchRunner.java:72] [pool-1-thread-1]  Executing Command: goto chr17:81195210-9825

INFO [2021-01-25 14:34:41,495]  [CommandExecutor.java:235] [pool-1-thread-1]  OK
INFO [2021-01-25 14:34:41,495]  [BatchRunner.java:72] [pool-1-thread-1]  Executing Command: group strand

INFO [2021-01-25 14:34:43,501]  [CommandExecutor.java:235] [pool-1-thread-1]  OK
INFO [2021-01-25 14:34:43,501]  [BatchRunner.java:72] [pool-1-thread-1]  Executing Command: snapshot chr17_81195210_9825_h100UMC1082.png

Snapshot: /gpfs/gsfs8/users/CGR_integration/hpv_igv/workflow/output/IGV_Snapshots/UMC1082/chr17_81195210_9825_h100UMC1082.png
INFO [2021-01-25 14:34:45,548]  [CommandExecutor.java:235] [pool-1-thread-1]  OK
INFO [2021-01-25 14:34:45,548]  [BatchRunner.java:72] [pool-1-thread-1]  Executing Command: goto chr18:78077248-20361

INFO [2021-01-25 14:34:47,553]  [CommandExecutor.java:235] [pool-1-thread-1]  OK
INFO [2021-01-25 14:34:47,554]  [BatchRunner.java:72] [pool-1-thread-1]  Executing Command: group strand

INFO [2021-01-25 14:34:49,558]  [CommandExecutor.java:235] [pool-1-thread-1]  OK
INFO [2021-01-25 14:34:49,559]  [BatchRunner.java:72] [pool-1-thread-1]  Executing Command: snapshot chr18_78077248_20361_h100UMC1082.png

Snapshot: /gpfs/gsfs8/users/CGR_integration/hpv_igv/workflow/output/IGV_Snapshots/UMC1082/chr18_78077248_20361_h100UMC1082.png
INFO [2021-01-25 14:34:51,607]  [CommandExecutor.java:235] [pool-1-thread-1]  OK
INFO [2021-01-25 14:34:51,607]  [BatchRunner.java:72] [pool-1-thread-1]  Executing Command: goto chr19:59128983-16047

INFO [2021-01-25 14:34:53,613]  [CommandExecutor.java:235] [pool-1-thread-1]  OK
INFO [2021-01-25 14:34:53,613]  [BatchRunner.java:72] [pool-1-thread-1]  Executing Command: group strand

INFO [2021-01-25 14:34:55,622]  [CommandExecutor.java:235] [pool-1-thread-1]  OK
INFO [2021-01-25 14:34:55,622]  [BatchRunner.java:72] [pool-1-thread-1]  Executing Command: snapshot chr19_59128983_16047_h100UMC1082.png

Snapshot: /gpfs/gsfs8/users/CGR_integration/hpv_igv/workflow/output/IGV_Snapshots/UMC1082/chr19_59128983_16047_h100UMC1082.png
INFO [2021-01-25 14:34:57,673]  [CommandExecutor.java:235] [pool-1-thread-1]  OK
INFO [2021-01-25 14:34:57,673]  [BatchRunner.java:72] [pool-1-thread-1]  Executing Command: goto chr20:63025520-2097

INFO [2021-01-25 14:34:59,679]  [CommandExecutor.java:235] [pool-1-thread-1]  OK
INFO [2021-01-25 14:34:59,679]  [BatchRunner.java:72] [pool-1-thread-1]  Executing Command: group strand

INFO [2021-01-25 14:35:01,684]  [CommandExecutor.java:235] [pool-1-thread-1]  OK
INFO [2021-01-25 14:35:01,684]  [BatchRunner.java:72] [pool-1-thread-1]  Executing Command: snapshot chr20_63025520_2097_h100UMC1082.png

Snapshot: /gpfs/gsfs8/users/CGR_integration/hpv_igv/workflow/output/IGV_Snapshots/UMC1082/chr20_63025520_2097_h100UMC1082.png
INFO [2021-01-25 14:35:03,728]  [CommandExecutor.java:235] [pool-1-thread-1]  OK
INFO [2021-01-25 14:35:03,729]  [BatchRunner.java:72] [pool-1-thread-1]  Executing Command: goto chr21:48129895-6836

INFO [2021-01-25 14:35:05,733]  [CommandExecutor.java:235] [pool-1-thread-1]  OK
INFO [2021-01-25 14:35:05,734]  [BatchRunner.java:72] [pool-1-thread-1]  Executing Command: group strand

INFO [2021-01-25 14:35:07,738]  [CommandExecutor.java:235] [pool-1-thread-1]  OK
INFO [2021-01-25 14:35:07,738]  [BatchRunner.java:72] [pool-1-thread-1]  Executing Command: snapshot chr21_48129895_6836_h100UMC1082.png

Snapshot: /gpfs/gsfs8/users/CGR_integration/hpv_igv/workflow/output/IGV_Snapshots/UMC1082/chr21_48129895_6836_h100UMC1082.png
INFO [2021-01-25 14:35:09,782]  [CommandExecutor.java:235] [pool-1-thread-1]  OK
INFO [2021-01-25 14:35:09,782]  [BatchRunner.java:72] [pool-1-thread-1]  Executing Command: goto chr22:51304566-556

INFO [2021-01-25 14:35:11,785]  [CommandExecutor.java:235] [pool-1-thread-1]  OK
INFO [2021-01-25 14:35:11,785]  [BatchRunner.java:72] [pool-1-thread-1]  Executing Command: group strand

INFO [2021-01-25 14:35:13,791]  [CommandExecutor.java:235] [pool-1-thread-1]  OK
INFO [2021-01-25 14:35:13,791]  [BatchRunner.java:72] [pool-1-thread-1]  Executing Command: snapshot chr22_51304566_556_h100UMC1082.png

Snapshot: /gpfs/gsfs8/users/CGR_integration/hpv_igv/workflow/output/IGV_Snapshots/UMC1082/chr22_51304566_556_h100UMC1082.png
INFO [2021-01-25 14:35:15,835]  [CommandExecutor.java:235] [pool-1-thread-1]  OK
INFO [2021-01-25 14:35:15,835]  [BatchRunner.java:72] [pool-1-thread-1]  Executing Command: goto chrX:155270560-17448

INFO [2021-01-25 14:35:17,840]  [CommandExecutor.java:235] [pool-1-thread-1]  OK
INFO [2021-01-25 14:35:17,840]  [BatchRunner.java:72] [pool-1-thread-1]  Executing Command: group strand

INFO [2021-01-25 14:35:19,846]  [CommandExecutor.java:235] [pool-1-thread-1]  OK
INFO [2021-01-25 14:35:19,846]  [BatchRunner.java:72] [pool-1-thread-1]  Executing Command: snapshot chrX_155270560_17448_h100UMC1082.png

Snapshot: /gpfs/gsfs8/users/CGR_integration/hpv_igv/workflow/output/IGV_Snapshots/UMC1082/chrX_155270560_17448_h100UMC1082.png
INFO [2021-01-25 14:35:21,895]  [CommandExecutor.java:235] [pool-1-thread-1]  OK
INFO [2021-01-25 14:35:21,895]  [BatchRunner.java:72] [pool-1-thread-1]  Executing Command: goto chrY:59373566-1239

INFO [2021-01-25 14:35:23,901]  [CommandExecutor.java:235] [pool-1-thread-1]  OK
INFO [2021-01-25 14:35:23,902]  [BatchRunner.java:72] [pool-1-thread-1]  Executing Command: group strand

INFO [2021-01-25 14:35:25,907]  [CommandExecutor.java:235] [pool-1-thread-1]  OK
INFO [2021-01-25 14:35:25,907]  [BatchRunner.java:72] [pool-1-thread-1]  Executing Command: snapshot chrY_59373566_1239_h100UMC1082.png

Snapshot: /gpfs/gsfs8/users/CGR_integration/hpv_igv/workflow/output/IGV_Snapshots/UMC1082/chrY_59373566_1239_h100UMC1082.png
INFO [2021-01-25 14:35:27,951]  [CommandExecutor.java:235] [pool-1-thread-1]  OK
INFO [2021-01-25 14:35:27,952]  [BatchRunner.java:72] [pool-1-thread-1]  Executing Command: exit

INFO [2021-01-25 14:35:27,954]  [ShutdownThread.java:51] [Thread-2]  Shutting down

IGV finished; elapsed time is:
0:03:21.464566

[Mon Jan 25 14:35:39 2021]
Finished job 0.
1 of 1 steps (100%) done
