Building DAG of jobs...
Using shell: /usr/bin/bash
Provided cores: 4
Rules claiming more threads will be scaled down.
Job counts:
	count	jobs
	1	igv_snapshot
	1

[Mon Jan 25 13:32:28 2021]
rule igv_snapshot:
    input: /data/CGR_integration/hpv_igv/data/08282019_methylation/meth/bam/UMC1007.bam, /data/CGR_integration/hpv_igv/data/08282019_methylation/meth/bam/UMC1010.bam, /data/CGR_integration/hpv_igv/data/08282019_methylation/meth/bam/UMC1024.bam, /data/CGR_integration/hpv_igv/data/08282019_methylation/meth/bam/UMC1032.bam, /data/CGR_integration/hpv_igv/data/08282019_methylation/meth/bam/UMC1055.bam, /data/CGR_integration/hpv_igv/data/08282019_methylation/meth/bam/UMC1056.bam, /data/CGR_integration/hpv_igv/data/08282019_methylation/meth/bam/UMC1071.bam, /data/CGR_integration/hpv_igv/data/08282019_methylation/meth/bam/UMC1072.bam, /data/CGR_integration/hpv_igv/data/08282019_methylation/meth/bam/UMC1074.bam, /data/CGR_integration/hpv_igv/data/08282019_methylation/meth/bam/UMC1076.bam, /data/CGR_integration/hpv_igv/data/08282019_methylation/meth/bam/UMC1081.bam, /data/CGR_integration/hpv_igv/data/08282019_methylation/meth/bam/UMC1082.bam, /data/CGR_integration/hpv_igv/data/08282019_methylation/meth/bam/UMC1086.bam, /data/CGR_integration/hpv_igv/data/08282019_methylation/meth/igv_bed/UMC1007.bed, /data/CGR_integration/hpv_igv/data/08282019_methylation/meth/igv_bed/UMC1007_igv.bed, /data/CGR_integration/hpv_igv/data/08282019_methylation/meth/igv_bed/UMC1010.bed, /data/CGR_integration/hpv_igv/data/08282019_methylation/meth/igv_bed/UMC1010_igv.bed, /data/CGR_integration/hpv_igv/data/08282019_methylation/meth/igv_bed/UMC1024.bed, /data/CGR_integration/hpv_igv/data/08282019_methylation/meth/igv_bed/UMC1024_igv.bed, /data/CGR_integration/hpv_igv/data/08282019_methylation/meth/igv_bed/UMC1032.bed, /data/CGR_integration/hpv_igv/data/08282019_methylation/meth/igv_bed/UMC1032_igv.bed, /data/CGR_integration/hpv_igv/data/08282019_methylation/meth/igv_bed/UMC1055.bed, /data/CGR_integration/hpv_igv/data/08282019_methylation/meth/igv_bed/UMC1055_igv.bed, /data/CGR_integration/hpv_igv/data/08282019_methylation/meth/igv_bed/UMC1056.bed, /data/CGR_integration/hpv_igv/data/08282019_methylation/meth/igv_bed/UMC1056_igv.bed, /data/CGR_integration/hpv_igv/data/08282019_methylation/meth/igv_bed/UMC1071.bed, /data/CGR_integration/hpv_igv/data/08282019_methylation/meth/igv_bed/UMC1071_igv.bed, /data/CGR_integration/hpv_igv/data/08282019_methylation/meth/igv_bed/UMC1072.bed, /data/CGR_integration/hpv_igv/data/08282019_methylation/meth/igv_bed/UMC1072_igv.bed, /data/CGR_integration/hpv_igv/data/08282019_methylation/meth/igv_bed/UMC1074.bed, /data/CGR_integration/hpv_igv/data/08282019_methylation/meth/igv_bed/UMC1074_igv.bed, /data/CGR_integration/hpv_igv/data/08282019_methylation/meth/igv_bed/UMC1076.bed, /data/CGR_integration/hpv_igv/data/08282019_methylation/meth/igv_bed/UMC1076_igv.bed, /data/CGR_integration/hpv_igv/data/08282019_methylation/meth/igv_bed/UMC1081.bed, /data/CGR_integration/hpv_igv/data/08282019_methylation/meth/igv_bed/UMC1081_igv.bed, /data/CGR_integration/hpv_igv/data/08282019_methylation/meth/igv_bed/UMC1082.bed, /data/CGR_integration/hpv_igv/data/08282019_methylation/meth/igv_bed/UMC1082_igv.bed, /data/CGR_integration/hpv_igv/data/08282019_methylation/meth/igv_bed/UMC1086.bed, /data/CGR_integration/hpv_igv/data/08282019_methylation/meth/igv_bed/UMC1086_igv.bed
    output: output/IGV_Snapshots/merge/UMC1032.png
    jobid: 0
    wildcards: sample=UMC1032
    threads: 4


          python /data/CGR_integration/hpv_igv/IGV-snapshot-automator-master/make_IGV_snapshots.py -mem 16000 -ht 100 -bin /data/CGR_integration/hpv_igv/IGV-snapshot-automator-master/bin/IGV_2.3.81/igv.jar -o output/IGV_Snapshots/UMC1032 /data/CGR_integration/hpv_igv/data/08282019_methylation/meth/bam/UMC1032*.bam -r /data/CGR_integration/hpv_igv/data/08282019_methylation/meth/igv_bed/UMC1032*.bed -g /data/CGR_integration/hpv_igv/ref/HPV_Ref_Alphas65_Pad400_hg19.fasta -s -suffix UMC1032 2> log/UMC1032_igv.err
          if ls output/IGV_Snapshots/UMC1032/*.png 1> /dev/null 2>&1; then 
          magick montage -label '%f' -pointsize 24 -geometry 1920x900+2+2 -title 'UMC1032' -tile 1x output/IGV_Snapshots/UMC1032/*.png output/IGV_Snapshots/merge/UMC1032.png 2> log/UMC1032_merge.err
          mkdir -p merge_true
          cp output/IGV_Snapshots/merge/UMC1032.png output//IGV_Snapshots/merge_true/UMC1032.png 2>log/UMC1032_cp.err
          else
          touch output/IGV_Snapshots/merge/UMC1032.png 
          fi
          
[Mon Jan 25 13:32:28 2021]
Error in rule igv_snapshot:
    jobid: 0
    output: output/IGV_Snapshots/merge/UMC1032.png
    shell:
        
          python /data/CGR_integration/hpv_igv/IGV-snapshot-automator-master/make_IGV_snapshots.py -mem 16000 -ht 100 -bin /data/CGR_integration/hpv_igv/IGV-snapshot-automator-master/bin/IGV_2.3.81/igv.jar -o output/IGV_Snapshots/UMC1032 /data/CGR_integration/hpv_igv/data/08282019_methylation/meth/bam/UMC1032*.bam -r /data/CGR_integration/hpv_igv/data/08282019_methylation/meth/igv_bed/UMC1032*.bed -g /data/CGR_integration/hpv_igv/ref/HPV_Ref_Alphas65_Pad400_hg19.fasta -s -suffix UMC1032 2> log/UMC1032_igv.err
          if ls output/IGV_Snapshots/UMC1032/*.png 1> /dev/null 2>&1; then 
          magick montage -label '%f' -pointsize 24 -geometry 1920x900+2+2 -title 'UMC1032' -tile 1x output/IGV_Snapshots/UMC1032/*.png output/IGV_Snapshots/merge/UMC1032.png 2> log/UMC1032_merge.err
          mkdir -p merge_true
          cp output/IGV_Snapshots/merge/UMC1032.png output//IGV_Snapshots/merge_true/UMC1032.png 2>log/UMC1032_cp.err
          else
          touch output/IGV_Snapshots/merge/UMC1032.png 
          fi
          
        (one of the commands exited with non-zero exit code; note that snakemake uses bash strict mode!)

Shutting down, this might take some time.
Exiting because a job execution failed. Look above for error message
