Building DAG of jobs...
Using shell: /usr/bin/bash
Provided cores: 4
Rules claiming more threads will be scaled down.
Job counts:
	count	jobs
	1	igv_snapshot
	1

[Mon Jan 25 14:07:23 2021]
rule igv_snapshot:
    input: /data/CGR_integration/hpv_igv/data/08282019_methylation/meth/bam/UMC1081.bam, /data/CGR_integration/hpv_igv/data/08282019_methylation/meth/igv_bed/UMC1081.bed
    output: output/IGV_Snapshots/merge/UMC1081.png
    jobid: 0
    wildcards: sample=UMC1081
    threads: 4


          python /data/CGR_integration/hpv_igv/IGV-snapshot-automator-master/make_IGV_snapshots.py -mem 16000 -ht 100 -bin /data/CGR_integration/hpv_igv/IGV-snapshot-automator-master/bin/IGV_2.3.81/igv.jar -o output/IGV_Snapshots/UMC1081 /data/CGR_integration/hpv_igv/data/08282019_methylation/meth/bam/UMC1081.bam -r /data/CGR_integration/hpv_igv/data/08282019_methylation/meth/igv_bed/UMC1081.bed -g /data/CGR_integration/hpv_igv/ref/HPV_Ref_Alphas65_Pad400_hg19.fasta -s -suffix UMC1081 2> log/UMC1081_igv.err
          if ls output/IGV_Snapshots/UMC1081/*.png 1> /dev/null 2>&1; then 
          magick montage -label '%f' -pointsize 24 -geometry 1920x900+2+2 -title 'UMC1081' -tile 1x output/IGV_Snapshots/UMC1081/*.png output/IGV_Snapshots/merge/UMC1081.png 2> log/UMC1081_merge.err
          mkdir -p merge_true
          cp output/IGV_Snapshots/merge/UMC1081.png output//IGV_Snapshots/merge_true/UMC1081.png 2>log/UMC1081_cp.err
          else
          touch output/IGV_Snapshots/merge/UMC1081.png 
          fi
          

~~~ IGV SNAPSHOT AUTOMATOR ~~~

Reference genome:
/data/CGR_integration/hpv_igv/ref/HPV_Ref_Alphas65_Pad400_hg19.fasta

Track height:
100

IGV binary file:
/data/CGR_integration/hpv_igv/IGV-snapshot-automator-master/bin/IGV_2.3.81/igv.jar

Output directory will be:
output/IGV_Snapshots/UMC1081

Batchscript file will be:
output/IGV_Snapshots/UMC1081/IGV_snapshots.bat

Region file:
/data/CGR_integration/hpv_igv/data/08282019_methylation/meth/igv_bed/UMC1081.bed

Input files to snapshot:

/data/CGR_integration/hpv_igv/data/08282019_methylation/meth/bam/UMC1081.bam

Making the output directory...

Writing IGV batch script to file:
output/IGV_Snapshots/UMC1081/IGV_snapshots.bat


Getting regions from BED file...

Read 29 regions

Open Xvfb port found on:
1


IGV command is:
xvfb-run -a --server-args='-screen 0 1920x1280x24'xrandr java -Xmx16000m -jar /data/CGR_integration/hpv_igv/IGV-snapshot-automator-master/bin/IGV_2.3.81/igv.jar -b output/IGV_Snapshots/UMC1081/IGV_snapshots.bat


Current time is:
2021-01-25 14:07:24.753752


Running the IGV command...
INFO [2021-01-25 14:07:29,071]  [DirectoryManager.java:169] [main]  IGV Directory: /home/daij/igv
INFO [2021-01-25 14:07:29,071] [DirectoryManager.java:169]  IGV Directory: /home/daij/igv
INFO [2021-01-25 14:07:29,078]  [Main.java:133] [main]  Startup  IGV Version 2.3.81 (127)08/30/2016 02:20 PM
INFO [2021-01-25 14:07:29,078]  [Main.java:134] [main]  Java 1.8.0_211
INFO [2021-01-25 14:07:29,078]  [DirectoryManager.java:72] [main]  Fetching user directory... 
INFO [2021-01-25 14:07:29,264]  [Main.java:135] [main]  Default User Directory: /home/daij
INFO [2021-01-25 14:07:29,265]  [Main.java:136] [main]  OS: Linux

(process:53835): dconf-CRITICAL **: unable to create directory '/run/user/37498/dconf': Permission denied.  dconf will not work properly.

(process:53835): dconf-CRITICAL **: unable to create directory '/run/user/37498/dconf': Permission denied.  dconf will not work properly.

(process:53835): dconf-CRITICAL **: unable to create directory '/run/user/37498/dconf': Permission denied.  dconf will not work properly.

(process:53835): dconf-CRITICAL **: unable to create directory '/run/user/37498/dconf': Permission denied.  dconf will not work properly.

(process:53835): dconf-CRITICAL **: unable to create directory '/run/user/37498/dconf': Permission denied.  dconf will not work properly.

(process:53835): dconf-CRITICAL **: unable to create directory '/run/user/37498/dconf': Permission denied.  dconf will not work properly.

(process:53835): dconf-CRITICAL **: unable to create directory '/run/user/37498/dconf': Permission denied.  dconf will not work properly.

(process:53835): dconf-CRITICAL **: unable to create directory '/run/user/37498/dconf': Permission denied.  dconf will not work properly.

(process:53835): dconf-CRITICAL **: unable to create directory '/run/user/37498/dconf': Permission denied.  dconf will not work properly.

(process:53835): dconf-CRITICAL **: unable to create directory '/run/user/37498/dconf': Permission denied.  dconf will not work properly.
INFO [2021-01-25 14:07:30,007]  [Main.java:184] [main]  A later version of IGV is available (2.7.22.7.2)
INFO [2021-01-25 14:07:45,962]  [GenomeManager.java:145] [main]  Loading genome: /home/daij/igv/genomes/hg38.genome
INFO [2021-01-25 14:07:51,632]  [GenomeManager.java:192] [main]  Genome loaded.  id= hg38
INFO [2021-01-25 14:07:51,863]  [CommandListener.java:106] [Thread-6]  Listening on port 60151
INFO [2021-01-25 14:07:51,866]  [BatchRunner.java:72] [pool-1-thread-1]  Executing Command: new

INFO [2021-01-25 14:07:56,197]  [CommandExecutor.java:235] [pool-1-thread-1]  OK
INFO [2021-01-25 14:07:56,198]  [BatchRunner.java:72] [pool-1-thread-1]  Executing Command: genome /data/CGR_integration/hpv_igv/ref/HPV_Ref_Alphas65_Pad400_hg19.fasta

INFO [2021-01-25 14:07:57,628]  [GenomeManager.java:145] [pool-1-thread-1]  Loading genome: /data/CGR_integration/hpv_igv/ref/HPV_Ref_Alphas65_Pad400_hg19.fasta
INFO [2021-01-25 14:07:57,642]  [GenomeManager.java:192] [pool-1-thread-1]  Genome loaded.  id= /data/CGR_integration/hpv_igv/ref/HPV_Ref_Alphas65_Pad400_hg19.fasta
INFO [2021-01-25 14:07:59,661]  [CommandExecutor.java:235] [pool-1-thread-1]  OK
INFO [2021-01-25 14:07:59,661]  [BatchRunner.java:72] [pool-1-thread-1]  Executing Command: snapshotDirectory output/IGV_Snapshots/UMC1081

INFO [2021-01-25 14:08:01,670]  [CommandExecutor.java:235] [pool-1-thread-1]  OK
INFO [2021-01-25 14:08:01,671]  [BatchRunner.java:72] [pool-1-thread-1]  Executing Command: load /data/CGR_integration/hpv_igv/data/08282019_methylation/meth/bam/UMC1081.bam

INFO [2021-01-25 14:08:01,673]  [IGV.java:1700] [pool-1-thread-1]  Loading 1 resources.
INFO [2021-01-25 14:08:01,676]  [TrackLoader.java:120] [pool-1-thread-1]  Loading resource, path /data/CGR_integration/hpv_igv/data/08282019_methylation/meth/bam/UMC1081.bam
WARNING: BAM index file /data/CGR_integration/hpv_igv/data/08282019_methylation/meth/bam/UMC1081.bam.bai is older than BAM /data/CGR_integration/hpv_igv/data/08282019_methylation/meth/bam/UMC1081.bam
INFO [2021-01-25 14:08:03,952]  [CommandExecutor.java:235] [pool-1-thread-1]  OK
INFO [2021-01-25 14:08:03,952]  [BatchRunner.java:72] [pool-1-thread-1]  Executing Command: maxPanelHeight 100

INFO [2021-01-25 14:08:03,961]  [BatchRunner.java:72] [pool-1-thread-1]  Executing Command: goto HPV33:7909-126

INFO [2021-01-25 14:08:03,973]  [MessageUtils.java:74] [pool-1-thread-1]  Cannot find feature or locus: HPV33:7909-126
INFO [2021-01-25 14:08:05,976]  [CommandExecutor.java:235] [pool-1-thread-1]  OK
INFO [2021-01-25 14:08:05,976]  [BatchRunner.java:72] [pool-1-thread-1]  Executing Command: group strand

INFO [2021-01-25 14:08:07,993]  [CommandExecutor.java:235] [pool-1-thread-1]  OK
INFO [2021-01-25 14:08:07,993]  [BatchRunner.java:72] [pool-1-thread-1]  Executing Command: snapshot HPV33_7909_126_h100UMC1081.png

Snapshot: /gpfs/gsfs8/users/CGR_integration/hpv_igv/workflow/output/IGV_Snapshots/UMC1081/HPV33_7909_126_h100UMC1081.png
INFO [2021-01-25 14:08:10,091]  [CommandExecutor.java:235] [pool-1-thread-1]  OK
INFO [2021-01-25 14:08:10,092]  [BatchRunner.java:72] [pool-1-thread-1]  Executing Command: goto HPV51:7808-204

INFO [2021-01-25 14:08:10,097]  [MessageUtils.java:74] [pool-1-thread-1]  Cannot find feature or locus: HPV51:7808-204
INFO [2021-01-25 14:08:12,104]  [CommandExecutor.java:235] [pool-1-thread-1]  OK
INFO [2021-01-25 14:08:12,105]  [BatchRunner.java:72] [pool-1-thread-1]  Executing Command: group strand

INFO [2021-01-25 14:08:14,118]  [CommandExecutor.java:235] [pool-1-thread-1]  OK
INFO [2021-01-25 14:08:14,119]  [BatchRunner.java:72] [pool-1-thread-1]  Executing Command: snapshot HPV51_7808_204_h100UMC1081.png

Snapshot: /gpfs/gsfs8/users/CGR_integration/hpv_igv/workflow/output/IGV_Snapshots/UMC1081/HPV51_7808_204_h100UMC1081.png
INFO [2021-01-25 14:08:16,198]  [CommandExecutor.java:235] [pool-1-thread-1]  OK
INFO [2021-01-25 14:08:16,199]  [BatchRunner.java:72] [pool-1-thread-1]  Executing Command: goto HPV52:7942-49007

INFO [2021-01-25 14:08:16,202]  [MessageUtils.java:74] [pool-1-thread-1]  Cannot find feature or locus: HPV52:7942-49007
INFO [2021-01-25 14:08:18,210]  [CommandExecutor.java:235] [pool-1-thread-1]  OK
INFO [2021-01-25 14:08:18,210]  [BatchRunner.java:72] [pool-1-thread-1]  Executing Command: group strand

INFO [2021-01-25 14:08:20,225]  [CommandExecutor.java:235] [pool-1-thread-1]  OK
INFO [2021-01-25 14:08:20,226]  [BatchRunner.java:72] [pool-1-thread-1]  Executing Command: snapshot HPV52_7942_49007_h100UMC1081.png

Snapshot: /gpfs/gsfs8/users/CGR_integration/hpv_igv/workflow/output/IGV_Snapshots/UMC1081/HPV52_7942_49007_h100UMC1081.png
INFO [2021-01-25 14:08:22,278]  [CommandExecutor.java:235] [pool-1-thread-1]  OK
INFO [2021-01-25 14:08:22,278]  [BatchRunner.java:72] [pool-1-thread-1]  Executing Command: goto HPV58:7824-137

INFO [2021-01-25 14:08:22,282]  [MessageUtils.java:74] [pool-1-thread-1]  Cannot find feature or locus: HPV58:7824-137
INFO [2021-01-25 14:08:24,289]  [CommandExecutor.java:235] [pool-1-thread-1]  OK
INFO [2021-01-25 14:08:24,290]  [BatchRunner.java:72] [pool-1-thread-1]  Executing Command: group strand

INFO [2021-01-25 14:08:26,304]  [CommandExecutor.java:235] [pool-1-thread-1]  OK
INFO [2021-01-25 14:08:26,304]  [BatchRunner.java:72] [pool-1-thread-1]  Executing Command: snapshot HPV58_7824_137_h100UMC1081.png

Snapshot: /gpfs/gsfs8/users/CGR_integration/hpv_igv/workflow/output/IGV_Snapshots/UMC1081/HPV58_7824_137_h100UMC1081.png
INFO [2021-01-25 14:08:28,358]  [CommandExecutor.java:235] [pool-1-thread-1]  OK
INFO [2021-01-25 14:08:28,359]  [BatchRunner.java:72] [pool-1-thread-1]  Executing Command: goto Lambda_NEB:48502-110

INFO [2021-01-25 14:08:28,362]  [MessageUtils.java:74] [pool-1-thread-1]  Cannot find feature or locus: Lambda_NEB:48502-110
INFO [2021-01-25 14:08:30,370]  [CommandExecutor.java:235] [pool-1-thread-1]  OK
INFO [2021-01-25 14:08:30,371]  [BatchRunner.java:72] [pool-1-thread-1]  Executing Command: group strand

INFO [2021-01-25 14:08:32,378]  [CommandExecutor.java:235] [pool-1-thread-1]  OK
INFO [2021-01-25 14:08:32,378]  [BatchRunner.java:72] [pool-1-thread-1]  Executing Command: snapshot Lambda_NEB_48502_110_h100UMC1081.png

Snapshot: /gpfs/gsfs8/users/CGR_integration/hpv_igv/workflow/output/IGV_Snapshots/UMC1081/Lambda_NEB_48502_110_h100UMC1081.png
INFO [2021-01-25 14:08:34,431]  [CommandExecutor.java:235] [pool-1-thread-1]  OK
INFO [2021-01-25 14:08:34,432]  [BatchRunner.java:72] [pool-1-thread-1]  Executing Command: goto chr1:249250621-14516

INFO [2021-01-25 14:08:36,460]  [CommandExecutor.java:235] [pool-1-thread-1]  OK
INFO [2021-01-25 14:08:36,460]  [BatchRunner.java:72] [pool-1-thread-1]  Executing Command: group strand

INFO [2021-01-25 14:08:38,471]  [CommandExecutor.java:235] [pool-1-thread-1]  OK
INFO [2021-01-25 14:08:38,472]  [BatchRunner.java:72] [pool-1-thread-1]  Executing Command: snapshot chr1_249250621_14516_h100UMC1081.png

Snapshot: /gpfs/gsfs8/users/CGR_integration/hpv_igv/workflow/output/IGV_Snapshots/UMC1081/chr1_249250621_14516_h100UMC1081.png
INFO [2021-01-25 14:08:40,551]  [CommandExecutor.java:235] [pool-1-thread-1]  OK
INFO [2021-01-25 14:08:40,551]  [BatchRunner.java:72] [pool-1-thread-1]  Executing Command: goto chr2:243199373-30959

INFO [2021-01-25 14:08:42,563]  [CommandExecutor.java:235] [pool-1-thread-1]  OK
INFO [2021-01-25 14:08:42,563]  [BatchRunner.java:72] [pool-1-thread-1]  Executing Command: group strand

INFO [2021-01-25 14:08:44,574]  [CommandExecutor.java:235] [pool-1-thread-1]  OK
INFO [2021-01-25 14:08:44,574]  [BatchRunner.java:72] [pool-1-thread-1]  Executing Command: snapshot chr2_243199373_30959_h100UMC1081.png

Snapshot: /gpfs/gsfs8/users/CGR_integration/hpv_igv/workflow/output/IGV_Snapshots/UMC1081/chr2_243199373_30959_h100UMC1081.png
INFO [2021-01-25 14:08:46,624]  [CommandExecutor.java:235] [pool-1-thread-1]  OK
INFO [2021-01-25 14:08:46,624]  [BatchRunner.java:72] [pool-1-thread-1]  Executing Command: goto chr3:198022430-26307

INFO [2021-01-25 14:08:48,635]  [CommandExecutor.java:235] [pool-1-thread-1]  OK
INFO [2021-01-25 14:08:48,635]  [BatchRunner.java:72] [pool-1-thread-1]  Executing Command: group strand

INFO [2021-01-25 14:08:50,640]  [CommandExecutor.java:235] [pool-1-thread-1]  OK
INFO [2021-01-25 14:08:50,641]  [BatchRunner.java:72] [pool-1-thread-1]  Executing Command: snapshot chr3_198022430_26307_h100UMC1081.png

Snapshot: /gpfs/gsfs8/users/CGR_integration/hpv_igv/workflow/output/IGV_Snapshots/UMC1081/chr3_198022430_26307_h100UMC1081.png
INFO [2021-01-25 14:08:52,691]  [CommandExecutor.java:235] [pool-1-thread-1]  OK
INFO [2021-01-25 14:08:52,692]  [BatchRunner.java:72] [pool-1-thread-1]  Executing Command: goto chr4:191154276-29908

INFO [2021-01-25 14:08:54,704]  [CommandExecutor.java:235] [pool-1-thread-1]  OK
INFO [2021-01-25 14:08:54,705]  [BatchRunner.java:72] [pool-1-thread-1]  Executing Command: group strand

INFO [2021-01-25 14:08:56,712]  [CommandExecutor.java:235] [pool-1-thread-1]  OK
INFO [2021-01-25 14:08:56,713]  [BatchRunner.java:72] [pool-1-thread-1]  Executing Command: snapshot chr4_191154276_29908_h100UMC1081.png

Snapshot: /gpfs/gsfs8/users/CGR_integration/hpv_igv/workflow/output/IGV_Snapshots/UMC1081/chr4_191154276_29908_h100UMC1081.png
INFO [2021-01-25 14:08:58,765]  [CommandExecutor.java:235] [pool-1-thread-1]  OK
INFO [2021-01-25 14:08:58,765]  [BatchRunner.java:72] [pool-1-thread-1]  Executing Command: goto chr5:180915260-26027

INFO [2021-01-25 14:09:00,775]  [CommandExecutor.java:235] [pool-1-thread-1]  OK
INFO [2021-01-25 14:09:00,775]  [BatchRunner.java:72] [pool-1-thread-1]  Executing Command: group strand

INFO [2021-01-25 14:09:02,783]  [CommandExecutor.java:235] [pool-1-thread-1]  OK
INFO [2021-01-25 14:09:02,783]  [BatchRunner.java:72] [pool-1-thread-1]  Executing Command: snapshot chr5_180915260_26027_h100UMC1081.png

Snapshot: /gpfs/gsfs8/users/CGR_integration/hpv_igv/workflow/output/IGV_Snapshots/UMC1081/chr5_180915260_26027_h100UMC1081.png
INFO [2021-01-25 14:09:04,832]  [CommandExecutor.java:235] [pool-1-thread-1]  OK
INFO [2021-01-25 14:09:04,832]  [BatchRunner.java:72] [pool-1-thread-1]  Executing Command: goto chr6:171115067-14907

INFO [2021-01-25 14:09:06,841]  [CommandExecutor.java:235] [pool-1-thread-1]  OK
INFO [2021-01-25 14:09:06,841]  [BatchRunner.java:72] [pool-1-thread-1]  Executing Command: group strand

INFO [2021-01-25 14:09:08,849]  [CommandExecutor.java:235] [pool-1-thread-1]  OK
INFO [2021-01-25 14:09:08,850]  [BatchRunner.java:72] [pool-1-thread-1]  Executing Command: snapshot chr6_171115067_14907_h100UMC1081.png

Snapshot: /gpfs/gsfs8/users/CGR_integration/hpv_igv/workflow/output/IGV_Snapshots/UMC1081/chr6_171115067_14907_h100UMC1081.png
INFO [2021-01-25 14:09:10,903]  [CommandExecutor.java:235] [pool-1-thread-1]  OK
INFO [2021-01-25 14:09:10,904]  [BatchRunner.java:72] [pool-1-thread-1]  Executing Command: goto chr7:159138663-9223

INFO [2021-01-25 14:09:12,909]  [CommandExecutor.java:235] [pool-1-thread-1]  OK
INFO [2021-01-25 14:09:12,909]  [BatchRunner.java:72] [pool-1-thread-1]  Executing Command: group strand

INFO [2021-01-25 14:09:14,917]  [CommandExecutor.java:235] [pool-1-thread-1]  OK
INFO [2021-01-25 14:09:14,918]  [BatchRunner.java:72] [pool-1-thread-1]  Executing Command: snapshot chr7_159138663_9223_h100UMC1081.png

Snapshot: /gpfs/gsfs8/users/CGR_integration/hpv_igv/workflow/output/IGV_Snapshots/UMC1081/chr7_159138663_9223_h100UMC1081.png
INFO [2021-01-25 14:09:16,968]  [CommandExecutor.java:235] [pool-1-thread-1]  OK
INFO [2021-01-25 14:09:16,968]  [BatchRunner.java:72] [pool-1-thread-1]  Executing Command: goto chr8:146364022-14729

INFO [2021-01-25 14:09:18,977]  [CommandExecutor.java:235] [pool-1-thread-1]  OK
INFO [2021-01-25 14:09:18,977]  [BatchRunner.java:72] [pool-1-thread-1]  Executing Command: group strand

INFO [2021-01-25 14:09:20,987]  [CommandExecutor.java:235] [pool-1-thread-1]  OK
INFO [2021-01-25 14:09:20,987]  [BatchRunner.java:72] [pool-1-thread-1]  Executing Command: snapshot chr8_146364022_14729_h100UMC1081.png

Snapshot: /gpfs/gsfs8/users/CGR_integration/hpv_igv/workflow/output/IGV_Snapshots/UMC1081/chr8_146364022_14729_h100UMC1081.png
INFO [2021-01-25 14:09:23,036]  [CommandExecutor.java:235] [pool-1-thread-1]  OK
INFO [2021-01-25 14:09:23,036]  [BatchRunner.java:72] [pool-1-thread-1]  Executing Command: goto chr9:141213431-29558

INFO [2021-01-25 14:09:25,045]  [CommandExecutor.java:235] [pool-1-thread-1]  OK
INFO [2021-01-25 14:09:25,045]  [BatchRunner.java:72] [pool-1-thread-1]  Executing Command: group strand

INFO [2021-01-25 14:09:27,052]  [CommandExecutor.java:235] [pool-1-thread-1]  OK
INFO [2021-01-25 14:09:27,053]  [BatchRunner.java:72] [pool-1-thread-1]  Executing Command: snapshot chr9_141213431_29558_h100UMC1081.png

Snapshot: /gpfs/gsfs8/users/CGR_integration/hpv_igv/workflow/output/IGV_Snapshots/UMC1081/chr9_141213431_29558_h100UMC1081.png
INFO [2021-01-25 14:09:29,101]  [CommandExecutor.java:235] [pool-1-thread-1]  OK
INFO [2021-01-25 14:09:29,101]  [BatchRunner.java:72] [pool-1-thread-1]  Executing Command: goto chr10:135534747-22845

INFO [2021-01-25 14:09:31,111]  [CommandExecutor.java:235] [pool-1-thread-1]  OK
INFO [2021-01-25 14:09:31,111]  [BatchRunner.java:72] [pool-1-thread-1]  Executing Command: group strand

INFO [2021-01-25 14:09:33,118]  [CommandExecutor.java:235] [pool-1-thread-1]  OK
INFO [2021-01-25 14:09:33,118]  [BatchRunner.java:72] [pool-1-thread-1]  Executing Command: snapshot chr10_135534747_22845_h100UMC1081.png

Snapshot: /gpfs/gsfs8/users/CGR_integration/hpv_igv/workflow/output/IGV_Snapshots/UMC1081/chr10_135534747_22845_h100UMC1081.png
INFO [2021-01-25 14:09:35,173]  [CommandExecutor.java:235] [pool-1-thread-1]  OK
INFO [2021-01-25 14:09:35,173]  [BatchRunner.java:72] [pool-1-thread-1]  Executing Command: goto chr11:135006516-8133

INFO [2021-01-25 14:09:37,180]  [CommandExecutor.java:235] [pool-1-thread-1]  OK
INFO [2021-01-25 14:09:37,180]  [BatchRunner.java:72] [pool-1-thread-1]  Executing Command: group strand

INFO [2021-01-25 14:09:39,187]  [CommandExecutor.java:235] [pool-1-thread-1]  OK
INFO [2021-01-25 14:09:39,187]  [BatchRunner.java:72] [pool-1-thread-1]  Executing Command: snapshot chr11_135006516_8133_h100UMC1081.png

Snapshot: /gpfs/gsfs8/users/CGR_integration/hpv_igv/workflow/output/IGV_Snapshots/UMC1081/chr11_135006516_8133_h100UMC1081.png
INFO [2021-01-25 14:09:41,245]  [CommandExecutor.java:235] [pool-1-thread-1]  OK
INFO [2021-01-25 14:09:41,245]  [BatchRunner.java:72] [pool-1-thread-1]  Executing Command: goto chr12:133851895-17522

INFO [2021-01-25 14:09:43,255]  [CommandExecutor.java:235] [pool-1-thread-1]  OK
INFO [2021-01-25 14:09:43,255]  [BatchRunner.java:72] [pool-1-thread-1]  Executing Command: group strand

INFO [2021-01-25 14:09:45,261]  [CommandExecutor.java:235] [pool-1-thread-1]  OK
INFO [2021-01-25 14:09:45,262]  [BatchRunner.java:72] [pool-1-thread-1]  Executing Command: snapshot chr12_133851895_17522_h100UMC1081.png

Snapshot: /gpfs/gsfs8/users/CGR_integration/hpv_igv/workflow/output/IGV_Snapshots/UMC1081/chr12_133851895_17522_h100UMC1081.png
INFO [2021-01-25 14:09:47,310]  [CommandExecutor.java:235] [pool-1-thread-1]  OK
INFO [2021-01-25 14:09:47,310]  [BatchRunner.java:72] [pool-1-thread-1]  Executing Command: goto chr13:115169878-13625

INFO [2021-01-25 14:09:49,314]  [CommandExecutor.java:235] [pool-1-thread-1]  OK
INFO [2021-01-25 14:09:49,315]  [BatchRunner.java:72] [pool-1-thread-1]  Executing Command: group strand

INFO [2021-01-25 14:09:51,320]  [CommandExecutor.java:235] [pool-1-thread-1]  OK
INFO [2021-01-25 14:09:51,320]  [BatchRunner.java:72] [pool-1-thread-1]  Executing Command: snapshot chr13_115169878_13625_h100UMC1081.png

Snapshot: /gpfs/gsfs8/users/CGR_integration/hpv_igv/workflow/output/IGV_Snapshots/UMC1081/chr13_115169878_13625_h100UMC1081.png
INFO [2021-01-25 14:09:53,367]  [CommandExecutor.java:235] [pool-1-thread-1]  OK
INFO [2021-01-25 14:09:53,367]  [BatchRunner.java:72] [pool-1-thread-1]  Executing Command: goto chr14:107349540-12807

INFO [2021-01-25 14:09:55,375]  [CommandExecutor.java:235] [pool-1-thread-1]  OK
INFO [2021-01-25 14:09:55,375]  [BatchRunner.java:72] [pool-1-thread-1]  Executing Command: group strand

INFO [2021-01-25 14:09:57,380]  [CommandExecutor.java:235] [pool-1-thread-1]  OK
INFO [2021-01-25 14:09:57,381]  [BatchRunner.java:72] [pool-1-thread-1]  Executing Command: snapshot chr14_107349540_12807_h100UMC1081.png

Snapshot: /gpfs/gsfs8/users/CGR_integration/hpv_igv/workflow/output/IGV_Snapshots/UMC1081/chr14_107349540_12807_h100UMC1081.png
INFO [2021-01-25 14:09:59,425]  [CommandExecutor.java:235] [pool-1-thread-1]  OK
INFO [2021-01-25 14:09:59,425]  [BatchRunner.java:72] [pool-1-thread-1]  Executing Command: goto chr15:102531392-15216

INFO [2021-01-25 14:10:01,433]  [CommandExecutor.java:235] [pool-1-thread-1]  OK
INFO [2021-01-25 14:10:01,433]  [BatchRunner.java:72] [pool-1-thread-1]  Executing Command: group strand

INFO [2021-01-25 14:10:03,441]  [CommandExecutor.java:235] [pool-1-thread-1]  OK
INFO [2021-01-25 14:10:03,441]  [BatchRunner.java:72] [pool-1-thread-1]  Executing Command: snapshot chr15_102531392_15216_h100UMC1081.png

Snapshot: /gpfs/gsfs8/users/CGR_integration/hpv_igv/workflow/output/IGV_Snapshots/UMC1081/chr15_102531392_15216_h100UMC1081.png
INFO [2021-01-25 14:10:05,486]  [CommandExecutor.java:235] [pool-1-thread-1]  OK
INFO [2021-01-25 14:10:05,486]  [BatchRunner.java:72] [pool-1-thread-1]  Executing Command: goto chr16:90354753-14171

INFO [2021-01-25 14:10:07,496]  [CommandExecutor.java:235] [pool-1-thread-1]  OK
INFO [2021-01-25 14:10:07,497]  [BatchRunner.java:72] [pool-1-thread-1]  Executing Command: group strand

INFO [2021-01-25 14:10:09,504]  [CommandExecutor.java:235] [pool-1-thread-1]  OK
INFO [2021-01-25 14:10:09,504]  [BatchRunner.java:72] [pool-1-thread-1]  Executing Command: snapshot chr16_90354753_14171_h100UMC1081.png

Snapshot: /gpfs/gsfs8/users/CGR_integration/hpv_igv/workflow/output/IGV_Snapshots/UMC1081/chr16_90354753_14171_h100UMC1081.png
INFO [2021-01-25 14:10:11,554]  [CommandExecutor.java:235] [pool-1-thread-1]  OK
INFO [2021-01-25 14:10:11,555]  [BatchRunner.java:72] [pool-1-thread-1]  Executing Command: goto chr17:81195210-1958

INFO [2021-01-25 14:10:13,560]  [CommandExecutor.java:235] [pool-1-thread-1]  OK
INFO [2021-01-25 14:10:13,560]  [BatchRunner.java:72] [pool-1-thread-1]  Executing Command: group strand

INFO [2021-01-25 14:10:15,568]  [CommandExecutor.java:235] [pool-1-thread-1]  OK
INFO [2021-01-25 14:10:15,568]  [BatchRunner.java:72] [pool-1-thread-1]  Executing Command: snapshot chr17_81195210_1958_h100UMC1081.png

Snapshot: /gpfs/gsfs8/users/CGR_integration/hpv_igv/workflow/output/IGV_Snapshots/UMC1081/chr17_81195210_1958_h100UMC1081.png
INFO [2021-01-25 14:10:17,614]  [CommandExecutor.java:235] [pool-1-thread-1]  OK
INFO [2021-01-25 14:10:17,614]  [BatchRunner.java:72] [pool-1-thread-1]  Executing Command: goto chr18:78077248-8905

INFO [2021-01-25 14:10:19,618]  [CommandExecutor.java:235] [pool-1-thread-1]  OK
INFO [2021-01-25 14:10:19,618]  [BatchRunner.java:72] [pool-1-thread-1]  Executing Command: group strand

INFO [2021-01-25 14:10:21,622]  [CommandExecutor.java:235] [pool-1-thread-1]  OK
INFO [2021-01-25 14:10:21,623]  [BatchRunner.java:72] [pool-1-thread-1]  Executing Command: snapshot chr18_78077248_8905_h100UMC1081.png

Snapshot: /gpfs/gsfs8/users/CGR_integration/hpv_igv/workflow/output/IGV_Snapshots/UMC1081/chr18_78077248_8905_h100UMC1081.png
INFO [2021-01-25 14:10:23,670]  [CommandExecutor.java:235] [pool-1-thread-1]  OK
INFO [2021-01-25 14:10:23,671]  [BatchRunner.java:72] [pool-1-thread-1]  Executing Command: goto chr19:59128983-13534

INFO [2021-01-25 14:10:25,677]  [CommandExecutor.java:235] [pool-1-thread-1]  OK
INFO [2021-01-25 14:10:25,677]  [BatchRunner.java:72] [pool-1-thread-1]  Executing Command: group strand

INFO [2021-01-25 14:10:27,685]  [CommandExecutor.java:235] [pool-1-thread-1]  OK
INFO [2021-01-25 14:10:27,685]  [BatchRunner.java:72] [pool-1-thread-1]  Executing Command: snapshot chr19_59128983_13534_h100UMC1081.png

Snapshot: /gpfs/gsfs8/users/CGR_integration/hpv_igv/workflow/output/IGV_Snapshots/UMC1081/chr19_59128983_13534_h100UMC1081.png
INFO [2021-01-25 14:10:29,733]  [CommandExecutor.java:235] [pool-1-thread-1]  OK
INFO [2021-01-25 14:10:29,733]  [BatchRunner.java:72] [pool-1-thread-1]  Executing Command: goto chr20:63025520-1456

INFO [2021-01-25 14:10:31,739]  [CommandExecutor.java:235] [pool-1-thread-1]  OK
INFO [2021-01-25 14:10:31,739]  [BatchRunner.java:72] [pool-1-thread-1]  Executing Command: group strand

INFO [2021-01-25 14:10:33,744]  [CommandExecutor.java:235] [pool-1-thread-1]  OK
INFO [2021-01-25 14:10:33,744]  [BatchRunner.java:72] [pool-1-thread-1]  Executing Command: snapshot chr20_63025520_1456_h100UMC1081.png

Snapshot: /gpfs/gsfs8/users/CGR_integration/hpv_igv/workflow/output/IGV_Snapshots/UMC1081/chr20_63025520_1456_h100UMC1081.png
INFO [2021-01-25 14:10:35,798]  [CommandExecutor.java:235] [pool-1-thread-1]  OK
INFO [2021-01-25 14:10:35,799]  [BatchRunner.java:72] [pool-1-thread-1]  Executing Command: goto chr21:48129895-6153

INFO [2021-01-25 14:10:37,807]  [CommandExecutor.java:235] [pool-1-thread-1]  OK
INFO [2021-01-25 14:10:37,807]  [BatchRunner.java:72] [pool-1-thread-1]  Executing Command: group strand

INFO [2021-01-25 14:10:39,817]  [CommandExecutor.java:235] [pool-1-thread-1]  OK
INFO [2021-01-25 14:10:39,817]  [BatchRunner.java:72] [pool-1-thread-1]  Executing Command: snapshot chr21_48129895_6153_h100UMC1081.png

Snapshot: /gpfs/gsfs8/users/CGR_integration/hpv_igv/workflow/output/IGV_Snapshots/UMC1081/chr21_48129895_6153_h100UMC1081.png
INFO [2021-01-25 14:10:41,862]  [CommandExecutor.java:235] [pool-1-thread-1]  OK
INFO [2021-01-25 14:10:41,862]  [BatchRunner.java:72] [pool-1-thread-1]  Executing Command: goto chr22:51304566-351

INFO [2021-01-25 14:10:43,870]  [CommandExecutor.java:235] [pool-1-thread-1]  OK
INFO [2021-01-25 14:10:43,871]  [BatchRunner.java:72] [pool-1-thread-1]  Executing Command: group strand

INFO [2021-01-25 14:10:45,882]  [CommandExecutor.java:235] [pool-1-thread-1]  OK
INFO [2021-01-25 14:10:45,882]  [BatchRunner.java:72] [pool-1-thread-1]  Executing Command: snapshot chr22_51304566_351_h100UMC1081.png

Snapshot: /gpfs/gsfs8/users/CGR_integration/hpv_igv/workflow/output/IGV_Snapshots/UMC1081/chr22_51304566_351_h100UMC1081.png
INFO [2021-01-25 14:10:47,926]  [CommandExecutor.java:235] [pool-1-thread-1]  OK
INFO [2021-01-25 14:10:47,926]  [BatchRunner.java:72] [pool-1-thread-1]  Executing Command: goto chrX:155270560-13653

INFO [2021-01-25 14:10:49,936]  [CommandExecutor.java:235] [pool-1-thread-1]  OK
INFO [2021-01-25 14:10:49,936]  [BatchRunner.java:72] [pool-1-thread-1]  Executing Command: group strand

INFO [2021-01-25 14:10:51,946]  [CommandExecutor.java:235] [pool-1-thread-1]  OK
INFO [2021-01-25 14:10:51,947]  [BatchRunner.java:72] [pool-1-thread-1]  Executing Command: snapshot chrX_155270560_13653_h100UMC1081.png

Snapshot: /gpfs/gsfs8/users/CGR_integration/hpv_igv/workflow/output/IGV_Snapshots/UMC1081/chrX_155270560_13653_h100UMC1081.png
INFO [2021-01-25 14:10:54,000]  [CommandExecutor.java:235] [pool-1-thread-1]  OK
INFO [2021-01-25 14:10:54,000]  [BatchRunner.java:72] [pool-1-thread-1]  Executing Command: goto chrY:59373566-783

INFO [2021-01-25 14:10:56,004]  [CommandExecutor.java:235] [pool-1-thread-1]  OK
INFO [2021-01-25 14:10:56,004]  [BatchRunner.java:72] [pool-1-thread-1]  Executing Command: group strand

INFO [2021-01-25 14:10:58,009]  [CommandExecutor.java:235] [pool-1-thread-1]  OK
INFO [2021-01-25 14:10:58,009]  [BatchRunner.java:72] [pool-1-thread-1]  Executing Command: snapshot chrY_59373566_783_h100UMC1081.png

Snapshot: /gpfs/gsfs8/users/CGR_integration/hpv_igv/workflow/output/IGV_Snapshots/UMC1081/chrY_59373566_783_h100UMC1081.png
INFO [2021-01-25 14:11:00,062]  [CommandExecutor.java:235] [pool-1-thread-1]  OK
INFO [2021-01-25 14:11:00,063]  [BatchRunner.java:72] [pool-1-thread-1]  Executing Command: exit

INFO [2021-01-25 14:11:00,064]  [ShutdownThread.java:51] [Thread-2]  Shutting down

IGV finished; elapsed time is:
0:03:35.771349

[Mon Jan 25 14:11:06 2021]
Error in rule igv_snapshot:
    jobid: 0
    output: output/IGV_Snapshots/merge/UMC1081.png
    shell:
        
          python /data/CGR_integration/hpv_igv/IGV-snapshot-automator-master/make_IGV_snapshots.py -mem 16000 -ht 100 -bin /data/CGR_integration/hpv_igv/IGV-snapshot-automator-master/bin/IGV_2.3.81/igv.jar -o output/IGV_Snapshots/UMC1081 /data/CGR_integration/hpv_igv/data/08282019_methylation/meth/bam/UMC1081.bam -r /data/CGR_integration/hpv_igv/data/08282019_methylation/meth/igv_bed/UMC1081.bed -g /data/CGR_integration/hpv_igv/ref/HPV_Ref_Alphas65_Pad400_hg19.fasta -s -suffix UMC1081 2> log/UMC1081_igv.err
          if ls output/IGV_Snapshots/UMC1081/*.png 1> /dev/null 2>&1; then 
          magick montage -label '%f' -pointsize 24 -geometry 1920x900+2+2 -title 'UMC1081' -tile 1x output/IGV_Snapshots/UMC1081/*.png output/IGV_Snapshots/merge/UMC1081.png 2> log/UMC1081_merge.err
          mkdir -p merge_true
          cp output/IGV_Snapshots/merge/UMC1081.png output//IGV_Snapshots/merge_true/UMC1081.png 2>log/UMC1081_cp.err
          else
          touch output/IGV_Snapshots/merge/UMC1081.png 
          fi
          
        (one of the commands exited with non-zero exit code; note that snakemake uses bash strict mode!)

Shutting down, this might take some time.
Exiting because a job execution failed. Look above for error message
