Building DAG of jobs...
Using shell: /usr/bin/bash
Provided cores: 4
Rules claiming more threads will be scaled down.
Job counts:
	count	jobs
	1	igv_snapshot
	1

[Mon Jan 25 14:07:24 2021]
rule igv_snapshot:
    input: /data/CGR_integration/hpv_igv/data/08282019_methylation/meth/bam/UMC1010.bam, /data/CGR_integration/hpv_igv/data/08282019_methylation/meth/igv_bed/UMC1010.bed
    output: output/IGV_Snapshots/merge/UMC1010.png
    jobid: 0
    wildcards: sample=UMC1010
    threads: 4


          python /data/CGR_integration/hpv_igv/IGV-snapshot-automator-master/make_IGV_snapshots.py -mem 16000 -ht 100 -bin /data/CGR_integration/hpv_igv/IGV-snapshot-automator-master/bin/IGV_2.3.81/igv.jar -o output/IGV_Snapshots/UMC1010 /data/CGR_integration/hpv_igv/data/08282019_methylation/meth/bam/UMC1010.bam -r /data/CGR_integration/hpv_igv/data/08282019_methylation/meth/igv_bed/UMC1010.bed -g /data/CGR_integration/hpv_igv/ref/HPV_Ref_Alphas65_Pad400_hg19.fasta -s -suffix UMC1010 2> log/UMC1010_igv.err
          if ls output/IGV_Snapshots/UMC1010/*.png 1> /dev/null 2>&1; then 
          magick montage -label '%f' -pointsize 24 -geometry 1920x900+2+2 -title 'UMC1010' -tile 1x output/IGV_Snapshots/UMC1010/*.png output/IGV_Snapshots/merge/UMC1010.png 2> log/UMC1010_merge.err
          mkdir -p merge_true
          cp output/IGV_Snapshots/merge/UMC1010.png output//IGV_Snapshots/merge_true/UMC1010.png 2>log/UMC1010_cp.err
          else
          touch output/IGV_Snapshots/merge/UMC1010.png 
          fi
          

~~~ IGV SNAPSHOT AUTOMATOR ~~~

Reference genome:
/data/CGR_integration/hpv_igv/ref/HPV_Ref_Alphas65_Pad400_hg19.fasta

Track height:
100

IGV binary file:
/data/CGR_integration/hpv_igv/IGV-snapshot-automator-master/bin/IGV_2.3.81/igv.jar

Output directory will be:
output/IGV_Snapshots/UMC1010

Batchscript file will be:
output/IGV_Snapshots/UMC1010/IGV_snapshots.bat

Region file:
/data/CGR_integration/hpv_igv/data/08282019_methylation/meth/igv_bed/UMC1010.bed

Input files to snapshot:

/data/CGR_integration/hpv_igv/data/08282019_methylation/meth/bam/UMC1010.bam

Making the output directory...

Writing IGV batch script to file:
output/IGV_Snapshots/UMC1010/IGV_snapshots.bat


Getting regions from BED file...

Read 26 regions

Open Xvfb port found on:
1


IGV command is:
xvfb-run -a --server-args='-screen 0 1920x1280x24'xrandr java -Xmx16000m -jar /data/CGR_integration/hpv_igv/IGV-snapshot-automator-master/bin/IGV_2.3.81/igv.jar -b output/IGV_Snapshots/UMC1010/IGV_snapshots.bat


Current time is:
2021-01-25 14:07:24.767212


Running the IGV command...
INFO [2021-01-25 14:07:29,001]  [DirectoryManager.java:169] [main]  IGV Directory: /home/daij/igv
INFO [2021-01-25 14:07:29,001] [DirectoryManager.java:169]  IGV Directory: /home/daij/igv
INFO [2021-01-25 14:07:29,008]  [Main.java:133] [main]  Startup  IGV Version 2.3.81 (127)08/30/2016 02:20 PM
INFO [2021-01-25 14:07:29,008]  [Main.java:134] [main]  Java 1.8.0_211
INFO [2021-01-25 14:07:29,008]  [DirectoryManager.java:72] [main]  Fetching user directory... 
INFO [2021-01-25 14:07:29,202]  [Main.java:135] [main]  Default User Directory: /home/daij
INFO [2021-01-25 14:07:29,203]  [Main.java:136] [main]  OS: Linux

(process:22488): dconf-CRITICAL **: unable to create directory '/run/user/37498/dconf': Permission denied.  dconf will not work properly.

(process:22488): dconf-CRITICAL **: unable to create directory '/run/user/37498/dconf': Permission denied.  dconf will not work properly.

(process:22488): dconf-CRITICAL **: unable to create directory '/run/user/37498/dconf': Permission denied.  dconf will not work properly.

(process:22488): dconf-CRITICAL **: unable to create directory '/run/user/37498/dconf': Permission denied.  dconf will not work properly.

(process:22488): dconf-CRITICAL **: unable to create directory '/run/user/37498/dconf': Permission denied.  dconf will not work properly.

(process:22488): dconf-CRITICAL **: unable to create directory '/run/user/37498/dconf': Permission denied.  dconf will not work properly.

(process:22488): dconf-CRITICAL **: unable to create directory '/run/user/37498/dconf': Permission denied.  dconf will not work properly.

(process:22488): dconf-CRITICAL **: unable to create directory '/run/user/37498/dconf': Permission denied.  dconf will not work properly.

(process:22488): dconf-CRITICAL **: unable to create directory '/run/user/37498/dconf': Permission denied.  dconf will not work properly.

(process:22488): dconf-CRITICAL **: unable to create directory '/run/user/37498/dconf': Permission denied.  dconf will not work properly.
INFO [2021-01-25 14:07:29,998]  [Main.java:184] [main]  A later version of IGV is available (2.7.22.7.2)
INFO [2021-01-25 14:07:45,623]  [GenomeManager.java:145] [main]  Loading genome: /home/daij/igv/genomes/hg38.genome
INFO [2021-01-25 14:07:51,355]  [GenomeManager.java:192] [main]  Genome loaded.  id= hg38
INFO [2021-01-25 14:07:51,580]  [CommandListener.java:106] [Thread-6]  Listening on port 60151
INFO [2021-01-25 14:07:51,584]  [BatchRunner.java:72] [pool-1-thread-1]  Executing Command: new

INFO [2021-01-25 14:07:55,899]  [CommandExecutor.java:235] [pool-1-thread-1]  OK
INFO [2021-01-25 14:07:55,899]  [BatchRunner.java:72] [pool-1-thread-1]  Executing Command: genome /data/CGR_integration/hpv_igv/ref/HPV_Ref_Alphas65_Pad400_hg19.fasta

INFO [2021-01-25 14:07:57,341]  [GenomeManager.java:145] [pool-1-thread-1]  Loading genome: /data/CGR_integration/hpv_igv/ref/HPV_Ref_Alphas65_Pad400_hg19.fasta
INFO [2021-01-25 14:07:57,351]  [GenomeManager.java:192] [pool-1-thread-1]  Genome loaded.  id= /data/CGR_integration/hpv_igv/ref/HPV_Ref_Alphas65_Pad400_hg19.fasta
INFO [2021-01-25 14:07:59,359]  [CommandExecutor.java:235] [pool-1-thread-1]  OK
INFO [2021-01-25 14:07:59,359]  [BatchRunner.java:72] [pool-1-thread-1]  Executing Command: snapshotDirectory output/IGV_Snapshots/UMC1010

INFO [2021-01-25 14:08:01,371]  [CommandExecutor.java:235] [pool-1-thread-1]  OK
INFO [2021-01-25 14:08:01,371]  [BatchRunner.java:72] [pool-1-thread-1]  Executing Command: load /data/CGR_integration/hpv_igv/data/08282019_methylation/meth/bam/UMC1010.bam

INFO [2021-01-25 14:08:01,373]  [IGV.java:1700] [pool-1-thread-1]  Loading 1 resources.
INFO [2021-01-25 14:08:01,374]  [TrackLoader.java:120] [pool-1-thread-1]  Loading resource, path /data/CGR_integration/hpv_igv/data/08282019_methylation/meth/bam/UMC1010.bam
INFO [2021-01-25 14:08:03,628]  [CommandExecutor.java:235] [pool-1-thread-1]  OK
INFO [2021-01-25 14:08:03,628]  [BatchRunner.java:72] [pool-1-thread-1]  Executing Command: maxPanelHeight 100

INFO [2021-01-25 14:08:03,637]  [BatchRunner.java:72] [pool-1-thread-1]  Executing Command: goto HPV39:7833-123

INFO [2021-01-25 14:08:03,650]  [MessageUtils.java:74] [pool-1-thread-1]  Cannot find feature or locus: HPV39:7833-123
INFO [2021-01-25 14:08:05,656]  [CommandExecutor.java:235] [pool-1-thread-1]  OK
INFO [2021-01-25 14:08:05,657]  [BatchRunner.java:72] [pool-1-thread-1]  Executing Command: group strand

INFO [2021-01-25 14:08:07,673]  [CommandExecutor.java:235] [pool-1-thread-1]  OK
INFO [2021-01-25 14:08:07,674]  [BatchRunner.java:72] [pool-1-thread-1]  Executing Command: snapshot HPV39_7833_123_h100UMC1010.png

Snapshot: /gpfs/gsfs8/users/CGR_integration/hpv_igv/workflow/output/IGV_Snapshots/UMC1010/HPV39_7833_123_h100UMC1010.png
INFO [2021-01-25 14:08:09,778]  [CommandExecutor.java:235] [pool-1-thread-1]  OK
INFO [2021-01-25 14:08:09,779]  [BatchRunner.java:72] [pool-1-thread-1]  Executing Command: goto HPV51:7808-468696

INFO [2021-01-25 14:08:09,784]  [MessageUtils.java:74] [pool-1-thread-1]  Cannot find feature or locus: HPV51:7808-468696
INFO [2021-01-25 14:08:11,794]  [CommandExecutor.java:235] [pool-1-thread-1]  OK
INFO [2021-01-25 14:08:11,794]  [BatchRunner.java:72] [pool-1-thread-1]  Executing Command: group strand

INFO [2021-01-25 14:08:13,807]  [CommandExecutor.java:235] [pool-1-thread-1]  OK
INFO [2021-01-25 14:08:13,807]  [BatchRunner.java:72] [pool-1-thread-1]  Executing Command: snapshot HPV51_7808_468696_h100UMC1010.png

Snapshot: /gpfs/gsfs8/users/CGR_integration/hpv_igv/workflow/output/IGV_Snapshots/UMC1010/HPV51_7808_468696_h100UMC1010.png
INFO [2021-01-25 14:08:15,867]  [CommandExecutor.java:235] [pool-1-thread-1]  OK
INFO [2021-01-25 14:08:15,867]  [BatchRunner.java:72] [pool-1-thread-1]  Executing Command: goto chr1:249250621-10825

INFO [2021-01-25 14:08:17,896]  [CommandExecutor.java:235] [pool-1-thread-1]  OK
INFO [2021-01-25 14:08:17,896]  [BatchRunner.java:72] [pool-1-thread-1]  Executing Command: group strand

INFO [2021-01-25 14:08:19,908]  [CommandExecutor.java:235] [pool-1-thread-1]  OK
INFO [2021-01-25 14:08:19,909]  [BatchRunner.java:72] [pool-1-thread-1]  Executing Command: snapshot chr1_249250621_10825_h100UMC1010.png

Snapshot: /gpfs/gsfs8/users/CGR_integration/hpv_igv/workflow/output/IGV_Snapshots/UMC1010/chr1_249250621_10825_h100UMC1010.png
INFO [2021-01-25 14:08:21,967]  [CommandExecutor.java:235] [pool-1-thread-1]  OK
INFO [2021-01-25 14:08:21,967]  [BatchRunner.java:72] [pool-1-thread-1]  Executing Command: goto chr2:243199373-4617

INFO [2021-01-25 14:08:23,974]  [CommandExecutor.java:235] [pool-1-thread-1]  OK
INFO [2021-01-25 14:08:23,974]  [BatchRunner.java:72] [pool-1-thread-1]  Executing Command: group strand

INFO [2021-01-25 14:08:25,986]  [CommandExecutor.java:235] [pool-1-thread-1]  OK
INFO [2021-01-25 14:08:25,986]  [BatchRunner.java:72] [pool-1-thread-1]  Executing Command: snapshot chr2_243199373_4617_h100UMC1010.png

Snapshot: /gpfs/gsfs8/users/CGR_integration/hpv_igv/workflow/output/IGV_Snapshots/UMC1010/chr2_243199373_4617_h100UMC1010.png
INFO [2021-01-25 14:08:28,037]  [CommandExecutor.java:235] [pool-1-thread-1]  OK
INFO [2021-01-25 14:08:28,037]  [BatchRunner.java:72] [pool-1-thread-1]  Executing Command: goto chr3:198022430-4763

INFO [2021-01-25 14:08:30,049]  [CommandExecutor.java:235] [pool-1-thread-1]  OK
INFO [2021-01-25 14:08:30,049]  [BatchRunner.java:72] [pool-1-thread-1]  Executing Command: group strand

INFO [2021-01-25 14:08:32,057]  [CommandExecutor.java:235] [pool-1-thread-1]  OK
INFO [2021-01-25 14:08:32,058]  [BatchRunner.java:72] [pool-1-thread-1]  Executing Command: snapshot chr3_198022430_4763_h100UMC1010.png

Snapshot: /gpfs/gsfs8/users/CGR_integration/hpv_igv/workflow/output/IGV_Snapshots/UMC1010/chr3_198022430_4763_h100UMC1010.png
INFO [2021-01-25 14:08:34,108]  [CommandExecutor.java:235] [pool-1-thread-1]  OK
INFO [2021-01-25 14:08:34,109]  [BatchRunner.java:72] [pool-1-thread-1]  Executing Command: goto chr4:191154276-10852

INFO [2021-01-25 14:08:36,122]  [CommandExecutor.java:235] [pool-1-thread-1]  OK
INFO [2021-01-25 14:08:36,122]  [BatchRunner.java:72] [pool-1-thread-1]  Executing Command: group strand

INFO [2021-01-25 14:08:38,134]  [CommandExecutor.java:235] [pool-1-thread-1]  OK
INFO [2021-01-25 14:08:38,135]  [BatchRunner.java:72] [pool-1-thread-1]  Executing Command: snapshot chr4_191154276_10852_h100UMC1010.png

Snapshot: /gpfs/gsfs8/users/CGR_integration/hpv_igv/workflow/output/IGV_Snapshots/UMC1010/chr4_191154276_10852_h100UMC1010.png
INFO [2021-01-25 14:08:40,186]  [CommandExecutor.java:235] [pool-1-thread-1]  OK
INFO [2021-01-25 14:08:40,187]  [BatchRunner.java:72] [pool-1-thread-1]  Executing Command: goto chr5:180915260-7510

INFO [2021-01-25 14:08:42,196]  [CommandExecutor.java:235] [pool-1-thread-1]  OK
INFO [2021-01-25 14:08:42,197]  [BatchRunner.java:72] [pool-1-thread-1]  Executing Command: group strand

INFO [2021-01-25 14:08:44,206]  [CommandExecutor.java:235] [pool-1-thread-1]  OK
INFO [2021-01-25 14:08:44,207]  [BatchRunner.java:72] [pool-1-thread-1]  Executing Command: snapshot chr5_180915260_7510_h100UMC1010.png

Snapshot: /gpfs/gsfs8/users/CGR_integration/hpv_igv/workflow/output/IGV_Snapshots/UMC1010/chr5_180915260_7510_h100UMC1010.png
INFO [2021-01-25 14:08:46,256]  [CommandExecutor.java:235] [pool-1-thread-1]  OK
INFO [2021-01-25 14:08:46,256]  [BatchRunner.java:72] [pool-1-thread-1]  Executing Command: goto chr6:171115067-7135

INFO [2021-01-25 14:08:48,268]  [CommandExecutor.java:235] [pool-1-thread-1]  OK
INFO [2021-01-25 14:08:48,268]  [BatchRunner.java:72] [pool-1-thread-1]  Executing Command: group strand

INFO [2021-01-25 14:08:50,278]  [CommandExecutor.java:235] [pool-1-thread-1]  OK
INFO [2021-01-25 14:08:50,278]  [BatchRunner.java:72] [pool-1-thread-1]  Executing Command: snapshot chr6_171115067_7135_h100UMC1010.png

Snapshot: /gpfs/gsfs8/users/CGR_integration/hpv_igv/workflow/output/IGV_Snapshots/UMC1010/chr6_171115067_7135_h100UMC1010.png
INFO [2021-01-25 14:08:52,331]  [CommandExecutor.java:235] [pool-1-thread-1]  OK
INFO [2021-01-25 14:08:52,331]  [BatchRunner.java:72] [pool-1-thread-1]  Executing Command: goto chr7:159138663-5799

INFO [2021-01-25 14:08:54,342]  [CommandExecutor.java:235] [pool-1-thread-1]  OK
INFO [2021-01-25 14:08:54,342]  [BatchRunner.java:72] [pool-1-thread-1]  Executing Command: group strand

INFO [2021-01-25 14:08:56,352]  [CommandExecutor.java:235] [pool-1-thread-1]  OK
INFO [2021-01-25 14:08:56,352]  [BatchRunner.java:72] [pool-1-thread-1]  Executing Command: snapshot chr7_159138663_5799_h100UMC1010.png

Snapshot: /gpfs/gsfs8/users/CGR_integration/hpv_igv/workflow/output/IGV_Snapshots/UMC1010/chr7_159138663_5799_h100UMC1010.png
INFO [2021-01-25 14:08:58,402]  [CommandExecutor.java:235] [pool-1-thread-1]  OK
INFO [2021-01-25 14:08:58,402]  [BatchRunner.java:72] [pool-1-thread-1]  Executing Command: goto chr8:146364022-2268

INFO [2021-01-25 14:09:00,412]  [CommandExecutor.java:235] [pool-1-thread-1]  OK
INFO [2021-01-25 14:09:00,412]  [BatchRunner.java:72] [pool-1-thread-1]  Executing Command: group strand

INFO [2021-01-25 14:09:02,420]  [CommandExecutor.java:235] [pool-1-thread-1]  OK
INFO [2021-01-25 14:09:02,421]  [BatchRunner.java:72] [pool-1-thread-1]  Executing Command: snapshot chr8_146364022_2268_h100UMC1010.png

Snapshot: /gpfs/gsfs8/users/CGR_integration/hpv_igv/workflow/output/IGV_Snapshots/UMC1010/chr8_146364022_2268_h100UMC1010.png
INFO [2021-01-25 14:09:04,473]  [CommandExecutor.java:235] [pool-1-thread-1]  OK
INFO [2021-01-25 14:09:04,473]  [BatchRunner.java:72] [pool-1-thread-1]  Executing Command: goto chr9:141213431-1569

INFO [2021-01-25 14:09:06,483]  [CommandExecutor.java:235] [pool-1-thread-1]  OK
INFO [2021-01-25 14:09:06,483]  [BatchRunner.java:72] [pool-1-thread-1]  Executing Command: group strand

INFO [2021-01-25 14:09:08,494]  [CommandExecutor.java:235] [pool-1-thread-1]  OK
INFO [2021-01-25 14:09:08,494]  [BatchRunner.java:72] [pool-1-thread-1]  Executing Command: snapshot chr9_141213431_1569_h100UMC1010.png

Snapshot: /gpfs/gsfs8/users/CGR_integration/hpv_igv/workflow/output/IGV_Snapshots/UMC1010/chr9_141213431_1569_h100UMC1010.png
INFO [2021-01-25 14:09:10,544]  [CommandExecutor.java:235] [pool-1-thread-1]  OK
INFO [2021-01-25 14:09:10,544]  [BatchRunner.java:72] [pool-1-thread-1]  Executing Command: goto chr10:135534747-1394

INFO [2021-01-25 14:09:12,554]  [CommandExecutor.java:235] [pool-1-thread-1]  OK
INFO [2021-01-25 14:09:12,554]  [BatchRunner.java:72] [pool-1-thread-1]  Executing Command: group strand

INFO [2021-01-25 14:09:14,562]  [CommandExecutor.java:235] [pool-1-thread-1]  OK
INFO [2021-01-25 14:09:14,562]  [BatchRunner.java:72] [pool-1-thread-1]  Executing Command: snapshot chr10_135534747_1394_h100UMC1010.png

Snapshot: /gpfs/gsfs8/users/CGR_integration/hpv_igv/workflow/output/IGV_Snapshots/UMC1010/chr10_135534747_1394_h100UMC1010.png
INFO [2021-01-25 14:09:16,610]  [CommandExecutor.java:235] [pool-1-thread-1]  OK
INFO [2021-01-25 14:09:16,610]  [BatchRunner.java:72] [pool-1-thread-1]  Executing Command: goto chr11:135006516-36216

INFO [2021-01-25 14:09:18,625]  [CommandExecutor.java:235] [pool-1-thread-1]  OK
INFO [2021-01-25 14:09:18,626]  [BatchRunner.java:72] [pool-1-thread-1]  Executing Command: group strand

INFO [2021-01-25 14:09:20,638]  [CommandExecutor.java:235] [pool-1-thread-1]  OK
INFO [2021-01-25 14:09:20,638]  [BatchRunner.java:72] [pool-1-thread-1]  Executing Command: snapshot chr11_135006516_36216_h100UMC1010.png

Snapshot: /gpfs/gsfs8/users/CGR_integration/hpv_igv/workflow/output/IGV_Snapshots/UMC1010/chr11_135006516_36216_h100UMC1010.png
INFO [2021-01-25 14:09:22,686]  [CommandExecutor.java:235] [pool-1-thread-1]  OK
INFO [2021-01-25 14:09:22,686]  [BatchRunner.java:72] [pool-1-thread-1]  Executing Command: goto chr12:133851895-29029

INFO [2021-01-25 14:09:24,694]  [CommandExecutor.java:235] [pool-1-thread-1]  OK
INFO [2021-01-25 14:09:24,695]  [BatchRunner.java:72] [pool-1-thread-1]  Executing Command: group strand

INFO [2021-01-25 14:09:26,703]  [CommandExecutor.java:235] [pool-1-thread-1]  OK
INFO [2021-01-25 14:09:26,704]  [BatchRunner.java:72] [pool-1-thread-1]  Executing Command: snapshot chr12_133851895_29029_h100UMC1010.png

Snapshot: /gpfs/gsfs8/users/CGR_integration/hpv_igv/workflow/output/IGV_Snapshots/UMC1010/chr12_133851895_29029_h100UMC1010.png
INFO [2021-01-25 14:09:28,755]  [CommandExecutor.java:235] [pool-1-thread-1]  OK
INFO [2021-01-25 14:09:28,755]  [BatchRunner.java:72] [pool-1-thread-1]  Executing Command: goto chr13:115169878-11634

INFO [2021-01-25 14:09:30,763]  [CommandExecutor.java:235] [pool-1-thread-1]  OK
INFO [2021-01-25 14:09:30,764]  [BatchRunner.java:72] [pool-1-thread-1]  Executing Command: group strand

INFO [2021-01-25 14:09:32,770]  [CommandExecutor.java:235] [pool-1-thread-1]  OK
INFO [2021-01-25 14:09:32,771]  [BatchRunner.java:72] [pool-1-thread-1]  Executing Command: snapshot chr13_115169878_11634_h100UMC1010.png

Snapshot: /gpfs/gsfs8/users/CGR_integration/hpv_igv/workflow/output/IGV_Snapshots/UMC1010/chr13_115169878_11634_h100UMC1010.png
INFO [2021-01-25 14:09:34,821]  [CommandExecutor.java:235] [pool-1-thread-1]  OK
INFO [2021-01-25 14:09:34,821]  [BatchRunner.java:72] [pool-1-thread-1]  Executing Command: goto chr14:107349540-787

INFO [2021-01-25 14:09:36,832]  [CommandExecutor.java:235] [pool-1-thread-1]  OK
INFO [2021-01-25 14:09:36,833]  [BatchRunner.java:72] [pool-1-thread-1]  Executing Command: group strand

INFO [2021-01-25 14:09:38,839]  [CommandExecutor.java:235] [pool-1-thread-1]  OK
INFO [2021-01-25 14:09:38,839]  [BatchRunner.java:72] [pool-1-thread-1]  Executing Command: snapshot chr14_107349540_787_h100UMC1010.png

Snapshot: /gpfs/gsfs8/users/CGR_integration/hpv_igv/workflow/output/IGV_Snapshots/UMC1010/chr14_107349540_787_h100UMC1010.png
INFO [2021-01-25 14:09:40,884]  [CommandExecutor.java:235] [pool-1-thread-1]  OK
INFO [2021-01-25 14:09:40,884]  [BatchRunner.java:72] [pool-1-thread-1]  Executing Command: goto chr15:102531392-8885

INFO [2021-01-25 14:09:42,891]  [CommandExecutor.java:235] [pool-1-thread-1]  OK
INFO [2021-01-25 14:09:42,891]  [BatchRunner.java:72] [pool-1-thread-1]  Executing Command: group strand

INFO [2021-01-25 14:09:44,897]  [CommandExecutor.java:235] [pool-1-thread-1]  OK
INFO [2021-01-25 14:09:44,897]  [BatchRunner.java:72] [pool-1-thread-1]  Executing Command: snapshot chr15_102531392_8885_h100UMC1010.png

Snapshot: /gpfs/gsfs8/users/CGR_integration/hpv_igv/workflow/output/IGV_Snapshots/UMC1010/chr15_102531392_8885_h100UMC1010.png
INFO [2021-01-25 14:09:46,942]  [CommandExecutor.java:235] [pool-1-thread-1]  OK
INFO [2021-01-25 14:09:46,943]  [BatchRunner.java:72] [pool-1-thread-1]  Executing Command: goto chr16:90354753-4474

INFO [2021-01-25 14:09:48,953]  [CommandExecutor.java:235] [pool-1-thread-1]  OK
INFO [2021-01-25 14:09:48,953]  [BatchRunner.java:72] [pool-1-thread-1]  Executing Command: group strand

INFO [2021-01-25 14:09:50,959]  [CommandExecutor.java:235] [pool-1-thread-1]  OK
INFO [2021-01-25 14:09:50,960]  [BatchRunner.java:72] [pool-1-thread-1]  Executing Command: snapshot chr16_90354753_4474_h100UMC1010.png

Snapshot: /gpfs/gsfs8/users/CGR_integration/hpv_igv/workflow/output/IGV_Snapshots/UMC1010/chr16_90354753_4474_h100UMC1010.png
INFO [2021-01-25 14:09:53,006]  [CommandExecutor.java:235] [pool-1-thread-1]  OK
INFO [2021-01-25 14:09:53,006]  [BatchRunner.java:72] [pool-1-thread-1]  Executing Command: goto chr17:81195210-1314

INFO [2021-01-25 14:09:55,013]  [CommandExecutor.java:235] [pool-1-thread-1]  OK
INFO [2021-01-25 14:09:55,013]  [BatchRunner.java:72] [pool-1-thread-1]  Executing Command: group strand

INFO [2021-01-25 14:09:57,021]  [CommandExecutor.java:235] [pool-1-thread-1]  OK
INFO [2021-01-25 14:09:57,021]  [BatchRunner.java:72] [pool-1-thread-1]  Executing Command: snapshot chr17_81195210_1314_h100UMC1010.png

Snapshot: /gpfs/gsfs8/users/CGR_integration/hpv_igv/workflow/output/IGV_Snapshots/UMC1010/chr17_81195210_1314_h100UMC1010.png
INFO [2021-01-25 14:09:59,068]  [CommandExecutor.java:235] [pool-1-thread-1]  OK
INFO [2021-01-25 14:09:59,069]  [BatchRunner.java:72] [pool-1-thread-1]  Executing Command: goto chr18:78077248-1061

INFO [2021-01-25 14:10:01,075]  [CommandExecutor.java:235] [pool-1-thread-1]  OK
INFO [2021-01-25 14:10:01,075]  [BatchRunner.java:72] [pool-1-thread-1]  Executing Command: group strand

INFO [2021-01-25 14:10:03,080]  [CommandExecutor.java:235] [pool-1-thread-1]  OK
INFO [2021-01-25 14:10:03,080]  [BatchRunner.java:72] [pool-1-thread-1]  Executing Command: snapshot chr18_78077248_1061_h100UMC1010.png

Snapshot: /gpfs/gsfs8/users/CGR_integration/hpv_igv/workflow/output/IGV_Snapshots/UMC1010/chr18_78077248_1061_h100UMC1010.png
INFO [2021-01-25 14:10:05,126]  [CommandExecutor.java:235] [pool-1-thread-1]  OK
INFO [2021-01-25 14:10:05,127]  [BatchRunner.java:72] [pool-1-thread-1]  Executing Command: goto chr19:59128983-881

INFO [2021-01-25 14:10:07,137]  [CommandExecutor.java:235] [pool-1-thread-1]  OK
INFO [2021-01-25 14:10:07,138]  [BatchRunner.java:72] [pool-1-thread-1]  Executing Command: group strand

INFO [2021-01-25 14:10:09,145]  [CommandExecutor.java:235] [pool-1-thread-1]  OK
INFO [2021-01-25 14:10:09,145]  [BatchRunner.java:72] [pool-1-thread-1]  Executing Command: snapshot chr19_59128983_881_h100UMC1010.png

Snapshot: /gpfs/gsfs8/users/CGR_integration/hpv_igv/workflow/output/IGV_Snapshots/UMC1010/chr19_59128983_881_h100UMC1010.png
INFO [2021-01-25 14:10:11,189]  [CommandExecutor.java:235] [pool-1-thread-1]  OK
INFO [2021-01-25 14:10:11,190]  [BatchRunner.java:72] [pool-1-thread-1]  Executing Command: goto chr20:63025520-7327

INFO [2021-01-25 14:10:13,197]  [CommandExecutor.java:235] [pool-1-thread-1]  OK
INFO [2021-01-25 14:10:13,198]  [BatchRunner.java:72] [pool-1-thread-1]  Executing Command: group strand

INFO [2021-01-25 14:10:15,203]  [CommandExecutor.java:235] [pool-1-thread-1]  OK
INFO [2021-01-25 14:10:15,204]  [BatchRunner.java:72] [pool-1-thread-1]  Executing Command: snapshot chr20_63025520_7327_h100UMC1010.png

Snapshot: /gpfs/gsfs8/users/CGR_integration/hpv_igv/workflow/output/IGV_Snapshots/UMC1010/chr20_63025520_7327_h100UMC1010.png
INFO [2021-01-25 14:10:17,254]  [CommandExecutor.java:235] [pool-1-thread-1]  OK
INFO [2021-01-25 14:10:17,254]  [BatchRunner.java:72] [pool-1-thread-1]  Executing Command: goto chr21:48129895-1550

INFO [2021-01-25 14:10:19,258]  [CommandExecutor.java:235] [pool-1-thread-1]  OK
INFO [2021-01-25 14:10:19,258]  [BatchRunner.java:72] [pool-1-thread-1]  Executing Command: group strand

INFO [2021-01-25 14:10:21,265]  [CommandExecutor.java:235] [pool-1-thread-1]  OK
INFO [2021-01-25 14:10:21,265]  [BatchRunner.java:72] [pool-1-thread-1]  Executing Command: snapshot chr21_48129895_1550_h100UMC1010.png

Snapshot: /gpfs/gsfs8/users/CGR_integration/hpv_igv/workflow/output/IGV_Snapshots/UMC1010/chr21_48129895_1550_h100UMC1010.png
INFO [2021-01-25 14:10:23,312]  [CommandExecutor.java:235] [pool-1-thread-1]  OK
INFO [2021-01-25 14:10:23,312]  [BatchRunner.java:72] [pool-1-thread-1]  Executing Command: goto chr22:51304566-206

INFO [2021-01-25 14:10:25,318]  [CommandExecutor.java:235] [pool-1-thread-1]  OK
INFO [2021-01-25 14:10:25,318]  [BatchRunner.java:72] [pool-1-thread-1]  Executing Command: group strand

INFO [2021-01-25 14:10:27,324]  [CommandExecutor.java:235] [pool-1-thread-1]  OK
INFO [2021-01-25 14:10:27,324]  [BatchRunner.java:72] [pool-1-thread-1]  Executing Command: snapshot chr22_51304566_206_h100UMC1010.png

Snapshot: /gpfs/gsfs8/users/CGR_integration/hpv_igv/workflow/output/IGV_Snapshots/UMC1010/chr22_51304566_206_h100UMC1010.png
INFO [2021-01-25 14:10:29,370]  [CommandExecutor.java:235] [pool-1-thread-1]  OK
INFO [2021-01-25 14:10:29,370]  [BatchRunner.java:72] [pool-1-thread-1]  Executing Command: goto chrX:155270560-2082

INFO [2021-01-25 14:10:31,379]  [CommandExecutor.java:235] [pool-1-thread-1]  OK
INFO [2021-01-25 14:10:31,379]  [BatchRunner.java:72] [pool-1-thread-1]  Executing Command: group strand

INFO [2021-01-25 14:10:33,384]  [CommandExecutor.java:235] [pool-1-thread-1]  OK
INFO [2021-01-25 14:10:33,384]  [BatchRunner.java:72] [pool-1-thread-1]  Executing Command: snapshot chrX_155270560_2082_h100UMC1010.png

Snapshot: /gpfs/gsfs8/users/CGR_integration/hpv_igv/workflow/output/IGV_Snapshots/UMC1010/chrX_155270560_2082_h100UMC1010.png
INFO [2021-01-25 14:10:35,428]  [CommandExecutor.java:235] [pool-1-thread-1]  OK
INFO [2021-01-25 14:10:35,429]  [BatchRunner.java:72] [pool-1-thread-1]  Executing Command: goto chrY:59373566-232

INFO [2021-01-25 14:10:37,437]  [CommandExecutor.java:235] [pool-1-thread-1]  OK
INFO [2021-01-25 14:10:37,437]  [BatchRunner.java:72] [pool-1-thread-1]  Executing Command: group strand

INFO [2021-01-25 14:10:39,444]  [CommandExecutor.java:235] [pool-1-thread-1]  OK
INFO [2021-01-25 14:10:39,444]  [BatchRunner.java:72] [pool-1-thread-1]  Executing Command: snapshot chrY_59373566_232_h100UMC1010.png

Snapshot: /gpfs/gsfs8/users/CGR_integration/hpv_igv/workflow/output/IGV_Snapshots/UMC1010/chrY_59373566_232_h100UMC1010.png
INFO [2021-01-25 14:10:41,493]  [CommandExecutor.java:235] [pool-1-thread-1]  OK
INFO [2021-01-25 14:10:41,493]  [BatchRunner.java:72] [pool-1-thread-1]  Executing Command: exit

INFO [2021-01-25 14:10:41,494]  [ShutdownThread.java:51] [Thread-2]  Shutting down

IGV finished; elapsed time is:
0:03:17.295826

[Mon Jan 25 14:10:54 2021]
Error in rule igv_snapshot:
    jobid: 0
    output: output/IGV_Snapshots/merge/UMC1010.png
    shell:
        
          python /data/CGR_integration/hpv_igv/IGV-snapshot-automator-master/make_IGV_snapshots.py -mem 16000 -ht 100 -bin /data/CGR_integration/hpv_igv/IGV-snapshot-automator-master/bin/IGV_2.3.81/igv.jar -o output/IGV_Snapshots/UMC1010 /data/CGR_integration/hpv_igv/data/08282019_methylation/meth/bam/UMC1010.bam -r /data/CGR_integration/hpv_igv/data/08282019_methylation/meth/igv_bed/UMC1010.bed -g /data/CGR_integration/hpv_igv/ref/HPV_Ref_Alphas65_Pad400_hg19.fasta -s -suffix UMC1010 2> log/UMC1010_igv.err
          if ls output/IGV_Snapshots/UMC1010/*.png 1> /dev/null 2>&1; then 
          magick montage -label '%f' -pointsize 24 -geometry 1920x900+2+2 -title 'UMC1010' -tile 1x output/IGV_Snapshots/UMC1010/*.png output/IGV_Snapshots/merge/UMC1010.png 2> log/UMC1010_merge.err
          mkdir -p merge_true
          cp output/IGV_Snapshots/merge/UMC1010.png output//IGV_Snapshots/merge_true/UMC1010.png 2>log/UMC1010_cp.err
          else
          touch output/IGV_Snapshots/merge/UMC1010.png 
          fi
          
        (one of the commands exited with non-zero exit code; note that snakemake uses bash strict mode!)

Removing output files of failed job igv_snapshot since they might be corrupted:
output/IGV_Snapshots/merge/UMC1010.png
Shutting down, this might take some time.
Exiting because a job execution failed. Look above for error message
