Building DAG of jobs...
Using shell: /usr/bin/bash
Provided cores: 4
Rules claiming more threads will be scaled down.
Job counts:
	count	jobs
	1	igv_snapshot
	1

[Mon Jan 25 14:07:24 2021]
rule igv_snapshot:
    input: /data/CGR_integration/hpv_igv/data/08282019_methylation/meth/bam/UMC1056.bam, /data/CGR_integration/hpv_igv/data/08282019_methylation/meth/igv_bed/UMC1056.bed
    output: output/IGV_Snapshots/merge/UMC1056.png
    jobid: 0
    wildcards: sample=UMC1056
    threads: 4


          python /data/CGR_integration/hpv_igv/IGV-snapshot-automator-master/make_IGV_snapshots.py -mem 16000 -ht 100 -bin /data/CGR_integration/hpv_igv/IGV-snapshot-automator-master/bin/IGV_2.3.81/igv.jar -o output/IGV_Snapshots/UMC1056 /data/CGR_integration/hpv_igv/data/08282019_methylation/meth/bam/UMC1056.bam -r /data/CGR_integration/hpv_igv/data/08282019_methylation/meth/igv_bed/UMC1056.bed -g /data/CGR_integration/hpv_igv/ref/HPV_Ref_Alphas65_Pad400_hg19.fasta -s -suffix UMC1056 2> log/UMC1056_igv.err
          if ls output/IGV_Snapshots/UMC1056/*.png 1> /dev/null 2>&1; then 
          magick montage -label '%f' -pointsize 24 -geometry 1920x900+2+2 -title 'UMC1056' -tile 1x output/IGV_Snapshots/UMC1056/*.png output/IGV_Snapshots/merge/UMC1056.png 2> log/UMC1056_merge.err
          mkdir -p merge_true
          cp output/IGV_Snapshots/merge/UMC1056.png output//IGV_Snapshots/merge_true/UMC1056.png 2>log/UMC1056_cp.err
          else
          touch output/IGV_Snapshots/merge/UMC1056.png 
          fi
          

~~~ IGV SNAPSHOT AUTOMATOR ~~~

Reference genome:
/data/CGR_integration/hpv_igv/ref/HPV_Ref_Alphas65_Pad400_hg19.fasta

Track height:
100

IGV binary file:
/data/CGR_integration/hpv_igv/IGV-snapshot-automator-master/bin/IGV_2.3.81/igv.jar

Output directory will be:
output/IGV_Snapshots/UMC1056

Batchscript file will be:
output/IGV_Snapshots/UMC1056/IGV_snapshots.bat

Region file:
/data/CGR_integration/hpv_igv/data/08282019_methylation/meth/igv_bed/UMC1056.bed

Input files to snapshot:

/data/CGR_integration/hpv_igv/data/08282019_methylation/meth/bam/UMC1056.bam

Making the output directory...

Writing IGV batch script to file:
output/IGV_Snapshots/UMC1056/IGV_snapshots.bat


Getting regions from BED file...

Read 31 regions

Open Xvfb port found on:
1


IGV command is:
xvfb-run -a --server-args='-screen 0 1920x1280x24'xrandr java -Xmx16000m -jar /data/CGR_integration/hpv_igv/IGV-snapshot-automator-master/bin/IGV_2.3.81/igv.jar -b output/IGV_Snapshots/UMC1056/IGV_snapshots.bat


Current time is:
2021-01-25 14:07:24.747489


Running the IGV command...
INFO [2021-01-25 14:07:28,915]  [DirectoryManager.java:169] [main]  IGV Directory: /home/daij/igv
INFO [2021-01-25 14:07:28,915] [DirectoryManager.java:169]  IGV Directory: /home/daij/igv
INFO [2021-01-25 14:07:28,922]  [Main.java:133] [main]  Startup  IGV Version 2.3.81 (127)08/30/2016 02:20 PM
INFO [2021-01-25 14:07:28,923]  [Main.java:134] [main]  Java 1.8.0_211
INFO [2021-01-25 14:07:28,923]  [DirectoryManager.java:72] [main]  Fetching user directory... 
INFO [2021-01-25 14:07:29,102]  [Main.java:135] [main]  Default User Directory: /home/daij
INFO [2021-01-25 14:07:29,103]  [Main.java:136] [main]  OS: Linux

(process:29786): dconf-CRITICAL **: unable to create directory '/run/user/37498/dconf': Permission denied.  dconf will not work properly.

(process:29786): dconf-CRITICAL **: unable to create directory '/run/user/37498/dconf': Permission denied.  dconf will not work properly.

(process:29786): dconf-CRITICAL **: unable to create directory '/run/user/37498/dconf': Permission denied.  dconf will not work properly.

(process:29786): dconf-CRITICAL **: unable to create directory '/run/user/37498/dconf': Permission denied.  dconf will not work properly.

(process:29786): dconf-CRITICAL **: unable to create directory '/run/user/37498/dconf': Permission denied.  dconf will not work properly.

(process:29786): dconf-CRITICAL **: unable to create directory '/run/user/37498/dconf': Permission denied.  dconf will not work properly.

(process:29786): dconf-CRITICAL **: unable to create directory '/run/user/37498/dconf': Permission denied.  dconf will not work properly.

(process:29786): dconf-CRITICAL **: unable to create directory '/run/user/37498/dconf': Permission denied.  dconf will not work properly.

(process:29786): dconf-CRITICAL **: unable to create directory '/run/user/37498/dconf': Permission denied.  dconf will not work properly.

(process:29786): dconf-CRITICAL **: unable to create directory '/run/user/37498/dconf': Permission denied.  dconf will not work properly.
INFO [2021-01-25 14:07:29,991]  [Main.java:184] [main]  A later version of IGV is available (2.7.22.7.2)
INFO [2021-01-25 14:07:44,609]  [GenomeManager.java:145] [main]  Loading genome: /home/daij/igv/genomes/hg38.genome
INFO [2021-01-25 14:07:49,847]  [GenomeManager.java:192] [main]  Genome loaded.  id= hg38
INFO [2021-01-25 14:07:50,036]  [CommandListener.java:106] [Thread-6]  Listening on port 60151
INFO [2021-01-25 14:07:50,046]  [BatchRunner.java:72] [pool-1-thread-1]  Executing Command: new

INFO [2021-01-25 14:07:54,467]  [CommandExecutor.java:235] [pool-1-thread-1]  OK
INFO [2021-01-25 14:07:54,468]  [BatchRunner.java:72] [pool-1-thread-1]  Executing Command: genome /data/CGR_integration/hpv_igv/ref/HPV_Ref_Alphas65_Pad400_hg19.fasta

INFO [2021-01-25 14:07:55,816]  [GenomeManager.java:145] [pool-1-thread-1]  Loading genome: /data/CGR_integration/hpv_igv/ref/HPV_Ref_Alphas65_Pad400_hg19.fasta
INFO [2021-01-25 14:07:55,827]  [GenomeManager.java:192] [pool-1-thread-1]  Genome loaded.  id= /data/CGR_integration/hpv_igv/ref/HPV_Ref_Alphas65_Pad400_hg19.fasta
INFO [2021-01-25 14:07:57,847]  [CommandExecutor.java:235] [pool-1-thread-1]  OK
INFO [2021-01-25 14:07:57,847]  [BatchRunner.java:72] [pool-1-thread-1]  Executing Command: snapshotDirectory output/IGV_Snapshots/UMC1056

INFO [2021-01-25 14:07:59,855]  [CommandExecutor.java:235] [pool-1-thread-1]  OK
INFO [2021-01-25 14:07:59,855]  [BatchRunner.java:72] [pool-1-thread-1]  Executing Command: load /data/CGR_integration/hpv_igv/data/08282019_methylation/meth/bam/UMC1056.bam

INFO [2021-01-25 14:07:59,858]  [IGV.java:1700] [pool-1-thread-1]  Loading 1 resources.
INFO [2021-01-25 14:07:59,859]  [TrackLoader.java:120] [pool-1-thread-1]  Loading resource, path /data/CGR_integration/hpv_igv/data/08282019_methylation/meth/bam/UMC1056.bam
INFO [2021-01-25 14:08:02,123]  [CommandExecutor.java:235] [pool-1-thread-1]  OK
INFO [2021-01-25 14:08:02,123]  [BatchRunner.java:72] [pool-1-thread-1]  Executing Command: maxPanelHeight 100

INFO [2021-01-25 14:08:02,131]  [BatchRunner.java:72] [pool-1-thread-1]  Executing Command: goto HPV35:7879-70794

INFO [2021-01-25 14:08:02,144]  [MessageUtils.java:74] [pool-1-thread-1]  Cannot find feature or locus: HPV35:7879-70794
INFO [2021-01-25 14:08:04,156]  [CommandExecutor.java:235] [pool-1-thread-1]  OK
INFO [2021-01-25 14:08:04,156]  [BatchRunner.java:72] [pool-1-thread-1]  Executing Command: group strand

INFO [2021-01-25 14:08:06,169]  [CommandExecutor.java:235] [pool-1-thread-1]  OK
INFO [2021-01-25 14:08:06,169]  [BatchRunner.java:72] [pool-1-thread-1]  Executing Command: snapshot HPV35_7879_70794_h100UMC1056.png

Snapshot: /gpfs/gsfs8/users/CGR_integration/hpv_igv/workflow/output/IGV_Snapshots/UMC1056/HPV35_7879_70794_h100UMC1056.png
INFO [2021-01-25 14:08:08,254]  [CommandExecutor.java:235] [pool-1-thread-1]  OK
INFO [2021-01-25 14:08:08,254]  [BatchRunner.java:72] [pool-1-thread-1]  Executing Command: goto HPV39:7833-5395

INFO [2021-01-25 14:08:08,259]  [MessageUtils.java:74] [pool-1-thread-1]  Cannot find feature or locus: HPV39:7833-5395
INFO [2021-01-25 14:08:10,273]  [CommandExecutor.java:235] [pool-1-thread-1]  OK
INFO [2021-01-25 14:08:10,273]  [BatchRunner.java:72] [pool-1-thread-1]  Executing Command: group strand

INFO [2021-01-25 14:08:12,281]  [CommandExecutor.java:235] [pool-1-thread-1]  OK
INFO [2021-01-25 14:08:12,281]  [BatchRunner.java:72] [pool-1-thread-1]  Executing Command: snapshot HPV39_7833_5395_h100UMC1056.png

Snapshot: /gpfs/gsfs8/users/CGR_integration/hpv_igv/workflow/output/IGV_Snapshots/UMC1056/HPV39_7833_5395_h100UMC1056.png
INFO [2021-01-25 14:08:14,339]  [CommandExecutor.java:235] [pool-1-thread-1]  OK
INFO [2021-01-25 14:08:14,339]  [BatchRunner.java:72] [pool-1-thread-1]  Executing Command: goto HPV51:7808-321

INFO [2021-01-25 14:08:14,343]  [MessageUtils.java:74] [pool-1-thread-1]  Cannot find feature or locus: HPV51:7808-321
INFO [2021-01-25 14:08:16,350]  [CommandExecutor.java:235] [pool-1-thread-1]  OK
INFO [2021-01-25 14:08:16,351]  [BatchRunner.java:72] [pool-1-thread-1]  Executing Command: group strand

INFO [2021-01-25 14:08:18,364]  [CommandExecutor.java:235] [pool-1-thread-1]  OK
INFO [2021-01-25 14:08:18,365]  [BatchRunner.java:72] [pool-1-thread-1]  Executing Command: snapshot HPV51_7808_321_h100UMC1056.png

Snapshot: /gpfs/gsfs8/users/CGR_integration/hpv_igv/workflow/output/IGV_Snapshots/UMC1056/HPV51_7808_321_h100UMC1056.png
INFO [2021-01-25 14:08:20,415]  [CommandExecutor.java:235] [pool-1-thread-1]  OK
INFO [2021-01-25 14:08:20,415]  [BatchRunner.java:72] [pool-1-thread-1]  Executing Command: goto HPV59:7896-6039

INFO [2021-01-25 14:08:20,419]  [MessageUtils.java:74] [pool-1-thread-1]  Cannot find feature or locus: HPV59:7896-6039
INFO [2021-01-25 14:08:22,421]  [CommandExecutor.java:235] [pool-1-thread-1]  OK
INFO [2021-01-25 14:08:22,422]  [BatchRunner.java:72] [pool-1-thread-1]  Executing Command: group strand

INFO [2021-01-25 14:08:24,433]  [CommandExecutor.java:235] [pool-1-thread-1]  OK
INFO [2021-01-25 14:08:24,434]  [BatchRunner.java:72] [pool-1-thread-1]  Executing Command: snapshot HPV59_7896_6039_h100UMC1056.png

Snapshot: /gpfs/gsfs8/users/CGR_integration/hpv_igv/workflow/output/IGV_Snapshots/UMC1056/HPV59_7896_6039_h100UMC1056.png
INFO [2021-01-25 14:08:26,481]  [CommandExecutor.java:235] [pool-1-thread-1]  OK
INFO [2021-01-25 14:08:26,482]  [BatchRunner.java:72] [pool-1-thread-1]  Executing Command: goto HPV68a:7822-798

INFO [2021-01-25 14:08:26,485]  [MessageUtils.java:74] [pool-1-thread-1]  Cannot find feature or locus: HPV68a:7822-798
INFO [2021-01-25 14:08:28,495]  [CommandExecutor.java:235] [pool-1-thread-1]  OK
INFO [2021-01-25 14:08:28,495]  [BatchRunner.java:72] [pool-1-thread-1]  Executing Command: group strand

INFO [2021-01-25 14:08:30,507]  [CommandExecutor.java:235] [pool-1-thread-1]  OK
INFO [2021-01-25 14:08:30,507]  [BatchRunner.java:72] [pool-1-thread-1]  Executing Command: snapshot HPV68a_7822_798_h100UMC1056.png

Snapshot: /gpfs/gsfs8/users/CGR_integration/hpv_igv/workflow/output/IGV_Snapshots/UMC1056/HPV68a_7822_798_h100UMC1056.png
INFO [2021-01-25 14:08:32,556]  [CommandExecutor.java:235] [pool-1-thread-1]  OK
INFO [2021-01-25 14:08:32,556]  [BatchRunner.java:72] [pool-1-thread-1]  Executing Command: goto HPV68b:7836-145

INFO [2021-01-25 14:08:32,560]  [MessageUtils.java:74] [pool-1-thread-1]  Cannot find feature or locus: HPV68b:7836-145
INFO [2021-01-25 14:08:34,566]  [CommandExecutor.java:235] [pool-1-thread-1]  OK
INFO [2021-01-25 14:08:34,566]  [BatchRunner.java:72] [pool-1-thread-1]  Executing Command: group strand

INFO [2021-01-25 14:08:36,574]  [CommandExecutor.java:235] [pool-1-thread-1]  OK
INFO [2021-01-25 14:08:36,575]  [BatchRunner.java:72] [pool-1-thread-1]  Executing Command: snapshot HPV68b_7836_145_h100UMC1056.png

Snapshot: /gpfs/gsfs8/users/CGR_integration/hpv_igv/workflow/output/IGV_Snapshots/UMC1056/HPV68b_7836_145_h100UMC1056.png
INFO [2021-01-25 14:08:38,624]  [CommandExecutor.java:235] [pool-1-thread-1]  OK
INFO [2021-01-25 14:08:38,624]  [BatchRunner.java:72] [pool-1-thread-1]  Executing Command: goto Lambda_NEB:48502-100

INFO [2021-01-25 14:08:38,628]  [MessageUtils.java:74] [pool-1-thread-1]  Cannot find feature or locus: Lambda_NEB:48502-100
INFO [2021-01-25 14:08:40,634]  [CommandExecutor.java:235] [pool-1-thread-1]  OK
INFO [2021-01-25 14:08:40,634]  [BatchRunner.java:72] [pool-1-thread-1]  Executing Command: group strand

INFO [2021-01-25 14:08:42,640]  [CommandExecutor.java:235] [pool-1-thread-1]  OK
INFO [2021-01-25 14:08:42,641]  [BatchRunner.java:72] [pool-1-thread-1]  Executing Command: snapshot Lambda_NEB_48502_100_h100UMC1056.png

Snapshot: /gpfs/gsfs8/users/CGR_integration/hpv_igv/workflow/output/IGV_Snapshots/UMC1056/Lambda_NEB_48502_100_h100UMC1056.png
INFO [2021-01-25 14:08:44,692]  [CommandExecutor.java:235] [pool-1-thread-1]  OK
INFO [2021-01-25 14:08:44,692]  [BatchRunner.java:72] [pool-1-thread-1]  Executing Command: goto chr1:249250621-16730

INFO [2021-01-25 14:08:46,718]  [CommandExecutor.java:235] [pool-1-thread-1]  OK
INFO [2021-01-25 14:08:46,718]  [BatchRunner.java:72] [pool-1-thread-1]  Executing Command: group strand

INFO [2021-01-25 14:08:48,729]  [CommandExecutor.java:235] [pool-1-thread-1]  OK
INFO [2021-01-25 14:08:48,729]  [BatchRunner.java:72] [pool-1-thread-1]  Executing Command: snapshot chr1_249250621_16730_h100UMC1056.png

Snapshot: /gpfs/gsfs8/users/CGR_integration/hpv_igv/workflow/output/IGV_Snapshots/UMC1056/chr1_249250621_16730_h100UMC1056.png
INFO [2021-01-25 14:08:50,783]  [CommandExecutor.java:235] [pool-1-thread-1]  OK
INFO [2021-01-25 14:08:50,783]  [BatchRunner.java:72] [pool-1-thread-1]  Executing Command: goto chr2:243199373-16315

INFO [2021-01-25 14:08:52,792]  [CommandExecutor.java:235] [pool-1-thread-1]  OK
INFO [2021-01-25 14:08:52,792]  [BatchRunner.java:72] [pool-1-thread-1]  Executing Command: group strand

INFO [2021-01-25 14:08:54,799]  [CommandExecutor.java:235] [pool-1-thread-1]  OK
INFO [2021-01-25 14:08:54,799]  [BatchRunner.java:72] [pool-1-thread-1]  Executing Command: snapshot chr2_243199373_16315_h100UMC1056.png

Snapshot: /gpfs/gsfs8/users/CGR_integration/hpv_igv/workflow/output/IGV_Snapshots/UMC1056/chr2_243199373_16315_h100UMC1056.png
INFO [2021-01-25 14:08:56,844]  [CommandExecutor.java:235] [pool-1-thread-1]  OK
INFO [2021-01-25 14:08:56,844]  [BatchRunner.java:72] [pool-1-thread-1]  Executing Command: goto chr3:198022430-17425

INFO [2021-01-25 14:08:58,855]  [CommandExecutor.java:235] [pool-1-thread-1]  OK
INFO [2021-01-25 14:08:58,856]  [BatchRunner.java:72] [pool-1-thread-1]  Executing Command: group strand

INFO [2021-01-25 14:09:00,864]  [CommandExecutor.java:235] [pool-1-thread-1]  OK
INFO [2021-01-25 14:09:00,865]  [BatchRunner.java:72] [pool-1-thread-1]  Executing Command: snapshot chr3_198022430_17425_h100UMC1056.png

Snapshot: /gpfs/gsfs8/users/CGR_integration/hpv_igv/workflow/output/IGV_Snapshots/UMC1056/chr3_198022430_17425_h100UMC1056.png
INFO [2021-01-25 14:09:02,909]  [CommandExecutor.java:235] [pool-1-thread-1]  OK
INFO [2021-01-25 14:09:02,909]  [BatchRunner.java:72] [pool-1-thread-1]  Executing Command: goto chr4:191154276-21011

INFO [2021-01-25 14:09:04,921]  [CommandExecutor.java:235] [pool-1-thread-1]  OK
INFO [2021-01-25 14:09:04,921]  [BatchRunner.java:72] [pool-1-thread-1]  Executing Command: group strand

INFO [2021-01-25 14:09:06,929]  [CommandExecutor.java:235] [pool-1-thread-1]  OK
INFO [2021-01-25 14:09:06,930]  [BatchRunner.java:72] [pool-1-thread-1]  Executing Command: snapshot chr4_191154276_21011_h100UMC1056.png

Snapshot: /gpfs/gsfs8/users/CGR_integration/hpv_igv/workflow/output/IGV_Snapshots/UMC1056/chr4_191154276_21011_h100UMC1056.png
INFO [2021-01-25 14:09:08,973]  [CommandExecutor.java:235] [pool-1-thread-1]  OK
INFO [2021-01-25 14:09:08,974]  [BatchRunner.java:72] [pool-1-thread-1]  Executing Command: goto chr5:180915260-18337

INFO [2021-01-25 14:09:10,981]  [CommandExecutor.java:235] [pool-1-thread-1]  OK
INFO [2021-01-25 14:09:10,981]  [BatchRunner.java:72] [pool-1-thread-1]  Executing Command: group strand

INFO [2021-01-25 14:09:12,986]  [CommandExecutor.java:235] [pool-1-thread-1]  OK
INFO [2021-01-25 14:09:12,986]  [BatchRunner.java:72] [pool-1-thread-1]  Executing Command: snapshot chr5_180915260_18337_h100UMC1056.png

Snapshot: /gpfs/gsfs8/users/CGR_integration/hpv_igv/workflow/output/IGV_Snapshots/UMC1056/chr5_180915260_18337_h100UMC1056.png
INFO [2021-01-25 14:09:15,044]  [CommandExecutor.java:235] [pool-1-thread-1]  OK
INFO [2021-01-25 14:09:15,044]  [BatchRunner.java:72] [pool-1-thread-1]  Executing Command: goto chr6:171115067-18452

INFO [2021-01-25 14:09:17,053]  [CommandExecutor.java:235] [pool-1-thread-1]  OK
INFO [2021-01-25 14:09:17,053]  [BatchRunner.java:72] [pool-1-thread-1]  Executing Command: group strand

INFO [2021-01-25 14:09:19,061]  [CommandExecutor.java:235] [pool-1-thread-1]  OK
INFO [2021-01-25 14:09:19,061]  [BatchRunner.java:72] [pool-1-thread-1]  Executing Command: snapshot chr6_171115067_18452_h100UMC1056.png

Snapshot: /gpfs/gsfs8/users/CGR_integration/hpv_igv/workflow/output/IGV_Snapshots/UMC1056/chr6_171115067_18452_h100UMC1056.png
INFO [2021-01-25 14:09:21,114]  [CommandExecutor.java:235] [pool-1-thread-1]  OK
INFO [2021-01-25 14:09:21,114]  [BatchRunner.java:72] [pool-1-thread-1]  Executing Command: goto chr7:159138663-7425

INFO [2021-01-25 14:09:23,118]  [CommandExecutor.java:235] [pool-1-thread-1]  OK
INFO [2021-01-25 14:09:23,118]  [BatchRunner.java:72] [pool-1-thread-1]  Executing Command: group strand

INFO [2021-01-25 14:09:25,125]  [CommandExecutor.java:235] [pool-1-thread-1]  OK
INFO [2021-01-25 14:09:25,125]  [BatchRunner.java:72] [pool-1-thread-1]  Executing Command: snapshot chr7_159138663_7425_h100UMC1056.png

Snapshot: /gpfs/gsfs8/users/CGR_integration/hpv_igv/workflow/output/IGV_Snapshots/UMC1056/chr7_159138663_7425_h100UMC1056.png
INFO [2021-01-25 14:09:27,172]  [CommandExecutor.java:235] [pool-1-thread-1]  OK
INFO [2021-01-25 14:09:27,172]  [BatchRunner.java:72] [pool-1-thread-1]  Executing Command: goto chr8:146364022-14419

INFO [2021-01-25 14:09:29,176]  [CommandExecutor.java:235] [pool-1-thread-1]  OK
INFO [2021-01-25 14:09:29,176]  [BatchRunner.java:72] [pool-1-thread-1]  Executing Command: group strand

INFO [2021-01-25 14:09:31,183]  [CommandExecutor.java:235] [pool-1-thread-1]  OK
INFO [2021-01-25 14:09:31,183]  [BatchRunner.java:72] [pool-1-thread-1]  Executing Command: snapshot chr8_146364022_14419_h100UMC1056.png

Snapshot: /gpfs/gsfs8/users/CGR_integration/hpv_igv/workflow/output/IGV_Snapshots/UMC1056/chr8_146364022_14419_h100UMC1056.png
INFO [2021-01-25 14:09:33,231]  [CommandExecutor.java:235] [pool-1-thread-1]  OK
INFO [2021-01-25 14:09:33,231]  [BatchRunner.java:72] [pool-1-thread-1]  Executing Command: goto chr9:141213431-10589

INFO [2021-01-25 14:09:35,243]  [CommandExecutor.java:235] [pool-1-thread-1]  OK
INFO [2021-01-25 14:09:35,243]  [BatchRunner.java:72] [pool-1-thread-1]  Executing Command: group strand

INFO [2021-01-25 14:09:37,249]  [CommandExecutor.java:235] [pool-1-thread-1]  OK
INFO [2021-01-25 14:09:37,249]  [BatchRunner.java:72] [pool-1-thread-1]  Executing Command: snapshot chr9_141213431_10589_h100UMC1056.png

Snapshot: /gpfs/gsfs8/users/CGR_integration/hpv_igv/workflow/output/IGV_Snapshots/UMC1056/chr9_141213431_10589_h100UMC1056.png
INFO [2021-01-25 14:09:39,357]  [CommandExecutor.java:235] [pool-1-thread-1]  OK
INFO [2021-01-25 14:09:39,357]  [BatchRunner.java:72] [pool-1-thread-1]  Executing Command: goto chr10:135534747-9010

INFO [2021-01-25 14:09:41,367]  [CommandExecutor.java:235] [pool-1-thread-1]  OK
INFO [2021-01-25 14:09:41,367]  [BatchRunner.java:72] [pool-1-thread-1]  Executing Command: group strand

INFO [2021-01-25 14:09:43,374]  [CommandExecutor.java:235] [pool-1-thread-1]  OK
INFO [2021-01-25 14:09:43,375]  [BatchRunner.java:72] [pool-1-thread-1]  Executing Command: snapshot chr10_135534747_9010_h100UMC1056.png

Snapshot: /gpfs/gsfs8/users/CGR_integration/hpv_igv/workflow/output/IGV_Snapshots/UMC1056/chr10_135534747_9010_h100UMC1056.png
INFO [2021-01-25 14:09:45,426]  [CommandExecutor.java:235] [pool-1-thread-1]  OK
INFO [2021-01-25 14:09:45,426]  [BatchRunner.java:72] [pool-1-thread-1]  Executing Command: goto chr11:135006516-25568

INFO [2021-01-25 14:09:47,437]  [CommandExecutor.java:235] [pool-1-thread-1]  OK
INFO [2021-01-25 14:09:47,438]  [BatchRunner.java:72] [pool-1-thread-1]  Executing Command: group strand

INFO [2021-01-25 14:09:49,446]  [CommandExecutor.java:235] [pool-1-thread-1]  OK
INFO [2021-01-25 14:09:49,446]  [BatchRunner.java:72] [pool-1-thread-1]  Executing Command: snapshot chr11_135006516_25568_h100UMC1056.png

Snapshot: /gpfs/gsfs8/users/CGR_integration/hpv_igv/workflow/output/IGV_Snapshots/UMC1056/chr11_135006516_25568_h100UMC1056.png
INFO [2021-01-25 14:09:51,497]  [CommandExecutor.java:235] [pool-1-thread-1]  OK
INFO [2021-01-25 14:09:51,498]  [BatchRunner.java:72] [pool-1-thread-1]  Executing Command: goto chr12:133851895-10972

INFO [2021-01-25 14:09:53,508]  [CommandExecutor.java:235] [pool-1-thread-1]  OK
INFO [2021-01-25 14:09:53,509]  [BatchRunner.java:72] [pool-1-thread-1]  Executing Command: group strand

INFO [2021-01-25 14:09:55,515]  [CommandExecutor.java:235] [pool-1-thread-1]  OK
INFO [2021-01-25 14:09:55,516]  [BatchRunner.java:72] [pool-1-thread-1]  Executing Command: snapshot chr12_133851895_10972_h100UMC1056.png

Snapshot: /gpfs/gsfs8/users/CGR_integration/hpv_igv/workflow/output/IGV_Snapshots/UMC1056/chr12_133851895_10972_h100UMC1056.png
INFO [2021-01-25 14:09:57,564]  [CommandExecutor.java:235] [pool-1-thread-1]  OK
INFO [2021-01-25 14:09:57,564]  [BatchRunner.java:72] [pool-1-thread-1]  Executing Command: goto chr13:115169878-16463

INFO [2021-01-25 14:09:59,572]  [CommandExecutor.java:235] [pool-1-thread-1]  OK
INFO [2021-01-25 14:09:59,572]  [BatchRunner.java:72] [pool-1-thread-1]  Executing Command: group strand

INFO [2021-01-25 14:10:01,579]  [CommandExecutor.java:235] [pool-1-thread-1]  OK
INFO [2021-01-25 14:10:01,579]  [BatchRunner.java:72] [pool-1-thread-1]  Executing Command: snapshot chr13_115169878_16463_h100UMC1056.png

Snapshot: /gpfs/gsfs8/users/CGR_integration/hpv_igv/workflow/output/IGV_Snapshots/UMC1056/chr13_115169878_16463_h100UMC1056.png
INFO [2021-01-25 14:10:03,629]  [CommandExecutor.java:235] [pool-1-thread-1]  OK
INFO [2021-01-25 14:10:03,629]  [BatchRunner.java:72] [pool-1-thread-1]  Executing Command: goto chr14:107349540-13480

INFO [2021-01-25 14:10:05,637]  [CommandExecutor.java:235] [pool-1-thread-1]  OK
INFO [2021-01-25 14:10:05,637]  [BatchRunner.java:72] [pool-1-thread-1]  Executing Command: group strand

INFO [2021-01-25 14:10:07,646]  [CommandExecutor.java:235] [pool-1-thread-1]  OK
INFO [2021-01-25 14:10:07,647]  [BatchRunner.java:72] [pool-1-thread-1]  Executing Command: snapshot chr14_107349540_13480_h100UMC1056.png

Snapshot: /gpfs/gsfs8/users/CGR_integration/hpv_igv/workflow/output/IGV_Snapshots/UMC1056/chr14_107349540_13480_h100UMC1056.png
INFO [2021-01-25 14:10:09,692]  [CommandExecutor.java:235] [pool-1-thread-1]  OK
INFO [2021-01-25 14:10:09,692]  [BatchRunner.java:72] [pool-1-thread-1]  Executing Command: goto chr15:102531392-11894

INFO [2021-01-25 14:10:11,699]  [CommandExecutor.java:235] [pool-1-thread-1]  OK
INFO [2021-01-25 14:10:11,700]  [BatchRunner.java:72] [pool-1-thread-1]  Executing Command: group strand

INFO [2021-01-25 14:10:13,704]  [CommandExecutor.java:235] [pool-1-thread-1]  OK
INFO [2021-01-25 14:10:13,704]  [BatchRunner.java:72] [pool-1-thread-1]  Executing Command: snapshot chr15_102531392_11894_h100UMC1056.png

Snapshot: /gpfs/gsfs8/users/CGR_integration/hpv_igv/workflow/output/IGV_Snapshots/UMC1056/chr15_102531392_11894_h100UMC1056.png
INFO [2021-01-25 14:10:15,748]  [CommandExecutor.java:235] [pool-1-thread-1]  OK
INFO [2021-01-25 14:10:15,748]  [BatchRunner.java:72] [pool-1-thread-1]  Executing Command: goto chr16:90354753-5809

INFO [2021-01-25 14:10:17,757]  [CommandExecutor.java:235] [pool-1-thread-1]  OK
INFO [2021-01-25 14:10:17,758]  [BatchRunner.java:72] [pool-1-thread-1]  Executing Command: group strand

INFO [2021-01-25 14:10:19,767]  [CommandExecutor.java:235] [pool-1-thread-1]  OK
INFO [2021-01-25 14:10:19,767]  [BatchRunner.java:72] [pool-1-thread-1]  Executing Command: snapshot chr16_90354753_5809_h100UMC1056.png

Snapshot: /gpfs/gsfs8/users/CGR_integration/hpv_igv/workflow/output/IGV_Snapshots/UMC1056/chr16_90354753_5809_h100UMC1056.png
INFO [2021-01-25 14:10:21,813]  [CommandExecutor.java:235] [pool-1-thread-1]  OK
INFO [2021-01-25 14:10:21,813]  [BatchRunner.java:72] [pool-1-thread-1]  Executing Command: goto chr17:81195210-1806

INFO [2021-01-25 14:10:23,821]  [CommandExecutor.java:235] [pool-1-thread-1]  OK
INFO [2021-01-25 14:10:23,821]  [BatchRunner.java:72] [pool-1-thread-1]  Executing Command: group strand

INFO [2021-01-25 14:10:25,826]  [CommandExecutor.java:235] [pool-1-thread-1]  OK
INFO [2021-01-25 14:10:25,826]  [BatchRunner.java:72] [pool-1-thread-1]  Executing Command: snapshot chr17_81195210_1806_h100UMC1056.png

Snapshot: /gpfs/gsfs8/users/CGR_integration/hpv_igv/workflow/output/IGV_Snapshots/UMC1056/chr17_81195210_1806_h100UMC1056.png
INFO [2021-01-25 14:10:27,872]  [CommandExecutor.java:235] [pool-1-thread-1]  OK
INFO [2021-01-25 14:10:27,872]  [BatchRunner.java:72] [pool-1-thread-1]  Executing Command: goto chr18:78077248-2849

INFO [2021-01-25 14:10:29,882]  [CommandExecutor.java:235] [pool-1-thread-1]  OK
INFO [2021-01-25 14:10:29,882]  [BatchRunner.java:72] [pool-1-thread-1]  Executing Command: group strand

INFO [2021-01-25 14:10:31,889]  [CommandExecutor.java:235] [pool-1-thread-1]  OK
INFO [2021-01-25 14:10:31,889]  [BatchRunner.java:72] [pool-1-thread-1]  Executing Command: snapshot chr18_78077248_2849_h100UMC1056.png

Snapshot: /gpfs/gsfs8/users/CGR_integration/hpv_igv/workflow/output/IGV_Snapshots/UMC1056/chr18_78077248_2849_h100UMC1056.png
INFO [2021-01-25 14:10:33,932]  [CommandExecutor.java:235] [pool-1-thread-1]  OK
INFO [2021-01-25 14:10:33,932]  [BatchRunner.java:72] [pool-1-thread-1]  Executing Command: goto chr19:59128983-9628

INFO [2021-01-25 14:10:35,939]  [CommandExecutor.java:235] [pool-1-thread-1]  OK
INFO [2021-01-25 14:10:35,939]  [BatchRunner.java:72] [pool-1-thread-1]  Executing Command: group strand

INFO [2021-01-25 14:10:37,945]  [CommandExecutor.java:235] [pool-1-thread-1]  OK
INFO [2021-01-25 14:10:37,945]  [BatchRunner.java:72] [pool-1-thread-1]  Executing Command: snapshot chr19_59128983_9628_h100UMC1056.png

Snapshot: /gpfs/gsfs8/users/CGR_integration/hpv_igv/workflow/output/IGV_Snapshots/UMC1056/chr19_59128983_9628_h100UMC1056.png
INFO [2021-01-25 14:10:39,989]  [CommandExecutor.java:235] [pool-1-thread-1]  OK
INFO [2021-01-25 14:10:39,989]  [BatchRunner.java:72] [pool-1-thread-1]  Executing Command: goto chr20:63025520-2491

INFO [2021-01-25 14:10:41,995]  [CommandExecutor.java:235] [pool-1-thread-1]  OK
INFO [2021-01-25 14:10:41,995]  [BatchRunner.java:72] [pool-1-thread-1]  Executing Command: group strand

INFO [2021-01-25 14:10:44,000]  [CommandExecutor.java:235] [pool-1-thread-1]  OK
INFO [2021-01-25 14:10:44,001]  [BatchRunner.java:72] [pool-1-thread-1]  Executing Command: snapshot chr20_63025520_2491_h100UMC1056.png

Snapshot: /gpfs/gsfs8/users/CGR_integration/hpv_igv/workflow/output/IGV_Snapshots/UMC1056/chr20_63025520_2491_h100UMC1056.png
INFO [2021-01-25 14:10:46,044]  [CommandExecutor.java:235] [pool-1-thread-1]  OK
INFO [2021-01-25 14:10:46,044]  [BatchRunner.java:72] [pool-1-thread-1]  Executing Command: goto chr21:48129895-4394

INFO [2021-01-25 14:10:48,054]  [CommandExecutor.java:235] [pool-1-thread-1]  OK
INFO [2021-01-25 14:10:48,054]  [BatchRunner.java:72] [pool-1-thread-1]  Executing Command: group strand

INFO [2021-01-25 14:10:50,062]  [CommandExecutor.java:235] [pool-1-thread-1]  OK
INFO [2021-01-25 14:10:50,062]  [BatchRunner.java:72] [pool-1-thread-1]  Executing Command: snapshot chr21_48129895_4394_h100UMC1056.png

Snapshot: /gpfs/gsfs8/users/CGR_integration/hpv_igv/workflow/output/IGV_Snapshots/UMC1056/chr21_48129895_4394_h100UMC1056.png
INFO [2021-01-25 14:10:52,106]  [CommandExecutor.java:235] [pool-1-thread-1]  OK
INFO [2021-01-25 14:10:52,107]  [BatchRunner.java:72] [pool-1-thread-1]  Executing Command: goto chr22:51304566-415

INFO [2021-01-25 14:10:54,119]  [CommandExecutor.java:235] [pool-1-thread-1]  OK
INFO [2021-01-25 14:10:54,119]  [BatchRunner.java:72] [pool-1-thread-1]  Executing Command: group strand

INFO [2021-01-25 14:10:56,126]  [CommandExecutor.java:235] [pool-1-thread-1]  OK
INFO [2021-01-25 14:10:56,127]  [BatchRunner.java:72] [pool-1-thread-1]  Executing Command: snapshot chr22_51304566_415_h100UMC1056.png

Snapshot: /gpfs/gsfs8/users/CGR_integration/hpv_igv/workflow/output/IGV_Snapshots/UMC1056/chr22_51304566_415_h100UMC1056.png
INFO [2021-01-25 14:10:58,171]  [CommandExecutor.java:235] [pool-1-thread-1]  OK
INFO [2021-01-25 14:10:58,171]  [BatchRunner.java:72] [pool-1-thread-1]  Executing Command: goto chrX:155270560-21768

INFO [2021-01-25 14:11:00,178]  [CommandExecutor.java:235] [pool-1-thread-1]  OK
INFO [2021-01-25 14:11:00,178]  [BatchRunner.java:72] [pool-1-thread-1]  Executing Command: group strand

INFO [2021-01-25 14:11:02,189]  [CommandExecutor.java:235] [pool-1-thread-1]  OK
INFO [2021-01-25 14:11:02,189]  [BatchRunner.java:72] [pool-1-thread-1]  Executing Command: snapshot chrX_155270560_21768_h100UMC1056.png

Snapshot: /gpfs/gsfs8/users/CGR_integration/hpv_igv/workflow/output/IGV_Snapshots/UMC1056/chrX_155270560_21768_h100UMC1056.png
INFO [2021-01-25 14:11:04,236]  [CommandExecutor.java:235] [pool-1-thread-1]  OK
INFO [2021-01-25 14:11:04,237]  [BatchRunner.java:72] [pool-1-thread-1]  Executing Command: goto chrY:59373566-1312

INFO [2021-01-25 14:11:06,249]  [CommandExecutor.java:235] [pool-1-thread-1]  OK
INFO [2021-01-25 14:11:06,250]  [BatchRunner.java:72] [pool-1-thread-1]  Executing Command: group strand

INFO [2021-01-25 14:11:08,254]  [CommandExecutor.java:235] [pool-1-thread-1]  OK
INFO [2021-01-25 14:11:08,255]  [BatchRunner.java:72] [pool-1-thread-1]  Executing Command: snapshot chrY_59373566_1312_h100UMC1056.png

Snapshot: /gpfs/gsfs8/users/CGR_integration/hpv_igv/workflow/output/IGV_Snapshots/UMC1056/chrY_59373566_1312_h100UMC1056.png
INFO [2021-01-25 14:11:10,299]  [CommandExecutor.java:235] [pool-1-thread-1]  OK
INFO [2021-01-25 14:11:10,299]  [BatchRunner.java:72] [pool-1-thread-1]  Executing Command: exit

INFO [2021-01-25 14:11:10,302]  [ShutdownThread.java:51] [Thread-2]  Shutting down

IGV finished; elapsed time is:
0:03:45.894671

[Mon Jan 25 14:11:14 2021]
Error in rule igv_snapshot:
    jobid: 0
    output: output/IGV_Snapshots/merge/UMC1056.png
    shell:
        
          python /data/CGR_integration/hpv_igv/IGV-snapshot-automator-master/make_IGV_snapshots.py -mem 16000 -ht 100 -bin /data/CGR_integration/hpv_igv/IGV-snapshot-automator-master/bin/IGV_2.3.81/igv.jar -o output/IGV_Snapshots/UMC1056 /data/CGR_integration/hpv_igv/data/08282019_methylation/meth/bam/UMC1056.bam -r /data/CGR_integration/hpv_igv/data/08282019_methylation/meth/igv_bed/UMC1056.bed -g /data/CGR_integration/hpv_igv/ref/HPV_Ref_Alphas65_Pad400_hg19.fasta -s -suffix UMC1056 2> log/UMC1056_igv.err
          if ls output/IGV_Snapshots/UMC1056/*.png 1> /dev/null 2>&1; then 
          magick montage -label '%f' -pointsize 24 -geometry 1920x900+2+2 -title 'UMC1056' -tile 1x output/IGV_Snapshots/UMC1056/*.png output/IGV_Snapshots/merge/UMC1056.png 2> log/UMC1056_merge.err
          mkdir -p merge_true
          cp output/IGV_Snapshots/merge/UMC1056.png output//IGV_Snapshots/merge_true/UMC1056.png 2>log/UMC1056_cp.err
          else
          touch output/IGV_Snapshots/merge/UMC1056.png 
          fi
          
        (one of the commands exited with non-zero exit code; note that snakemake uses bash strict mode!)

Shutting down, this might take some time.
Exiting because a job execution failed. Look above for error message
